1285111450 2316634971160567081 0.0 0 0 1 6131 240 592 185 7148
1285111450 12440441394647156009 0.0 0 1 1 6121 235 598 186 7140
1285111450 14713662015001195817 0.0 0 2 1 6091 235 598 187 7111
1285111450 13261347735534255401 0.0 0 3 1 6091 230 598 187 7106
1285111450 8845325784802053929 0.0 0 4 1 6091 235 590 186 7102
1285111450 8902589356788244265 0.0 0 5 1 6091 230 580 188 7089
1285111450 13398749031047014681 0.0 0 7 1 6091 230 578 188 7087
1285111450 12030366095187312921 0.0 0 8 1 6056 230 580 190 7056
1285111450 11698338629675262681 0.0 0 11 1 6046 225 584 192 7047
1285111450 6666019362423828825 0.0 0 12 1 6038 225 584 193 7040
1285111450 16812487133815057161 0.0 0 14 1 6030 225 588 194 7037
1285111450 2087855133478412041 0.0 0 15 1 5995 225 588 195 7003
1285111450 2449113783993728233 0.0 0 18 1 5995 225 584 196 7000
1285111450 14475134642047673305 0.0 0 20 1 5990 225 584 197 6996
1285111450 1446071715714925449 0.0 0 22 1 5971 225 584 197 6977
1285111450 2921992979286127817 0.0 0 24 1 5941 225 586 198 6950
1285111450 9932739407422512841 0.0 0 25 1 5936 225 586 197 6944
1285111450 10976083239509941961 0.0 0 26 1 5936 225 586 195 6942
1285111450 3336242644121796297 0.0 0 27 1 5929 225 586 195 6935
1285111450 1959183658924238537 0.0 0 28 1 5917 225 586 196 6924
1285111450 4723686856758742185 0.0 0 29 1 5907 220 578 197 6902
1285111450 17779792352813874345 0.0 0 30 1 5864 215 576 197 6852
1285111450 2372431680790241817 0.0 0 37 1 5852 215 576 197 6840
1285111450 4152755836874854393 0.0 0 38 1 5852 210 574 198 6834
1285111450 16171787808408090457 0.0 0 40 1 5852 210 572 198 6832
1285111450 15816483954416960345 0.0 0 41 1 5852 210 570 198 6830
1285111450 7408189130658211161 0.0 0 42 1 5772 205 570 197 6744
1285111450 3387079781178758489 0.0 0 43 1 5762 210 568 198 6738
1285111450 10931029348879245081 0.0 0 48 1 5744 210 578 202 6734
1285111450 11402760748859155225 0.0 0 49 1 5744 215 570 202 6731
1285111450 14898075938470844793 0.0 0 50 1 5736 215 564 202 6717
1285111450 5805399521614417273 0.0 0 51 1 5728 210 566 202 6706
1285111450 988058089666252153 0.0 0 52 1 5728 210 564 202 6704
1285111450 14266244978260881417 0.0 0 53 1 5720 210 564 202 6696
1285111450 17691665084750335497 0.0 0 54 1 5702 210 564 203 6679
1285111450 18210601179806471545 0.0 0 58 1 5662 210 564 203 6639
1285111450 6680232699572449833 0.0 0 60 1 5644 210 564 204 6622
1285111450 5384674384496162041 0.0 0 62 1 5636 215 564 203 6618
1285111450 13389687119248508297 0.0 0 63 1 5636 215 552 203 6606
1285111450 3837975059215342297 0.0 0 64 1 5618 215 560 203 6596
1285111450 15364923785287045849 0.0 0 65 1 5618 215 560 202 6595
1285111450 12309281026026775769 0.0 0 66 1 5615 215 560 201 6591
1285111450 2351005462635939545 0.0 0 67 1 5615 215 560 199 6589
1285111450 15975430387752051417 0.0 0 68 1 5565 215 560 200 6540
1285111450 12911245043788163849 0.0 0 69 1 5565 215 556 201 6537
1285111450 12019054634854682889 0.0 0 72 1 5547 215 562 204 6528
1285111450 7077064004079492569 0.0 0 73 1 5547 210 560 204 6521
1285111450 5367474410704350681 0.0 0 76 1 5547 210 558 203 6518
1285111450 17980584779607744089 0.0 0 78 1 5547 205 560 202 6514
1285111450 16109162268562444889 0.0 0 79 1 5547 200 562 202 6511
1285111450 3514115963049818713 0.0 0 80 1 5547 195 564 202 6508
1285111450 7282215131746175577 0.0 0 81 1 5537 195 564 200 6496
1285111450 7096234043644847849 0.0 0 82 1 5537 195 562 200 6494
1285111450 8006841080767354057 0.0 0 84 1 5535 195 562 201 6493
1285111450 17882724250060307657 0.0 0 85 1 5525 195 562 201 6483
1285111450 8038991658152922313 0.0 0 86 1 5385 190 560 202 6337
1285111450 589245714770696121 0.0 0 87 1 5342 190 560 201 6293
1285111450 1318054662427333449 0.0 0 88 1 5334 190 560 201 6285
1285111450 10983000497105898825 0.0 0 89 1 5284 185 564 202 6235
1285111450 11383905395634586953 0.0 0 90 1 5258 185 564 202 6209
1285111450 6051736967728617801 0.0 0 91 1 5239 185 564 202 6190
1285111450 4067858626996249417 0.0 0 92 1 5239 185 564 201 6189
1285111450 9064165226268688665 0.0 0 95 1 5229 185 560 201 6175
1285111450 8841926309250810217 0.0 0 96 1 5197 185 556 201 6139
1285111450 17991807381709241113 0.0 0 97 1 5167 185 556 201 6109
1285111450 11819069920839861017 0.0 0 98 1 5167 180 552 202 6101
1285111450 12784543499078744857 0.0 0 99 1 5134 180 552 203 6069
1285111450 14211798357807773177 0.0 0 100 1 5124 180 552 203 6059
1285111450 14077310391071580153 0.0 0 101 1 5076 180 552 202 6010
1285111450 8293860925971680761 0.0 0 102 1 5076 180 548 204 6008
1285111450 1300840441951946233 0.0 0 103 1 5018 180 548 204 5950
1285111450 10072718291228109561 0.0 0 104 1 5018 180 548 203 5949
1285111450 2391288590630515225 0.0 0 109 1 5018 175 546 204 5943
1285111450 10677750106136981017 0.0 0 110 1 5008 175 546 204 5933
1285111450 15480590558160541209 0.0 0 111 1 5008 175 544 204 5931
1285111450 7917655939311075369 0.0 0 113 1 4986 170 536 206 5898
1285111450 6549506159919286441 0.0 0 114 1 4986 165 534 206 5891
1285111450 12175621019699486889 0.0 0 115 1 4963 165 534 206 5868
1285111450 5797190979410799017 0.0 0 116 1 4953 165 534 205 5857
1285111450 17201681429281284009 0.0 0 117 1 4933 170 534 205 5842
1285111450 4256683882683742121 0.1 0 118 1 4918 170 534 205 5827
1285111450 12259897180198819513 0.1 0 120 1 4918 170 532 204 5824
1285111450 9740372447570689721 0.1 0 121 1 4918 165 532 203 5818
1285111450 14960874505688293561 0.1 0 123 1 4908 165 532 203 5808
1285111450 16401381994447213241 0.1 0 125 1 4908 165 520 203 5796
1285111450 2232509662641884345 0.1 0 128 1 4878 165 530 204 5777
1285111450 10333150756308393145 0.1 0 129 1 4878 165 530 203 5776
1285111450 13762672767884228793 0.1 0 130 1 4850 165 530 204 5749
1285111450 12046526076224220857 0.1 0 133 1 4835 160 540 205 5740
1285111450 15152088088830473913 0.1 0 134 1 4803 160 540 206 5709
1285111450 1833866754444426937 0.1 0 135 1 4753 155 540 204 5652
1285111450 14855030796114906425 0.1 0 138 1 4753 155 536 204 5648
1285111450 15756611696817782073 0.1 0 140 1 4758 155 528 206 5647
1285111450 13642262327952395577 0.1 0 141 1 4758 155 528 205 5646
1285111450 4848000134383295433 0.1 0 143 1 4758 155 522 205 5640
1285111450 5801694565593001929 0.1 0 144 1 4640 155 522 205 5522
1285111450 13476114839255496585 0.1 0 147 1 4640 155 520 205 5520
1285111450 13407765950742055305 0.1 0 148 1 4623 150 514 205 5492
1285111450 11794659915268939145 0.1 0 149 1 4548 150 514 205 5417
1285111450 8976353068357084553 0.1 0 150 1 4548 150 512 205 5415
1285111450 11591556629330798505 0.1 0 151 1 4548 150 510 205 5413
1285111450 15191892453381020585 0.1 0 153 1 4523 150 510 205 5388
1285111450 18444414080265094569 0.1 0 154 1 4518 150 506 206 5380
1285111450 1229869181330501497 0.1 0 155 1 4518 150 502 207 5377
1285111450 13447814257821434745 0.1 0 158 1 4506 145 508 205 5364
1285111450 10369220294451823481 0.1 0 159 1 4506 145 508 204 5363
1285111450 9908484211050200473 0.1 0 160 1 4506 145 508 203 5362
1285111450 7311552765675114393 0.1 0 161 1 4506 140 508 203 5357
1285111450 16522795309688931401 0.1 0 166 1 4498 140 508 203 5349
1285111450 8719852545913822953 0.1 0 167 1 4498 140 508 202 5348
1285111450 4170804004003861225 0.1 0 168 1 4488 145 504 201 5338
1285111450 1157589479203824361 0.1 0 169 1 4473 145 504 201 5323
1285111450 15579379499434756841 0.1 0 170 1 4473 140 508 200 5321
1285111450 9579428556651907305 0.1 0 174 1 4465 140 512 201 5318
1285111450 18224766897819010281 0.1 0 175 1 4417 140 516 201 5274
1285111450 3272215934904571625 0.1 0 176 1 4407 140 516 202 5265
1285111450 9411901723760459881 0.1 0 177 1 4397 140 516 203 5256
1285111450 6849465636825366633 0.1 0 178 1 4397 140 508 204 5249
1285111450 16856205626736632937 0.1 0 179 1 4397 140 508 203 5248
1285111450 5367996376590026793 0.1 0 180 1 4397 140 504 203 5244
1285111450 7714398593882568073 0.1 0 181 1 4397 140 500 202 5239
1285111450 6112935459205250441 0.1 0 182 1 4354 140 500 202 5196
1285111450 10579294592046690697 0.1 0 183 1 4344 140 500 203 5187
1285111450 9646605919302441353 0.1 0 185 1 4332 135 514 203 5184
1285111450 15693755592022038201 0.1 0 186 1 4324 135 514 203 5176
1285111450 17925542434275642185 0.1 0 187 1 4319 135 518 203 5175
1285111450 17522243735167699273 0.1 0 189 1 4319 135 514 203 5171
1285111450 2915309367129454921 0.1 0 190 1 4271 135 514 202 5122
1285111450 9958899249346164041 0.1 0 192 1 4271 135 514 201 5121
1285111450 10116053581798340937 0.1 0 193 1 4266 135 518 200 5119
1285111450 10688678328481025353 0.1 0 195 1 4240 135 518 201 5094
1285111450 1088283060498539849 0.1 0 197 1 4210 135 518 203 5066
1285111450 9897326164400073 0.1 0 200 1 4202 135 520 203 5060
1285111450 15962942317273113545 0.1 0 202 1 4142 140 508 203 4993
1285111450 5249487118341082121 0.1 0 205 1 4102 140 512 203 4957
1285111450 2470031060748879881 0.1 0 206 1 4092 140 516 204 4952
1285111450 6823887961180280105 0.1 0 213 1 4064 145 522 204 4935
1285111450 15524685387968419113 0.1 0 214 1 4036 145 522 203 4906
1285111450 17661578315736457001 0.1 0 215 1 4036 145 522 202 4905
1285111450 4248959446956909865 0.1 0 216 1 4036 145 518 203 4902
1285111450 9750299992456626473 0.1 0 217 1 4006 145 518 202 4871
1285111450 11413004845297509753 0.1 0 221 1 3988 150 526 204 4868
1285111450 8913821404104676729 0.1 0 222 1 3951 150 526 205 4832
1285111450 2652948588618596233 0.1 0 225 1 3949 150 526 205 4830
1285111450 17735427381673172873 0.1 0 226 1 3906 150 526 205 4787
1285111450 12506980893744525705 0.1 0 227 1 3846 150 528 205 4729
1285111450 5130281880743884169 0.1 0 230 1 3846 155 520 205 4726
1285111450 6205438363684487897 0.1 0 233 1 3846 150 520 205 4721
1285111450 3299240774404551385 0.1 0 234 1 3846 150 520 204 4720
1285111450 17104313054660758105 0.1 0 239 1 3847 150 516 206 4719
1285111450 7582739524990156537 0.1 0 243 1 3847 155 508 206 4716
1285111450 10990733310069338361 0.1 0 245 1 3805 155 508 206 4674
1285111450 5550829963003449593 0.1 0 246 1 3799 155 508 207 4669
1285111450 3926961818810241273 0.1 0 247 1 3741 155 508 207 4611
1285111450 17135937132639271577 0.1 0 249 1 3741 155 508 206 4610
1285111450 8007096699824094873 0.1 0 250 1 3691 155 508 206 4560
1285111450 10318512247824922265 0.1 0 251 1 3691 155 508 205 4559
1285111450 2538719081217279641 0.1 0 252 1 3689 155 508 206 4558
1285111450 6463771124730513049 0.1 0 254 1 3689 155 504 205 4553
1285111450 15532932664247543449 0.1 0 255 1 3691 155 492 205 4543
1285111450 6774864410713516073 0.1 0 257 1 3691 155 488 206 4540
1285111450 9800127403944578601 0.1 0 258 1 3691 155 488 205 4539
1285111450 910009779324153401 0.1 0 260 1 3691 155 488 204 4538
1285111450 15504405780077079097 0.1 0 261 1 3685 155 488 203 4531
1285111450 13319069386802877497 0.1 0 263 1 3685 155 484 202 4526
1285111450 15047785194460740665 0.1 0 265 1 3659 150 492 201 4502
1285111450 13998452309586624025 0.1 0 267 1 3636 150 506 203 4495
1285111450 4641066591600013401 0.1 0 269 1 3636 155 494 205 4490
1285111450 13497832039828131929 0.1 0 270 1 3633 150 496 206 4485
1285111450 7667145034411189849 0.1 0 272 1 3613 145 494 206 4458
1285111450 15827845627706625625 0.1 0 275 1 3570 150 480 208 4408
1285111450 16186089145456422489 0.1 0 276 1 3570 150 480 207 4407
1285111450 7663318092097316953 0.1 0 277 1 3570 150 474 207 4401
1285111450 3473567759179987417 0.1 0 279 1 3570 145 474 208 4397
1285111450 7248104596285354457 0.1 0 280 1 3570 145 470 210 4395
1285111450 4506651101931719353 0.1 0 281 1 3485 145 474 210 4314
1285111450 5444395820423639849 0.1 0 282 1 3485 145 470 210 4310
1285111450 2352405175160843193 0.1 0 284 1 3485 145 466 210 4306
1285111450 15772757184515451225 0.1 0 285 1 3485 145 466 209 4305
1285111450 1613738250606273881 0.1 0 286 1 3485 145 466 208 4304
1285111450 7343153379177060185 0.1 0 287 1 3485 140 468 208 4301
1285111450 11468509077373240425 0.1 0 290 1 3485 145 458 208 4296
1285111450 9329864261530302361 0.1 0 291 1 3485 140 462 208 4295
1285111450 4974390307992195481 0.1 0 292 1 3485 140 462 207 4294
1285111450 1105320281250923113 0.1 0 296 1 3485 140 460 208 4293
1285111450 1154246818671035689 0.1 0 300 1 3465 140 460 208 4273
1285111450 5256561935253020457 0.1 0 301 1 3465 135 464 208 4272
1285111450 16739332507110928169 0.1 0 302 1 3465 135 464 207 4271
1285111450 13871389188240989225 0.1 0 303 1 3465 135 460 208 4268
1285111450 6655888589122424105 0.1 0 304 1 3465 135 458 208 4266
1285111450 9637328783645760809 0.1 0 305 1 3465 125 460 206 4256
1285111450 3009986671617970809 0.1 0 308 1 3467 115 466 207 4255
1285111450 3141629890234898041 0.1 0 310 1 3465 115 466 208 4254
1285111450 12562521324219539993 0.1 0 317 1 3455 110 476 211 4252
1285111450 4510492478726705689 0.1 0 318 1 3455 110 476 210 4251
1285111450 16612810879615283481 0.1 0 319 1 3445 115 474 210 4244
1285111450 14557442371406161177 0.1 0 320 1 3410 115 474 210 4209
1285111450 1720743830567856409 0.1 0 321 1 3320 115 472 210 4117
1285111450 8160888001168009993 0.1 0 323 1 3277 120 472 211 4080
1285111450 13266386593176053513 0.1 0 324 1 3269 115 474 211 4069
1285111450 15944599512811501321 0.1 0 325 1 3269 115 472 212 4068
1285111450 14668495894617942377 0.1 0 326 1 3254 115 476 212 4057
1285111450 8265552404650345 0.1 0 327 1 3204 115 480 214 4013
1285111450 2621735759900382841 0.1 0 328 1 3204 115 476 215 4010
1285111450 8337664261398685081 0.1 0 331 1 3204 115 476 214 4009
1285111450 6448240594572370201 0.1 0 333 1 3199 115 460 214 3988
1285111450 10017162926599145241 0.1 0 334 1 3182 110 466 214 3972
1285111450 16588156941680674585 0.1 0 335 1 3142 110 468 214 3934
1285111450 15272281659503602521 0.1 0 336 1 3142 110 464 214 3930
1285111450 14639651719825565529 0.1 0 337 1 3127 110 464 214 3915
1285111450 9343845760543409545 0.1 0 339 1 3127 115 458 213 3913
1285111450 4096872724494223625 0.1 0 340 1 3127 115 454 212 3908
1285111450 15190944215890148105 0.1 0 342 1 3119 115 454 213 3901
1285111450 4318315801724724489 0.1 0 343 1 3119 115 454 212 3900
1285111450 6881602086576138505 0.1 0 344 1 3119 115 454 210 3898
1285111450 9646499881093979241 0.1 0 346 1 3079 120 458 209 3866
1285111450 13762844207580192873 0.1 0 347 1 3079 120 458 208 3865
1285111450 16306805589214973545 0.1 0 349 1 2979 120 458 208 3765
1285111450 16041820454273092313 0.1 0 351 1 2979 120 458 207 3764
1285111450 9371422248393997017 0.1 0 352 1 2979 120 454 207 3760
1285111450 8837474827310020121 0.1 0 354 1 2979 120 454 206 3759
1285111450 12018169783873334809 0.1 0 356 1 2944 120 454 207 3725
1285111450 7256012298011754009 0.1 0 357 1 2944 120 452 208 3724
1285111450 17855913834845575193 0.1 0 359 1 2944 120 448 207 3719
1285111450 7753601424844842009 0.1 0 360 1 2944 120 446 207 3717
1285111450 1402000524839257113 0.1 0 364 1 2944 115 444 210 3713
1285111450 4635526233360148505 0.1 0 367 1 2944 115 444 209 3712
1285111450 3350215250122487833 0.1 0 368 1 2866 115 444 208 3633
1285111450 17347464346662034585 0.1 0 369 1 2841 110 444 208 3603
1285111450 1648670664197840025 0.1 0 370 1 2841 110 444 207 3602
1285111450 11893556197297757993 0.1 0 376 1 2822 110 448 207 3587
1285111450 7761152372436422745 0.1 0 381 1 2814 105 456 209 3584
1285111450 10898619461864211465 0.1 0 382 1 2814 105 454 208 3581
1285111450 12958861644939121465 0.1 0 383 1 2806 105 454 209 3574
1285111450 15618070848207366969 0.1 0 385 1 2803 105 454 209 3571
1285111450 15001010229270160185 0.1 0 386 1 2803 100 456 210 3569
1285111450 6650162553915312953 0.1 0 388 1 2793 100 462 209 3564
1285111450 8783361919183884601 0.1 0 389 1 2793 100 460 209 3562
1285111450 9015564153479209129 0.1 0 390 1 2723 100 452 209 3484
1285111450 13549270623365046105 0.1 0 395 1 2723 100 450 210 3483
1285111450 2585267159697076057 0.1 0 396 1 2718 100 450 209 3477
1285111450 1333421265824825177 0.1 0 397 1 2673 105 472 209 3459
1285111450 16790472474325122105 0.1 0 400 1 2673 105 470 208 3456
1285111450 7214427751822335545 0.1 0 402 1 2670 105 468 208 3451
1285111450 8600731861174600761 0.2 0 404 1 2555 105 478 208 3346
1285111450 12889474114613302329 0.2 0 405 1 2555 105 478 207 3345
1285111450 2660842974243344441 0.2 0 406 1 2537 105 478 207 3327
1285111450 13414201915543996473 0.2 0 407 1 2512 105 478 207 3302
1285111450 159672910714929209 0.2 0 408 1 2512 110 472 207 3301
1285111450 17428398442480808505 0.2 0 409 1 2504 110 472 207 3293
1285111450 5579745789178393465 0.2 0 410 1 2504 110 470 207 3291
1285111450 17834793976503653241 0.2 0 411 1 2504 110 468 207 3289
1285111450 16366032911930915273 0.2 0 417 1 2483 110 484 206 3283
1285111450 16999232962839896521 0.2 0 418 1 2483 110 484 205 3282
1285111450 2594133493178102217 0.2 0 419 1 2447 110 484 206 3247
1285111450 5574357302229939593 0.2 0 421 1 2447 105 488 206 3246
1285111450 15993966997705219417 0.2 0 423 1 2447 105 488 205 3245
1285111450 3157534981319424169 0.2 0 426 1 2447 110 476 204 3237
1285111450 17022597944798877353 0.2 0 427 1 2377 110 484 203 3174
1285111450 1323834599107041961 0.2 0 428 1 2372 110 484 203 3169
1285111450 18396725110965628121 0.2 0 431 1 2357 115 492 204 3168
1285111450 12053302511880383289 0.2 0 432 1 2357 115 490 204 3166
1285111450 17692730994758550601 0.2 0 437 1 2347 115 490 204 3156
1285111450 13578034274505486569 0.2 0 438 1 2347 115 488 204 3154
1285111450 3572584616134420745 0.2 0 441 1 2342 115 488 204 3149
1285111450 14303753533524169481 0.2 0 442 1 2342 115 486 204 3147
1285111450 14289352365079212809 0.2 0 443 1 2342 115 484 204 3145
1285111450 5504024093189222345 0.2 0 446 1 2302 115 484 205 3106
1285111450 3393387685234247033 0.2 0 447 1 2302 115 480 205 3102
1285111450 2641694716442422841 0.2 0 449 1 2292 115 486 206 3099
1285111450 5106718701129870905 0.2 0 450 1 2267 115 494 206 3082
1285111450 13522807272261856825 0.2 0 451 1 2267 105 494 207 3073
1285111450 13387699604200398393 0.2 0 452 1 2267 105 494 206 3072
1285111450 15191032281244099129 0.2 0 453 1 2259 105 494 206 3064
1285111450 8657053061375963289 0.2 0 464 1 2269 100 482 209 3060
1285111450 10499614218592655513 0.2 0 465 1 2269 100 480 209 3058
1285111450 4877493986421456537 0.2 0 466 1 2269 100 480 207 3056
1285111450 3220156091433918617 0.2 0 467 1 2256 100 474 207 3037
1285111450 15497759047779164313 0.2 0 468 1 2196 100 470 206 2972
1285111450 17498964557765174937 0.2 0 469 1 2196 100 468 206 2970
1285111450 13737064228555491321 0.2 0 471 1 2174 100 464 206 2944
1285111450 3126427414261766553 0.2 0 481 1 2164 105 468 204 2941
1285111450 9633045485519485337 0.2 0 482 1 2164 105 462 205 2936
1285111450 2239966884135965081 0.2 0 485 1 2164 105 462 204 2935
1285111450 8718770428183025049 0.2 0 487 1 2164 100 458 203 2925
1285111450 6858155412707030937 0.2 0 488 1 2164 100 454 202 2920
1285111450 5744821254087390169 0.2 0 490 1 2164 100 454 201 2919
1285111450 9096938982919416345 0.2 0 491 1 2164 100 454 200 2918
1285111450 3757759312549891609 0.2 0 492 1 2164 100 452 200 2916
1285111450 16950136689484732953 0.2 0 493 1 2164 100 450 200 2914
1285111450 13365826056310020249 0.2 0 494 1 2129 100 448 200 2877
1285111450 13104231046392827545 0.2 0 497 1 2129 95 452 200 2876
1285111450 13129456524407306857 0.2 0 498 1 2129 95 452 199 2875
1285111450 16875500472100384153 0.2 0 500 1 2092 95 454 200 2841
1285111450 13687993200071584153 0.2 0 503 1 2072 100 464 201 2837
1285111450 15981881552560911897 0.2 0 505 1 2074 100 454 201 2829
1285111450 5791396602017271321 0.2 0 506 1 2026 100 454 199 2779
1285111450 71728416096326025 0.2 0 510 1 2026 100 452 200 2778
1285111450 1319207615955092873 0.2 0 511 1 2006 100 452 200 2758
1285111450 2315906184308311433 0.2 0 512 1 1961 110 452 199 2722
1285111450 6050230006240347961 0.2 0 514 1 1959 110 452 198 2719
1285111450 18274654817348313913 0.2 0 515 1 1894 110 462 197 2663
1285111450 12556144963927379417 0.2 0 516 1 1854 110 462 196 2622
1285111450 12153599132513954041 0.2 0 517 1 1854 110 462 195 2621
1285111450 11902902529818608137 0.2 0 518 1 1854 110 452 195 2611
1285111450 4294983034281420809 0.2 0 520 1 1852 110 452 196 2610
1285111450 1039135774124692057 0.2 0 530 1 1807 105 456 198 2566
1285111450 14892037295539811209 0.2 0 535 1 1797 105 460 196 2558
1285111450 5495615498928439849 0.2 0 536 1 1797 105 444 197 2543
1285111450 18152319989301269033 0.2 0 538 1 1797 105 444 196 2542
1285111450 5820579837052710553 0.2 0 539 1 1797 105 428 196 2526
1285111450 14656646945963432089 0.2 0 542 1 1794 105 432 194 2525
1285111450 15216190306077899929 0.2 0 543 1 1794 105 432 193 2524
1285111450 10066110561735018649 0.2 0 544 1 1786 110 430 193 2519
1285111450 2998515711248864441 0.2 0 546 1 1786 110 420 194 2510
1285111450 9663482929366624441 0.2 0 548 1 1786 110 420 193 2509
1285111450 11072456630121870217 0.2 0 551 1 1776 110 424 194 2504
1285111450 1449163220609897113 0.2 0 563 1 1754 120 430 192 2496
1285111450 14263928171052623977 0.2 0 565 1 1729 125 430 192 2476
1285111450 5886146409697684617 0.2 0 569 1 1724 125 428 194 2471
1285111450 8435842655312778105 0.2 0 570 1 1716 125 432 194 2467
1285111450 4287442232917986153 0.2 0 574 1 1659 125 436 192 2412
1285111450 834404846362910569 0.2 0 575 1 1659 125 436 191 2411
1285111450 7929160380005280121 0.2 0 578 1 1659 120 432 193 2404
1285111450 13915691585040189849 0.2 0 582 1 1659 120 428 195 2402
1285111450 15959872832555095689 0.2 0 583 1 1659 120 422 196 2397
1285111450 13321572666629398281 0.2 0 584 1 1659 120 418 196 2393
1285111450 12820812654756344073 0.2 0 589 1 1659 115 420 198 2392
1285111450 6423053239666203337 0.2 0 594 1 1654 115 424 198 2391
1285111450 8504775354513556217 0.2 0 595 1 1654 115 422 198 2389
1285111450 4578903484778868473 0.2 0 596 1 1652 115 422 197 2386
1285111450 5707395549965277961 0.2 0 597 1 1652 115 418 197 2382
1285111450 4356601949954627801 0.2 0 601 1 1627 115 418 197 2357
1285111450 16737865205239902937 0.2 0 608 1 1632 115 412 197 2356
1285111450 18133525660705104601 0.2 0 609 1 1630 115 412 198 2355
1285111450 17047893451939242073 0.2 0 612 1 1630 115 412 197 2354
1285111450 2021812707640645113 0.2 0 615 1 1630 115 410 198 2353
1285111450 2799996215884419577 0.2 0 616 1 1633 115 404 198 2350
1285111450 1269709169331334649 0.2 0 618 1 1626 115 406 197 2344
1285111450 11775184248371797497 0.2 0 619 1 1621 115 410 196 2342
1285111450 5544283992519682569 0.2 0 621 1 1613 115 412 196 2336
1285111450 8644807242654208521 0.2 0 622 1 1613 105 414 195 2327
1285111450 9373389461141669897 0.2 0 624 1 1613 105 406 195 2319
1285111450 15613187764422141113 0.2 0 632 1 1613 100 408 196 2317
1285111450 3974976670697972729 0.2 0 638 1 1613 100 404 199 2316
1285111450 632867713316353641 0.2 0 641 1 1613 100 400 202 2315
1285111450 17007855226122952809 0.2 0 642 1 1613 100 400 201 2314
1285111450 16596837007780697785 0.2 0 647 1 1613 100 396 199 2308
1285111450 8480075096345024633 0.2 0 650 1 1590 100 398 199 2287
1285111450 14721157873336197113 0.2 0 653 1 1542 100 402 197 2241
1285111450 14122892924405541513 0.2 0 663 1 1450 100 392 200 2142
1285111450 4233423286298204553 0.2 0 664 1 1450 100 392 199 2141
1285111450 12943002049495585673 0.2 0 665 1 1433 100 400 199 2132
1285111450 4481833029146275881 0.2 0 666 1 1433 100 400 198 2131
1285111450 10804780500156327977 0.2 0 667 1 1428 100 400 198 2126
1285111450 6613016654703156729 0.2 0 669 1 1428 100 392 200 2120
1285111450 17278717717491418985 0.2 0 674 1 1423 100 392 201 2116
1285111450 13982596265028880505 0.2 0 683 1 1413 95 402 203 2113
1285111450 11174809688871697529 0.2 0 684 1 1413 95 402 202 2112
1285111450 14060444112698271753 0.2 0 685 1 1413 90 406 202 2111
1285111450 6457004104261717513 0.2 0 686 1 1413 90 406 201 2110
1285111450 5076018569246398665 0.2 0 689 1 1411 90 406 202 2109
1285111450 3147562630797879305 0.2 0 694 1 1384 95 408 202 2089
1285111450 8376115519248222217 0.2 0 695 1 1384 95 408 201 2088
1285111450 6469785288863897609 0.2 0 696 1 1384 95 408 200 2087
1285111450 10043011312602493385 0.2 0 700 1 1384 95 406 201 2086
1285111450 10801132778429908313 0.2 0 702 1 1384 95 406 200 2085
1285111450 12666176638622552409 0.2 0 703 1 1384 95 404 200 2083
1285111450 2461615430180499801 0.2 0 704 1 1384 95 404 199 2082
1285111450 2486546009090689145 0.2 0 708 1 1382 95 404 200 2081
1285111450 13344550870529367161 0.2 0 709 1 1382 90 400 199 2071
1285111450 17761093347787518073 0.2 0 711 1 1379 85 400 200 2064
1285111450 10174131837155360889 0.2 0 712 1 1379 85 400 199 2063
1285111450 14801857177075830905 0.2 0 713 1 1379 85 396 199 2059
1285111450 10892836648594937977 0.2 0 715 1 1369 85 394 200 2048
1285111450 3951135702571998201 0.2 0 719 1 1369 85 392 201 2047
1285111450 16385858164228191225 0.2 0 720 1 1369 85 392 200 2046
1285111450 15612002189972283369 0.2 0 721 1 1369 85 390 200 2044
1285111450 6291289527150491529 0.2 0 728 1 1359 95 388 200 2042
1285111450 11924886656864635273 0.2 0 729 1 1359 95 388 199 2041
1285111450 9347872142917523849 0.2 0 730 1 1359 90 388 199 2036
1285111450 9572951118116118953 0.2 0 738 1 1355 90 386 198 2029
1285111450 9543044729765338681 0.2 0 746 1 1337 100 380 199 2016
1285111450 12217621227031784857 0.2 0 749 1 1307 100 384 197 1988
1285111450 3171472917326717849 0.2 0 750 1 1307 100 382 197 1986
1285111450 8256878872222144905 0.2 0 751 1 1307 100 378 197 1982
1285111450 6783736650433960841 0.2 0 752 1 1272 95 390 195 1952
1285111450 257713715385677945 0.2 0 754 1 1272 95 390 194 1951
1285111450 2394155067534169897 0.2 0 757 1 1260 95 390 196 1941
1285111450 12413120527402105641 0.2 0 758 1 1250 95 396 195 1936
1285111450 13448336039817976617 0.2 0 759 1 1250 95 396 194 1935
1285111450 6085600940420811657 0.2 0 765 1 1235 95 402 196 1928
1285111450 17488257098892503129 0.2 0 804 1 1227 105 398 197 1927
1285111450 11552239811345465433 0.2 0 806 1 1219 105 398 197 1919
1285111450 5756622122338563113 0.2 0 807 1 1219 100 396 197 1912
1285111450 15895467275729231721 0.2 0 815 1 1167 110 358 201 1836
1285111450 16231246740341680489 0.2 0 817 1 1167 110 356 201 1834
1285111450 9137567045577320297 0.2 0 820 1 1114 110 356 201 1781
1285111450 4156705767759978857 0.2 0 821 1 1114 110 356 200 1780
1285111450 12645668633030703977 0.2 0 823 1 1114 110 356 199 1779
1285111450 12192086896326578537 0.2 0 825 1 1106 110 356 199 1771
1285111450 13008408057145899577 0.2 0 830 1 1106 110 352 202 1770
1285111450 2470799132348352185 0.2 0 831 1 1106 110 346 203 1765
1285111450 8647246496205961913 0.2 0 832 1 1106 110 346 202 1764
1285111450 1699673763957868089 0.2 0 833 1 1106 110 344 203 1763
1285111450 9456460427989189177 0.2 0 835 1 1106 105 348 203 1762
1285111450 9873636034595903017 0.3 0 837 1 1106 105 346 203 1760
1285111450 12091164942912947209 0.3 0 838 1 1106 105 344 203 1758
1285111450 12844839802010844809 0.3 0 839 1 1108 105 340 203 1756
1285111450 7500245733582302345 0.3 0 840 1 1108 100 338 203 1749
1285111450 15098478966157227145 0.3 0 841 1 1108 100 338 202 1748
1285111450 54379614152499097 0.3 0 845 1 1108 105 330 203 1746
1285111450 5328006081973656169 0.3 0 850 1 1108 110 318 203 1739
1285111450 16556297257421840041 0.3 0 851 1 1110 110 314 203 1737
1285111450 9117451900746252617 0.3 0 887 1 1107 110 312 207 1736
1285111450 10328621438784545097 0.3 0 888 1 1047 110 312 207 1676
1285111450 18215496196174396361 0.3 0 889 1 1047 110 312 206 1675
1285111450 2294971157325201273 0.3 0 895 1 1040 115 312 204 1671
1285111450 10326836596445682025 0.3 0 897 1 1040 110 312 204 1666
1285111450 4006551565645823225 0.3 0 902 1 1032 115 316 202 1665
1285111450 5728237888428232441 0.3 0 903 1 1030 115 316 203 1664
1285111450 11399321227289026633 0.3 0 911 1 992 120 326 200 1638
1285111450 9987135579871238857 0.3 0 912 1 992 125 320 200 1637
1285111450 6063188186712545993 0.3 0 913 1 992 125 318 200 1635
1285111450 16292042065141559497 0.3 0 914 1 992 120 320 202 1634
1285111450 4815337800806618905 0.3 0 918 1 992 115 322 202 1631
1285111450 17619345106703945497 0.3 0 919 1 992 115 322 201 1630
1285111450 1444562792572618521 0.3 0 920 1 992 115 320 200 1627
1285111450 4159959783741162649 0.3 0 923 1 992 115 318 200 1625
1285111450 15826787898702724201 0.3 0 925 1 992 110 322 199 1623
1285111450 9817387042864639081 0.3 0 926 1 992 110 322 198 1622
1285111450 6481210585000215849 0.3 0 939 1 992 110 322 197 1621
1285111450 18091843646779984681 0.3 0 942 1 990 115 318 197 1620
1285111450 12891054292392820313 0.3 0 943 1 990 115 316 197 1618
1285111450 10170376810650774105 0.3 0 945 1 980 115 316 198 1609
1285111450 2589149190995529449 0.3 0 946 1 980 115 310 198 1603
1285111450 3299286405755866553 0.3 0 952 1 982 110 310 199 1601
1285111450 12562183367030974393 0.3 0 954 1 982 110 310 197 1599
1285111450 16939973584258506697 0.3 0 956 1 982 110 308 198 1598
1285111450 13388148506572586297 0.3 0 957 1 982 110 306 198 1596
1285111450 2210516156749137209 0.3 0 958 1 970 110 306 198 1584
1285111450 8748279065178700089 0.3 0 959 1 970 110 306 197 1583
1285111450 15002468240656780361 0.3 0 960 1 970 110 304 198 1582
1285111450 7581971152166006345 0.3 0 969 1 970 110 306 195 1581
1285111450 4249496165770830489 0.3 0 971 1 972 110 302 196 1580
1285111450 12602238507450809529 0.3 0 972 1 972 110 302 195 1579
1285111450 6764920342867951801 0.3 0 973 1 972 110 300 196 1578
1285111450 14801459535735836601 0.3 0 975 1 972 110 298 196 1576
1285111450 4980057317602472889 0.3 0 978 1 955 110 300 198 1563
1285111450 12652395172804647113 0.3 0 980 1 937 115 296 198 1546
1285111450 11923033727093085897 0.3 0 981 1 937 115 296 197 1545
1285111450 4411558220189529801 0.3 0 982 1 937 115 294 198 1544
1285111450 16856594850851970185 0.3 0 984 1 837 115 294 198 1444
1285111450 7421383173451641993 0.3 0 986 1 832 120 286 197 1435
1285111450 9813596142349682441 0.3 0 1002 1 830 120 284 199 1433
1285111450 2374581720522026761 0.3 0 1004 1 830 120 284 198 1432
1285111450 12783850440486623833 0.3 0 1038 1 827 115 286 197 1425
1285111450 10074175340494288649 0.3 0 1039 1 827 110 290 197 1424
1285111450 12466433440969570057 0.3 0 1041 1 827 110 290 195 1422
1285111450 17308819873801644937 0.3 0 1046 1 773 110 292 195 1370
1285111450 5380558849048849289 0.3 0 1048 1 771 110 292 195 1368
1285111450 3077365507184154569 0.3 0 1054 1 771 110 292 194 1367
1285111450 10088067450539168761 0.3 0 1056 1 771 110 290 194 1365
1285111450 3608587189097617129 0.3 0 1057 1 771 110 290 193 1364
1285111450 4351106146798384009 0.3 0 1065 1 771 110 288 194 1363
1285111450 10612884594562530697 0.3 0 1068 1 771 105 290 195 1361
1285111450 11825678335528424281 0.3 0 1069 1 771 105 290 194 1360
1285111450 18289288379699385417 0.3 0 1072 1 763 105 296 194 1358
1285111450 15988108363956907833 0.3 0 1083 1 743 105 298 192 1338
1285111450 5729179949627059001 0.3 0 1084 1 743 105 298 191 1337
1285111450 7587269739143256665 0.3 0 1086 1 723 110 304 191 1328
1285111450 14684137000769848265 0.3 0 1090 1 723 110 300 191 1324
1285111450 8353771595278566857 0.3 0 1092 1 723 115 292 191 1321
1285111450 1241649887706498505 0.3 0 1093 1 713 120 288 191 1312
1285111450 15555627978287481801 0.3 0 1094 1 713 120 288 190 1311
1285111450 10839682513467700649 0.3 0 1095 1 713 120 288 189 1310
1285111450 9090390047973173161 0.3 0 1096 1 711 120 288 188 1307
1285111450 10946072921978327769 0.3 0 1097 1 659 120 288 188 1255
1285111450 15736047889279749289 0.3 0 1098 1 659 120 286 187 1252
1285111450 9931160227766669177 0.3 0 1099 1 659 120 284 187 1250
1285111450 9566896118726566937 0.3 0 1106 1 661 115 284 188 1248
1285111450 10306138254390605417 0.3 0 1108 1 661 115 278 189 1243
1285111450 5345025704470041513 0.3 0 1113 1 651 115 278 190 1234
1285111450 15882977850919252457 0.3 0 1116 1 636 115 278 191 1220
1285111450 3825790667264167401 0.3 0 1117 1 636 115 278 190 1219
1285111450 12261384215949850089 0.3 0 1118 1 636 115 278 189 1218
1285111450 9166458709494463817 0.3 0 1136 1 628 110 288 191 1217
1285111450 1051510123446815625 0.3 0 1137 1 628 110 286 192 1216
1285111450 6130348638226115817 0.3 0 1152 1 603 115 288 190 1196
1285111450 1406123616762401529 0.3 0 1153 1 603 110 292 190 1195
1285111450 3972836413849916137 0.3 0 1154 1 603 110 282 190 1185
1285111450 4891814321689707033 0.3 0 1161 1 593 110 284 188 1175
1285111450 4736085146423939737 0.3 0 1168 1 593 110 282 188 1173
1285111450 677750774725173113 0.3 0 1170 1 593 110 280 189 1172
1285111450 8980911171990080889 0.3 0 1171 1 593 110 276 190 1169
1285111450 1766760696978063529 0.3 0 1173 1 593 110 276 189 1168
1285111450 4059645125815607977 0.3 0 1176 1 593 110 274 190 1167
1285111450 6412354067132331129 0.3 0 1180 1 593 110 274 189 1166
1285111450 12382913452485963033 0.3 0 1184 1 590 115 272 188 1165
1285111450 11605483137962462665 0.3 0 1186 1 590 115 270 188 1163
1285111450 13861096482255421849 0.3 0 1206 1 582 110 276 191 1159
1285111450 1796937052065969321 0.3 0 1210 1 582 115 270 188 1155
1285111450 15168896895134103817 0.3 0 1222 1 567 115 278 187 1147
1285111450 1419264069514013833 0.3 0 1223 1 567 110 282 186 1145
1285111450 1800007257345614985 0.3 0 1225 1 567 110 282 185 1144
1285111450 6199593972143528585 0.3 0 1228 1 567 110 276 186 1139
1285111450 8463143478265900425 0.3 0 1229 1 567 110 274 185 1136
1285111450 1750695670017576201 0.3 0 1231 1 567 110 272 186 1135
1285111450 7154531659984579721 0.3 0 1232 1 567 110 272 185 1134
1285111450 16476352515739387017 0.3 0 1233 1 567 105 272 185 1129
1285111450 13630663022711235721 0.3 0 1234 1 567 100 276 185 1128
1285111450 8089446062498118105 0.3 0 1238 1 569 100 272 185 1126
1285111450 14734375566424111577 0.3 0 1239 1 569 100 268 185 1122
1285111450 4822666579135505369 0.3 0 1240 1 569 100 266 184 1119
1285111450 8781565280211682265 0.3 0 1241 1 569 100 262 184 1115
1285111450 10343965496846946841 0.3 0 1244 1 569 100 262 183 1114
1285111450 15902696375426806041 0.3 0 1261 1 560 105 262 183 1110
1285111450 17512551024028326873 0.3 0 1264 1 560 105 262 182 1109
1285111450 2964017888223416281 0.3 0 1270 1 558 105 262 183 1108
1285111450 7135007632130996265 0.3 0 1271 1 558 105 260 183 1106
1285111450 8406085957062070617 0.3 0 1279 1 558 105 256 185 1104
1285111450 14867114910510974665 0.3 0 1286 1 536 105 274 185 1100
1285111450 17302015270567493321 0.3 0 1287 1 536 100 274 186 1096
1285111450 14945640088429162185 0.3 0 1288 1 516 100 284 187 1087
1285111450 16524744160627683017 0.3 0 1290 1 508 100 284 186 1078
1285111450 173482457091015913 0.3 0 1296 1 508 100 284 185 1077
1285111450 34272939771319529 0.3 0 1297 1 448 100 294 185 1027
1285111450 7399691917507551065 0.3 0 1305 1 443 100 296 185 1024
1285111450 7242189235426218505 0.3 0 1312 1 443 100 292 188 1023
1285111450 11461633706792454121 0.3 0 1314 1 443 100 290 189 1022
1285111450 10823514601248300521 0.3 0 1317 1 443 100 282 190 1015
1285111450 10872355109909825929 0.3 0 1330 1 443 100 286 185 1014
1285111450 910277468634685241 0.3 0 1331 1 443 100 286 184 1013
1285111450 5098802273604440441 0.3 0 1332 1 443 100 284 185 1012
1285111450 16882279610935730553 0.3 0 1333 1 443 100 284 184 1011
1285111450 13840973200119692665 0.3 0 1335 1 443 100 284 182 1009
1285111450 15652855804706887033 0.3 0 1337 1 443 100 284 181 1008
1285111450 7400566451083891305 0.3 0 1353 1 438 105 284 178 1005
1285111450 7993161888596375145 0.3 0 1354 1 438 105 284 177 1004
1285111450 13012675827257167561 0.3 0 1364 1 440 105 280 178 1003
1285111450 12023113332682849849 0.3 0 1369 1 440 105 280 177 1002
1285111450 11728891250466594361 0.3 0 1371 1 420 110 282 180 992
1285111450 4350484438561465849 0.3 0 1373 1 420 110 282 179 991
1285111450 16956028372277273657 0.3 0 1482 1 397 115 300 178 990
1285111450 3875068895479169977 0.3 0 1491 1 389 115 304 181 989
1285111450 16252774687624649465 0.3 0 1500 1 389 110 304 182 985
1285111450 3285058049073857273 0.3 0 1501 1 370 110 304 183 967
1285111450 8518994200380392969 0.3 0 1503 1 370 110 304 182 966
1285111450 5491774227832879625 0.3 0 1504 1 370 110 304 181 965
1285111450 2675340926065363033 0.3 0 1535 1 372 110 306 176 964
1285111450 11429263834967324761 0.3 0 1536 1 372 110 304 176 962
1285111450 4932045217994136153 0.3 0 1537 1 372 110 300 176 958
1285111450 18425578013206653737 0.3 0 1546 1 372 110 296 178 956
1285111450 1009779150237626409 0.3 0 1549 1 372 105 298 179 954
1285111450 7803714708285352169 0.3 0 1550 1 372 105 296 180 953
1285111450 5091071438851600377 0.3 0 1553 1 372 105 294 180 951
1285111450 7081203601793228793 0.3 0 1554 1 372 105 294 179 950
1285111450 16145995098497018073 0.3 0 1563 1 372 105 294 178 949
1285111450 16922487232190153817 0.3 0 1565 1 372 100 294 178 944
1285111450 4056773939474108617 0.3 0 1568 1 372 100 292 178 942
1285111450 5250407633556589865 0.3 0 1570 1 372 100 292 177 941
1285111450 2714661000380957993 0.4 0 1572 1 372 100 292 176 940
1285111450 1745483515526231801 0.4 0 1577 1 372 105 286 176 939
1285111450 3605374423318108105 0.4 0 1578 1 372 105 286 175 938
1285111450 5706128396264589993 0.4 0 1589 1 374 105 286 172 937
1285111450 10217306944841057449 0.4 0 1590 1 374 105 286 171 936
1285111450 7361036239265557177 0.4 0 1594 1 374 105 286 170 935
1285111450 17910506132453144249 0.4 0 1595 1 374 105 286 169 934
1285111450 11331275043468807337 0.4 0 1596 1 374 105 282 170 931
1285111450 224027646843604137 0.4 0 1597 1 369 105 282 170 926
1285111450 17560188110641210281 0.4 0 1598 1 369 105 282 169 925
1285111450 16575257017920758761 0.4 0 1599 1 369 105 282 168 924
1285111450 11660896426351281641 0.4 0 1600 1 369 100 282 169 920
1285111450 9392503947966223129 0.4 0 1660 1 357 110 270 179 916
1285111450 17425946647748172569 0.4 0 1663 1 357 115 266 177 915
1285111450 8030356184816499833 0.4 0 1671 1 355 115 266 178 914
1285111450 12037814558141764873 0.4 0 1673 1 355 115 264 179 913
1285111450 10918391143244548649 0.4 0 1675 1 355 115 264 178 912
1285111450 14760054425649573417 0.4 0 1676 1 355 110 266 179 910
1285111450 15334328575363072297 0.4 0 1689 1 355 110 266 178 909
1285111450 17799466766164864217 0.4 0 1693 1 355 110 266 177 908
1285111450 4548838469961122761 0.4 0 1694 1 355 110 266 176 907
1285111450 13870757344309582985 0.4 0 1716 1 353 110 266 175 904
1285111450 9924818242982356985 0.4 0 1724 1 330 110 266 177 883
1285111450 11988127858117024761 0.4 0 1726 1 330 110 266 176 882
1285111450 4642605590540289449 0.4 0 1732 1 330 110 260 179 879
1285111450 3634568899201150377 0.4 0 1733 1 330 110 260 178 878
1285111450 13102425602291669273 0.4 0 1770 1 328 105 270 174 877
1285111450 17248585383031087625 0.4 0 1782 1 298 105 274 179 856
1285111450 17063646913038616569 0.4 0 1784 1 298 105 274 178 855
1285111450 9543527257168807001 0.4 0 1796 1 239 105 282 185 811
1285111450 14070158069565833401 0.4 0 1807 1 222 100 292 184 798
1285111450 16038935366045860025 0.4 0 1808 1 222 95 294 184 795
1285111450 9240847475479136441 0.4 0 1810 1 222 95 294 183 794
1285111450 4198580493545731977 0.4 0 1813 1 222 105 284 182 793
1285111450 491696634826134041 0.4 0 1843 1 227 90 282 189 788
1285111450 9392628781710441289 0.4 0 1848 1 227 90 278 190 785
1285111450 866413405253921961 0.4 0 1854 1 227 90 274 190 781
1285111450 13287255576053766585 0.4 0 1857 1 227 90 270 191 778
1285111450 5372046923723347433 0.4 0 1898 1 222 95 266 190 773
1285111450 2164800610826924825 0.4 0 1900 1 222 100 258 190 770
1285111450 11960010861913406009 0.4 0 1909 1 222 95 254 193 764
1285111450 10683298770889427241 0.4 0 1910 1 222 95 254 192 763
1285111450 11157809522715783225 0.4 0 1957 1 215 85 270 192 762
1285111450 9795602891323504777 0.4 0 1960 1 217 85 266 191 759
1285111450 2497218619580810281 0.4 0 1970 1 217 90 260 191 758
1285111450 5806502623007829033 0.4 0 1971 1 217 90 254 191 752
1285111450 3381088296606132729 0.4 0 1972 1 210 90 250 191 741
1285111450 808602813747324921 0.4 0 1973 1 210 90 250 190 740
1285111450 3688463310880619305 0.4 0 1977 1 208 90 252 189 739
1285111450 9520162760779594745 0.4 0 2038 1 200 90 258 188 736
1285111450 5158143142204648905 0.4 0 2040 1 200 90 254 187 731
1285111450 5263883809959528393 0.4 0 2045 1 200 85 258 187 730
1285111450 17479396916609762681 0.4 0 2051 1 200 85 250 188 723
1285111450 16781402305128615289 0.4 0 2053 1 200 80 248 187 715
1285111450 7148941782540426809 0.4 0 2066 1 200 85 242 187 714
1285111450 9339509975342638953 0.4 0 2072 1 200 85 242 186 713
1285111450 13279119681049561561 0.4 0 2073 1 200 85 242 185 712
1285111450 1717773234089163289 0.4 0 2123 1 195 85 244 187 711
1285111450 12739573685932128361 0.4 0 2125 1 195 85 244 186 710
1285111450 1950195530204233625 0.4 0 2132 1 195 85 244 185 709
1285111450 14906496667506911641 0.4 0 2133 1 195 80 248 185 708
1285111450 16712018031968777081 0.4 0 2136 1 190 80 252 184 706
1285111450 3735325514885904249 0.4 0 2137 1 190 75 256 184 705
1285111450 6543684799716471833 0.4 0 2139 1 190 75 252 184 701
1285111450 12034980121526955961 0.4 0 2140 1 190 75 250 183 698
1285111450 11563852675331097081 0.4 0 2161 1 190 75 252 179 696
1285111450 15970596017340836761 0.4 0 2164 1 190 75 248 180 693
1285111450 978777825658198937 0.4 0 2165 1 190 75 248 179 692
1285111450 13046712243800002329 0.4 0 2167 1 190 75 244 180 689
1285111450 913492191023788153 0.4 0 2170 1 190 75 244 178 687
1285111450 5763771854303280249 0.4 0 2171 1 190 75 244 177 686
1285111450 17074259801452718841 0.4 0 2174 1 190 75 244 176 685
1285111450 9969573524784528793 0.4 0 2184 1 170 75 246 177 668
1285111450 12313684948947822649 0.4 0 2187 1 170 75 246 176 667
1285111450 8279773081266615897 0.4 0 2247 1 143 75 270 171 659
1285111450 1171917680758428761 0.4 0 2248 1 143 75 268 171 657
1285111450 12134109451308138649 0.4 0 2250 1 143 75 266 171 655
1285111450 8136931919183817833 0.4 0 2291 1 146 75 258 175 654
1285111450 5739755088798666345 0.4 0 2304 1 146 75 260 172 653
1285111450 6179293890697516681 0.4 0 2308 1 146 75 258 173 652
1285111450 2880451018823633161 0.4 0 2322 1 146 80 250 173 649
1285111450 16911148097420126473 0.4 0 2323 1 146 80 250 172 648
1285111450 9010719107992062729 0.4 0 2324 1 146 80 250 171 647
1285111450 1339246410539409561 0.4 0 2326 1 146 80 246 171 643
1285111450 13869253310401727673 0.4 0 2340 1 101 80 250 172 603
1285111450 738144437102649529 0.4 0 2341 1 101 80 250 171 602
1285111450 5369579450257015321 0.4 0 2342 1 101 80 246 172 599
1285111450 8794318617846920217 0.4 0 2344 1 101 80 246 171 598
1285111450 2949227383428184473 0.4 0 2367 1 103 80 238 174 595
1285111450 12045763674102169113 0.4 0 2377 1 105 75 240 174 594
1285111450 15716365394080566057 0.4 0 2382 1 103 75 240 173 591
1285111450 4935318070525365977 0.4 0 2383 1 103 70 242 173 588
1285111450 14771991833572129625 0.4 0 2385 1 103 70 242 172 587
1285111450 13469061654719365865 0.4 0 2477 1 108 70 236 171 585
1285111450 8655580999126229833 0.4 0 2479 1 108 70 232 171 581
1285111450 13488969572957225513 0.4 0 2481 1 108 70 232 170 580
1285111450 157476016182421033 0.4 0 2487 1 108 65 232 170 575
1285111450 13524806286432252793 0.4 0 2490 1 76 65 238 171 550
1285111450 5712975669523774841 0.4 0 2491 1 71 65 238 171 545
1285111450 17800978547670298409 0.4 0 2492 1 71 65 236 172 544
1285111450 2052676234270103849 0.4 0 2493 1 71 65 236 171 543
1285111450 13659486302230420777 0.4 0 2494 1 71 65 236 170 542
1285111450 14983666816659342249 0.4 0 2496 1 71 65 234 171 541
1285111450 10569531292496368041 0.4 0 2499 1 71 70 228 171 540
1285111450 14339819464118812745 0.4 0 2503 1 71 70 228 170 539
1285111450 6710184858172159433 0.4 0 2504 1 71 75 222 169 537
1285111450 18167282068748854217 0.4 0 2505 1 71 75 220 169 535
1285111450 8691832588931645561 0.4 0 2561 1 53 75 230 168 526
1285111450 9767721704030313833 0.4 0 2562 1 53 75 230 167 525
1285111450 3281020656039739753 0.4 0 2564 1 53 70 234 167 524
1285111450 5895481930339214457 0.4 0 2566 1 53 70 234 166 523
1285111450 8021561747664986905 0.4 0 2568 1 53 70 230 166 519
1285111450 422806860679499353 0.4 0 2593 1 53 70 222 173 518
1285111450 11058675070467013721 0.4 0 2594 1 53 70 218 173 514
1285111450 2843972203444164185 0.4 0 2595 1 53 70 218 171 512
1285111450 3757933133450596441 0.4 0 2600 1 53 65 218 171 507
1285111450 13635943371342995577 0.4 0 2616 1 53 70 212 171 506
1285111450 278903744606973657 0.4 0 2628 1 53 70 212 170 505
1285111450 94340606755247833 0.4 0 2629 1 53 70 212 169 504
1285111450 4531600420415945385 0.4 0 2631 1 53 70 212 168 503
1285111450 10011220105173684905 0.4 0 2632 1 53 70 212 167 502
1285111450 8361128989126466169 0.4 0 2633 1 53 70 210 166 499
1285111450 17478193116832961081 0.4 0 2637 1 53 70 206 164 493
1285111450 58408848282915305 0.5 0 3294 1 44 50 224 173 491
1285111450 15892195793980146009 0.5 0 3295 1 44 50 224 172 490
1285111450 14927038251437309513 0.5 0 3320 1 47 50 222 168 487
1285111450 15301947063059222169 0.5 0 3329 1 47 50 222 167 486
1285111450 2130954803549310313 0.5 0 3352 1 47 50 212 176 485
1285111450 11860898459240728297 0.5 0 3502 1 25 70 218 169 482
1285111450 17042151847192552681 0.5 0 3503 1 25 70 218 167 480
1285111450 10897263778368647401 0.5 0 3504 1 25 70 218 166 479
1285111450 14652966938641241897 0.5 0 3506 1 25 70 216 167 478
1285111450 13160480073092334217 0.5 0 3526 1 24 60 222 171 477
1285111450 15882469437747634889 0.5 0 3541 1 24 55 226 171 476
1285111450 7652642089578449785 0.5 0 3544 1 24 55 226 170 475
1285111450 16727764292520381065 0.5 0 3545 1 24 55 224 169 472
1285111450 16803078057119270601 0.5 0 3548 1 24 55 224 168 471
1285111450 9776403510032051657 0.5 0 3630 1 13 50 242 163 468
1285111450 5708906626954556937 0.5 0 3631 1 13 50 238 163 464
1285111450 18230733818393163817 0.5 0 3662 1 13 45 234 170 462
1285111450 10446168588337148361 0.5 0 3664 1 13 45 234 169 461
1285111450 16198975226782153065 0.5 0 3668 1 13 45 232 169 459
1285111450 13558591091157001369 0.5 0 3670 1 13 45 228 169 455
1285111450 17403407947281491081 0.5 0 3674 1 13 45 226 170 454
1285111450 16296209406766778089 0.5 0 3676 1 13 45 224 171 453
1285111450 4177202103317070569 0.5 0 3677 1 13 45 224 170 452
1285111450 4888439364580866553 0.5 0 3680 1 13 45 220 170 448
1285111450 2755330746503855337 0.5 0 3682 1 13 45 220 169 447
1285111450 12921919439189245017 0.5 0 3683 1 13 45 220 168 446
1285111450 6948367862794034265 0.5 0 3684 1 13 45 220 167 445
1285111450 5827024943279114297 0.5 0 3692 1 13 45 224 162 444
1285111450 6648017785375149193 0.5 0 3699 1 13 50 216 164 443
1285111450 11031235801992273945 0.5 0 3742 1 20 50 206 163 439
1285111450 16717292479619019913 0.5 0 4269 1 14 50 206 168 438
1285111450 12142911738522375545 0.5 0 4275 1 14 50 206 167 437
1285111450 5866533585131693417 0.5 0 4845 1 17 50 196 173 436
1285111450 17342821769411453417 0.5 0 4846 1 17 50 194 173 434
1285111450 1278929026673551753 0.5 0 4849 1 17 50 194 171 432
1285111450 12716441337896475769 0.5 0 4871 1 15 50 194 172 431
1285111450 8918100579970997881 0.5 0 4872 1 15 50 194 170 429
1285111450 15404153017126135417 0.5 0 4873 1 15 50 194 169 428
1285111450 16336405723939238585 0.5 0 4878 1 15 50 194 167 426
1285111450 4495900280794419385 0.5 0 4879 1 15 50 194 166 425
1285111450 17878722518414609273 0.5 0 4883 1 15 50 194 165 424
1285111450 3854704358883441513 0.5 0 5107 1 17 50 190 166 423
1285111450 4040503785387021673 0.5 0 5109 1 17 50 190 165 422
1285111450 16836564736203967001 0.5 0 5149 1 17 50 186 167 420
1285111450 12978635015810599881 0.5 0 5372 1 22 55 180 162 419
1285111450 2066140067605683769 0.5 0 5396 1 18 55 182 162 417
1285111450 3425523271733147737 0.5 0 5398 1 18 50 186 162 416
1285111450 6784282621712849849 0.5 0 5401 1 18 50 186 161 415
1285111450 14999117737484036233 0.5 0 5434 1 18 55 180 161 414
1285111450 15614827891340748937 0.5 0 5435 1 18 55 176 160 409
1285111450 3710231589150605337 0.5 0 5881 1 16 65 162 165 408
1285111450 6139895152837753305 0.5 0 5885 1 16 65 162 164 407
1285111450 15855543453435836217 0.5 0 5929 1 14 60 166 166 406
1285111450 3895335151649920217 0.5 0 5933 1 14 60 166 165 405
1285111450 17250537669773671465 0.5 0 5948 1 14 60 162 165 401
1285111450 12134712334659850985 0.5 0 5951 1 14 60 160 166 400
1285111450 11303270684920658409 0.5 0 5952 1 14 60 160 165 399
1285111450 8216822837500926505 0.5 0 5957 1 14 60 160 164 398
1285111450 3264644212725653001 0.5 0 5960 1 14 60 158 164 396
1285111450 11641547810730898073 0.5 0 5963 1 14 60 156 164 394
1285111450 12407111695481405945 0.5 0 5964 1 14 60 152 163 389
1285111450 4356863189700006425 0.5 0 5966 1 14 60 150 163 387
1285111450 3906985298532455273 0.5 0 7852 1 5 45 174 162 386
1285111450 17539961668378522329 0.5 0 7854 1 5 45 174 160 384
1285111450 5672289042216961753 0.5 0 7856 1 5 45 174 159 383
1285111450 4038495398525220777 0.5 0 7933 1 5 45 166 166 382
1285111450 5888996290078536473 0.5 0 10628 1 4 45 166 165 380
1285111450 143774156150852601 0.5 0 10629 1 4 45 166 164 379
1285111450 9440394309130792169 0.5 0 10637 1 2 45 168 163 378
1285111450 10027002210219345337 0.5 0 10638 1 2 45 168 162 377
1285111450 12110615891175311801 0.5 0 10639 1 2 45 168 161 376
1285111450 6734189496531926873 0.5 0 11284 1 8 50 154 163 375
1285111450 12047383200285733193 0.5 0 11291 1 8 50 152 164 374
1285111450 3155269031100736505 0.5 0 11298 1 8 50 152 163 373
1285111450 5528393523955117209 0.5 0 11300 1 8 50 152 162 372
1285111450 7174792076466109145 0.5 0 11309 1 8 50 152 161 371
1285111450 13052198787190786041 0.6 0 11867 1 16 50 146 157 369
1285111450 6018512328488999833 0.6 0 11978 1 12 45 150 161 368
1285111450 13020646016850584489 0.6 0 12034 1 7 45 150 165 367
1285111450 11844942383715360297 0.6 0 12037 1 7 45 148 165 365
1285111450 11640057864884776489 0.6 0 12038 1 7 45 148 164 364
1285111450 7943644259250931561 0.6 0 12039 1 7 45 148 163 363
1285111450 7742662637875945545 0.6 0 12043 1 7 45 146 164 362
1285111450 8064956505802350729 0.6 0 16990 1 2 45 150 161 358
1285111450 11732222531332661017 0.6 0 16992 1 2 45 150 160 357
1285111450 6221532699098420153 0.6 0 17002 1 2 45 148 160 355
1285111450 15864774947002840505 0.6 0 17079 1 4 45 146 159 354
1285111450 11450622621687172473 0.6 0 17161 1 4 45 148 156 353
1285111450 17936607522432880505 0.6 0 17164 1 4 45 148 155 352
1285111450 14850737461199474553 0.6 0 17165 1 4 45 148 154 351
1285111450 474203277214159705 0.6 0 17167 1 4 45 146 154 349
1285111450 15843204563282502489 0.6 0 17169 1 4 45 146 152 347
1285111450 2874332715994145721 0.6 0 18910 1 2 50 132 162 346
1285111450 8367046292914970441 0.6 0 18919 1 2 50 128 162 342
1285111450 3411594887384784185 0.6 0 18926 1 2 50 128 161 341
1285111450 5804709889222134073 0.6 0 18928 1 2 50 128 160 340
1285111450 7471558687344427049 0.6 0 18985 1 2 50 134 153 339
1285111450 4220252551061893161 0.6 0 18986 1 2 50 134 152 338
1285111450 16720482020756864377 0.6 0 21195 1 2 45 124 166 337
1285111450 12041804861859159753 0.6 0 21199 1 2 45 124 165 336
1285111450 32719631650410921 0.6 0 21205 1 2 45 124 164 335
1285111450 591728400104190377 0.6 0 21206 1 2 45 124 163 334
1285111450 7215378302582465449 0.6 0 21207 1 2 45 120 164 331
1285111450 6445689737630753705 0.6 0 21208 1 2 45 120 163 330
1285111450 12832423435615109497 0.7 0 28943 1 0 45 130 154 329
1285111450 3537246195054150265 0.7 0 28949 1 0 45 128 154 327
1285111450 17093877708583209593 0.7 0 28950 1 0 45 128 152 325
1285111450 14439036145247400873 0.7 0 28963 1 0 45 128 151 324
1285111450 10536843489616626377 0.7 0 30273 1 0 40 126 155 321
1285111450 16283388458339268649 0.7 0 30275 1 0 40 126 154 320
1285111450 17011004906072466153 0.7 0 30287 1 0 45 120 153 318
1285111450 14760466928904140297 0.7 0 30294 1 0 45 118 154 317
1285111450 13014556130528215561 0.7 0 30297 1 0 45 118 153 316
1285111450 11019894517428548377 0.7 0 30298 1 0 40 120 154 314
1285111450 8924403275731302265 0.7 0 30305 1 0 40 118 154 312
1285111450 13864943936014195545 0.7 0 30307 1 0 40 118 153 311
1285111450 9736626920172616025 0.7 0 30338 1 0 40 118 152 310
1285111450 3293235724700937929 0.7 0 30466 1 0 40 118 151 309
1285111450 12027353490026758841 0.7 0 30468 1 0 40 116 152 308
1285111450 3010762020793623513 0.7 0 30469 1 0 40 114 152 306
1285111450 17936359292214829833 0.7 0 30491 1 0 40 112 153 305
1285111450 5959604848850034297 0.7 0 30502 1 0 35 114 155 304
1285111450 3447136367773712345 0.7 0 30597 1 2 35 118 148 303
1285111450 6551321791207186905 0.7 0 30598 1 2 35 118 147 302
1285111450 9705795635608985497 0.7 0 30794 1 4 40 102 154 300
1285111450 17660105266094259897 0.7 0 30988 1 4 40 104 151 299
1285111450 6207761639012589753 0.7 0 30990 1 4 40 104 149 297
1285111450 7319898648941931721 0.7 0 30999 1 4 40 104 146 294
1285111450 5159023923295576409 0.7 0 31011 1 4 40 104 145 293
1285111450 1540675648731126681 0.7 0 31020 1 4 40 104 144 292
1285111450 15946664237047112537 0.7 0 32762 1 0 40 102 149 291
1285111450 8176436620977997337 0.7 0 32764 1 2 40 98 150 290
1285111450 14701820438134136137 0.7 0 32787 1 2 35 102 150 289
1285111450 1178377737479937353 0.7 0 32788 1 2 35 102 149 288
1285111450 17913915066665766217 0.7 0 32789 1 2 35 102 148 287
1285111450 6322115873041459481 0.7 0 33181 1 0 40 100 145 285
1285111450 545200193230341945 0.7 0 33289 1 3 35 102 144 284
1285111450 4734232816117030009 0.7 0 33298 1 3 35 100 145 283
1285111450 1390404251962332921 0.7 0 34334 1 3 40 88 151 282
1285111450 11459043795561357337 0.7 0 34489 1 5 40 88 148 281
1285111450 5157750051232596873 0.7 0 34517 1 3 45 82 150 280
1285111450 4949589594602046825 0.7 0 34520 1 3 45 82 149 279
1285111450 2761183713092647225 0.7 0 34521 1 3 45 82 148 278
1285111450 15859403142737628009 0.7 0 36229 1 3 35 104 135 277
1285111450 7783545631056664665 0.7 0 36230 1 3 35 104 134 276
1285111450 10691364176299388185 0.7 0 36258 1 3 35 98 139 275
1285111450 12686356447737898793 0.8 0 37370 1 0 35 98 141 274
1285111450 14716659860564339593 0.8 0 37388 1 0 35 100 138 273
1285111450 11305173280596252041 0.8 0 37390 1 0 35 100 137 272
1285111450 18303662361117891465 0.8 0 37392 1 0 35 100 136 271
1285111450 15071350870354581961 0.8 0 37394 1 0 35 98 136 269
1285111450 15643385005592270185 0.8 0 37469 1 0 40 94 134 268
1285111450 8535403345010880873 0.8 0 37470 1 0 40 94 133 267
1285111450 2544968985235872345 0.8 0 43198 1 0 45 82 138 265
1285111450 3930453280575622425 0.8 0 45666 1 2 35 88 139 264
1285111450 16038080356694898345 0.8 0 45703 1 2 30 90 141 263
1285111450 13829625772991137321 0.8 0 45706 1 2 30 90 140 262
1285111450 6974129709544340825 0.8 0 45715 1 2 30 90 139 261
1285111450 5576310404422233945 0.8 0 45717 1 2 30 90 138 260
1285111450 2491008440921173881 0.8 0 45720 1 2 30 90 137 259
1285111450 18352131814461323417 0.8 0 45723 1 2 30 88 138 258
1285111450 15736318022415284377 0.8 0 45726 1 2 30 88 137 257
1285111450 11201226626983295193 0.8 0 45919 1 2 35 84 135 256
1285111450 8317805985399850185 0.8 0 45930 1 0 35 86 134 255
1285111450 11083331401410241417 0.8 0 45956 1 0 35 82 137 254
1285111450 15406315787823993369 0.8 0 46400 1 0 35 88 129 252
1285111450 225986513900699321 0.8 0 46412 1 0 35 88 127 250
1285111450 2380030038029762841 0.8 0 46503 1 0 35 84 130 249
1285111450 14782891986385703545 0.8 0 46505 1 0 35 84 129 248
1285111450 7769208917607927929 0.8 0 46506 1 0 35 84 128 247
1285111450 5075564489141974649 0.8 0 46513 1 0 35 84 127 246
1285111450 15965635772715374505 0.8 0 46514 1 0 35 84 126 245
1285111450 3528779560701654105 0.8 0 46539 1 0 35 84 125 244
1285111450 18344500155985207945 0.9 0 49414 1 0 30 84 128 242
1285111450 17773462231449535945 0.9 0 49419 1 0 30 84 127 241
1285111450 11811577205705955993 0.9 0 49818 1 0 30 76 134 240
1285111450 15928619460089400473 0.9 0 49959 1 0 30 76 133 239
1285111450 15985010916526938585 0.9 0 50942 1 0 35 74 129 238
1285111450 8612989592531055417 0.9 0 50943 1 0 35 72 129 236
1285111450 11132189513485931977 0.9 0 50949 1 0 35 70 129 234
1285111450 17429451670381880265 0.9 0 50950 1 0 35 70 128 233
1285111450 833895489245331849 0.9 0 50983 1 0 30 74 128 232
1285111450 12182188736758363673 0.9 0 51582 1 0 30 74 126 230
1285111450 12213609399311464825 0.9 0 51588 1 0 30 72 127 229
1285111450 886055617789102457 0.9 0 51589 1 0 30 72 126 228
1285111450 1795540864635033705 0.9 0 54865 1 0 30 80 117 227
1285111450 9238471713160072793 0.9 0 55313 1 0 35 72 119 226
1285111450 14168879412740812681 0.9 0 55413 1 0 35 68 122 225
1285111450 12728066339794706297 1.0 0 56703 1 0 35 64 124 223
1285111450 6527171042518706041 1.0 0 56704 1 0 35 64 123 222
1285111450 11090303559556479833 1.0 0 56705 1 0 35 64 122 221
1285111450 3239895019941024121 1.0 0 56784 1 0 35 62 123 220
1285111450 14259477990489932329 1.0 0 56910 1 0 35 64 120 219
1285111450 8764153751108676569 1.0 0 56922 1 0 35 62 121 218
1285111450 12666172033898585145 1.0 0 56926 1 0 35 62 120 217
1285111450 10559013216627168361 1.0 0 56933 1 0 35 62 119 216
1285111450 9378321558459545961 1.0 0 58126 1 2 30 68 115 215
1285111450 18143429035614261065 1.0 0 58130 1 0 30 68 115 213
1285111450 9985933308983683897 1.0 0 58134 1 0 30 68 114 212
1285111450 8243710494942095289 1.0 0 58140 1 0 30 66 115 211
1285111450 14868043040328877065 1.0 0 58205 1 0 30 66 114 210
1285111450 13240521541736604329 1.0 0 58209 1 0 30 66 113 209
1285111450 2061613317934528073 1.0 0 58216 1 0 30 66 112 208
1285111450 1929929569040782921 1.0 0 58217 1 0 30 66 110 206
1285111450 7856988663256184697 1.0 0 58479 1 0 30 64 111 205
1285111450 14564640909501267833 1.0 0 58480 1 0 30 64 110 204
1285111450 12839355683106339593 1.0 0 58487 1 0 30 64 109 203
1285111450 11798824646058431593 1.0 0 58503 1 0 30 64 107 201
1285111450 11204913189845392649 1.0 0 61539 1 0 30 62 108 200
1285111450 5591243700695282057 1.0 0 61652 1 0 30 62 107 199
1285111450 14493804463511141657 1.0 0 61655 1 0 30 62 106 198
1285111450 9893851237757500921 1.0 0 61661 1 0 30 62 105 197
1285111450 8680509604459154185 1.0 0 61668 1 0 30 62 104 196
1285111450 9118809424769489273 1.0 0 61714 1 0 30 62 103 195
1285111450 16208269400334227641 1.1 0 63427 1 0 25 68 101 194
1285111450 9494747075474860073 1.1 0 63644 1 0 25 66 102 193
1285111450 16125271712668089609 1.1 0 63646 1 0 25 66 101 192
1285111450 13464123399896878345 1.1 0 63647 1 0 25 66 99 190
1285111450 13772994828117593865 1.1 0 63648 1 0 25 66 97 188
1285111450 3343744704392691465 1.1 0 63649 1 0 25 66 96 187
1285111450 16297990985261651961 1.1 0 64473 1 0 25 68 93 186
1285111450 4964665876885581577 1.1 0 64474 1 0 25 68 92 185
1285111450 10668523192088242105 1.1 0 64480 1 0 25 68 91 184
1285111450 1870098461823061641 1.1 0 66738 1 0 25 68 90 183
1285111450 2100910092116219753 1.1 0 66741 1 0 25 68 89 182
1285111450 9304284324152099977 1.1 0 66754 1 0 25 68 88 181
1285111450 10069864420958153001 1.1 0 66809 1 0 30 64 86 180
1285111450 13362377090808480585 1.1 0 66811 1 0 30 64 85 179
1285111450 5420370743067632297 1.1 0 66817 1 0 30 64 84 178
1285111450 1406576642850058217 1.1 0 67111 1 0 25 64 88 177
1285111450 14975948152447262841 1.1 0 67193 1 0 25 66 85 176
1285111450 11728837344990145721 1.1 0 67214 1 0 25 64 85 174
1285111450 361153389701708905 1.1 0 67216 1 0 25 64 84 173
1285111450 9820062765508460633 1.1 0 67220 1 0 25 64 83 172
1285111450 1842610983478351497 1.2 0 68576 1 0 25 64 82 171
1285111450 10273385976157436201 1.2 0 68619 1 0 25 64 81 170
1285111450 17176732587032742697 1.2 0 68620 1 0 25 64 80 169
1285111450 12640736125308657961 1.2 0 68622 1 0 25 64 78 167
1285111450 15316312761512720649 1.2 0 69909 1 0 30 58 78 166
1285111450 6367493416297107209 1.2 0 69910 1 0 30 58 77 165
1285111450 4917407619028483433 1.2 0 70528 1 0 30 56 78 164
1285111450 17674608112652161369 1.2 0 70622 1 0 30 56 77 163
1285111450 758819064753247241 1.2 0 70629 1 0 30 56 76 162
1285111450 13234253337122354121 1.2 0 70643 1 0 30 56 75 161
1285111450 3493580074442746073 1.2 0 70673 1 0 30 56 74 160
1285111450 10721971716053859257 1.2 0 70674 1 0 30 56 73 159
1285111450 9677684338424711001 1.2 0 70698 1 0 30 56 72 158
1285111450 15574462356222810169 1.2 0 70699 1 0 30 56 71 157
1285111450 5416720020636766425 1.2 0 70708 1 0 30 56 70 156
1285111450 15023829904430587929 1.2 0 70724 1 0 30 56 69 155
1285111450 481863312914989225 1.2 0 70729 1 0 30 56 68 154
1285111450 9943815731601574233 1.2 0 70734 1 0 30 56 67 153
1285111450 157861586862767161 1.2 0 70966 1 0 30 54 68 152
1285111450 2380147157098941593 1.2 0 71016 1 0 30 54 67 151
1285111450 3311092376920505849 1.2 0 71032 1 0 30 54 66 150
1285111450 3734783744614971017 1.2 0 71199 1 0 30 54 65 149
1285111450 12746447234902023689 1.2 0 71204 1 0 30 54 64 148
1285111450 14787776456604042617 1.2 0 71210 1 0 30 54 63 147
1285111450 8728612061184102057 1.2 0 71303 1 0 30 54 61 145
1285111450 7919675988203171625 1.2 0 71308 1 0 30 54 60 144
1285111450 7849886206675971593 1.2 0 71312 1 0 30 54 59 143
1285111450 12590508344307322825 1.2 0 71361 1 0 30 54 58 142
1285111450 13649898423385382377 1.3 0 74256 1 0 30 54 57 141
1285111450 2621077260267499721 1.3 0 74259 1 0 30 54 56 140
1285111450 16947313120618554345 1.3 0 74318 1 0 30 54 55 139
1285111450 7550779201466730985 1.3 0 74327 1 0 30 54 54 138
1285111450 6396432880842215401 1.3 0 74329 1 0 30 54 53 137
1285111450 3652349383682069609 1.3 0 74651 1 0 30 54 52 136
1285111450 11146713297314531161 1.3 0 74653 1 0 30 54 51 135
1285111450 8503943743043175337 1.3 0 74686 1 0 30 54 50 134
1285111450 1588571038050380249 1.3 0 74758 1 0 30 54 49 133
1285111450 17632652064298286185 1.3 0 74794 1 0 30 54 48 132
1285111450 2279010859019693529 1.4 0 75267 1 0 30 54 47 131
1285111450 17706969100425560649 1.4 0 75347 1 0 30 54 46 130
1285111450 7856660501599155273 1.4 0 75357 1 0 30 54 45 129
1285111450 80655533068166729 1.4 0 75358 1 0 30 54 44 128
1285111450 10728207767862843145 1.4 0 75369 1 0 30 54 43 127
1285111450 10802396854587335033 1.4 0 75648 1 0 30 54 42 126
1285111450 13329085808995770137 1.4 0 75819 1 0 30 54 41 125
1285111450 771967363451674585 1.4 0 75830 1 0 30 54 40 124
1285111450 859023997744082873 1.4 0 75854 1 0 30 54 39 123
1285111450 5431893959950194841 1.4 0 76223 1 0 30 54 38 122
1285111450 7024761468650533017 1.4 0 76266 1 0 30 54 37 121
1285111450 1287970819973204825 1.4 0 76268 1 0 30 54 36 120
1285111450 11729548899066790489 1.4 0 76331 1 0 30 54 35 119
1285111450 11276669598902409033 1.4 0 76332 1 0 30 54 34 118
1285111450 8729064022082536473 1.4 0 76361 1 0 30 54 33 117
1285111450 16804611565487169081 1.4 0 76504 1 0 30 54 32 116
1285111450 7757577144104733193 1.4 0 76542 1 0 30 54 31 115
1285111450 2923734580493332633 1.4 0 76547 1 0 30 54 30 114
1285111450 16904833681028440841 1.4 0 76564 1 0 30 54 29 113
1285111450 17337912300414621577 1.4 0 76579 1 0 30 54 28 112
1285111450 18147019819559573673 1.4 0 76640 1 0 30 54 27 111
1285111450 10474344026667006137 1.5 0 77097 1 0 30 54 26 110
1285111450 14043526968268114265 1.5 0 77133 1 0 30 54 25 109
1285111450 17522103406665206729 1.5 0 77144 1 0 30 54 24 108
1285111450 18086275826149248121 1.5 0 77516 1 0 30 54 23 107
1285111450 10340772168508396489 1.5 0 77529 1 0 30 54 22 106
1285111450 16883287146225875497 1.5 0 77991 1 0 30 54 21 105
1285111450 14235154819208113225 1.5 0 77998 1 0 30 54 20 104
1285111450 11252503251163028409 1.5 0 78005 1 0 30 54 19 103
1285111450 16287352620249757273 1.5 0 78107 1 0 30 54 18 102
1285111450 7285309225599937705 1.5 0 78132 1 0 30 54 17 101
1285111450 8436436055680136409 1.5 0 78206 1 0 30 54 16 100
1285111450 17887565526546919961 1.5 0 78216 1 0 30 54 15 99
1285111450 12604249960251045657 1.6 0 78393 1 0 30 54 14 98
1285111450 2531862590967369065 1.6 0 78622 1 0 30 54 13 97
1285111450 14389741971242664713 1.6 0 78689 1 0 30 54 12 96
1285111450 8021868288692466233 1.6 0 78729 1 0 30 54 11 95
1285111450 4482636021536459769 1.6 0 78870 1 0 30 54 10 94
1285111450 13360158758012398137 1.7 0 79833 1 0 30 54 9 93
1285111450 17124940271367045401 1.9 0 80555 1 0 30 54 8 92
1285111450 16578112586045298617 2.8 1 156763 1 0 20 48 23 91
1285111450 3098598826707783209 2.8 1 156777 1 0 20 48 22 90
1285111450 2355582473201918841 2.8 1 156870 1 0 20 48 21 89
1285111450 5536810153906673433 2.8 1 157096 1 0 20 48 20 88
1285111450 9036857909146236121 2.8 1 157127 1 0 20 48 19 87
1285111450 14952762638516437161 2.9 1 157150 1 0 20 48 18 86
1285111450 2110115416302491369 2.9 1 157389 1 0 20 48 17 85
1285111450 9670680092688229801 2.9 1 157390 1 0 20 48 16 84
1285111450 5320015034961462233 2.9 1 157448 1 0 20 48 15 83
1285111450 505587044056004201 2.9 1 157607 1 0 20 48 14 82
1285111450 15443546541105271481 2.9 1 157676 1 0 20 48 13 81
1285111450 15430485318393999609 3.0 1 158143 1 0 20 48 12 80
1285111450 15258231466711735433 3.0 1 158253 1 0 20 48 11 79
1285111450 2030315580712117177 3.0 1 158290 1 0 20 48 10 78
1285111450 5028377895351440217 3.0 1 158639 1 0 20 48 9 77
1285111450 2604738359643834633 3.0 1 158647 1 0 20 48 8 76
1285111450 683924371304552569 4.1 2 236744 1 0 10 44 21 75
1285111450 3019952758604004377 4.1 2 237697 1 0 10 44 20 74
1285111450 16650617623632112857 4.2 2 237788 1 0 10 44 19 73
1285111450 10826719925198007801 4.2 2 237791 1 0 10 44 18 72
1285111450 2822398168444462569 4.2 2 237802 1 0 10 44 17 71
1285111450 12126627142334482217 4.2 2 237819 1 0 10 44 16 70
1285111450 3250794714636908217 4.2 2 237863 1 0 10 44 15 69
1285111450 7391216056103032553 4.2 2 237883 1 0 10 44 14 68
1285111450 12966257566030281001 4.2 2 238017 1 0 10 44 13 67
1285111450 2925907487855615273 4.2 2 238023 1 0 10 44 12 66
1285111450 6053360687286340921 4.2 2 238060 1 0 10 44 11 65
1285111450 6487252697929650649 4.2 2 238163 1 0 10 44 10 64
1285111450 12395000157520281865 4.2 2 238341 1 0 10 44 9 63
1285111450 8794134113541679241 4.3 2 238625 1 0 10 44 8 62
1285111450 16694572076304147065 4.3 2 238671 1 0 10 44 7 61
1285111450 14713053936796419353 4.4 2 239180 1 0 10 44 6 60
1285111450 11020714581663872729 4.4 2 239298 1 0 10 44 5 59
1285111450 7926452659790989753 4.4 2 239419 1 0 10 44 4 58
1285111450 1369687237818795513 22.2 18 1657442 1 0 5 42 10 57
1285111450 8596303197117106681 22.2 18 1657500 1 0 5 42 9 56
1285111450 7586699617245712489 22.2 18 1657536 1 0 5 42 8 55
1285111450 17239388758636532425 22.2 18 1657659 1 0 5 42 7 54
1285111450 4376288820862300137 22.3 18 1658005 1 0 5 42 6 53
1285111450 2779650576766795529 22.3 18 1658009 1 0 5 42 5 52
1285111450 4363484353924211049 22.3 18 1658019 1 0 5 42 4 51
1285111450 2762287258454362873 22.4 18 1658786 1 0 5 42 3 50
1285111450 4892392927581284393 150.5 123 13875029 1 0 10 32 7 49
1285111450 13366915032070551817 150.5 123 13875551 1 0 10 32 6 48
1285111450 11837818167116410329 597.3 475 55474706 1 0 10 28 9 47
1285111450 10300290825152081593 597.4 475 55475284 1 0 10 28 8 46
1285111450 4658084204682498185 597.5 475 55475795 1 0 10 28 7 45
1285111450 16184897989624464345 597.5 475 55476095 1 0 10 28 6 44
1285111450 103609436240653881 1654.1 1327 156191860 1 0 5 30 8 43
1285111450 16985840456346491513 1654.1 1327 156192045 1 0 5 30 7 42
1285111450 7930555864210624617 1654.2 1327 156192344 1 0 5 30 6 41
//  From 41 to 40 with Deep Local Search
// build/itc2007-cct datasets/comp06.ctt /tmp/sol -i results/races/comp06.ctt.sol -o solver.methods=dls -o solver.max_cycles=1 -r -V -vv