1669389093 17317686341185636248 0.3 0 0 1 8399 145 1208 48 9800
1669389093 14143469986611791096 0.3 0 1 1 8397 150 1200 48 9795
1669389093 4441892381720239848 0.3 0 2 1 8397 150 1196 48 9791
1669389093 13969683454781333560 0.3 0 4 1 8357 150 1198 48 9753
1669389093 14725076875383583496 0.3 0 5 1 8357 150 1194 48 9749
1669389093 10106993253160930632 0.3 0 6 1 8357 150 1176 48 9731
1669389093 2833096875992437608 0.3 0 8 1 8267 150 1200 48 9665
1669389093 8457130239659927784 0.3 0 9 1 8117 150 1200 48 9515
1669389093 11704927275733656776 0.3 0 10 1 8117 145 1194 49 9505
1669389093 17069702922121675080 0.3 0 12 1 8112 155 1168 50 9485
1669389093 13295049660453283240 0.3 0 13 1 8117 155 1156 50 9478
1669389093 7518085322811682216 0.3 0 14 1 8119 160 1146 49 9474
1669389093 17979210764172285816 0.3 0 15 1 8117 160 1144 50 9471
1669389093 7285458822219773816 0.3 0 17 1 8087 160 1150 52 9449
1669389093 11974953961223214024 0.3 0 18 1 8087 160 1148 51 9446
1669389093 9352306789534107592 0.3 0 19 1 8087 160 1144 52 9443
1669389093 7035441537650956632 0.3 0 21 1 8087 150 1148 53 9438
1669389093 10724112206277762856 0.3 0 22 1 8070 155 1116 54 9395
1669389093 10339607196670867832 0.3 0 24 1 8030 160 1080 55 9325
1669389093 2366425690437145784 0.3 0 25 1 7738 160 1080 55 9033
1669389093 388144938411560120 0.3 0 26 1 7738 160 1072 55 9025
1669389093 6523528439057048104 0.3 0 27 1 7708 160 1050 56 8974
1669389093 14484949404204063112 0.3 0 33 1 7708 155 1050 58 8971
1669389093 7727682946584396248 0.3 0 34 1 7708 155 1046 58 8967
1669389093 5606332056087517016 0.3 0 35 1 7688 155 1046 58 8947
1669389093 13047809423044232616 0.3 0 37 1 7688 150 1046 59 8943
1669389093 10441517193770642936 0.3 0 38 1 7688 150 1042 60 8940
1669389093 9728229149047061688 0.3 0 39 1 7673 150 1042 60 8925
1669389093 8896304843903379736 0.3 0 41 1 7661 150 1042 60 8913
1669389093 13688933850229354600 0.3 0 42 1 7649 150 1042 60 8901
1669389093 12034079055939289528 0.3 0 44 1 7649 150 1026 61 8886
1669389093 17482993304649794264 0.3 0 46 1 7627 160 1030 60 8877
1669389093 12199461120673338104 0.3 0 48 1 7610 160 1020 59 8849
1669389093 1846372062918311848 0.3 0 49 1 7575 160 986 59 8780
1669389093 5143123012978147496 0.3 0 53 1 7575 160 984 60 8779
1669389093 1728360262384935080 0.4 0 54 1 7505 160 984 61 8710
1669389093 5570275670116530344 0.4 0 55 1 7505 160 972 61 8698
1669389093 6851739750356888184 0.4 0 56 1 7505 155 976 60 8696
1669389093 4872283725766812536 0.4 0 57 1 7430 155 976 61 8622
1669389093 15507931093098954536 0.4 0 58 1 7430 155 972 61 8618
1669389093 13519249035386528424 0.4 0 62 1 7418 150 986 63 8617
1669389093 18047591004663050280 0.4 0 64 1 7298 150 986 64 8498
1669389093 772787264701166488 0.4 0 66 1 7314 145 966 65 8490
1669389093 6309824977781062008 0.4 0 70 1 7312 140 974 63 8489
1669389093 11751182740766469752 0.4 0 71 1 7312 140 974 62 8488
1669389093 4051214538091602936 0.4 0 73 1 7162 140 974 62 8338
1669389093 4914302584554429432 0.4 0 74 1 7122 140 988 63 8313
1669389093 13495811268812392648 0.4 0 75 1 7122 140 976 63 8301
1669389093 804292857856731144 0.4 0 76 1 7040 140 976 64 8220
1669389093 3017033061238696584 0.4 0 78 1 7040 140 976 63 8219
1669389093 11475314959863112664 0.4 0 80 1 7040 140 964 64 8208
1669389093 10146538329067073464 0.4 0 81 1 6920 135 978 65 8098
1669389093 5614841340347839736 0.4 0 82 1 6920 135 978 64 8097
1669389093 3521401353272374840 0.4 0 84 1 6920 125 986 65 8096
1669389093 3192747645752402520 0.4 0 85 1 6920 125 984 65 8094
1669389093 14397050378679453240 0.4 0 86 1 6908 125 982 66 8081
1669389093 13731527212788130328 0.4 0 87 1 6908 130 970 67 8075
1669389093 7223694711273556104 0.4 0 89 1 6758 130 970 68 7926
1669389093 1681408192063147992 0.4 0 90 1 6758 130 958 68 7914
1669389093 3455815927638257336 0.4 0 93 1 6708 130 958 67 7863
1669389093 2305325331229005496 0.4 0 94 1 6718 130 944 68 7860
1669389093 5688417445663681656 0.4 0 95 1 6723 130 934 68 7855
1669389093 8551032187780819064 0.4 0 96 1 6713 130 922 68 7833
1669389093 15785002955636583512 0.4 0 98 1 6663 135 904 68 7770
1669389093 16512635915530255448 0.4 0 99 1 6583 135 904 68 7690
1669389093 16041547659795570760 0.4 0 100 1 6553 135 922 69 7679
1669389093 6921975120487919688 0.4 0 101 1 6551 135 922 68 7676
1669389093 9461887650227241448 0.4 0 102 1 6551 140 908 68 7667
1669389093 16904089423421063560 0.4 0 104 1 6551 140 904 68 7663
1669389093 10524000590633060904 0.4 0 105 1 6551 140 904 67 7662
1669389093 2584096134901756008 0.4 0 111 1 6551 155 886 69 7661
1669389093 16711329705723508840 0.4 0 112 1 6551 150 886 70 7657
1669389093 17810043226423472904 0.4 0 114 1 6401 150 886 69 7506
1669389093 10768377753130547272 0.4 0 115 1 6381 150 868 70 7469
1669389093 11355742282560696968 0.4 0 123 1 6331 160 862 73 7426
1669389093 1727625196710889864 0.4 0 128 1 6251 160 886 74 7371
1669389093 10700513946823903784 0.4 0 130 1 6241 160 890 74 7365
1669389093 990456173121424984 0.4 0 133 1 6241 160 886 75 7362
1669389093 5083500647222909288 0.4 0 134 1 6241 155 886 74 7356
1669389093 9791917827751842152 0.4 0 135 1 6191 165 878 74 7308
1669389093 390629478686890344 0.4 0 136 1 6191 160 870 74 7295
1669389093 11717946504781928664 0.4 0 137 1 6191 155 868 74 7288
1669389093 13367870987674597592 0.4 0 138 1 6111 150 896 74 7231
1669389093 4356419036878756760 0.4 0 140 1 6093 150 904 74 7221
1669389093 4734667161916578888 0.4 0 141 1 6095 155 876 73 7199
1669389093 13675269870481923144 0.4 0 142 1 6035 155 876 73 7139
1669389093 2040748573396516232 0.4 0 145 1 6030 160 872 73 7135
1669389093 3685824342264990856 0.4 0 147 1 5988 155 904 74 7121
1669389093 6799646582036947080 0.4 0 148 1 5978 155 904 74 7111
1669389093 6875955816004174440 0.4 0 150 1 5968 155 906 73 7102
1669389093 11949061171838550632 0.4 0 151 1 5966 155 906 74 7101
1669389093 13134554402602494840 0.4 0 152 1 5966 155 906 73 7100
1669389093 1106134566943842872 0.4 0 153 1 5954 160 904 73 7091
1669389093 447202809472297672 0.4 0 155 1 5954 160 902 73 7089
1669389093 15138699717674564296 0.4 0 156 1 5939 160 908 73 7080
1669389093 3853411921796640184 0.4 0 158 1 5939 160 904 71 7074
1669389093 8078438659285042296 0.4 0 166 1 5941 175 884 70 7070
1669389093 3800991187765396248 0.4 0 167 1 5941 170 886 69 7066
1669389093 3600666519624537800 0.4 0 168 1 5941 170 886 68 7065
1669389093 10936803592981083848 0.4 0 169 1 5926 170 886 68 7050
1669389093 10789358585554560216 0.4 0 170 1 5911 170 894 68 7043
1669389093 7674754318405256408 0.4 0 171 1 5871 170 894 69 7004
1669389093 5459579239230942696 0.4 0 173 1 5859 165 898 70 6992
1669389093 14008208853415944680 0.4 0 174 1 5859 160 902 69 6990
1669389093 5254361698867843144 0.4 0 175 1 5859 155 906 69 6989
1669389093 3487242334095675464 0.4 0 176 1 5739 155 900 69 6863
1669389093 8584860214513664072 0.4 0 177 1 5499 155 900 69 6623
1669389093 13059238333853303432 0.4 0 178 1 5499 155 900 68 6622
1669389093 4931455830905689608 0.4 0 180 1 5499 150 886 67 6602
1669389093 10899730468858170712 0.4 0 181 1 5501 145 866 67 6579
1669389093 9807880498683075416 0.4 0 182 1 5501 145 864 67 6577
1669389093 10394088610836680648 0.4 0 184 1 5491 150 862 67 6570
1669389093 18268545325067474040 0.4 0 185 1 5449 150 870 66 6535
1669389093 6634311661325835288 0.4 0 187 1 5464 150 850 67 6531
1669389093 18288848540384095256 0.4 0 188 1 5464 150 850 66 6530
1669389093 9615745141512649752 0.4 0 189 1 5459 150 850 66 6525
1669389093 13159034696580066408 0.4 0 195 1 5442 145 870 65 6522
1669389093 8275635201000040232 0.4 0 196 1 5437 145 870 65 6517
1669389093 1278774625964528984 0.4 0 204 1 5435 145 866 68 6514
1669389093 10902543500014912696 0.4 0 205 1 5425 145 870 68 6508
1669389093 17999593886190048648 0.4 0 207 1 5420 145 870 67 6502
1669389093 2653805415976361944 0.4 0 209 1 5320 145 870 68 6403
1669389093 8621380823581499352 0.4 0 210 1 5280 140 888 68 6376
1669389093 403986510696052104 0.4 0 212 1 5270 145 888 68 6371
1669389093 6092559185272965032 0.4 0 213 1 5270 145 888 67 6370
1669389093 2414524983169797432 0.4 0 215 1 5270 140 892 67 6369
1669389093 12548444523292546616 0.4 0 216 1 5188 140 892 66 6286
1669389093 15930671797680794968 0.4 0 222 1 5178 145 892 67 6282
1669389093 1196207072820389560 0.4 0 227 1 5168 145 890 70 6273
1669389093 15059754561332766184 0.4 0 232 1 5173 145 882 70 6270
1669389093 17289001735653801256 0.4 0 233 1 5173 140 884 71 6268
1669389093 2210392125836610248 0.4 0 235 1 5173 140 884 69 6266
1669389093 13508564201096813656 0.4 0 239 1 5071 135 894 69 6169
1669389093 12847051823866246968 0.4 0 240 1 4991 140 928 69 6128
1669389093 15343398360402369720 0.4 0 242 1 4986 140 932 69 6127
1669389093 11766228805065596088 0.4 0 245 1 4916 140 932 68 6056
1669389093 1721759781303749368 0.4 0 252 1 4894 150 922 70 6036
1669389093 17201410656818410280 0.4 0 257 1 4894 155 914 70 6033
1669389093 2668487274560944632 0.4 0 258 1 4824 150 900 71 5945
1669389093 4594078514200378664 0.4 0 261 1 4814 150 902 71 5937
1669389093 16660599246276796744 0.4 0 263 1 4784 150 906 71 5911
1669389093 12624963486378797384 0.4 0 264 1 4784 150 894 71 5899
1669389093 14214127564214577480 0.4 0 265 1 4564 150 894 72 5680
1669389093 3736959010373815336 0.4 0 267 1 4564 150 890 72 5676
1669389093 9208022742825477928 0.4 0 268 1 4564 150 888 72 5674
1669389093 16663177229195532072 0.4 0 269 1 4564 150 888 71 5673
1669389093 17704773780857265960 0.4 0 270 1 4444 150 862 71 5527
1669389093 10126894617426070552 0.4 0 271 1 4444 145 866 71 5526
1669389093 8970346546393484808 0.4 0 272 1 4444 140 866 71 5521
1669389093 7097414367372870248 0.4 0 273 1 4444 140 862 71 5517
1669389093 11042947750042613816 0.4 0 274 1 4444 140 862 70 5516
1669389093 8376503063144477752 0.4 0 276 1 4444 135 866 70 5515
1669389093 11723556603467418040 0.4 0 277 1 4434 135 866 70 5505
1669389093 16238997622770076088 0.4 0 279 1 4429 135 866 70 5500
1669389093 12048456493438204344 0.4 0 280 1 4409 135 866 72 5482
1669389093 14851820457201833272 0.4 0 281 1 4409 135 866 71 5481
1669389093 5675243607659058488 0.4 0 282 1 4399 135 866 71 5471
1669389093 2793059539628807880 0.4 0 286 1 4359 135 868 71 5433
1669389093 9523044148506319112 0.4 0 290 1 4359 135 860 71 5425
1669389093 9994542936140693672 0.4 0 294 1 4339 135 842 73 5389
1669389093 2248730183818961800 0.4 0 295 1 4339 135 838 74 5386
1669389093 8664313004077164520 0.4 0 297 1 4339 135 838 73 5385
1669389093 13365114235409070472 0.4 0 301 1 4339 140 832 72 5383
1669389093 1649518510997162488 0.4 0 316 1 4171 145 826 75 5217
1669389093 6410034046818183992 0.4 0 317 1 4171 145 826 74 5216
1669389093 778075683010065384 0.4 0 320 1 4171 150 794 73 5188
1669389093 5168176639790168808 0.4 0 321 1 4156 150 794 74 5174
1669389093 18037369018977227288 0.4 0 322 1 4156 150 794 73 5173
1669389093 8012303973558041320 0.4 0 325 1 4156 150 792 74 5172
1669389093 1413346608967483576 0.4 0 328 1 4156 150 792 73 5171
1669389093 12407854843622073656 0.4 0 329 1 4156 150 792 72 5170
1669389093 1518070807485222616 0.4 0 331 1 4131 150 792 72 5145
1669389093 4639430004454041512 0.4 0 332 1 4131 155 784 73 5143
1669389093 12351033753203129656 0.4 0 340 1 4126 140 800 73 5139
1669389093 1545204348628352312 0.4 0 341 1 4096 140 800 71 5107
1669389093 10018461967458899832 0.4 0 344 1 4096 140 796 72 5104
1669389093 18404916201627917576 0.4 0 349 1 3906 140 792 75 4913
1669389093 12142828860975770184 0.4 0 350 1 3894 140 792 75 4901
1669389093 17750977534112454328 0.4 0 355 1 3804 140 788 73 4805
1669389093 9129701193770223288 0.4 0 356 1 3664 140 788 73 4665
1669389093 1401911972578658504 0.4 0 357 1 3664 140 786 73 4663
1669389093 17119713550457011992 0.4 0 358 1 3664 140 786 72 4662
1669389093 15940559087529227336 0.4 0 359 1 3664 140 780 72 4656
1669389093 13097066359016095640 0.4 0 360 1 3664 140 780 71 4655
1669389093 4406955253872295832 0.4 0 361 1 3664 140 778 72 4654
1669389093 13028846556108974104 0.4 0 362 1 3664 140 776 72 4652
1669389093 9699930581452682424 0.4 0 363 1 3664 140 774 73 4651
1669389093 6538849150685099192 0.4 0 364 1 3649 140 774 72 4635
1669389093 13363971531592668344 0.4 0 365 1 3619 140 774 72 4605
1669389093 6965230968682072664 0.4 0 366 1 3619 140 774 71 4604
1669389093 12431279038450640520 0.4 0 368 1 3619 140 768 71 4598
1669389093 15585341513122649672 0.4 0 371 1 3621 140 766 70 4597
1669389093 16556617809141996728 0.4 0 378 1 3621 145 762 68 4596
1669389093 11443868891142269592 0.4 0 380 1 3621 145 760 68 4594
1669389093 3144117612652141704 0.4 0 383 1 3621 150 756 66 4593
1669389093 7610922139775818888 0.4 0 384 1 3621 150 756 65 4592
1669389093 5658369409633762440 0.4 0 385 1 3551 150 756 65 4522
1669389093 15157980310980002024 0.4 0 386 1 3551 150 754 66 4521
1669389093 11631505110528549080 0.4 0 387 1 3551 150 750 66 4517
1669389093 17972907565593170536 0.4 0 390 1 3556 140 742 69 4507
1669389093 16142324978011353704 0.4 0 391 1 3556 140 742 68 4506
1669389093 16172888458728956120 0.4 0 396 1 3548 140 742 68 4498
1669389093 16593448938821679064 0.4 0 398 1 3508 140 742 69 4459
1669389093 7754348125808872088 0.4 0 399 1 3508 140 740 68 4456
1669389093 13132781514753260408 0.4 0 400 1 3466 135 764 67 4432
1669389093 9310380730987840120 0.4 0 401 1 3466 135 764 66 4431
1669389093 1318216760152732008 0.4 0 402 1 3466 135 762 66 4429
1669389093 16754886711766220216 0.4 0 404 1 3466 135 762 65 4428
1669389093 5841112945204869944 0.4 0 405 1 3456 135 762 65 4418
1669389093 6211106704488567256 0.4 0 406 1 3456 135 762 64 4417
1669389093 5189500646663033912 0.4 0 408 1 3456 135 758 65 4414
1669389093 17827262439064736280 0.4 0 410 1 3386 135 758 66 4345
1669389093 10899252794755592408 0.4 0 411 1 3386 135 758 65 4344
1669389093 5303190687043495608 0.4 0 412 1 3386 135 758 64 4343
1669389093 12855443787941141416 0.4 0 417 1 3376 130 768 65 4339
1669389093 7941886345099217832 0.4 0 418 1 3176 130 768 63 4137
1669389093 18336917165731236776 0.4 0 419 1 3136 130 768 64 4098
1669389093 3414617640975884664 0.4 0 424 1 3136 130 766 65 4097
1669389093 1508028294893030504 0.4 0 431 1 2826 130 766 66 3788
1669389093 13942702642949906728 0.4 0 433 1 2826 130 766 64 3786
1669389093 3784200167645487400 0.4 0 434 1 2821 130 766 65 3782
1669389093 9990171092172097768 0.4 0 435 1 2821 130 766 64 3781
1669389093 8375004581293072296 0.4 0 437 1 2811 130 772 65 3778
1669389093 2820933528720365768 0.4 0 438 1 2829 135 748 65 3777
1669389093 6551850279430038248 0.4 0 452 1 2829 135 746 65 3775
1669389093 6006201891864053528 0.4 0 453 1 2829 135 746 64 3774
1669389093 1446577385918240536 0.4 0 454 1 2569 135 746 64 3514
1669389093 16202957583465835640 0.4 0 467 1 2564 125 760 64 3513
1669389093 7679619772737291528 0.4 0 472 1 2554 125 760 64 3503
1669389093 11871445828328824552 0.4 0 474 1 2554 125 756 65 3500
1669389093 15740683751939296488 0.4 0 475 1 2554 125 756 64 3499
1669389093 17864199642417216296 0.4 0 479 1 2542 125 756 64 3487
1669389093 13331069017106439400 0.4 0 480 1 2542 125 756 63 3486
1669389093 16316641174585775720 0.4 0 482 1 2542 125 756 62 3485
1669389093 4844471260848787128 0.4 0 486 1 2542 130 746 63 3481
1669389093 2859445232426143416 0.4 0 487 1 2542 130 746 62 3480
1669389093 1662070591581754376 0.4 0 488 1 2542 130 744 62 3478
1669389093 12032161253630858200 0.4 0 495 1 2542 130 744 61 3477
1669389093 6683584645597974872 0.4 0 515 1 2507 125 768 64 3464
1669389093 4204955898086386216 0.4 0 516 1 2507 130 756 64 3457
1669389093 8326857740943940120 0.4 0 522 1 2507 130 754 64 3455
1669389093 2101508565414308376 0.4 0 523 1 2507 130 746 64 3447
1669389093 4122014199336129576 0.4 0 529 1 2497 130 754 60 3441
1669389093 5220037436066607320 0.4 0 530 1 2497 125 756 60 3438
1669389093 8105342052333631448 0.4 0 531 1 2497 130 748 61 3436
1669389093 1980832534431425864 0.4 0 532 1 2482 135 732 62 3411
1669389093 12117745011282011464 0.4 0 533 1 2442 135 732 62 3371
1669389093 12955424122401600584 0.4 0 539 1 2442 145 712 61 3360
1669389093 4767846973007225400 0.4 0 549 1 2442 145 702 63 3352
1669389093 10175235641339281528 0.4 0 562 1 2442 145 702 62 3351
1669389093 5271786070248001816 0.4 0 566 1 2372 145 704 64 3285
1669389093 7413664900161980952 0.4 0 567 1 2372 145 704 63 3284
1669389093 15400531596379720216 0.4 0 568 1 2332 145 704 62 3243
1669389093 17183939764728899544 0.4 0 569 1 2327 145 704 61 3237
1669389093 7299639358261303256 0.4 0 570 1 2322 145 704 60 3231
1669389093 8578449071716440104 0.4 0 574 1 2297 145 718 58 3218
1669389093 3340399503100672808 0.4 0 576 1 2297 150 714 56 3217
1669389093 2097314061218143400 0.4 0 579 1 2297 145 716 58 3216
1669389093 17062983494418040024 0.4 0 583 1 2297 145 714 58 3214
1669389093 11906402279618285816 0.4 0 586 1 2297 145 710 59 3211
1669389093 9827777602069911704 0.4 0 604 1 2289 140 716 61 3206
1669389093 8950241368936029384 0.4 0 605 1 2289 140 708 61 3198
1669389093 466113365434936072 0.4 0 616 1 2289 135 712 59 3195
1669389093 4657745688018999304 0.4 0 618 1 2289 135 710 59 3193
1669389093 2659956317145844920 0.4 0 626 1 2289 135 710 58 3192
1669389093 6471732875943824568 0.4 0 627 1 2289 135 710 57 3191
1669389093 13639316472422007848 0.4 0 631 1 2249 135 736 56 3176
1669389093 3099331630253251128 0.5 0 636 1 2249 130 738 58 3175
1669389093 964877533813265400 0.5 0 642 1 2069 135 734 61 2999
1669389093 16127274546609461448 0.5 0 643 1 2069 130 738 60 2997
1669389093 10274858129603430536 0.5 0 645 1 2064 130 742 60 2996
1669389093 7621294836235894152 0.5 0 647 1 2064 130 738 60 2992
1669389093 11740671673302531176 0.5 0 652 1 2034 135 736 57 2962
1669389093 164168012641645272 0.5 0 656 1 2034 130 732 56 2952
1669389093 624125275155653800 0.5 0 659 1 2034 130 730 57 2951
1669389093 9353944025463838904 0.5 0 660 1 2034 130 730 56 2950
1669389093 8996157365671205048 0.5 0 661 1 2024 130 730 56 2940
1669389093 7231761648406690024 0.5 0 667 1 2024 140 698 55 2917
1669389093 16522485549129966888 0.5 0 669 1 2024 140 698 54 2916
1669389093 13890928288835649928 0.5 0 670 1 2024 140 696 55 2915
1669389093 9404160977069746408 0.5 0 671 1 2024 140 694 55 2913
1669389093 13839123192492206312 0.5 0 672 1 2024 140 694 54 2912
1669389093 5229352065796204824 0.5 0 673 1 2024 140 688 54 2906
1669389093 3961423782300232984 0.5 0 674 1 2024 140 682 55 2901
1669389093 2502810153426729016 0.5 0 688 1 1964 140 712 53 2869
1669389093 17562998506857890920 0.5 0 692 1 1964 140 712 52 2868
1669389093 9066543345960520552 0.5 0 693 1 1899 140 712 52 2803
1669389093 1959906821061090216 0.5 0 694 1 1899 140 690 52 2781
1669389093 8087946957008932776 0.5 0 701 1 1829 145 684 54 2712
1669389093 3427034955516745448 0.5 0 705 1 1829 145 678 56 2708
1669389093 11976663644349727272 0.5 0 706 1 1829 150 668 57 2704
1669389093 11355495369864439144 0.5 0 712 1 1729 140 678 60 2607
1669389093 16436726990325775144 0.5 0 713 1 1724 140 678 61 2603
1669389093 13366127018752572200 0.5 0 714 1 1719 140 678 62 2599
1669389093 13721383120094009960 0.5 0 727 1 1669 140 714 59 2582
1669389093 15780970874923985960 0.5 0 728 1 1669 140 714 58 2581
1669389093 18229021226552456232 0.5 0 729 1 1669 140 712 59 2580
1669389093 392244051024005688 0.5 0 731 1 1599 145 740 59 2543
1669389093 13681859979742142136 0.5 0 733 1 1589 145 742 57 2533
1669389093 35244917188959896 0.5 0 734 1 1589 140 746 57 2532
1669389093 18099163967751630408 0.5 0 737 1 1589 140 744 57 2530
1669389093 5635461930796671592 0.5 0 740 1 1589 140 744 56 2529
1669389093 7589526922830724648 0.5 0 743 1 1519 140 744 57 2460
1669389093 8583529182926191144 0.5 0 744 1 1519 150 732 57 2458
1669389093 17187196865028789032 0.5 0 756 1 1519 150 732 56 2457
1669389093 18141551653300572568 0.5 0 759 1 1514 150 732 57 2453
1669389093 17394017702726668696 0.5 0 760 1 1494 150 732 57 2433
1669389093 2705539685094240664 0.5 0 761 1 1404 150 732 56 2342
1669389093 7790875324470495976 0.5 0 765 1 1394 145 724 58 2321
1669389093 13191078393528765160 0.5 0 766 1 1394 145 724 56 2319
1669389093 13865397669499454184 0.5 0 767 1 1394 145 718 57 2314
1669389093 13543403372987024104 0.5 0 768 1 1394 145 718 56 2313
1669389093 4486943791325838632 0.5 0 769 1 1394 145 718 55 2312
1669389093 10103128584682915528 0.5 0 772 1 1384 145 722 56 2307
1669389093 15084065337829992920 0.5 0 779 1 1384 145 722 54 2305
1669389093 10896330268403454264 0.5 0 787 1 1384 145 720 55 2304
1669389093 9756822008809878120 0.5 0 796 1 1319 150 734 54 2257
1669389093 4278828216327482920 0.5 0 799 1 1299 150 734 53 2236
1669389093 16304522820564687048 0.5 0 802 1 1294 150 734 53 2231
1669389093 12411942510209345752 0.5 0 829 1 1294 165 712 53 2224
1669389093 8024345388838347960 0.5 0 830 1 1294 170 700 54 2218
1669389093 14097287150537066440 0.5 0 831 1 1294 170 700 53 2217
1669389093 4384224615788730728 0.5 0 838 1 1279 165 708 54 2206
1669389093 1588400810719948456 0.5 0 854 1 1264 165 704 53 2186
1669389093 13567827992980994040 0.5 0 859 1 1264 165 700 54 2183
1669389093 18132806833570511352 0.5 0 860 1 1264 160 700 54 2178
1669389093 7817648065076696392 0.5 0 861 1 1264 160 698 54 2176
1669389093 12329281012248525896 0.5 0 867 1 1264 165 690 53 2172
1669389093 11946222750620584152 0.5 0 879 1 1252 165 700 54 2171
1669389093 8971826326201719528 0.5 0 880 1 1232 165 704 53 2154
1669389093 14867279591722881496 0.5 0 883 1 1230 165 704 53 2152
1669389093 5755263906400087384 0.5 0 885 1 1230 165 698 55 2148
1669389093 11734939260645509336 0.5 0 886 1 1230 165 698 54 2147
1669389093 16145464684055388952 0.5 0 888 1 1230 165 696 55 2146
1669389093 12231508759555199224 0.5 0 890 1 1230 165 696 54 2145
1669389093 1489486661006739768 0.5 0 920 1 1230 160 702 52 2144
1669389093 5671799524599497544 0.5 0 923 1 1190 160 736 53 2139
1669389093 17604163578228824696 0.5 0 924 1 1190 160 736 52 2138
1669389093 6751455473040721496 0.5 0 925 1 1190 160 734 52 2136
1669389093 18176066371572762344 0.5 0 937 1 1190 155 708 55 2108
1669389093 8297716934933913160 0.5 0 946 1 1190 155 708 54 2107
1669389093 8237661730770455144 0.5 0 950 1 1190 155 708 53 2106
1669389093 12476720284616647768 0.5 0 953 1 1185 155 710 53 2103
1669389093 8340003136598558824 0.5 0 954 1 1185 155 710 52 2102
1669389093 13855416393379165240 0.5 0 980 1 1185 145 718 51 2099
1669389093 9792534002622385416 0.5 0 984 1 1185 145 716 51 2097
1669389093 4117835430228780296 0.5 0 985 1 1185 150 700 49 2084
1669389093 459126595879465832 0.5 0 988 1 1185 150 700 48 2083
1669389093 12197871356375459320 0.5 0 994 1 1170 150 710 49 2079
1669389093 18090521350293718520 0.5 0 995 1 1160 155 710 49 2074
1669389093 14746731396194996856 0.5 0 1006 1 1160 155 708 50 2073
1669389093 13529390321475562536 0.5 0 1024 1 1090 155 710 49 2004
1669389093 13863305195351883624 0.5 0 1046 1 940 170 700 48 1858
1669389093 12035427876746134696 0.5 0 1051 1 940 170 696 48 1854
1669389093 16179079509042535784 0.5 0 1052 1 940 170 696 47 1853
1669389093 12432750802362218312 0.5 0 1056 1 940 170 694 48 1852
1669389093 9702738019328112008 0.5 0 1082 1 932 165 698 48 1843
1669389093 16400046159047134840 0.5 0 1089 1 932 160 692 50 1834
1669389093 14210735875138153704 0.5 0 1091 1 932 160 688 51 1831
1669389093 779442699760603096 0.5 0 1098 1 932 165 678 52 1827
1669389093 6586305149129594584 0.5 0 1101 1 932 170 672 52 1826
1669389093 2989057142883467624 0.5 0 1105 1 932 165 676 51 1824
1669389093 7302072157818208792 0.5 0 1106 1 932 165 674 51 1822
1669389093 11531954121658916248 0.5 0 1111 1 922 165 674 53 1814
1669389093 8368859298096419048 0.5 0 1117 1 922 165 672 50 1809
1669389093 5294562190403870952 0.5 0 1118 1 882 165 672 48 1767
1669389093 11463322361962020648 0.5 0 1119 1 882 165 668 49 1764
1669389093 6459826993618029352 0.5 0 1120 1 882 170 662 49 1763
1669389093 14921909393149708504 0.5 0 1121 1 892 165 656 49 1762
1669389093 2555088656224605944 0.5 0 1122 1 892 165 652 49 1758
1669389093 13381596750605464920 0.5 0 1124 1 857 160 680 49 1746
1669389093 7816958898289086968 0.5 0 1129 1 857 160 676 50 1743
1669389093 3576754051459202536 0.5 0 1130 1 857 160 676 49 1742
1669389093 6365304191468797080 0.5 0 1133 1 857 165 664 50 1736
1669389093 9947002105600397624 0.5 0 1138 1 857 165 660 50 1732
1669389093 3998572333832265976 0.5 0 1144 1 857 170 654 50 1731
1669389093 9871514647076952360 0.5 0 1145 1 857 170 650 50 1727
1669389093 3884914384327942440 0.5 0 1146 1 857 170 648 50 1725
1669389093 13403685802301230440 0.5 0 1196 1 857 170 646 51 1724
1669389093 13657172152978183816 0.5 0 1217 1 857 170 644 52 1723
1669389093 7159532891630074104 0.5 0 1240 1 855 165 652 50 1722
1669389093 545706663255461832 0.5 0 1253 1 855 165 648 52 1720
1669389093 17069671147848520648 0.5 0 1254 1 855 165 648 51 1719
1669389093 15117664507110806216 0.5 0 1256 1 855 165 646 52 1718
1669389093 6445456947475097528 0.5 0 1269 1 825 170 642 53 1690
1669389093 1328947418098853336 0.5 0 1275 1 825 175 634 55 1689
1669389093 491660233529157976 0.5 0 1276 1 825 175 634 54 1688
1669389093 988015984133764904 0.5 0 1278 1 825 170 634 53 1682
1669389093 3904559506596206968 0.5 0 1284 1 825 170 632 52 1679
1669389093 18312385085471182456 0.5 0 1285 1 825 170 628 53 1676
1669389093 4264306017855128776 0.5 0 1286 1 825 175 622 52 1674
1669389093 12223107153537270504 0.5 0 1287 1 825 175 622 51 1673
1669389093 6897040752454455080 0.5 0 1290 1 825 175 618 52 1670
1669389093 12867827325383934104 0.5 0 1294 1 825 170 622 51 1668
1669389093 15328573243046150200 0.5 0 1296 1 825 165 624 50 1664
1669389093 5739399236166762792 0.5 0 1300 1 825 170 618 50 1663
1669389093 12268878425905059432 0.5 0 1304 1 815 170 626 50 1661
1669389093 3570169227728537480 0.5 0 1307 1 815 170 622 50 1657
1669389093 11498919572675591560 0.5 0 1335 1 820 165 612 55 1652
1669389093 6480243297408318664 0.5 0 1336 1 820 160 616 55 1651
1669389093 2204931578468034392 0.5 0 1341 1 820 160 614 55 1649
1669389093 875871301383227672 0.5 0 1342 1 820 160 614 54 1648
1669389093 13694729142219177048 0.5 0 1346 1 820 160 614 53 1647
1669389093 1128348020346648520 0.5 0 1366 1 805 155 630 55 1645
1669389093 14385114597490492296 0.5 0 1367 1 805 150 634 55 1644
1669389093 2209147664876383352 0.5 0 1373 1 805 150 630 56 1641
1669389093 13810379084483962232 0.5 0 1374 1 805 155 624 56 1640
1669389093 14451642882251461496 0.5 0 1375 1 805 155 624 55 1639
1669389093 18377551733055626600 0.5 0 1376 1 805 155 624 54 1638
1669389093 15342089788763602472 0.5 0 1380 1 805 155 624 53 1637
1669389093 9640566028739544072 0.5 0 1383 1 805 160 620 51 1636
1669389093 17186641768125727752 0.5 0 1384 1 785 160 620 49 1614
1669389093 6398203728366373256 0.5 0 1388 1 785 160 620 48 1613
1669389093 8925977911784692104 0.5 0 1389 1 685 160 620 46 1511
1669389093 16857999733657032408 0.5 0 1395 1 685 160 618 47 1510
1669389093 10666283742995667400 0.5 0 1396 1 685 165 594 48 1492
1669389093 16253695677792078296 0.5 0 1401 1 685 165 594 47 1491
1669389093 247508134677315736 0.5 0 1413 1 685 160 594 48 1487
1669389093 1114539309424602744 0.5 0 1414 1 685 160 592 48 1485
1669389093 5613298338603006136 0.5 0 1415 1 685 160 592 47 1484
1669389093 15345627500175116648 0.5 0 1416 1 685 160 590 46 1481
1669389093 473130340129128360 0.5 0 1417 1 685 160 590 45 1480
1669389093 1450948674256240376 0.5 0 1435 1 685 160 588 45 1478
1669389093 13374887650315177112 0.5 0 1461 1 685 165 582 44 1476
1669389093 7182114490271799816 0.5 0 1494 1 515 155 612 46 1328
1669389093 2236669896666795176 0.5 0 1500 1 515 155 612 45 1327
1669389093 1480103827835861928 0.5 0 1501 1 515 155 610 45 1325
1669389093 9752520392620377576 0.5 0 1502 1 515 155 608 45 1323
1669389093 17598372563608690856 0.5 0 1504 1 515 155 608 43 1321
1669389093 8911202180655912408 0.5 0 1506 1 515 160 602 43 1320
1669389093 14562173753738051592 0.5 0 1507 1 515 160 602 42 1319
1669389093 12516694924805812232 0.5 0 1508 1 515 160 602 41 1318
1669389093 14067474104618439704 0.5 0 1546 1 435 165 600 45 1245
1669389093 3374965511324484536 0.5 0 1556 1 435 160 592 46 1233
1669389093 10996634430625506040 0.5 0 1562 1 435 160 592 45 1232
1669389093 4152780206835252920 0.5 0 1564 1 435 160 586 46 1227
1669389093 17242354591050911288 0.5 0 1571 1 365 160 586 47 1158
1669389093 13535514255229297992 0.5 0 1572 1 365 160 582 47 1154
1669389093 15257922906719848504 0.5 0 1574 1 365 160 582 46 1153
1669389093 12375862250704221464 0.5 0 1579 1 365 160 576 48 1149
1669389093 7768031253917369976 0.5 0 1584 1 365 160 566 46 1137
1669389093 14241636286196156808 0.5 0 1646 1 365 165 546 45 1121
1669389093 17759577284936402488 0.5 0 1647 1 365 165 544 46 1120
1669389093 10501670245664853064 0.5 0 1649 1 365 165 544 45 1119
1669389093 15730897263964169672 0.5 0 1656 1 215 160 554 43 972
1669389093 11333097814847271800 0.5 0 1659 1 215 160 554 42 971
1669389093 15700865963264467352 0.5 0 1663 1 215 160 550 41 966
1669389093 8457188387763846728 0.5 0 1666 1 215 150 560 40 965
1669389093 14543333027789740360 0.5 0 1712 1 215 160 550 39 964
1669389093 7794462712832538616 0.5 0 1713 1 215 160 550 38 963
1669389093 12933900458347705912 0.5 0 1714 1 215 160 550 37 962
1669389093 4669512494831946168 0.5 0 1718 1 215 160 546 39 960
1669389093 1256618578718249848 0.5 0 1720 1 215 160 546 38 959
1669389093 12124499469935655544 0.5 0 1733 1 215 160 546 36 957
1669389093 10058587656665487944 0.5 0 1869 1 210 160 548 36 954
1669389093 2348703847793675096 0.5 0 1879 1 210 165 540 37 952
1669389093 10363379974824293992 0.5 0 1884 1 210 165 540 36 951
1669389093 645068538373557880 0.5 0 1917 1 210 155 544 38 947
1669389093 17542695841696116344 0.5 0 1918 1 210 155 544 37 946
1669389093 13350794597094386920 0.5 0 1919 1 210 160 538 37 945
1669389093 1024350686433648840 0.5 0 1924 1 210 155 542 37 944
1669389093 2208306492588642552 0.5 0 1925 1 210 155 542 36 943
1669389093 6254002908980883688 0.5 0 1990 1 210 170 524 38 942
1669389093 13226719348173377768 0.5 0 1991 1 210 170 524 37 941
1669389093 9856159356457460904 0.5 0 1998 1 210 170 522 38 940
1669389093 8509390304908584056 0.5 0 2000 1 210 175 514 37 936
1669389093 3084717411502972824 0.5 0 2002 1 210 175 512 37 934
1669389093 1993895511025893496 0.5 0 2023 1 210 170 510 38 928
1669389093 5958506831399035368 0.5 0 2025 1 210 165 514 38 927
1669389093 16670428543678747112 0.5 0 2026 1 210 165 514 37 926
1669389093 13101148322569490760 0.5 0 2027 1 210 165 512 38 925
1669389093 12758828575156831672 0.5 0 2028 1 210 165 510 38 923
1669389093 2251846556700192040 0.5 0 2036 1 210 175 500 37 922
1669389093 1225519037939106024 0.5 0 2066 1 212 165 504 36 917
1669389093 11324897166211383592 0.5 0 2151 1 212 160 504 40 916
1669389093 15153107602185307304 0.5 0 2152 1 212 160 504 39 915
1669389093 3330997896510058312 0.5 0 2155 1 202 160 514 38 914
1669389093 13721311214610940568 0.5 0 2158 1 202 160 514 37 913
1669389093 3710975193088504856 0.5 0 2162 1 202 160 512 37 911
1669389093 10950810503459416 0.5 0 2170 1 202 165 506 37 910
1669389093 6317957609446688760 0.5 0 2174 1 202 170 500 37 909
1669389093 23239496831037624 0.6 0 2892 1 125 170 512 42 849
1669389093 17902589942434464344 0.6 0 2910 1 125 170 510 43 848
1669389093 3675435342000524936 0.6 0 2953 1 125 180 500 42 847
1669389093 18217187362972918264 0.6 0 2968 1 115 180 504 42 841
1669389093 14427363835194340008 0.6 0 2972 1 115 180 504 41 840
1669389093 12032913510490368888 0.6 0 2982 1 115 170 510 43 838
1669389093 15614076635750956648 0.6 0 2986 1 115 170 510 42 837
1669389093 5162464839375246232 0.6 0 2987 1 115 170 510 41 836
1669389093 4928262404689467896 0.6 0 2990 1 115 170 506 43 834
1669389093 3796591961763064904 0.6 0 3007 1 115 170 504 44 833
1669389093 12612458280236864584 0.6 0 3031 1 115 170 508 39 832
1669389093 5720533710076926856 0.6 0 3032 1 115 170 508 38 831
1669389093 356711326485694600 0.6 0 3042 1 115 175 502 38 830
1669389093 8477621898339997352 0.6 0 3077 1 115 175 496 41 827
1669389093 1074178623474091480 0.6 0 3119 1 115 175 498 38 826
1669389093 13344162344530085560 0.6 0 3121 1 115 170 498 39 822
1669389093 7475177060364625928 0.6 0 3181 1 115 180 488 38 821
1669389093 4974738229574993160 0.6 0 3250 1 100 175 506 38 819
1669389093 14517602139542689032 0.6 0 3251 1 100 175 504 39 818
1669389093 15608772790592353656 0.6 0 3290 1 100 180 496 39 815
1669389093 18018087468396082008 0.6 0 3291 1 100 180 494 40 814
1669389093 16999088529828154680 0.6 0 3299 1 100 180 492 40 812
1669389093 87022013890183800 0.6 0 3301 1 100 180 492 39 811
1669389093 1459174916833660328 0.6 0 3772 1 107 175 488 40 810
1669389093 946925837698269400 0.6 0 3776 1 107 175 484 39 805
1669389093 4228757147685524360 0.6 0 3804 1 102 180 484 38 804
1669389093 323414120483333480 0.6 0 3833 1 102 180 482 38 802
1669389093 4252335032704711816 0.6 0 3843 1 102 175 484 39 800
1669389093 7149249946224246824 0.6 0 3844 1 102 175 480 39 796
1669389093 6159209040148298728 0.6 0 3846 1 102 175 478 39 794
1669389093 7239112271730952 0.6 0 3849 1 102 175 478 38 793
1669389093 505891494741886136 0.6 0 3853 1 102 175 478 37 792
1669389093 11875219610446059176 0.6 0 3859 1 102 180 472 37 791
1669389093 1053908081858991480 0.6 0 3863 1 102 180 470 38 790
1669389093 9597275108941773864 0.6 0 3878 1 102 180 470 37 789
1669389093 7422937988552776728 0.6 0 3884 1 102 180 468 37 787
1669389093 14949397318179291640 0.6 0 3912 1 102 175 474 35 786
1669389093 12541139631668899784 0.6 0 3916 1 102 175 474 34 785
1669389093 1539465235554634984 0.6 0 3985 1 100 175 476 33 784
1669389093 3629947152907925320 0.6 0 4630 1 100 155 498 30 783
1669389093 10736206106117420136 0.6 0 4642 1 100 155 496 31 782
1669389093 15307242546349997560 0.6 0 4655 1 100 155 494 32 781
1669389093 10153397408280245928 0.6 0 5076 1 100 160 482 34 776
1669389093 10387183356335818424 0.6 0 6465 1 100 145 498 32 775
1669389093 3907401748090314376 0.6 0 6467 1 100 145 496 32 773
1669389093 17720249431639411032 0.6 0 6491 1 100 145 496 31 772
1669389093 7692596460377780632 0.6 0 6495 1 100 145 494 32 771
1669389093 1147694443665869416 0.6 0 6506 1 100 145 494 31 770
1669389093 4616863518148845528 0.6 0 6509 1 100 145 492 32 769
1669389093 15454340849101893784 0.6 0 6655 1 100 150 486 32 768
1669389093 13396343059151470744 0.6 0 6656 1 100 150 486 31 767
1669389093 12555550011818287192 0.6 0 6957 1 90 150 496 30 766
1669389093 9239273678914928984 0.6 0 6962 1 90 150 494 31 765
1669389093 2208939628426324824 0.6 0 6965 1 90 150 494 30 764
1669389093 16706489297977815320 0.6 0 7092 1 90 150 494 29 763
1669389093 553733509660724216 0.6 0 8492 1 90 150 488 34 762
1669389093 13859501431881384760 0.6 0 8917 1 85 145 498 33 761
1669389093 11634140125784244424 0.6 0 9046 1 85 150 496 29 760
1669389093 13552699587768429640 0.6 0 9048 1 85 150 496 28 759
1669389093 16386315703979227976 0.6 0 9411 1 85 140 500 33 758
1669389093 17097027861674520600 0.6 0 9529 1 85 145 498 29 757
1669389093 13090290343714466120 0.6 0 9651 1 85 145 498 28 756
1669389093 2727567779505702536 0.6 0 9652 1 85 145 498 27 755
1669389093 6781712972376934824 0.6 0 9653 1 85 145 498 26 754
1669389093 11240167043490743864 0.7 0 10344 1 85 160 476 32 753
1669389093 13859771161407869528 0.7 0 10454 1 85 160 476 31 752
1669389093 6955056913761544344 0.7 0 10458 1 85 160 476 30 751
1669389093 8706332185178599352 0.7 0 10460 1 85 160 474 30 749
1669389093 11954097473235176360 0.7 0 10485 1 85 160 474 29 748
1669389093 9717914381722975048 0.7 0 11266 1 85 160 474 28 747
1669389093 5191448749925211544 0.7 0 11267 1 85 160 474 27 746
1669389093 9141838429223803112 0.7 0 11317 1 85 160 474 26 745
1669389093 8373085369208029592 0.7 0 11342 1 85 160 474 25 744
1669389093 7300860653545415192 0.7 0 11346 1 85 160 474 24 743
1669389093 14390548662008518744 0.7 0 11352 1 85 160 474 23 742
1669389093 380463018774311288 0.7 0 11358 1 85 160 472 23 740
1669389093 10771747728972059000 0.7 0 12725 1 85 160 470 24 739
1669389093 3571564338269238568 0.7 0 12956 1 85 150 484 19 738
1669389093 15080376789173897544 0.7 0 13931 1 85 145 486 21 737
1669389093 11976623685667107384 0.7 0 13942 1 85 150 480 21 736
1669389093 7510886849876253224 0.7 0 14023 1 85 150 480 20 735
1669389093 8492448481850135368 0.7 0 14030 1 85 150 480 19 734
1669389093 1127068807730500424 0.7 0 14031 1 85 150 480 18 733
1669389093 18407346549239892744 0.7 0 14032 1 85 150 480 17 732
1669389093 10135527948919199784 0.7 0 14044 1 85 150 478 18 731
1669389093 14453259433598357784 0.7 0 14236 1 85 150 476 19 730
1669389093 8395601655045256088 0.7 0 14905 1 85 150 476 18 729
1669389093 14651868024260460088 0.7 0 14994 1 85 150 474 19 728
1669389093 18308958193081864168 0.8 0 15025 1 85 150 474 18 727
1669389093 2232134492494623144 0.8 0 15026 1 85 150 474 17 726
1669389093 204610456668358008 0.8 0 15260 1 85 150 474 16 725
1669389093 9204548464433485416 0.8 0 15289 1 85 150 474 15 724
1669389093 4686752707556199816 0.8 0 15297 1 85 150 474 14 723
1669389093 16741634100708325512 0.8 0 16066 1 85 150 474 13 722
1669389093 16243349695174951128 0.8 0 16090 1 85 150 474 12 721
1669389093 2025483734310308424 0.8 0 16118 1 85 150 474 11 720
1669389093 4563802744511849608 0.8 0 16120 1 85 150 474 10 719
1669389093 14284627064064931112 0.8 0 16412 1 85 150 474 9 718
1669389093 17220113591780335160 0.8 0 16414 1 85 150 474 8 717
1669389093 1777216109467119192 0.8 0 16430 1 85 150 474 7 716
1669389093 9745303614570467512 0.8 0 16435 1 85 150 474 6 715
1669389093 1037664709760412024 0.9 0 17622 1 85 150 474 5 714
1669389093 1227300966650513416 1.0 1 20036 1 85 175 418 35 713
1669389093 5096538890260985352 1.0 1 20037 1 85 175 418 34 712
1669389093 4043910031049112232 1.0 1 20161 1 90 175 414 32 711
1669389093 10036477695692437432 1.0 1 20163 1 90 175 414 31 710
1669389093 13644119294736433576 1.0 1 21297 1 80 180 414 34 708
1669389093 1345312911992811368 1.0 1 21299 1 80 180 414 33 707
1669389093 9211528405151338344 1.0 1 21300 1 80 180 412 33 705
1669389093 9070332194457460344 1.0 1 21400 1 80 170 420 33 703
1669389093 6270615130114772600 1.0 1 21402 1 80 170 420 32 702
1669389093 12594038735100220712 1.0 1 21404 1 80 170 416 32 698
1669389093 14762133871897274952 1.0 1 22189 1 87 190 382 37 696
1669389093 9252748586664536648 1.0 1 22190 1 87 190 382 36 695
1669389093 14867880475050177368 1.0 1 22252 1 85 170 404 35 694
1669389093 6787462383878468680 1.0 1 22257 1 85 165 408 34 692
1669389093 7803530184775855288 1.0 1 22260 1 85 165 404 34 688
1669389093 11850026295595511272 1.0 1 23058 1 82 195 370 35 682
1669389093 16187995712452787640 1.0 1 23214 1 100 195 350 35 680
1669389093 12849668014252879912 1.0 1 23216 1 100 195 348 35 678
1669389093 14322827835828576248 1.0 1 23225 1 100 195 346 36 677
1669389093 5240168250185741560 1.0 1 23227 1 100 195 342 36 673
1669389093 1278634921721709288 1.0 1 23231 1 100 195 342 35 672
1669389093 18361137264334500184 1.0 1 23300 1 100 205 336 30 671
1669389093 8210530562448880776 1.0 1 23306 1 100 195 344 31 670
1669389093 9612491710654166472 1.0 1 23307 1 100 195 344 30 669
1669389093 912246488789743432 1.0 1 23314 1 100 195 342 31 668
1669389093 1822494067009797176 1.0 1 23315 1 100 195 342 30 667
1669389093 9504142993607199560 1.1 1 24217 1 85 195 350 35 665
1669389093 10219265484581978552 1.1 1 24246 1 85 190 354 35 664
1669389093 4187702909521988616 1.1 1 24467 1 87 190 352 34 663
1669389093 4515322768439194120 1.1 1 24481 1 87 190 348 35 660
1669389093 13427714267159525176 1.1 1 24483 1 87 190 348 34 659
1669389093 10393237321741275768 1.1 1 24484 1 87 190 348 33 658
1669389093 18017256263993645400 1.1 1 24496 1 89 195 342 31 657
1669389093 14190197398000540312 1.1 1 24558 1 85 190 352 29 656
1669389093 932372012375848888 1.1 1 24559 1 85 190 350 30 655
1669389093 17843173520172751000 1.1 1 24560 1 85 190 350 29 654
1669389093 7093345797129867144 1.1 1 24574 1 85 190 348 29 652
1669389093 7821794474822709000 1.1 1 24581 1 85 190 346 30 651
1669389093 12784304513860667912 1.1 1 24604 1 85 190 342 30 647
1669389093 2411867021906807464 1.1 1 24619 1 85 190 342 29 646
1669389093 6743912778373799416 1.1 1 24621 1 85 190 342 28 645
1669389093 2648492514953934504 1.1 1 25209 1 85 190 338 30 643
1669389093 87844666680688280 1.1 1 25351 1 85 195 330 32 642
1669389093 5540716402662682040 1.1 1 25370 1 85 195 328 31 639
1669389093 3060418914374376696 1.1 1 25372 1 85 195 328 30 638
1669389093 9154672420205543544 1.1 1 25382 1 85 195 328 29 637
1669389093 15822573276168526648 1.1 1 26288 1 85 195 326 30 636
1669389093 17659042236267475480 1.1 1 27024 1 85 195 326 28 634
1669389093 9909309865799249352 1.1 1 27033 1 85 195 326 27 633
1669389093 4863862015415830232 1.1 1 27626 1 85 200 316 30 631
1669389093 15778854213346170680 1.1 1 27776 1 85 195 322 28 630
1669389093 16810657776068441912 1.1 1 27777 1 85 195 322 27 629
1669389093 1898263260166543736 1.1 1 27910 1 85 195 328 20 628
1669389093 14340464081820031112 1.1 1 29079 1 85 190 328 24 627
1669389093 15981922913398367352 1.1 1 29731 1 85 195 322 23 625
1669389093 16122369111138102472 1.1 1 29777 1 85 195 322 22 624
1669389093 6187655459757963976 1.1 1 29778 1 85 195 322 21 623
1669389093 17268948675955422168 1.1 1 30134 1 85 190 324 23 622
1669389093 1417733930934368248 1.1 1 30135 1 85 190 322 24 621
1669389093 8349460087482093112 1.1 1 30163 1 85 190 322 23 620
1669389093 5452952351133232904 1.1 1 30176 1 85 190 322 22 619
1669389093 122888852021459512 1.1 1 30254 1 85 190 320 23 618
1669389093 5318312763769386744 1.1 1 30266 1 85 190 320 22 617
1669389093 2792962772905930488 1.2 1 30278 1 85 185 324 22 616
1669389093 9302903130223885688 1.2 1 30281 1 85 185 324 21 615
1669389093 3564054014081243128 1.2 1 30285 1 85 185 324 19 613
1669389093 14916081389979179512 1.2 1 30474 1 85 185 324 18 612
1669389093 11418783647200942840 1.2 1 30478 1 85 185 324 16 610
1669389093 9934108243905352360 1.2 1 32149 1 85 185 324 15 609
1669389093 17845459181563598936 1.2 1 32178 1 85 185 324 14 608
1669389093 6796354690778706504 1.2 1 32182 1 85 185 324 13 607
1669389093 13241866767025173880 1.3 1 33443 1 85 190 320 11 606
1669389093 10752427215414469256 1.3 1 33558 1 85 195 316 9 605
1669389093 12966408092219128072 1.3 1 33581 1 85 185 324 10 604
1669389093 4759501581906909336 1.3 1 33584 1 85 185 324 9 603
1669389093 16951057539984291368 1.3 1 33700 1 85 185 324 8 602
1669389093 796685493599645336 1.3 1 33710 1 85 185 324 7 601
1669389093 6938628711732218248 1.3 1 33854 1 85 185 324 6 600
1669389093 6036360045101306408 1.3 1 34296 1 85 185 324 5 599
1669389093 3135849765145099720 1.4 1 34620 1 85 185 324 4 598
1669389093 10650029314347422904 1.7 2 51935 1 85 185 322 5 597
1669389093 18372003127907910072 2.1 3 69343 1 85 180 326 5 596
1669389093 15451312283521283160 2.9 5 102870 1 85 180 322 8 595
1669389093 14223221735872152104 2.9 5 103006 1 85 180 322 7 594
1669389093 5524228608142235320 2.9 5 103458 1 85 180 322 6 593
1669389093 11883861332846481352 2.9 5 103543 1 85 180 322 5 592
1669389093 10722933850581622536 3.0 5 104321 1 85 180 322 4 591
1669389093 890577445217256536 6.0 13 252397 1 85 185 308 12 590
1669389093 8225140383511128712 6.0 13 252457 1 85 175 318 11 589
1669389093 14405850440344234328 6.0 13 252503 1 85 175 318 10 588
1669389093 15615149271664880376 6.1 13 252512 1 85 175 318 9 587
1669389093 5627185944939776680 6.1 13 252866 1 85 175 318 8 586
1669389093 16377925786554086760 6.1 13 252898 1 85 175 318 7 585
1669389093 9582110639520638280 6.1 13 253141 1 85 175 318 6 584
1669389093 13536987266782041768 6.5 14 270397 1 85 185 306 7 583
1669389093 15676221195907917160 6.5 14 270577 1 85 185 306 6 582
1669389093 16747807943882024856 6.8 15 285090 1 85 180 302 14 581
1669389093 16475702021576636312 6.8 15 285091 1 85 180 302 13 580
1669389093 5627343315428118904 6.8 15 285410 1 85 180 302 12 579
1669389093 16929079840697505272 6.8 15 285411 1 85 180 302 11 578
1669389093 1898332479896169256 6.8 15 286014 1 85 180 302 10 577
1669389093 3575285675344502808 6.9 15 286719 1 85 180 302 9 576
1669389093 2770909666594599448 6.9 15 286742 1 85 180 302 8 575
1669389093 16907318432040474776 6.9 15 286947 1 85 180 302 7 574
1669389093 9320006960971016184 8.4 19 357125 1 85 170 310 8 573
1669389093 15096827317456986888 8.4 19 357133 1 85 170 310 7 572
1669389093 3204394578275910360 8.4 19 357158 1 85 170 310 6 571
1669389093 5800289117073732632 8.4 19 357159 1 85 170 310 5 570
1669389093 11594825465045346696 22.1 51 1130486 1 85 180 280 23 568
1669389093 376501409667656248 22.1 51 1130488 1 85 180 278 23 566
1669389093 13891310815573964328 22.1 51 1131416 1 85 200 256 24 565
1669389093 4848153653245042824 22.1 51 1131417 1 85 200 256 23 564
1669389093 17842573089256103704 22.1 51 1131459 1 85 190 266 22 563
1669389093 17299914785235919800 22.1 51 1132788 1 85 190 262 25 562
1669389093 14018418457470726952 22.1 51 1132917 1 85 190 266 20 561
1669389093 7466626452893012968 22.1 51 1132923 1 85 190 264 21 560
1669389093 3519426159609629976 22.1 51 1132928 1 85 180 272 22 559
1669389093 13418330601288092552 22.1 51 1133527 1 85 185 268 20 558
1669389093 5465667482585081288 22.1 51 1133915 1 85 180 270 22 557
1669389093 10441222389124794920 22.1 51 1133917 1 85 180 270 21 556
1669389093 9296248651919103336 22.1 51 1134575 1 85 180 270 20 555
1669389093 6427675311934610792 22.1 51 1135121 1 85 180 270 19 554
1669389093 6485409627744358504 22.2 51 1135561 1 85 185 266 17 553
1669389093 5662030827615148040 22.2 51 1135581 1 85 180 270 17 552
1669389093 15642428632218898840 22.2 51 1135885 1 85 180 270 16 551
1669389093 16157541373757193752 22.2 51 1135886 1 85 180 270 15 550
1669389093 17297692328077657256 22.2 51 1136154 1 85 180 270 14 549
1669389093 253950192564789688 22.2 51 1136204 1 85 180 270 13 548
1669389093 13857976661812317848 22.2 51 1136235 1 85 180 270 12 547
1669389093 10476659235920743400 22.2 51 1136240 1 85 180 270 11 546
1669389093 11895717651329588264 22.2 51 1136419 1 85 180 270 10 545
1669389093 13684402324531292168 22.2 51 1136459 1 85 180 270 9 544
1669389093 13879539140573415976 22.2 51 1136461 1 85 180 270 8 543
1669389093 10449679157303826904 22.2 51 1136482 1 85 180 270 7 542
1669389093 12248447500614566120 22.2 51 1137679 1 85 180 270 6 541
1669389093 3961275862189030696 22.3 51 1138029 1 85 180 270 5 540
1669389093 3842030424903447320 22.6 52 1156394 1 85 175 274 5 539
1669389093 3465558355833592488 22.6 52 1156497 1 85 175 274 4 538
1669389093 4668876382082195448 22.6 52 1156565 1 85 175 274 3 537
1669389093 9019268639591950104 26.7 62 1361598 1 85 170 274 7 536
1669389093 16505533703958351240 26.8 62 1362403 1 85 170 274 6 535
1669389093 6693156390841051592 26.8 62 1362744 1 85 170 274 5 534
1669389093 13291520187628074536 26.8 62 1363026 1 85 170 274 4 533
1669389093 5366267570619577176 27.6 64 1401256 1 85 165 278 4 532
1669389093 3602671764212568568 38.1 89 1977105 1 0 180 318 32 530
1669389093 3209104594145874776 38.1 89 1977179 1 0 185 316 28 529
1669389093 1735962396225364600 38.1 89 1977180 1 0 185 314 28 527
1669389093 13204407804702785480 38.1 89 1979970 1 5 185 306 29 525
1669389093 2767237157689944872 38.1 89 1979971 1 5 185 306 28 524
1669389093 14730178579265227816 38.2 89 1984666 1 5 180 306 31 522
1669389093 111812733724782360 38.2 89 1984761 1 7 170 308 36 521
1669389093 13615432524851378584 38.2 89 1984901 1 7 170 308 35 520
1669389093 16959934084191751208 38.2 89 1984902 1 7 170 308 34 519
1669389093 5148005704891172056 38.2 89 1985516 1 5 165 316 30 516
1669389093 14300183479699547256 38.2 89 1985517 1 5 165 314 30 514
1669389093 7050142193988882296 38.2 89 1985628 1 7 165 310 31 513
1669389093 8980153220044463528 38.2 89 1985636 1 5 165 310 32 512
1669389093 7294502511987098408 38.2 89 1985638 1 5 165 310 31 511
1669389093 17905347735895239480 38.2 89 1985641 1 5 165 310 30 510
1669389093 7853667328878466200 38.2 89 1985642 1 5 165 310 29 509
1669389093 663601971334825960 38.2 89 1985645 1 5 165 308 29 507
1669389093 8207944064299103064 38.2 89 1989143 1 5 200 272 28 505
1669389093 3291223402396332888 38.2 89 1989145 1 5 200 272 27 504
1669389093 8320503292908921112 38.2 89 1989148 1 5 200 272 26 503
1669389093 4337041504192832488 38.2 89 1989152 1 5 200 270 27 502
1669389093 4657720584960409624 38.2 89 1989159 1 5 200 270 26 501
1669389093 12833461201333276264 38.2 89 1989445 1 5 190 278 27 500
1669389093 14886448937244919096 38.2 89 1989473 1 5 190 276 27 498
1669389093 3520548082845734968 38.2 89 1989565 1 5 190 276 26 497
1669389093 13892426939787324968 38.2 89 1989867 1 5 195 272 24 496
1669389093 1974507788310341560 38.2 89 1990103 1 5 185 282 23 495
1669389093 3454063130601183064 38.2 89 1990124 1 5 185 280 24 494
1669389093 3948968898111361128 38.2 89 1990129 1 5 185 280 23 493
1669389093 3919231044709103976 38.3 89 1990142 1 5 185 276 26 492
1669389093 14346165898963669304 38.3 89 1990443 1 5 185 276 25 491
1669389093 2603529604729738456 38.3 89 1990682 1 0 185 282 23 490
1669389093 4914441403635855192 38.3 89 1990689 1 0 190 276 23 489
1669389093 12744942060375147048 38.3 89 1990900 1 0 195 268 24 487
1669389093 3841702196749533832 38.3 89 1991140 1 0 195 268 23 486
1669389093 16052074414873902152 38.3 89 1991145 1 0 195 266 24 485
1669389093 10243589385146261064 38.3 89 1991146 1 0 195 266 23 484
1669389093 864707091053668840 38.3 89 1991254 1 0 180 288 15 483
1669389093 6144653276742978472 38.3 89 1991255 1 0 180 286 16 482
1669389093 10520083286522716632 38.3 89 1991256 1 0 180 284 16 480
1669389093 13146166990030064232 38.3 89 1991280 1 0 180 282 17 479
1669389093 8765125129853425208 38.3 89 1991282 1 0 180 280 16 476
1669389093 17317842041586264904 38.3 89 1992095 1 0 190 268 17 475
1669389093 1359740364665690552 38.3 89 1992180 1 0 180 276 18 474
1669389093 9428569820811682104 38.3 89 1992490 1 0 175 280 18 473
1669389093 7203751753697032248 38.3 89 1992498 1 0 175 280 17 472
1669389093 1387919579758113096 38.3 89 1992514 1 0 175 280 16 471
1669389093 15246465758877065160 38.3 89 1992660 1 0 180 274 16 470
1669389093 7631778357627362936 38.3 89 1993166 1 0 180 276 13 469
1669389093 10749283752104650952 38.3 89 1993169 1 0 180 274 14 468
1669389093 7587672935028401208 38.3 89 1993257 1 0 175 280 12 467
1669389093 7401597861415687416 38.3 89 1993260 1 0 175 280 11 466
1669389093 7535686393078555192 38.3 89 1993262 1 0 175 280 10 465
1669389093 4185951748311858984 38.3 89 1993264 1 0 175 280 9 464
1669389093 15010470095691430408 38.3 89 1993659 1 0 180 274 9 463
1669389093 17561383216758185688 38.4 89 1994818 1 0 180 274 8 462
1669389093 4037230466888201992 38.4 89 1994900 1 0 180 274 7 461
1669389093 14270159605350800600 38.4 89 1995276 1 0 180 274 6 460
1669389093 9736684154834966840 38.4 89 1995299 1 0 180 274 5 459
1669389093 14579138134597145352 38.4 89 1995322 1 0 180 274 4 458
1669389093 18439830282533201496 38.5 89 1995601 1 0 180 274 3 457
1669389093 2142715761193940408 39.7 92 2054702 1 0 170 284 2 456
1669389093 6356022885919900760 39.7 92 2054832 1 0 170 284 1 455
1669389093 5533256041401204360 40.2 93 2074649 1 0 185 268 1 454
1669389093 4082429017859642936 40.5 94 2091985 1 0 170 280 3 453
1669389093 15767886691318979080 40.5 94 2092177 1 0 170 280 2 452
1669389093 4422742880573591912 40.5 94 2092556 1 0 170 280 1 451
1669389093 10198104005897772024 41.3 96 2130878 1 0 175 274 1 450
1669389093 7983317444423743544 48.2 112 2487625 1 0 175 272 2 449
1669389093 1867304562679527736 68.1 156 3783402 1 0 185 258 5 448
1669389093 9372438819961949544 68.1 156 3783644 1 0 185 258 4 447
1669389093 8994507246628737672 68.1 156 3783647 1 0 185 258 3 446
1669389093 9147949995090363000 68.1 156 3784116 1 0 185 258 2 445
1669389093 8515584837977956776 68.2 156 3784846 1 0 185 258 1 444
1669389093 3440308053847320680 69.8 160 3864651 1 0 170 268 5 443
1669389093 9492421253939888376 69.8 160 3864865 1 0 170 268 4 442
1669389093 15698962447226643352 69.8 160 3864905 1 0 170 268 3 441
1669389093 13811398422586654040 69.8 160 3864934 1 0 170 268 2 440
1669389093 2631255486500237352 74.4 171 4096581 1 0 175 248 16 439
1669389093 15356263567769212776 74.4 171 4096616 1 0 175 248 15 438
1669389093 11269323381020929144 74.4 171 4096618 1 0 175 248 14 437
1669389093 10413164483839461144 74.4 171 4096625 1 0 175 248 13 436
1669389093 7706276686258100088 74.4 171 4097923 1 0 175 248 12 435
1669389093 10787041084812225176 74.5 171 4099471 1 0 175 248 11 434
1669389093 8584593793428247256 74.5 171 4099485 1 0 175 248 10 433
1669389093 8166818115304095192 74.5 171 4099488 1 0 175 248 9 432
1669389093 997916029315066024 74.5 171 4099495 1 0 175 248 8 431
1669389093 16935542782797186520 74.5 171 4099954 1 0 175 248 7 430
1669389093 9001761101329184872 74.5 171 4099958 1 0 175 248 6 429
1669389093 14834453536622093432 74.5 171 4099964 1 0 175 248 5 428
1669389093 5983751029925035160 74.5 171 4100002 1 0 175 248 4 427
1669389093 12590585366458823704 74.5 171 4100004 1 0 175 248 3 426
1669389093 2332684552216476744 74.5 171 4100114 1 0 175 248 2 425
1669389093 10349960608606865720 74.6 171 4100735 1 0 175 248 1 424
1669389093 7048030604517040424 76.2 175 4177067 1 5 175 238 5 423
1669389093 12483710193320421048 76.3 175 4177436 1 5 175 238 4 422
1669389093 9257269499687859400 76.6 176 4195905 1 5 175 236 5 421
1669389093 563050827590357864 76.7 176 4196619 1 5 175 236 4 420
1669389093 15200918999064733656 76.8 176 4197588 1 5 175 236 3 419
1669389093 15099533103032917368 77.9 179 4254710 1 0 170 242 6 418
1669389093 4029002791545562280 77.9 179 4255061 1 0 165 246 6 417
1669389093 9442985963436233752 77.9 179 4255128 1 0 165 246 5 416
1669389093 15930991737914919336 77.9 179 4255222 1 0 165 246 4 415
1669389093 13468885046660790392 77.9 179 4255464 1 0 165 246 3 414
1669389093 13963357766569665928 79.1 182 4310639 1 0 175 232 6 413
1669389093 2026761612306574216 79.1 182 4311019 1 0 170 234 8 412
1669389093 10679384911735947880 79.1 182 4311050 1 0 170 234 7 411
1669389093 8711419657688579496 79.1 182 4311051 1 0 170 234 6 410
1669389093 9297438977521019864 79.1 182 4311128 1 0 165 238 6 409
1669389093 3822643757943422872 79.1 182 4311142 1 0 165 238 5 408
1669389093 12533617867788505576 79.1 182 4311217 1 0 165 238 4 407
1669389093 6002063564815750696 79.1 182 4311369 1 0 165 238 3 406
1669389093 2840807379702223160 79.1 182 4311410 1 0 165 238 2 405
1669389093 5706707755697139160 79.2 182 4311978 1 0 165 238 1 404
1669389093 6916990424579818104 79.2 182 4312032 1 0 165 238 0 403
1669389093 10826221996441424712 85.2 196 4609057 1 0 175 226 1 402
1669389093 5077105028058748264 88.6 204 4768075 1 0 170 230 1 401
1669389093 18327794025012960040 90.2 208 4842684 1 0 170 228 2 400
1669389093 538372085376022888 91.4 211 4896868 1 0 170 226 3 399
1669389093 9810786131829093096 91.5 211 4897383 1 0 170 226 2 398
1669389093 2998794982864275832 120.0 274 6657031 1 0 175 220 2 397
1669389093 2655974306067076536 120.1 274 6657812 1 0 175 220 1 396
1669389093 17952813061032623096 146.6 334 8351630 1 0 180 210 5 395
1669389093 2794047209087760936 146.6 334 8351641 1 0 180 210 4 394
1669389093 7945715279484535976 146.6 334 8351690 1 0 180 210 3 393
1669389093 6387481655254969592 146.6 334 8351993 1 0 175 214 3 392
1669389093 13235252666890617752 146.6 334 8352100 1 0 175 214 2 391
1669389093 15028211264524913000 165.6 377 9520922 1 0 180 188 22 390
1669389093 4273799566315111016 165.6 377 9521037 1 0 180 190 19 389
1669389093 11166810999017496040 165.6 377 9521039 1 0 180 188 19 387
1669389093 49393505692686968 165.6 377 9522002 1 0 180 184 22 386
1669389093 16521116395453148568 165.6 377 9522003 1 0 180 184 21 385
1669389093 1959599810127914264 165.6 377 9522697 1 0 180 182 21 383
1669389093 2366480856119425832 165.6 377 9522924 1 0 180 184 18 382
1669389093 12995837960917452936 165.6 377 9522927 1 0 180 184 17 381
1669389093 2205725632443827576 165.6 377 9523595 1 0 175 186 19 380
1669389093 15592841885107639496 165.6 377 9524207 1 0 180 184 15 379
1669389093 6704676696765144472 165.7 377 9525049 1 0 175 188 15 378
1669389093 15388556750791246952 165.7 377 9525059 1 0 175 188 14 377
1669389093 11956528778434880792 165.7 377 9525380 1 0 175 186 15 376
1669389093 7484200615362197224 165.7 377 9525402 1 0 185 178 12 375
1669389093 4719343168288350424 165.7 377 9525494 1 0 175 186 13 374
1669389093 8819742629621101656 165.7 377 9525498 1 0 175 186 12 373
1669389093 13027964861767512120 165.7 377 9525939 1 0 180 182 10 372
1669389093 7176570596771452472 165.7 377 9525952 1 0 180 182 9 371
1669389093 11474979041524861688 165.7 377 9525963 1 0 180 182 8 370
1669389093 7374131706552453816 165.7 377 9526085 1 0 175 186 8 369
1669389093 6789897154459843352 165.7 377 9526105 1 0 175 186 7 368
1669389093 15888081792956137896 165.7 377 9526284 1 0 175 186 6 367
1669389093 17142465734976421432 165.7 377 9526434 1 0 170 192 4 366
1669389093 11363294648877132152 165.7 377 9526593 1 0 175 186 4 365
1669389093 7711882324354525656 165.8 377 9526786 1 0 175 186 3 364
1669389093 17475208080573957512 166.1 378 9545971 1 0 175 184 4 363
1669389093 4261164358535003160 166.3 378 9547814 1 0 175 184 3 362
1669389093 2667460693846511048 171.3 390 9808861 1 0 170 188 3 361
1669389093 4503100082650191288 171.3 390 9808935 1 0 170 188 2 360
1669389093 88533195028927864 196.1 444 11435545 1 0 175 182 2 359
1669389093 4587761103868870728 221.3 500 13106239 1 0 170 186 2 358
1669389093 12141010984343126264 221.4 500 13107113 1 0 170 186 1 357
1669389093 17628976307283071928 562.4 1176 33890762 1 0 170 184 2 356
1669389093 14959773130989845128 612.8 1278 37006711 1 0 170 180 5 355
1669389093 5857065036979027928 612.8 1278 37006821 1 0 175 176 3 354
1669389093 13402459599351927704 612.9 1278 37007388 1 0 170 180 3 353
1669389093 7520742522803037976 612.9 1278 37007905 1 0 170 180 2 352
1669389093 2632811942716609016 2407.8 4973 151188629 1 0 165 174 12 351
1669389093 13421605985961356008 2407.8 4973 151188835 1 0 170 170 10 350
1669389093 3879313260414046584 2407.8 4973 151188859 1 0 170 170 9 349
1669389093 763677171305947064 2407.8 4973 151188881 1 0 170 170 8 348
1669389093 8476137977370602472 2407.9 4973 151189157 1 0 165 174 8 347
1669389093 15094849562061444072 2407.9 4973 151189161 1 0 165 174 7 346
1669389093 3739351706550346104 2407.9 4973 151189268 1 0 165 174 6 345
1669389093 14507552904940912264 2407.9 4973 151189706 1 0 165 174 5 344
1669389093 9279886486307293832 2407.9 4973 151189961 1 0 165 174 4 343
1669389093 835519526460022472 2408.0 4973 151190562 1 0 170 170 2 342
1669389093 7490150793820431912 2408.7 4975 151225919 1 0 175 162 4 341
1669389093 13701067533854722072 2408.8 4975 151226245 1 0 170 166 4 340
1669389093 2285724358441794680 2408.8 4975 151226772 1 0 170 166 3 339
1669389093 16075795002688894744 2413.5 4986 151448176 1 0 170 164 4 338
1669389093 6190491873036052456 2424.4 5010 151987180 1 0 170 166 1 337
1669389093 18144754209616665272 2461.2 5091 154212863 1 0 155 178 3 336
1669389093 6626785977012654344 2462.0 5093 154248093 1 0 165 166 4 335
1669389093 16473815582663694392 2463.3 5096 154303005 1 0 160 170 4 334
1669389093 2740078839365297080 2463.4 5096 154303382 1 0 160 170 3 333
1669389093 5643433453717842200 2509.8 5197 157230772 1 0 160 168 4 332
1669389093 384561919232205160 2509.8 5197 157231294 1 0 160 168 3 331
1669389093 13959971185144553768 2534.0 5250 158749188 1 0 160 166 4 330
1669389093 14902990304412182840 2534.1 5250 158749494 1 0 160 166 3 329
1669389093 13160754546697119224 2704.9 5609 169068034 1 0 160 164 4 328
