2045415204 17883006455016486331 0.0 0 0 1 9036 215 488 139 9878
2045415204 3551040841058346267 0.0 0 1 1 9036 215 484 139 9874
2045415204 15193048185742124315 0.0 0 2 1 9036 215 484 138 9873
2045415204 13610405899855525291 0.0 0 4 1 8998 215 484 138 9835
2045415204 13334858627230760651 0.0 0 6 1 8962 225 480 139 9806
2045415204 5549402528730502539 0.0 0 7 1 8962 220 478 140 9800
2045415204 11844039410448493643 0.0 0 8 1 8924 220 478 140 9762
2045415204 10431537152721376715 0.0 0 9 1 8886 220 478 140 9724
2045415204 330581719808800203 0.0 0 10 1 8775 210 484 142 9611
2045415204 6111272261898786251 0.0 0 11 1 8601 210 484 143 9438
2045415204 5441356386144947099 0.0 0 12 1 8601 205 486 143 9435
2045415204 10494929199998747387 0.0 0 15 1 8504 205 488 144 9341
2045415204 8919115415911948843 0.0 0 16 1 8504 205 486 144 9339
2045415204 6209812871687140459 0.0 0 17 1 8482 210 482 144 9318
2045415204 15179553538612611963 0.0 0 20 1 8458 210 482 146 9296
2045415204 16265422665967067115 0.0 0 21 1 8422 205 482 147 9256
2045415204 18353556110493261803 0.0 0 22 1 8353 205 484 148 9190
2045415204 14766819443539038187 0.0 0 23 1 8353 205 484 147 9189
2045415204 14105815931777352715 0.0 0 30 1 8242 210 480 147 9079
2045415204 7004230204527338027 0.0 0 33 1 8242 205 480 147 9074
2045415204 3363340493848256651 0.0 0 35 1 8240 205 478 147 9070
2045415204 14068513761612896075 0.0 0 36 1 8202 205 478 147 9032
2045415204 4494921511724795723 0.0 0 37 1 8007 205 478 148 8838
2045415204 11440018900280297291 0.0 0 38 1 7963 205 486 148 8802
2045415204 10997315759692779707 0.0 0 39 1 7963 200 484 149 8796
2045415204 6196433977527001275 0.0 0 42 1 7963 200 482 149 8794
2045415204 14428216815151095995 0.0 0 44 1 7837 200 482 150 8669
2045415204 494532201360389403 0.0 0 46 1 7837 200 480 150 8667
2045415204 10170418228554585371 0.0 0 47 1 7837 200 480 149 8666
2045415204 10874389098637649179 0.0 0 48 1 7837 200 480 147 8664
2045415204 1677299033138799515 0.0 0 50 1 7805 205 480 148 8638
2045415204 1947632022197594667 0.0 0 51 1 7805 200 476 149 8630
2045415204 6039961940857907755 0.0 0 52 1 7764 200 476 150 8590
2045415204 14101458880593504811 0.0 0 54 1 7764 200 476 149 8589
2045415204 17607513583096818219 0.0 0 55 1 7753 200 476 151 8580
2045415204 2334115015470766891 0.0 0 57 1 7713 205 478 151 8547
2045415204 11939706207489035051 0.0 0 59 1 7713 205 474 152 8544
2045415204 1099100980993044763 0.0 0 60 1 7713 205 474 151 8543
2045415204 17359818178302756811 0.0 0 61 1 7669 200 474 152 8495
2045415204 2553044771933784011 0.0 0 62 1 7633 200 474 152 8459
2045415204 13162220894982189339 0.0 0 63 1 7633 200 468 152 8453
2045415204 3279398579466047771 0.0 0 64 1 7633 200 468 151 8452
2045415204 8018085798930764059 0.0 0 65 1 7606 200 468 150 8424
2045415204 12094235529828167963 0.0 0 69 1 7512 200 468 151 8331
2045415204 13169019063765102875 0.0 0 70 1 7371 205 448 151 8175
2045415204 14337609632861462523 0.0 0 71 1 7371 205 446 151 8173
2045415204 4457077464638160891 0.0 0 72 1 7357 205 446 151 8159
2045415204 286685131334775787 0.0 0 73 1 7315 205 446 152 8118
2045415204 16056871968429375195 0.0 0 78 1 7277 200 448 155 8080
2045415204 7421017373485116059 0.0 0 80 1 7184 205 452 155 7996
2045415204 2862885397595580059 0.0 0 81 1 7184 200 456 155 7995
2045415204 10067761512352310043 0.0 0 82 1 7110 200 456 155 7921
2045415204 14825463437602640891 0.0 0 85 1 7092 195 458 156 7901
2045415204 226496929535980539 0.0 0 86 1 7014 195 458 155 7822
2045415204 12154953587788522267 0.0 0 89 1 7014 190 454 156 7814
2045415204 5858640613205289531 0.0 0 93 1 7014 185 450 157 7806
2045415204 5021351762891450203 0.0 0 95 1 6907 185 452 157 7701
2045415204 16011193774430136155 0.0 0 96 1 6907 175 452 157 7691
2045415204 2891422890538985307 0.0 0 97 1 6907 175 448 158 7688
2045415204 6955229457651599195 0.0 0 98 1 6906 175 446 158 7685
2045415204 5955088933438113659 0.0 0 100 1 6906 175 446 157 7684
2045415204 3613043552252118907 0.0 0 101 1 6798 175 446 158 7577
2045415204 18437795917092776123 0.0 0 104 1 6750 175 446 159 7530
2045415204 12561133860800830267 0.0 0 105 1 6728 175 442 160 7505
2045415204 18213627328156299787 0.0 0 106 1 6728 170 444 161 7503
2045415204 2214837451262643451 0.0 0 108 1 6728 170 444 160 7502
2045415204 4389383260821961083 0.0 0 111 1 6728 170 440 161 7499
2045415204 12464887077964024747 0.0 0 112 1 6728 165 442 162 7497
2045415204 17617199899452934155 0.0 0 113 1 6728 165 440 162 7495
2045415204 14152457981958223883 0.0 0 114 1 6633 175 438 162 7408
2045415204 12171077918297282379 0.0 0 115 1 6595 180 434 162 7371
2045415204 13613285910159342699 0.0 0 117 1 6556 180 434 163 7333
2045415204 4859119844141939819 0.0 0 118 1 6518 180 434 163 7295
2045415204 15132874675772308811 0.0 0 120 1 6518 180 434 162 7294
2045415204 15521696434370575691 0.0 0 121 1 6514 185 432 162 7293
2045415204 15945761132527246091 0.0 0 123 1 6445 185 432 162 7224
2045415204 13318148370173125899 0.0 0 126 1 6275 185 432 162 7054
2045415204 8527139208310176859 0.0 0 127 1 6256 185 432 162 7035
2045415204 3020867557851265867 0.0 0 130 1 6256 185 432 161 7034
2045415204 11787094315471944523 0.0 0 131 1 6256 185 430 162 7033
2045415204 13806907318524969355 0.0 0 133 1 6242 185 434 163 7024
2045415204 16825259865327896651 0.0 0 134 1 6204 185 434 163 6986
2045415204 4140101369266734667 0.0 0 137 1 6183 185 434 164 6966
2045415204 7695125839437147323 0.0 0 138 1 6183 185 434 163 6965
2045415204 3174315700021880859 0.0 0 140 1 6167 185 428 164 6944
2045415204 12884724175629060987 0.0 0 141 1 6167 185 428 163 6943
2045415204 1901526351601961851 0.0 0 142 1 5993 185 428 163 6769
2045415204 7316015368276131467 0.0 0 143 1 5961 185 422 163 6731
2045415204 657452425077550059 0.0 0 144 1 5929 185 420 162 6696
2045415204 1259505326241947755 0.0 0 145 1 5919 190 416 162 6687
2045415204 5682418752573673323 0.0 0 146 1 5919 195 400 162 6676
2045415204 5045000166617621531 0.0 0 147 1 5919 195 398 163 6675
2045415204 16878499797073040411 0.0 0 148 1 5919 190 398 163 6670
2045415204 17894044321651770875 0.0 0 149 1 5919 190 396 163 6668
2045415204 18299231484919532987 0.0 0 150 1 5885 190 400 164 6639
2045415204 3675155460198941803 0.0 0 151 1 5881 190 400 164 6635
2045415204 10748508216114442603 0.0 0 153 1 5870 185 404 163 6622
2045415204 8416315873564492139 0.1 0 154 1 5870 185 404 162 6621
2045415204 690837589191564139 0.1 0 156 1 5870 180 404 164 6618
2045415204 14858661299330562923 0.1 0 157 1 5822 180 404 164 6570
2045415204 255965878868686219 0.1 0 158 1 5770 180 414 163 6527
2045415204 13976313234138281355 0.1 0 159 1 5770 180 410 163 6523
2045415204 14038936646054490971 0.1 0 167 1 5744 190 406 162 6502
2045415204 6182659181096166235 0.1 0 169 1 5570 190 406 163 6329
2045415204 10001972598060864107 0.1 0 170 1 5570 190 406 162 6328
2045415204 10057819887207891563 0.1 0 172 1 5570 190 406 161 6327
2045415204 2407153446518001067 0.1 0 173 1 5564 195 404 161 6324
2045415204 13070615865269629531 0.1 0 174 1 5463 190 410 160 6223
2045415204 2080037482433779467 0.1 0 175 1 5463 185 410 161 6219
2045415204 9731270826214217483 0.1 0 176 1 5358 185 410 161 6114
2045415204 10814087613566232331 0.1 0 177 1 5329 185 410 161 6085
2045415204 15540039180156907579 0.1 0 182 1 5107 185 406 162 5860
2045415204 16495825539645461371 0.1 0 184 1 5094 190 404 163 5851
2045415204 12222127224772216139 0.1 0 186 1 5094 190 404 162 5850
2045415204 14852151584059012123 0.1 0 189 1 5072 185 406 162 5825
2045415204 7336272993277256731 0.1 0 190 1 4920 185 406 162 5673
2045415204 1598396290008196283 0.1 0 196 1 4920 180 404 164 5668
2045415204 11591164869835605883 0.1 0 197 1 4872 180 404 164 5620
2045415204 7456352693853228747 0.1 0 201 1 4872 175 406 165 5618
2045415204 1776485979310866123 0.1 0 203 1 4802 175 406 164 5547
2045415204 2021307497858690923 0.1 0 206 1 4719 175 406 165 5465
2045415204 6083596573035994987 0.1 0 208 1 4711 175 406 164 5456
2045415204 7788449404286803051 0.1 0 209 1 4711 175 404 164 5454
2045415204 13055363483262713915 0.1 0 211 1 4677 180 412 162 5431
2045415204 9542541137366220859 0.1 0 212 1 4677 180 412 161 5430
2045415204 484264614540059931 0.1 0 214 1 4677 175 414 161 5427
2045415204 14155777055677199435 0.1 0 218 1 4668 175 414 160 5417
2045415204 1494393109068379211 0.1 0 219 1 4644 175 414 160 5393
2045415204 8249318994628781339 0.1 0 223 1 4527 175 414 162 5278
2045415204 81749276363594923 0.1 0 227 1 4449 175 414 162 5200
2045415204 4013497823230485707 0.1 0 229 1 4449 170 416 162 5197
2045415204 18065967991592437275 0.1 0 230 1 4449 170 416 161 5196
2045415204 9038025098310943291 0.1 0 234 1 4401 170 418 162 5151
2045415204 10106867957697666459 0.1 0 235 1 4384 165 430 163 5142
2045415204 10291528853047698987 0.1 0 236 1 4359 165 430 163 5117
2045415204 375500177723975147 0.1 0 238 1 4359 165 428 163 5115
2045415204 14775099888254977179 0.1 0 240 1 4321 160 434 164 5079
2045415204 2404806705354803291 0.1 0 241 1 4321 160 430 163 5074
2045415204 13028442788761878891 0.1 0 242 1 4291 160 450 162 5063
2045415204 3130788532303970667 0.1 0 243 1 4281 160 450 162 5053
2045415204 17385126069777863019 0.1 0 244 1 4206 160 450 161 4977
2045415204 10008978715352142187 0.1 0 248 1 4167 160 430 162 4919
2045415204 16086208697882219307 0.1 0 249 1 4167 165 424 161 4917
2045415204 3975654096280997019 0.1 0 250 1 4167 165 422 161 4915
2045415204 8281674632454405275 0.1 0 252 1 4135 165 422 161 4883
2045415204 17511295498094991867 0.1 0 254 1 4129 165 424 162 4880
2045415204 8113660008567465739 0.1 0 258 1 4113 160 440 161 4874
2045415204 16384413445806804699 0.1 0 261 1 4072 150 450 163 4835
2045415204 15190049858590175979 0.1 0 265 1 4072 150 448 163 4833
2045415204 11390888674614714683 0.1 0 266 1 4072 150 446 164 4832
2045415204 6264562387390853435 0.1 0 267 1 4072 150 442 164 4828
2045415204 565326285407336603 0.1 0 268 1 4072 150 440 163 4825
2045415204 15707874488078198795 0.1 0 271 1 4071 145 438 165 4819
2045415204 17950968705250416491 0.1 0 272 1 4071 140 436 165 4812
2045415204 11697840239245240411 0.1 0 273 1 4071 140 432 165 4808
2045415204 12708063898039537787 0.1 0 275 1 4053 140 432 165 4790
2045415204 15212081565912219003 0.1 0 277 1 4053 140 430 165 4788
2045415204 1869339516012962923 0.1 0 278 1 4051 140 430 165 4786
2045415204 17314556573017867371 0.1 0 279 1 4017 140 432 164 4753
2045415204 17283835433832797291 0.1 0 280 1 4015 140 432 164 4751
2045415204 12110473002478438011 0.1 0 281 1 4015 140 432 163 4750
2045415204 12188413117958039547 0.1 0 282 1 3998 140 432 163 4733
2045415204 7642428836134590459 0.1 0 283 1 3998 140 432 162 4732
2045415204 14257363518473362651 0.1 0 285 1 3998 135 434 162 4729
2045415204 8483430165903794395 0.1 0 286 1 3996 135 434 162 4727
2045415204 10145101779119939803 0.1 0 287 1 3996 135 434 161 4726
2045415204 8549267909183068747 0.1 0 288 1 3996 130 436 161 4723
2045415204 1763933932162593515 0.1 0 290 1 3932 125 440 163 4660
2045415204 4724225848091558635 0.1 0 291 1 3928 125 440 163 4656
2045415204 8286985243566399899 0.1 0 292 1 3928 130 432 163 4653
2045415204 3111049492303480235 0.1 0 302 1 3928 130 418 164 4640
2045415204 8216634805801575195 0.1 0 304 1 3928 130 414 163 4635
2045415204 16205659770603791131 0.1 0 305 1 3928 130 414 162 4634
2045415204 7444864647356129755 0.1 0 306 1 3890 130 414 163 4597
2045415204 11382390666688429867 0.1 0 309 1 3890 125 414 162 4591
2045415204 15264222591184055787 0.1 0 319 1 3892 130 406 162 4590
2045415204 3127657300235987979 0.1 0 324 1 3892 140 392 162 4586
2045415204 17203510729992641323 0.1 0 338 1 3858 140 398 163 4559
2045415204 15526769631189727563 0.1 0 339 1 3845 140 398 163 4546
2045415204 538319067201704923 0.1 0 340 1 3845 135 402 163 4545
2045415204 1007349444548678459 0.1 0 341 1 3845 135 400 163 4543
2045415204 1370514946973774651 0.1 0 342 1 3845 135 398 164 4542
2045415204 18106664124744693035 0.1 0 344 1 3845 135 396 164 4540
2045415204 6413446874143011291 0.1 0 347 1 3845 135 396 163 4539
2045415204 3983219306447729115 0.1 0 348 1 3639 135 396 163 4333
2045415204 241860699103240955 0.1 0 350 1 3639 130 400 163 4332
2045415204 13696034466551996635 0.1 0 353 1 3641 130 398 162 4331
2045415204 5989504757455065739 0.1 0 356 1 3596 135 402 163 4296
2045415204 11728047451737644043 0.1 0 359 1 3430 135 400 163 4128
2045415204 5854334498897722507 0.1 0 367 1 3406 130 404 164 4104
2045415204 3191327617684000763 0.1 0 368 1 3406 130 402 165 4103
2045415204 270959217111507707 0.1 0 370 1 3406 125 404 166 4101
2045415204 5076581485958890235 0.1 0 372 1 3406 125 390 166 4087
2045415204 9072639560585827659 0.1 0 375 1 3406 125 388 165 4084
2045415204 251648072806511947 0.1 0 376 1 3406 125 388 164 4083
2045415204 155506828843190267 0.1 0 378 1 3406 125 388 163 4082
2045415204 17035002406924322475 0.1 0 379 1 3406 130 382 163 4081
2045415204 10231596025874596603 0.1 0 381 1 3358 130 382 163 4033
2045415204 10995544955267924731 0.1 0 382 1 3358 130 378 163 4029
2045415204 14734386467625896299 0.1 0 383 1 3358 130 376 163 4027
2045415204 13317060424606878059 0.1 0 384 1 3343 130 376 164 4013
2045415204 17938109216275777899 0.1 0 385 1 3343 130 376 163 4012
2045415204 3186177223756064971 0.1 0 388 1 3343 130 376 162 4011
2045415204 4435692861544675787 0.1 0 389 1 3343 125 380 162 4010
2045415204 11243337280608312139 0.1 0 391 1 3343 125 380 161 4009
2045415204 10261295704934738763 0.1 0 393 1 3343 125 380 159 4007
2045415204 13370465724144628075 0.1 0 396 1 3334 130 380 158 4002
2045415204 2420928102372298667 0.1 0 397 1 3334 130 380 157 4001
2045415204 15314947798783561883 0.1 0 399 1 3334 125 380 157 3996
2045415204 6831662000707935051 0.1 0 402 1 3208 125 370 156 3859
2045415204 2736556253221363899 0.1 0 403 1 3208 125 368 156 3857
2045415204 4920063174882689211 0.1 0 404 1 3170 125 368 155 3818
2045415204 17285228806067613787 0.1 0 411 1 3168 135 356 157 3816
2045415204 9967352174797299803 0.1 0 413 1 3168 135 356 156 3815
2045415204 7260975001008144475 0.1 0 414 1 3168 135 356 154 3813
2045415204 5637569711391768667 0.1 0 416 1 3168 135 354 154 3811
2045415204 1128005290415613963 0.1 0 418 1 3168 130 358 153 3809
2045415204 415535513288766187 0.1 0 419 1 3168 130 358 152 3808
2045415204 13391890675129085675 0.1 0 420 1 3158 125 368 152 3803
2045415204 14769642578414481131 0.1 0 421 1 3118 125 368 151 3762
2045415204 2364650827926346523 0.1 0 422 1 3115 125 368 152 3760
2045415204 1899156494581910299 0.1 0 424 1 2989 125 368 152 3634
2045415204 11220791948694114235 0.1 0 425 1 2979 120 368 152 3619
2045415204 1191753053553250859 0.1 0 426 1 2979 120 366 152 3617
2045415204 1942826268699022763 0.1 0 428 1 2979 120 364 153 3616
2045415204 18024425836546160043 0.1 0 429 1 2979 125 356 154 3614
2045415204 8552115703529887147 0.1 0 430 1 2973 125 356 153 3607
2045415204 12161671173385064843 0.1 0 433 1 2933 125 356 153 3567
2045415204 1073281627511632267 0.1 0 434 1 2930 125 356 154 3565
2045415204 14477728753517130123 0.1 0 436 1 2930 125 352 154 3561
2045415204 7244730246617994363 0.1 0 441 1 2930 125 350 153 3558
2045415204 9663647105082012795 0.1 0 442 1 2844 125 350 151 3470
2045415204 13364055518129701947 0.1 0 448 1 2844 115 354 149 3462
2045415204 12234055879380463963 0.1 0 449 1 2844 115 354 148 3461
2045415204 16727023583354052619 0.1 0 450 1 2787 120 354 148 3409
2045415204 17620454466280458395 0.1 0 455 1 2787 115 352 148 3402
2045415204 10048749704657307803 0.1 0 456 1 2787 115 352 147 3401
2045415204 8768204339354667163 0.1 0 457 1 2736 115 352 147 3350
2045415204 13405542642692046427 0.1 0 459 1 2736 115 348 148 3347
2045415204 2740038228126214059 0.1 0 460 1 2736 115 346 147 3344
2045415204 4895418791826242859 0.1 0 462 1 2736 110 350 147 3343
2045415204 1852994035203444891 0.1 0 463 1 2736 110 348 148 3342
2045415204 2714509620981125275 0.1 0 464 1 2736 105 350 150 3341
2045415204 2460561354898387099 0.1 0 465 1 2736 110 338 150 3334
2045415204 13873638975127448411 0.1 0 467 1 2722 110 338 151 3321
2045415204 4383425732729113435 0.1 0 468 1 2714 110 338 151 3313
2045415204 3298224559071018955 0.1 0 472 1 2680 110 338 152 3280
2045415204 5829120719815966667 0.1 0 473 1 2586 110 338 151 3185
2045415204 2084935520128554267 0.1 0 474 1 2586 110 336 150 3182
2045415204 14078062557506594347 0.1 0 476 1 2586 110 336 149 3181
2045415204 9772713425759997323 0.1 0 483 1 2584 110 338 148 3180
2045415204 3612373546421030283 0.1 0 484 1 2573 110 338 148 3169
2045415204 951617962142261803 0.1 0 486 1 2552 110 342 147 3151
2045415204 7583886554083980731 0.1 0 488 1 2514 110 342 148 3114
2045415204 5363254025735710139 0.1 0 489 1 2511 110 342 147 3110
2045415204 2369827685663860155 0.1 0 490 1 2511 110 340 148 3109
2045415204 3050999335358998939 0.1 0 495 1 2503 110 344 148 3105
2045415204 17687847539786733979 0.1 0 497 1 2503 110 344 147 3104
2045415204 2462418099902971691 0.1 0 498 1 2503 110 344 146 3103
2045415204 383037740522009019 0.1 0 503 1 2504 105 342 147 3098
2045415204 946289959883997371 0.1 0 505 1 2435 105 344 146 3030
2045415204 703346365218988219 0.1 0 506 1 2355 105 344 146 2950
2045415204 12192468136122831035 0.1 0 507 1 2349 105 344 147 2945
2045415204 12041300473592129259 0.1 0 511 1 2349 105 344 146 2944
2045415204 3972700211800750715 0.1 0 512 1 2349 105 342 147 2943
2045415204 7233578301352232955 0.1 0 523 1 2349 105 338 149 2941
2045415204 6665887566900460555 0.1 0 529 1 2295 105 340 150 2890
2045415204 529826659116452875 0.1 0 532 1 2295 105 338 150 2888
2045415204 7596725978992733195 0.1 0 533 1 2231 105 338 150 2824
2045415204 28823654467742731 0.1 0 535 1 2231 105 336 150 2822
2045415204 1549870913935176107 0.1 0 536 1 2206 100 344 150 2800
2045415204 11626643330895097147 0.1 0 560 1 2170 95 348 151 2764
2045415204 6825204544671831675 0.1 0 561 1 2170 95 344 152 2761
2045415204 4807753147128211019 0.1 0 568 1 2141 95 348 153 2737
2045415204 8934980267306550795 0.1 0 571 1 2135 95 350 153 2733
2045415204 15182217650048349291 0.1 0 576 1 2137 95 346 154 2732
2045415204 18349243098613777515 0.1 0 578 1 2112 95 346 155 2708
2045415204 11216883280237263755 0.1 0 588 1 2104 95 348 157 2704
2045415204 15856059848153292939 0.1 0 589 1 2096 100 344 157 2697
2045415204 4405391145042145003 0.1 0 595 1 2092 100 346 157 2695
2045415204 7260237443395538667 0.1 0 596 1 2092 100 346 155 2693
2045415204 4016473076539418747 0.1 0 598 1 2092 100 346 154 2692
2045415204 4242271103733653947 0.1 0 601 1 2092 100 346 152 2690
2045415204 5227286771240691979 0.1 0 602 1 2092 100 344 152 2688
2045415204 3857315920453591131 0.1 0 604 1 2053 100 344 153 2650
2045415204 7944196353857163803 0.1 0 607 1 2032 110 344 153 2639
2045415204 14021235784739933803 0.1 0 613 1 2032 110 344 152 2638
2045415204 1087905056253660971 0.1 0 617 1 1954 110 344 154 2562
2045415204 15334726445032156971 0.1 0 618 1 1954 110 340 155 2559
2045415204 5605873231107187963 0.1 0 621 1 1936 120 340 155 2551
2045415204 17065246470938008555 0.1 0 633 1 1936 125 332 157 2550
2045415204 99474801752353771 0.1 0 634 1 1933 125 332 157 2547
2045415204 2127664997723737067 0.1 0 637 1 1897 125 332 157 2511
2045415204 16341267939504966635 0.1 0 638 1 1897 125 332 156 2510
2045415204 10185250916045681211 0.1 0 645 1 1891 125 332 157 2505
2045415204 14036120063428937291 0.1 0 646 1 1875 125 332 157 2489
2045415204 11427796808419060267 0.1 0 650 1 1875 125 332 156 2488
2045415204 2018022856909307035 0.1 0 651 1 1875 120 334 155 2484
2045415204 16461855801419136155 0.1 0 653 1 1867 120 334 156 2477
2045415204 14128932693835635867 0.1 0 656 1 1813 120 366 156 2455
2045415204 15000171906780469547 0.1 0 657 1 1813 120 366 155 2454
2045415204 15552911314488976267 0.1 0 659 1 1813 120 366 154 2453
2045415204 12883476262610950235 0.1 0 662 1 1789 125 368 153 2435
2045415204 4771560244805459403 0.1 0 666 1 1789 125 368 152 2434
2045415204 11945803150935657931 0.1 0 667 1 1789 125 368 151 2433
2045415204 5236539666981811387 0.1 0 671 1 1789 120 368 153 2430
2045415204 12416642316800021659 0.1 0 674 1 1789 120 366 153 2428
2045415204 10743712584312764315 0.1 0 675 1 1783 120 366 153 2422
2045415204 14383457524865391275 0.1 0 682 1 1783 115 370 153 2421
2045415204 7174782460941624411 0.1 0 683 1 1783 110 370 153 2416
2045415204 18126133706665996427 0.1 0 685 1 1780 110 370 154 2414
2045415204 9897309221927684987 0.2 0 689 1 1782 110 368 152 2412
2045415204 3474603587672965867 0.2 0 690 1 1782 105 372 152 2411
2045415204 17595034918879789803 0.2 0 692 1 1782 105 370 153 2410
2045415204 4964137773511341435 0.2 0 695 1 1734 105 370 153 2362
2045415204 2145966704885679483 0.2 0 696 1 1734 105 370 152 2361
2045415204 16720156154241177787 0.2 0 697 1 1710 105 370 152 2337
2045415204 2754735472927374459 0.2 0 715 1 1708 130 346 152 2336
2045415204 2731852914962802491 0.2 0 716 1 1633 135 344 152 2264
2045415204 8920695628953205563 0.2 0 717 1 1633 135 342 153 2263
2045415204 4024223118365277435 0.2 0 719 1 1633 135 340 153 2261
2045415204 3279002625705172219 0.2 0 723 1 1625 135 344 153 2257
2045415204 15230399647182822683 0.2 0 724 1 1625 135 342 153 2255
2045415204 12504339105409492603 0.2 0 727 1 1625 135 340 154 2254
2045415204 14597350430668002651 0.2 0 743 1 1625 135 334 154 2248
2045415204 18310027164640294603 0.2 0 749 1 1625 135 334 153 2247
2045415204 6543749767418356251 0.2 0 750 1 1625 130 330 153 2238
2045415204 17868490865512669723 0.2 0 752 1 1621 130 330 153 2234
2045415204 15986018300940960283 0.2 0 753 1 1621 130 330 152 2233
2045415204 14039689466373460507 0.2 0 754 1 1620 130 330 151 2231
2045415204 4432131432068406059 0.2 0 758 1 1566 130 330 151 2177
2045415204 8597767211470433067 0.2 0 759 1 1566 130 330 150 2176
2045415204 17457376552802896683 0.2 0 760 1 1566 130 326 150 2172
2045415204 1946281536280199915 0.2 0 761 1 1566 130 326 149 2171
2045415204 1151472533115064155 0.2 0 762 1 1566 125 324 150 2165
2045415204 995177740025089883 0.2 0 763 1 1393 125 324 150 1992
2045415204 17299178214695642203 0.2 0 765 1 1344 125 320 150 1939
2045415204 9336938935219319899 0.2 0 766 1 1344 125 320 148 1937
2045415204 14643556464675546987 0.2 0 768 1 1342 125 320 149 1936
2045415204 12622265093838857179 0.2 0 772 1 1342 125 316 150 1933
2045415204 18170096411057149099 0.2 0 796 1 1342 115 322 150 1929
2045415204 17001862662355076267 0.2 0 798 1 1342 110 324 151 1927
2045415204 16487008686611289275 0.2 0 799 1 1342 115 318 150 1925
2045415204 13006418170604356091 0.2 0 801 1 1342 115 318 149 1924
2045415204 15682033041760825067 0.2 0 802 1 1342 115 316 150 1923
2045415204 6065072692493222779 0.2 0 804 1 1342 115 314 150 1921
2045415204 10836033459335431035 0.2 0 806 1 1233 115 314 151 1813
2045415204 6955716759566136875 0.2 0 807 1 1183 115 310 150 1758
2045415204 3874812105483463723 0.2 0 819 1 1189 115 308 145 1757
2045415204 13836665160590490667 0.2 0 821 1 1189 115 296 146 1746
2045415204 8918718564956401179 0.2 0 822 1 1189 115 294 146 1744
2045415204 16376484959146888091 0.2 0 824 1 1189 115 294 145 1743
2045415204 3816148243829159099 0.2 0 825 1 1181 115 294 145 1735
2045415204 10691066232458364843 0.2 0 828 1 1175 115 294 145 1729
2045415204 11570088457771309707 0.2 0 830 1 1175 115 292 145 1727
2045415204 5234608107377232523 0.2 0 831 1 1175 115 292 144 1726
2045415204 13603781882809436811 0.2 0 832 1 1175 105 292 144 1716
2045415204 13007639468996348555 0.2 0 833 1 1165 105 292 144 1706
2045415204 14175143699705902475 0.2 0 835 1 1165 105 292 143 1705
2045415204 14213812464211752875 0.2 0 836 1 1165 105 290 144 1704
2045415204 11491646649690882763 0.2 0 837 1 1165 105 290 143 1703
2045415204 3351698783557895899 0.2 0 838 1 1165 105 288 142 1700
2045415204 10568364038854576699 0.2 0 840 1 1165 100 286 143 1694
2045415204 13910663996777572923 0.2 0 842 1 1165 95 288 142 1690
2045415204 14584105059637991115 0.2 0 843 1 1165 95 282 142 1684
2045415204 10139756843691841227 0.2 0 844 1 1115 95 282 142 1634
2045415204 10786664889909405259 0.2 0 847 1 1115 95 282 141 1633
2045415204 16104087072657068123 0.2 0 873 1 1095 85 290 148 1618
2045415204 5473442470758731867 0.2 0 874 1 1087 90 292 147 1616
2045415204 4969534028121755659 0.2 0 878 1 1073 95 290 147 1605
2045415204 17724826775231437931 0.2 0 886 1 1073 95 284 149 1601
2045415204 14130245502561148123 0.2 0 890 1 1073 95 284 148 1600
2045415204 9895413250642553787 0.2 0 891 1 1073 90 288 148 1599
2045415204 8584714758121173147 0.2 0 897 1 1025 90 284 147 1546
2045415204 7648087842032555483 0.2 0 899 1 1025 90 282 148 1545
2045415204 14610773593435076059 0.2 0 900 1 1025 90 282 147 1544
2045415204 16493787455862516699 0.2 0 906 1 995 90 290 149 1524
2045415204 8779372328716606795 0.2 0 915 1 995 90 290 147 1522
2045415204 2034193920160656715 0.2 0 916 1 985 90 290 147 1512
2045415204 3784183099207638347 0.2 0 918 1 985 90 290 146 1511
2045415204 11415224395741601099 0.2 0 919 1 985 95 282 146 1508
2045415204 10152908232397794363 0.2 0 920 1 985 95 282 145 1507
2045415204 10054094608498848539 0.2 0 926 1 923 105 290 149 1467
2045415204 3508550380949758779 0.2 0 928 1 923 105 288 148 1464
2045415204 4697022209352115003 0.2 0 929 1 923 105 288 147 1463
2045415204 1738595005807412027 0.2 0 930 1 887 105 288 146 1426
2045415204 228274741716156907 0.2 0 931 1 887 105 286 146 1424
2045415204 16025553593678567163 0.2 0 933 1 887 105 284 146 1422
2045415204 2149565197988777755 0.2 0 937 1 877 115 282 145 1419
2045415204 12746419612573529547 0.2 0 938 1 877 110 284 146 1417
2045415204 4992808718567017899 0.2 0 940 1 877 105 288 146 1416
2045415204 9137495662717018363 0.2 0 941 1 877 105 288 145 1415
2045415204 4608143797047278635 0.2 0 943 1 877 100 290 144 1411
2045415204 9392340850998262827 0.2 0 944 1 877 100 286 144 1407
2045415204 13737343158157023243 0.2 0 950 1 877 100 286 143 1406
2045415204 8741830915935761179 0.2 0 975 1 868 100 288 148 1404
2045415204 6536033839491666715 0.2 0 977 1 852 100 288 148 1388
2045415204 4838517148734239163 0.2 0 980 1 852 100 288 147 1387
2045415204 5387329845634145499 0.2 0 983 1 852 95 292 146 1385
2045415204 11965111822552234347 0.2 0 998 1 852 105 282 145 1384
2045415204 1370530966732640059 0.2 0 1023 1 845 105 280 144 1374
2045415204 12943876291869691707 0.2 0 1024 1 845 105 280 143 1373
2045415204 15057725422834607803 0.2 0 1026 1 845 105 278 144 1372
2045415204 14791853833693475979 0.2 0 1030 1 845 105 276 144 1370
2045415204 15084955326489290779 0.2 0 1032 1 845 105 276 143 1369
2045415204 9560839444729569019 0.2 0 1033 1 845 110 270 143 1368
2045415204 15200861781961273083 0.2 0 1034 1 845 105 264 143 1357
2045415204 3155480881121642651 0.2 0 1036 1 845 105 264 142 1356
2045415204 4931074538699435723 0.2 0 1038 1 845 105 262 142 1354
2045415204 2413226559083019947 0.2 0 1039 1 828 105 260 142 1335
2045415204 11403628320800733787 0.2 0 1040 1 828 100 264 142 1334
2045415204 1230709831088529595 0.2 0 1045 1 826 100 264 143 1333
2045415204 16917977721426493467 0.2 0 1050 1 826 95 268 141 1330
2045415204 11694742171135833851 0.2 0 1051 1 826 95 268 140 1329
2045415204 1983464096790072523 0.2 0 1052 1 826 95 266 140 1327
2045415204 12234816334772026699 0.2 0 1070 1 828 100 254 143 1325
2045415204 5434461957931774187 0.2 0 1072 1 828 100 254 142 1324
2045415204 5428553736593465579 0.2 0 1074 1 828 100 254 141 1323
2045415204 17229476072693199083 0.2 0 1075 1 828 95 256 142 1321
2045415204 15413573888312550571 0.2 0 1076 1 828 90 260 142 1320
2045415204 8628307440799919739 0.2 0 1077 1 828 90 260 141 1319
2045415204 4678380716079726987 0.2 0 1108 1 752 90 258 150 1250
2045415204 4363716315233233355 0.2 0 1111 1 752 90 256 150 1248
2045415204 17053215336276737691 0.2 0 1115 1 720 85 262 151 1218
2045415204 6678604670685626011 0.2 0 1116 1 720 85 262 150 1217
2045415204 10262071588635765723 0.2 0 1135 1 716 85 266 149 1216
2045415204 9866606982716100939 0.2 0 1138 1 716 85 266 148 1215
2045415204 15399201844010067963 0.2 0 1193 1 677 95 272 143 1187
2045415204 12441026565927106395 0.2 0 1205 1 679 95 270 142 1186
2045415204 4952892782780854571 0.2 0 1206 1 679 95 270 141 1185
2045415204 5432421431625212475 0.2 0 1207 1 679 95 268 140 1182
2045415204 814348391256464411 0.2 0 1209 1 679 95 266 140 1180
2045415204 10398403268731092747 0.2 0 1213 1 553 95 266 140 1054
2045415204 12848225637750955787 0.2 0 1216 1 551 95 264 141 1051
2045415204 1773772516655700875 0.2 0 1223 1 551 90 270 139 1050
2045415204 2479547625133982139 0.2 0 1227 1 494 90 270 139 993
2045415204 3756929901613347259 0.2 0 1228 1 494 90 270 138 992
2045415204 14380016502603486827 0.2 0 1255 1 408 100 292 140 940
2045415204 6307995155201002235 0.2 0 1256 1 408 100 290 139 937
2045415204 10732766736979220059 0.2 0 1259 1 408 95 288 140 931
2045415204 6958993618568722491 0.2 0 1267 1 408 95 288 139 930
2045415204 10823452743264817595 0.2 0 1280 1 412 90 288 139 929
2045415204 4918217516521403003 0.2 0 1284 1 412 90 286 140 928
2045415204 2210847136482258507 0.2 0 1285 1 412 90 284 141 927
2045415204 674626371775524427 0.2 0 1287 1 412 90 284 140 926
2045415204 14504027157889174491 0.2 0 1292 1 412 95 278 140 925
2045415204 15552109898075743275 0.2 0 1297 1 412 95 278 139 924
2045415204 15203750637959587195 0.2 0 1301 1 412 90 280 141 923
2045415204 12641524780079368491 0.2 0 1302 1 412 90 276 141 919
2045415204 1869955680638472587 0.2 0 1388 1 410 100 266 142 918
2045415204 11589179156832629723 0.2 0 1434 1 389 95 286 142 912
2045415204 13725957111281428619 0.2 0 1441 1 389 90 292 140 911
2045415204 474795327489578875 0.2 0 1448 1 389 90 292 139 910
2045415204 5147690977832566075 0.2 0 1453 1 389 90 292 138 909
2045415204 2612019673701186875 0.2 0 1454 1 389 90 292 137 908
2045415204 7473667512178842763 0.2 0 1460 1 335 90 296 139 860
2045415204 18430779201122081339 0.2 0 1464 1 335 90 296 137 858
2045415204 1991295977227887451 0.2 0 1549 1 340 80 290 145 855
2045415204 17113883278896166843 0.2 0 1557 1 340 80 290 144 854
2045415204 17531664344605522763 0.2 0 1563 1 340 80 288 145 853
2045415204 6864827451345580507 0.2 0 1572 1 340 85 284 143 852
2045415204 11454518058955755995 0.2 0 1574 1 340 85 284 142 851
2045415204 11528992921608499851 0.2 0 1586 1 340 90 280 140 850
2045415204 13469332996371776139 0.2 0 1588 1 340 85 280 141 846
2045415204 13549881996890096587 0.2 0 1589 1 340 85 280 140 845
2045415204 4200271418358261995 0.2 0 1592 1 340 85 278 140 843
2045415204 10081877579137359627 0.2 0 1624 1 348 75 274 143 840
2045415204 14638631427849677963 0.2 0 1627 1 348 75 276 140 839
2045415204 17676429410016109611 0.2 0 1636 1 328 75 288 142 833
2045415204 11990288459239324971 0.2 0 1644 1 271 75 292 142 780
2045415204 5504836098070490107 0.2 0 1645 1 271 70 294 142 777
2045415204 12459690098150625339 0.2 0 1650 1 253 75 290 141 759
2045415204 11611257473264166651 0.2 0 1687 1 243 75 292 145 755
2045415204 10120073307889784507 0.2 0 1785 1 189 85 286 155 715
2045415204 4850019647646572811 0.2 0 1795 1 187 85 288 154 714
2045415204 17338108462929891771 0.2 0 1827 1 187 85 288 153 713
2045415204 528710278940674587 0.2 0 1831 1 187 85 286 154 712
2045415204 2681118538427704059 0.2 0 1837 1 166 85 286 154 691
2045415204 15355265164633781643 0.2 0 1839 1 166 85 286 153 690
2045415204 1483317282349372123 0.2 0 1849 1 166 85 286 152 689
2045415204 10769098461050131371 0.2 0 1852 1 166 85 284 152 687
2045415204 4657112312562221995 0.2 0 1854 1 166 85 284 151 686
2045415204 6529144062737774251 0.2 0 1856 1 166 85 284 150 685
2045415204 15458496380405685739 0.2 0 1860 1 166 85 282 150 683
2045415204 12147753478668052539 0.2 0 1864 1 168 85 280 148 681
2045415204 6720444389040479899 0.2 0 1868 1 168 85 278 148 679
2045415204 8265699535795206747 0.2 0 1870 1 168 85 278 147 678
2045415204 1149776667327731003 0.2 0 1872 1 168 85 278 146 677
2045415204 13307381889664756139 0.2 0 1875 1 168 85 278 145 676
2045415204 3932127158542167195 0.2 0 1909 1 132 90 274 142 638
2045415204 15822926071163514011 0.2 0 1910 1 123 90 274 143 630
2045415204 6160468385996389163 0.2 0 1927 1 122 90 278 139 629
2045415204 6060495027903839019 0.2 0 1929 1 122 90 278 138 628
2045415204 291012056855724603 0.2 0 1934 1 122 90 276 139 627
2045415204 16056855548151734843 0.2 0 1935 1 122 85 280 139 626
2045415204 44394833507879131 0.2 0 1948 1 120 80 282 141 623
2045415204 4804816238660846155 0.2 0 1953 1 120 80 282 140 622
2045415204 5620169904362934635 0.2 0 1985 1 120 80 280 141 621
2045415204 17716807474002281371 0.2 0 1988 1 120 80 280 140 620
2045415204 14443960409925004235 0.2 0 1996 1 120 75 282 142 619
2045415204 8391436254062150443 0.2 0 2004 1 120 75 282 141 618
2045415204 16856879411240239915 0.2 0 2006 1 120 75 280 142 617
2045415204 9105746930295749515 0.2 0 2011 1 120 75 278 143 616
2045415204 8308880769930363371 0.2 0 2017 1 118 80 274 141 613
2045415204 16332584349089904731 0.2 0 2020 1 118 85 266 142 611
2045415204 16162810326492473995 0.2 0 2021 1 118 85 266 141 610
2045415204 3177302335931132555 0.2 0 2022 1 118 85 266 140 609
2045415204 2134435620370637627 0.2 0 2035 1 118 85 266 139 608
2045415204 2190392299091496683 0.2 0 2043 1 118 85 266 138 607
2045415204 12218484791053462779 0.2 0 2044 1 118 85 264 138 605
2045415204 9153629191091109115 0.2 0 2045 1 118 85 264 137 604
2045415204 1497404953380713003 0.2 0 2062 1 79 85 270 133 567
2045415204 3438657332161548571 0.2 0 2112 1 79 80 264 140 563
2045415204 5833736952124882923 0.2 0 2115 1 79 80 264 139 562
2045415204 15017602600613822443 0.3 0 2116 1 79 80 264 138 561
2045415204 17433363795195265803 0.3 0 2245 1 81 75 262 141 559
2045415204 16527478627025966027 0.3 0 2339 1 82 80 260 134 556
2045415204 8761635606628139979 0.3 0 2341 1 82 80 260 133 555
2045415204 11032102260903216075 0.3 0 2342 1 82 80 260 131 553
2045415204 6500379426589650971 0.3 0 2399 1 78 75 262 135 550
2045415204 11738490367658604795 0.3 0 2405 1 78 80 258 133 549
2045415204 3781936635074647755 0.3 0 2415 1 78 85 252 133 548
2045415204 5134912552499995915 0.3 0 2417 1 78 85 252 132 547
2045415204 16137632160146416155 0.3 0 2421 1 80 85 250 131 546
2045415204 10137489484814299835 0.3 0 2424 1 80 80 250 132 542
2045415204 16345170542624920939 0.3 0 2426 1 80 80 248 132 540
2045415204 9409984274496027931 0.3 0 2431 1 80 80 248 131 539
2045415204 13458596514737945883 0.3 0 2432 1 80 80 248 130 538
2045415204 4738097671207009355 0.3 0 2435 1 80 80 246 131 537
2045415204 3827375801810135995 0.3 0 2436 1 80 80 244 131 535
2045415204 643529292939921835 0.3 0 2549 1 58 80 254 142 534
2045415204 10295072749353870811 0.3 0 2612 1 58 75 262 138 533
2045415204 446361198492941291 0.3 0 2657 1 58 80 252 142 532
2045415204 3317557993255974539 0.3 0 2663 1 58 80 250 143 531
2045415204 5873610045363773611 0.3 0 2664 1 58 80 246 144 528
2045415204 7825887113823966763 0.3 0 2667 1 58 75 246 144 523
2045415204 1186120103517537835 0.3 0 2668 1 58 75 242 144 519
2045415204 11506682487787816491 0.3 0 2670 1 58 75 242 142 517
2045415204 5676940866791553003 0.3 0 2671 1 58 75 240 143 516
2045415204 16867806337226646331 0.3 0 2681 1 58 70 242 145 515
2045415204 8956436021496693563 0.3 0 2682 1 58 70 242 144 514
2045415204 5597668372083781787 0.3 0 2701 1 58 70 240 145 513
2045415204 8209390032268152907 0.3 0 2711 1 58 70 232 147 507
2045415204 8434487690614984779 0.3 0 2712 1 58 70 232 146 506
2045415204 2821447215634935883 0.3 0 2713 1 58 70 232 145 505
2045415204 10957663009282615739 0.3 0 2725 1 58 70 232 143 503
2045415204 9661697964069078619 0.3 0 2728 1 58 70 230 144 502
2045415204 13391472804496328283 0.3 0 2729 1 58 70 230 143 501
2045415204 4852698005548375291 0.3 0 2759 1 60 75 220 144 499
2045415204 17854721312898694555 0.3 0 2858 1 58 85 216 138 497
2045415204 3718219123627299259 0.3 0 2863 1 58 85 216 137 496
2045415204 12335610787482006411 0.3 0 2868 1 58 85 216 136 495
2045415204 4043454934652822411 0.3 0 2869 1 58 85 216 135 494
2045415204 13765468054344046443 0.3 0 2876 1 58 85 212 137 492
2045415204 2712853820608919819 0.3 0 2891 1 58 85 212 136 491
2045415204 5368590609427808523 0.3 0 2893 1 58 85 210 137 490
2045415204 11919336285438261451 0.3 0 2896 1 58 85 210 136 489
2045415204 2213957469011586507 0.3 0 2897 1 58 85 210 135 488
2045415204 9874125303382367579 0.3 0 2921 1 24 90 208 132 454
2045415204 14296196617406055787 0.3 0 2947 1 24 90 208 129 451
2045415204 3392315614655842907 0.3 0 2950 1 24 85 210 130 449
2045415204 10554708814034716827 0.3 0 2963 1 24 85 208 131 448
2045415204 9130369051260250539 0.3 0 2966 1 24 90 202 131 447
2045415204 8739422496999004555 0.3 0 2980 1 23 90 202 131 446
2045415204 3702907628101986699 0.3 0 2982 1 23 90 202 130 445
2045415204 6285385639166591147 0.3 0 2987 1 23 85 204 132 444
2045415204 16148482243606124683 0.3 0 3058 1 23 80 200 140 443
2045415204 17383634800379004859 0.3 0 3091 1 21 80 206 133 440
2045415204 6651719755462637483 0.3 0 3094 1 21 80 204 132 437
2045415204 17791602178333663643 0.3 0 3177 1 24 75 204 133 436
2045415204 18154547143018021227 0.3 0 3178 1 24 75 202 133 434
2045415204 11161452758693793131 0.3 0 3396 1 24 75 206 128 433
2045415204 2622556999545587899 0.3 0 3403 1 24 75 204 129 432
2045415204 17938916232621328955 0.3 0 3415 1 24 75 202 130 431
2045415204 7390483875304238747 0.3 0 3416 1 24 75 200 130 429
2045415204 5124412694855477771 0.3 0 3696 1 23 80 194 131 428
2045415204 13258939503770130955 0.3 0 3698 1 23 80 194 130 427
2045415204 16057659780426020491 0.3 0 3699 1 23 80 194 129 426
2045415204 7838762316029069771 0.3 0 3703 1 23 80 192 130 425
2045415204 7342458866892514171 0.3 0 3714 1 23 80 190 131 424
2045415204 374006642246168971 0.3 0 3715 1 23 75 192 131 421
2045415204 2035783722368741771 0.3 0 3716 1 23 75 192 130 420
2045415204 15822800948467622283 0.3 0 3718 1 22 75 192 130 419
2045415204 16476128875422454907 0.3 0 3720 1 22 75 192 129 418
2045415204 17967385077842876571 0.3 0 3723 1 22 75 190 128 415
2045415204 4869457821633998027 0.3 0 3725 1 22 75 190 127 414
2045415204 5885546187733371787 0.3 0 3726 1 22 75 188 126 411
2045415204 199246510609918075 0.3 0 3761 1 22 70 184 131 407
2045415204 3406611761017792011 0.3 0 3767 1 22 70 184 130 406
2045415204 18136315756984817003 0.3 0 3770 1 22 70 184 129 405
2045415204 13717314994723088619 0.3 0 3772 1 22 70 184 128 404
2045415204 13505991883897587947 0.3 0 3773 1 22 70 184 127 403
2045415204 13255511688428377867 0.3 0 3774 1 22 70 182 127 401
2045415204 3568850229109453483 0.3 0 3937 1 1 70 178 142 391
2045415204 1081323198503871083 0.3 0 3970 1 1 75 172 142 390
2045415204 16296625119432761083 0.3 0 4248 1 1 60 192 135 388
2045415204 2235738641892886651 0.3 0 4259 1 1 60 194 132 387
2045415204 18144514246739904635 0.3 0 4260 1 1 60 192 132 385
2045415204 7420669817528484347 0.3 0 4262 1 1 60 192 131 384
2045415204 6484351588405368747 0.3 0 4266 1 1 60 192 130 383
2045415204 15005178341986486203 0.3 0 4289 1 1 60 192 129 382
2045415204 532106185464691499 0.3 0 4300 1 1 60 190 130 381
2045415204 6180653489579940651 0.3 0 4301 1 1 60 190 128 379
2045415204 5674712458442933931 0.3 0 4302 1 1 60 188 128 377
2045415204 9270654004652958411 0.3 0 4419 1 2 60 180 131 373
2045415204 16827718074432786683 0.3 0 4421 1 2 60 180 130 372
2045415204 11265976364629083275 0.3 0 4423 1 2 60 178 129 369
2045415204 11619854511162290907 0.3 0 4494 1 1 60 174 133 368
2045415204 10040374727170511579 0.3 0 4497 1 1 60 174 132 367
2045415204 1409302985339990187 0.3 0 4500 1 1 60 172 133 366
2045415204 3504498301653830219 0.3 0 4610 1 0 60 172 133 365
2045415204 18381606604682406363 0.3 0 4618 1 0 60 172 132 364
2045415204 14847121854017487355 0.3 0 4619 1 0 60 172 131 363
2045415204 2895867368152526171 0.3 0 7405 1 2 60 174 124 360
2045415204 2239574704807118331 0.3 0 7524 1 2 55 166 135 358
2045415204 14864683940872331723 0.3 0 7528 1 2 55 166 134 357
2045415204 15649138172508299595 0.3 0 7533 1 2 55 164 135 356
2045415204 6411001524764633771 0.3 0 8127 1 0 55 166 131 352
2045415204 16092543132823657131 0.3 0 8128 1 0 55 162 130 347
2045415204 16259592190217342795 0.3 0 8129 1 0 55 158 131 344
2045415204 10790484309773358875 0.3 0 8148 1 0 55 160 128 343
2045415204 3413262586932026779 0.3 0 8542 1 1 55 160 126 342
2045415204 17652525195277568107 0.3 0 8543 1 1 55 158 127 341
2045415204 9590959539939693787 0.3 0 8544 1 1 55 156 127 339
2045415204 1890993067641108011 0.3 0 8555 1 1 55 154 128 338
2045415204 12736185226818948043 0.3 0 8571 1 1 55 152 128 336
2045415204 17455916234741245451 0.3 0 8572 1 1 55 152 127 335
2045415204 5309579150365974507 0.3 0 8575 1 1 55 152 126 334
2045415204 6938988111645952891 0.4 0 14722 1 1 40 170 120 331
2045415204 12062151895675841179 0.4 0 14735 1 1 40 170 119 330
2045415204 10456995826393844779 0.4 0 15534 1 1 45 162 121 329
2045415204 7986232496844904043 0.4 0 15536 1 1 45 162 120 328
2045415204 9825691980909494171 0.4 0 15596 1 1 45 160 121 327
2045415204 638679148319956667 0.4 0 15838 1 3 40 154 128 325
2045415204 5986953712594338843 0.4 0 15839 1 3 40 154 127 324
2045415204 10408828359995933739 0.4 0 15843 1 2 40 154 126 322
2045415204 7519045569993245227 0.4 0 15847 1 2 40 154 125 321
2045415204 6039017775253013035 0.4 0 15848 1 2 40 154 124 320
2045415204 9965166912354355723 0.4 0 21820 1 0 40 152 125 317
2045415204 73153629005958651 0.4 0 21874 1 0 40 146 129 315
2045415204 14083630684454075899 0.4 0 21875 1 0 40 144 129 313
2045415204 6879021361548762923 0.4 0 21877 1 0 40 144 128 312
2045415204 9349641821542570571 0.4 0 21878 1 0 40 144 127 311
2045415204 1454890895469469835 0.4 0 21895 1 0 40 146 124 310
2045415204 11064007351710865723 0.4 0 21913 1 0 40 146 122 308
2045415204 402302912336126875 0.4 0 21914 1 0 40 146 121 307
2045415204 17226079629210013979 0.4 0 22011 1 1 40 142 122 305
2045415204 4410180230561499451 0.4 0 22383 1 0 40 132 129 301
2045415204 12282949745770364795 0.4 0 22384 1 0 40 132 128 300
2045415204 15914979999874254459 0.4 0 22388 1 0 40 132 127 299
2045415204 16512998081374550955 0.4 0 22438 1 0 40 136 122 298
2045415204 1890648049954778699 0.4 0 22450 1 0 40 138 119 297
2045415204 13013411579709001051 0.4 0 22471 1 0 40 138 118 296
2045415204 7537914792826959131 0.4 0 22472 1 0 40 134 118 292
2045415204 424757746020443419 0.4 0 22473 1 0 40 134 117 291
2045415204 306277823205176443 0.4 0 22559 1 0 40 134 116 290
2045415204 8516718071507662555 0.4 0 23213 1 0 45 130 114 289
2045415204 12755082467440557771 0.4 0 24732 1 2 40 132 114 288
2045415204 612507973045100235 0.4 0 24734 1 2 40 132 113 287
2045415204 4703503043229474507 0.4 0 24735 1 2 40 132 112 286
2045415204 1578301920545236699 0.4 0 24736 1 2 40 130 112 284
2045415204 3911173445924917307 0.4 0 25974 1 1 35 134 113 283
2045415204 12827781033496584411 0.4 0 26669 1 0 40 116 126 282
2045415204 15741708952647473531 0.4 0 26676 1 0 40 118 123 281
2045415204 8550772218875297499 0.4 0 26684 1 0 40 118 122 280
2045415204 10577579455364020171 0.4 0 26724 1 0 40 120 119 279
2045415204 2876153090356385035 0.4 0 30591 1 2 40 110 125 277
2045415204 13996708817800511627 0.4 0 30611 1 2 40 110 124 276
2045415204 18023414446960301211 0.4 0 30672 1 2 45 102 126 275
2045415204 6185926942541921275 0.4 0 30685 1 2 45 102 125 274
2045415204 7702218178015780395 0.4 0 30716 1 2 45 100 124 271
2045415204 8605751658445935083 0.4 0 30717 1 2 45 98 125 270
2045415204 11491323750029750763 0.4 0 30718 1 2 45 98 124 269
2045415204 7327043903457760443 0.4 0 30719 1 2 45 98 123 268
2045415204 1086176148049865771 0.4 0 30771 1 2 45 98 121 266
2045415204 16380835155477226299 0.4 0 30773 1 2 45 98 120 265
2045415204 16689553580305463835 0.4 0 30776 1 2 45 98 119 264
2045415204 1110492324908178507 0.4 0 30777 1 2 45 98 118 263
2045415204 15330080248269540523 0.5 0 31160 1 1 40 96 125 262
2045415204 2534133763682199131 0.5 0 31395 1 0 35 98 125 258
2045415204 8860523322899052379 0.5 0 31396 1 0 35 96 125 256
2045415204 9061032695081940075 0.5 0 31400 1 0 35 96 124 255
2045415204 10102254134537200747 0.5 0 31402 1 0 35 96 123 254
2045415204 12773694385052587483 0.5 0 31405 1 0 35 96 122 253
2045415204 9884464808726017499 0.5 0 31406 1 0 35 96 121 252
2045415204 6575229253652024571 0.5 0 31426 1 0 35 94 121 250
2045415204 16068274114105527547 0.5 0 31427 1 0 35 94 120 249
2045415204 17462651805073157371 0.5 0 31428 1 0 35 94 119 248
2045415204 8373372412406114539 0.5 0 34022 1 2 45 88 110 245
2045415204 6921419449373010155 0.5 0 34024 1 2 45 88 109 244
2045415204 12285020893402589643 0.5 0 34062 1 2 45 86 110 243
2045415204 9100584362338229563 0.5 0 34256 1 2 40 92 108 242
2045415204 9510407073597672763 0.5 0 34257 1 2 40 90 106 238
2045415204 3255718824502218955 0.5 0 34263 1 2 40 88 106 236
2045415204 12351718701117235403 0.5 0 34264 1 2 40 88 105 235
2045415204 16210648263936341691 0.5 0 34265 1 2 40 88 104 234
2045415204 6296162430923708491 0.5 0 39254 1 0 40 84 108 232
2045415204 3353289919040184907 0.5 0 39284 1 0 40 84 107 231
2045415204 5060579805536461467 0.5 0 42661 1 0 45 80 104 229
2045415204 10882898978402464715 0.5 0 42663 1 0 45 80 103 228
2045415204 3651429500731252715 0.5 0 44442 1 1 40 84 102 227
2045415204 154070810956319739 0.5 0 44445 1 1 40 84 101 226
2045415204 3830108038279782907 0.5 0 44450 1 1 40 84 100 225
2045415204 12294699342484144667 0.5 0 45049 1 0 40 74 108 222
2045415204 2388907453216540331 0.6 0 48346 1 0 40 82 99 221
2045415204 6986706972948227531 0.6 0 48364 1 0 40 76 103 219
2045415204 10769783998506139243 0.6 0 48443 1 0 40 78 100 218
2045415204 4787049971745835723 0.6 0 48532 1 0 35 82 100 217
2045415204 12188206880911223451 0.6 0 48533 1 0 35 82 99 216
2045415204 11772954246903818651 0.6 0 48535 1 0 35 82 98 215
2045415204 5095079305626965659 0.6 0 48569 1 0 35 78 101 214
2045415204 1081064987699224043 0.6 0 48573 1 0 35 78 100 213
2045415204 10981363249783873003 0.6 0 48574 1 0 35 78 99 212
2045415204 12348658491675331291 0.6 0 55837 1 0 40 78 92 210
2045415204 12988694245429940411 0.6 0 57945 1 0 30 80 99 209
2045415204 5157187941030076603 0.6 0 57947 1 0 30 80 98 208
2045415204 13017384306130164971 0.6 0 58258 1 1 30 78 98 207
2045415204 16657991668995569211 0.6 0 58260 1 1 30 78 97 206
2045415204 6840980236293629499 0.6 0 58261 1 1 30 78 96 205
2045415204 17476767383082048763 0.6 0 58761 1 1 30 74 98 203
2045415204 12721610962434169291 0.6 0 58870 1 1 30 74 97 202
2045415204 16869509776628701307 0.6 0 58879 1 1 30 74 96 201
2045415204 16176621659986365435 0.6 0 59261 1 1 30 78 91 200
2045415204 15322946478562670443 0.6 0 59316 1 1 30 74 94 199
2045415204 13446489487318391627 0.6 0 59335 1 1 30 72 95 198
2045415204 7297099708446740827 0.6 0 59339 1 1 30 72 94 197
2045415204 11401701635241480539 0.6 0 59340 1 1 30 72 93 196
2045415204 6859199633427851643 0.6 0 59496 1 1 30 76 88 195
2045415204 9764309365498723979 0.6 0 59501 1 1 30 76 87 194
2045415204 3581243935578611531 0.6 0 59510 1 1 30 74 88 193
2045415204 11137656589252486091 0.6 0 59512 1 1 30 74 87 192
2045415204 12866657304699980411 0.6 0 59526 1 1 30 74 86 191
2045415204 8738370451650437547 0.7 0 59592 1 1 30 74 85 190
2045415204 15862626776347996699 0.7 0 61109 1 0 30 74 85 189
2045415204 10984523650368404075 0.7 0 61119 1 0 30 74 84 188
2045415204 10347261799335799403 0.7 0 61120 1 0 30 74 82 186
2045415204 3141088671882312891 0.7 0 61126 1 0 30 74 81 185
2045415204 2617056955709993659 0.7 0 62700 1 0 30 72 82 184
2045415204 3249354719387419659 0.7 0 62833 1 0 30 72 81 183
2045415204 4727884743166658523 0.7 0 62836 1 0 30 72 80 182
2045415204 7992996025744395819 0.7 0 62845 1 0 30 72 79 181
2045415204 9815167807357783099 0.7 0 62897 1 0 30 72 78 180
2045415204 11407314733764643899 0.7 0 62898 1 0 30 72 77 179
2045415204 17366265337692046555 0.7 0 62902 1 0 30 72 76 178
2045415204 9952662113181365195 0.7 0 62908 1 0 30 72 75 177
2045415204 6504914113178730747 0.7 0 62913 1 0 30 72 74 176
2045415204 8044455292408219243 0.7 0 65787 1 0 30 70 75 175
2045415204 732241618754136699 0.7 0 65788 1 0 30 70 74 174
2045415204 10010427223185205883 0.7 0 65789 1 0 30 70 73 173
2045415204 1484211627027948107 0.7 0 65797 1 0 30 70 72 172
2045415204 13334858764819576091 0.7 0 66277 1 0 30 68 73 171
2045415204 12789137875265051675 0.7 0 66524 1 0 30 68 72 170
2045415204 189697200476730411 0.7 0 66788 1 0 30 68 71 169
2045415204 14004327241772739099 0.7 0 66800 1 0 30 68 70 168
2045415204 8495813164526586603 0.7 0 66806 1 0 30 68 69 167
2045415204 1388643273856625099 0.8 0 70133 1 0 30 70 66 166
2045415204 565530385947122923 0.8 0 70142 1 0 30 70 65 165
2045415204 3143051148808449067 0.8 0 70158 1 0 30 70 64 164
2045415204 5027492665797275419 0.8 0 70571 1 0 30 66 67 163
2045415204 12050309760782794523 0.8 0 70575 1 0 30 66 66 162
2045415204 3067672078951441675 0.8 0 70580 1 0 30 66 65 161
2045415204 8641978559949001867 0.8 0 70584 1 0 30 66 63 159
2045415204 1711645222128600859 0.8 0 70590 1 0 30 66 62 158
2045415204 8225356856973113627 0.8 0 70598 1 0 30 66 61 157
2045415204 496693516159861915 0.8 0 70600 1 0 30 66 60 156
2045415204 16528397349946249323 0.8 0 70794 1 0 30 66 59 155
2045415204 10265656006314016171 0.8 0 70805 1 0 30 66 58 154
2045415204 7919694761899920923 0.8 0 70807 1 0 30 66 57 153
2045415204 5918728054041562651 0.8 0 70808 1 0 30 66 56 152
2045415204 9278613117488846683 0.8 0 71930 1 0 30 66 55 151
2045415204 17865479882673646843 0.8 0 72063 1 0 30 66 54 150
2045415204 6119019379858642235 0.8 0 72139 1 0 30 66 53 149
2045415204 5503951113308439115 0.8 0 73705 1 0 30 66 52 148
2045415204 8000524429534699131 0.8 0 73707 1 0 30 66 51 147
2045415204 7041213065389176379 0.8 0 73754 1 0 30 66 50 146
2045415204 10470122965430677947 0.8 0 73778 1 0 30 66 49 145
2045415204 9322158559686633947 0.8 0 73784 1 0 30 66 48 144
2045415204 12211610406833035419 0.8 0 73806 1 0 30 66 47 143
2045415204 17076551511749334331 0.8 0 73859 1 0 30 66 46 142
2045415204 332169494086256795 0.8 0 74201 1 0 30 66 45 141
2045415204 119598395407775019 0.9 0 75318 1 0 30 66 44 140
2045415204 10300875504956574795 0.9 0 75690 1 0 30 66 43 139
2045415204 3255682543727946651 0.9 0 75693 1 0 30 66 42 138
2045415204 4824827940576128139 0.9 0 75712 1 0 30 66 41 137
2045415204 2496662862596014059 0.9 0 75718 1 0 30 66 40 136
2045415204 17950549991276837371 0.9 0 75735 1 0 30 66 39 135
2045415204 5131433546070488155 0.9 0 75988 1 0 30 66 38 134
2045415204 1563413585591302635 0.9 0 76038 1 0 30 66 37 133
2045415204 10113263642638913275 0.9 0 76050 1 0 30 66 36 132
2045415204 4063933300955226987 0.9 0 76103 1 0 30 66 35 131
2045415204 18291901866558013323 0.9 0 76460 1 0 30 66 34 130
2045415204 6599353791739905275 0.9 0 76481 1 0 30 66 33 129
2045415204 12985042653223747979 0.9 0 76512 1 0 30 66 32 128
2045415204 17836754303110599211 0.9 0 76538 1 0 30 66 31 127
2045415204 6442046833874692987 0.9 0 76609 1 0 30 66 30 126
2045415204 18315131495544545819 0.9 0 76617 1 0 30 66 29 125
2045415204 15070279581910610587 0.9 0 76643 1 0 30 66 28 124
2045415204 18422967488879081307 0.9 0 76645 1 0 30 66 27 123
2045415204 11230146472986286907 0.9 0 76654 1 0 30 66 26 122
2045415204 17028476507578046427 0.9 0 76727 1 0 30 66 25 121
2045415204 5498209812900043067 0.9 0 76749 1 0 30 66 24 120
2045415204 14178304843720307195 1.0 0 77855 1 0 30 66 23 119
2045415204 7758069473796182411 1.0 0 77862 1 0 30 66 22 118
2045415204 10935547460016151259 1.0 0 77888 1 0 30 66 21 117
2045415204 14375531463176073499 1.0 0 77963 1 0 30 66 20 116
2045415204 9324009956348031723 1.0 0 77982 1 0 30 66 19 115
2045415204 8207364932999643563 1.0 0 77987 1 0 30 66 18 114
2045415204 6043390854832990203 1.0 0 78227 1 0 30 66 17 113
2045415204 14785307960181036411 1.0 0 78264 1 0 30 66 16 112
2045415204 6226822683119851771 1.0 0 78269 1 0 30 66 15 111
2045415204 5791719420579367051 1.0 0 78324 1 0 30 66 14 110
2045415204 18440415633610452875 1.1 0 79915 1 0 30 66 13 109
2045415204 6394852386450145355 1.1 0 79932 1 0 30 66 12 108
2045415204 15369011090915653211 1.1 0 79982 1 0 30 66 11 107
2045415204 8660518107778550555 1.1 0 80006 1 0 30 66 10 106
2045415204 13369058645961794795 1.1 0 80016 1 0 30 66 9 105
2045415204 12715636452851301275 1.1 0 80076 1 0 30 66 8 104
2045415204 18018716966381159819 1.1 0 80091 1 0 30 64 9 103
2045415204 15774908183291160987 1.1 0 80101 1 0 30 64 8 102
2045415204 16482647541914030075 1.1 0 80154 1 0 30 64 7 101
2045415204 9434551277247555771 1.1 0 80215 1 0 30 64 6 100
2045415204 18240877657718052379 1.1 0 80316 1 0 30 64 5 99
2045415204 4263560715546727323 1.1 0 80861 1 0 30 64 4 98
2045415204 17462533113486414059 1.2 0 81275 1 0 30 64 3 97
2045415204 2588047353772862427 1.3 0 81987 1 0 30 64 2 96
2045415204 2108214209118550555 1.9 1 160395 1 0 20 62 13 95
2045415204 13921475998215984043 1.9 1 160586 1 0 20 62 12 94
2045415204 3808684702451155099 1.9 1 160609 1 0 20 62 11 93
2045415204 15529216296026913387 2.0 1 160804 1 0 20 62 10 92
2045415204 15891694831073091899 2.0 1 160876 1 0 20 62 9 91
2045415204 13606318086617978827 2.0 1 161073 1 0 20 62 8 90
2045415204 9471632817833266843 2.0 1 161441 1 0 20 62 7 89
2045415204 9082935625718042843 2.0 1 161473 1 0 20 62 6 88
2045415204 18191867261486446715 2.1 1 161876 1 0 20 62 5 87
2045415204 15482849291963873979 2.1 1 162160 1 0 20 62 4 86
2045415204 764798078390577131 5.6 5 497286 1 0 10 68 7 85
2045415204 3805870828521550427 5.6 5 497489 1 0 10 68 6 84
2045415204 12591569086816576187 5.7 5 498838 1 0 10 68 5 83
2045415204 17375546582048765371 8.2 8 749660 1 0 15 64 3 82
2045415204 15025571010840822347 9.2 9 832989 1 0 15 64 2 81
2045415204 1260896068527133963 11.7 12 1081857 1 0 15 62 3 80
2045415204 1962862962575225387 12.5 13 1162618 1 0 10 62 7 79
2045415204 14732501649663858987 12.6 13 1163830 1 0 10 62 6 78
2045415204 5059074744873380907 12.6 13 1163928 1 0 10 62 5 77
2045415204 9277961383228578219 14.3 15 1330861 1 0 20 52 4 76
2045415204 12644993165078634971 16.9 18 1576148 1 0 20 50 5 75
2045415204 1946286860326438027 16.9 18 1576189 1 0 20 50 4 74
2045415204 11122804165266269931 17.8 19 1655446 1 0 15 52 6 73
2045415204 6477841365770423307 17.9 19 1657107 1 0 15 52 5 72
2045415204 2504627156524920795 17.9 19 1657141 1 0 15 52 4 71
2045415204 8735272110734549723 18.0 19 1657490 1 0 15 52 3 70
2045415204 8758964175473479483 18.7 20 1736296 1 0 20 40 9 69
2045415204 8033511041647359083 18.7 20 1736313 1 0 20 40 8 68
2045415204 17510562565578584715 18.8 20 1736997 1 0 20 40 7 67
2045415204 10848922308835413451 18.8 20 1737065 1 0 20 40 6 66
2045415204 17042152189168450299 18.8 20 1737312 1 0 20 40 5 65
2045415204 16589457501244276187 20.5 22 1899636 1 0 20 40 4 64
2045415204 1593849752748462091 20.5 22 1899692 1 0 20 40 3 63
2045415204 6079799693335570619 78.8 90 9499003 1 0 20 42 0 62
2045415204 11861115363401382715 100.5 117 12185363 1 0 25 28 8 61
2045415204 13639504884225273963 100.5 117 12185365 1 0 25 28 7 60
2045415204 3564886484279705243 100.6 117 12186299 1 0 25 28 6 59
2045415204 14582874649912557051 101.4 118 12269277 1 0 25 28 5 58
2045415204 10996815424374919579 101.5 118 12269496 1 0 25 28 4 57
2045415204 13318567236816968091 101.5 118 12269958 1 0 25 28 3 56
2045415204 4943848282516567275 103.0 120 12433146 1 0 25 28 2 55
2045415204 10567075302724489579 103.1 120 12433600 1 0 25 28 1 54
2045415204 16666956665865037339 103.1 120 12433847 1 0 25 28 0 53
2045415204 5367441166681420475 103.9 121 12512386 1 0 25 22 5 52
2045415204 16650258250791395531 103.9 121 12512555 1 0 25 22 4 51
2045415204 13689888271308298363 104.0 121 12513221 1 0 25 22 3 50
2045415204 6032821431620477403 104.0 121 12513484 1 0 25 22 2 49
2045415204 17824173654953830491 104.0 121 12513531 1 0 25 22 1 48
2045415204 4021956680661963499 226.1 266 29529650 1 0 5 38 4 47
2045415204 9736182058373662027 226.2 266 29529737 1 0 5 38 3 46
2045415204 18063866547869786811 227.8 268 29695839 1 0 5 36 4 45
2045415204 4465064095261351755 228.7 269 29781399 1 0 5 36 3 44
2045415204 9819385069779645179 228.8 269 29782480 1 0 5 36 2 43
2045415204 15401586135548577819 272.5 321 35954943 1 0 5 34 3 42
2045415204 16194975115392314187 445.1 525 60343252 1 0 5 34 2 41
2045415204 9073445223924630379 1885.0 2214 262937642 1 0 10 28 2 40
2045415204 14325404613516898427 1970.9 2315 274923489 1 0 10 24 5 39
2045415204 150330027274409467 1970.9 2315 274924080 1 0 10 24 4 38
2045415204 8320219105957847051 1971.0 2315 274924437 1 0 10 24 3 37
2045415204 16011527397729306699 2275.3 2672 317247084 1 0 10 26 0 36