1622131336 10390584196855148368 0.0 0 0 1 1317 80 100 42 1539
1622131336 9755315652968687504 0.0 0 1 1 1317 75 100 43 1535
1622131336 13360865396777709456 0.0 0 2 1 1317 65 108 43 1533
1622131336 7688651620872652752 0.0 0 6 1 1272 60 110 46 1488
1622131336 8544625921203046352 0.0 0 7 1 1272 60 108 45 1485
1622131336 8918940082807396304 0.0 0 8 1 1272 60 102 46 1480
1622131336 10430033811339136976 0.0 0 9 1 1272 60 98 47 1477
1622131336 18051379128761603616 0.0 0 13 1 1273 60 94 49 1476
1622131336 9666855186120698400 0.0 0 14 1 1273 55 98 47 1473
1622131336 2739413923879893536 0.0 0 15 1 1238 55 98 49 1440
1622131336 13624341718165568032 0.0 0 16 1 1214 50 106 50 1420
1622131336 13253842567866065888 0.0 0 18 1 1214 50 106 49 1419
1622131336 15249240406450751456 0.0 0 19 1 1158 50 108 50 1366
1622131336 2059365507421902816 0.0 0 20 1 1158 40 112 50 1360
1622131336 2335649958037768160 0.0 0 21 1 1158 40 106 50 1354
1622131336 7386816749832755152 0.0 0 22 1 1158 40 104 51 1353
1622131336 5111419927446811504 0.0 0 26 1 1158 35 106 50 1349
1622131336 16128566576141771152 0.0 0 28 1 1102 35 106 50 1293
1622131336 7765721240483338640 0.0 0 29 1 1102 30 102 50 1284
1622131336 6707645118141893008 0.0 0 30 1 1091 30 106 51 1278
1622131336 13824342884913068432 0.0 0 31 1 1091 30 102 51 1274
1622131336 12153291015689963424 0.0 0 37 1 1081 30 100 50 1261
1622131336 5754809849629132704 0.0 0 38 1 1081 30 98 49 1258
1622131336 4082886942558598048 0.0 0 42 1 1083 30 96 48 1257
1622131336 11634070621159279520 0.0 0 43 1 1083 25 96 49 1253
1622131336 13687937903688504928 0.0 0 45 1 1083 20 96 50 1249
1622131336 10580935346696199072 0.0 0 46 1 1083 20 96 49 1248
1622131336 12808889155376536480 0.0 0 47 1 1048 20 96 51 1215
1622131336 4141315734620622752 0.0 0 51 1 1038 20 98 53 1209
1622131336 17219850230524244896 0.0 0 53 1 1039 15 96 55 1205
1622131336 3528088023524039584 0.0 0 54 1 983 15 100 56 1154
1622131336 1070798371602436000 0.0 0 55 1 964 20 100 54 1138
1622131336 15810382939757006176 0.0 0 56 1 963 20 96 54 1133
1622131336 9804388637536427888 0.0 0 59 1 963 15 94 55 1127
1622131336 52655018875028336 0.0 0 61 1 953 15 94 55 1117
1622131336 14350595960490271600 0.0 0 62 1 898 15 94 55 1062
1622131336 9942832453658228592 0.0 0 63 1 898 10 96 55 1059
1622131336 10293752540593444960 0.0 0 68 1 885 10 98 55 1048
1622131336 18080150670449678432 0.0 0 72 1 874 10 98 56 1038
1622131336 2648408103200233568 0.0 0 73 1 874 10 94 57 1035
1622131336 458235010123618576 0.0 0 74 1 874 10 92 58 1034
1622131336 18013797740029007056 0.0 0 77 1 874 10 92 57 1033
1622131336 1967860923731866464 0.0 0 78 1 853 10 92 56 1011
1622131336 9906728664698654560 0.0 0 79 1 853 10 90 57 1010
1622131336 17642698274026192736 0.0 0 80 1 853 10 90 56 1009
1622131336 7633615493938839392 0.0 0 81 1 818 10 90 54 972
1622131336 10238961332876724064 0.0 0 82 1 818 10 90 53 971
1622131336 1704522435265470304 0.0 0 86 1 783 10 96 54 943
1622131336 6641158204098292576 0.0 0 88 1 770 10 94 55 929
1622131336 17162955205806820192 0.0 0 92 1 770 15 84 55 924
1622131336 17194442431020338016 0.0 0 93 1 770 15 82 54 921
1622131336 2975881876639144800 0.0 0 94 1 735 15 80 54 884
1622131336 5562419162404783728 0.0 0 95 1 735 15 78 53 881
1622131336 5323758277045922416 0.0 0 97 1 735 15 78 52 880
1622131336 12440238173347136112 0.0 0 104 1 715 15 78 54 862
1622131336 6315497085158973040 0.0 0 105 1 715 15 78 53 861
1622131336 16366558817398655600 0.0 0 109 1 680 10 84 53 827
1622131336 1584857057415394448 0.0 0 110 1 680 10 82 53 825
1622131336 16787119001343190160 0.0 0 111 1 680 10 82 51 823
1622131336 12344708445082713760 0.0 0 112 1 681 10 78 51 820
1622131336 14786169952380886976 0.0 0 115 1 681 10 74 52 817
1622131336 13961283040253451200 0.0 0 116 1 681 5 74 52 812
1622131336 501703372078477328 0.0 0 121 1 681 5 72 53 811
1622131336 14826350955878663792 0.0 0 125 1 670 5 74 55 804
1622131336 9418667918555384432 0.0 0 129 1 670 5 72 56 803
1622131336 14942477982236111488 0.0 0 131 1 670 5 68 56 799
1622131336 10354678580269453952 0.0 0 132 1 670 5 66 56 797
1622131336 7388066046564013696 0.0 0 135 1 668 10 62 55 795
1622131336 15611755742766513392 0.0 0 141 1 658 10 66 54 788
1622131336 7591188803557850352 0.0 0 144 1 658 10 66 53 787
1622131336 2630943364092434672 0.0 0 145 1 658 10 66 51 785
1622131336 8695514373030633712 0.0 0 146 1 658 10 66 50 784
1622131336 552478701181661520 0.0 0 147 1 623 10 66 50 749
1622131336 11747422121588760912 0.0 0 148 1 622 10 66 50 748
1622131336 10210642861749535568 0.0 0 154 1 612 15 66 50 743
1622131336 13362167283790912336 0.0 0 160 1 577 15 66 52 710
1622131336 18263038272398934416 0.0 0 161 1 577 15 66 51 709
1622131336 11626162845738893712 0.0 0 162 1 543 15 68 51 677
1622131336 15878809659641304464 0.0 0 166 1 542 15 68 51 676
1622131336 17934061264931194256 0.0 0 167 1 542 10 68 50 670
1622131336 9206320478437869968 0.0 0 168 1 532 10 72 50 664
1622131336 9575511869001217248 0.0 0 172 1 532 10 70 50 662
1622131336 15132006367983980384 0.0 0 173 1 532 10 66 50 658
1622131336 556971388569217616 0.0 0 174 1 497 10 64 50 621
1622131336 6804370957304699520 0.0 0 183 1 464 20 76 48 608
1622131336 6230694964684285216 0.0 0 186 1 464 20 74 48 606
1622131336 12889788466657087776 0.0 0 187 1 465 15 70 49 599
1622131336 1214578331499682048 0.0 0 188 1 465 15 68 49 597
1622131336 17203305097042013440 0.0 0 190 1 465 15 68 48 596
1622131336 18085729515374391952 0.0 0 192 1 465 10 72 48 595
1622131336 1787315508071756432 0.0 0 193 1 465 10 72 47 594
1622131336 5891892246908752976 0.0 0 194 1 465 5 72 46 588
1622131336 6254906893728352336 0.0 0 197 1 465 5 70 47 587
1622131336 6326090748149794896 0.0 0 200 1 448 5 72 47 572
1622131336 3332422979985284176 0.0 0 203 1 448 5 70 46 569
1622131336 11038641575163828304 0.0 0 206 1 448 5 70 45 568
1622131336 12675512391208901216 0.0 0 208 1 403 10 72 45 530
1622131336 15966574189290607184 0.0 0 216 1 402 10 72 45 529
1622131336 4996718695996151376 0.0 0 217 1 402 10 70 46 528
1622131336 399341040706854064 0.0 0 223 1 392 10 76 43 521
1622131336 13974876550594052272 0.0 0 225 1 362 10 76 43 491
1622131336 16784425858658172080 0.0 0 227 1 337 5 74 43 459
1622131336 14098948066277652064 0.0 0 229 1 337 5 74 42 458
1622131336 17321333201280527984 0.0 0 231 1 337 0 76 43 456
1622131336 6336362019191760496 0.0 0 232 1 337 0 74 44 455
1622131336 5970556670490029680 0.0 0 233 1 337 0 68 45 450
1622131336 6975131739979857520 0.0 0 234 1 292 10 66 44 412
1622131336 11682748487073320560 0.0 0 235 1 262 15 64 45 386
1622131336 708076810371439808 0.0 0 244 1 262 20 52 46 380
1622131336 10591065342813543680 0.0 0 249 1 252 20 52 45 369
1622131336 15145387290215783680 0.0 0 250 1 252 15 54 45 366
1622131336 3226241917722889968 0.0 0 259 1 252 10 54 48 364
1622131336 7220064765512946576 0.0 0 260 1 252 5 58 48 363
1622131336 8129591652380481248 0.0 0 261 1 252 5 56 48 361
1622131336 14710269930562572000 0.0 0 264 1 222 5 56 49 332
1622131336 8441432352683697776 0.0 0 274 1 222 5 56 48 331
1622131336 471462422700814960 0.0 0 275 1 222 5 56 47 330
1622131336 101584162664730752 0.0 0 276 1 222 5 54 47 328
1622131336 9540377159242271872 0.0 0 277 1 222 5 50 47 324
1622131336 7601998003693102208 0.0 0 278 1 222 5 50 46 323
1622131336 9891434694831266768 0.0 0 302 1 210 10 56 46 322
1622131336 15412547654016214928 0.0 0 303 1 210 10 54 46 320
1622131336 16119540946640482192 0.0 0 305 1 210 5 56 47 318
1622131336 4746563590127361936 0.0 0 307 1 200 5 56 47 308
1622131336 17424322406779674512 0.0 0 308 1 200 0 58 47 305
1622131336 407411792820125584 0.0 0 310 1 200 0 58 46 304
1622131336 4009338432617251440 0.0 0 321 1 200 0 58 45 303
1622131336 14759818351879827264 0.0 0 322 1 200 0 56 46 302
1622131336 17371776821502623344 0.0 0 323 1 200 0 52 46 298
1622131336 11518250070726317008 0.0 0 326 1 200 0 50 47 297
1622131336 15868479638271738832 0.0 0 332 1 200 0 48 48 296
1622131336 94836306674410864 0.0 0 343 1 201 10 36 47 294
1622131336 12738285790086402416 0.0 0 349 1 201 5 38 48 292
1622131336 9457548147710541600 0.0 0 350 1 201 5 36 48 290
1622131336 12042746894933144736 0.0 0 352 1 201 0 40 48 289
1622131336 7012688048259880704 0.0 0 355 1 201 0 40 47 288
1622131336 938323043254785952 0.0 0 370 1 201 0 40 46 287
1622131336 11647694535666701488 0.0 0 405 1 166 0 50 52 268
1622131336 9395976405667731008 0.0 0 407 1 166 0 48 52 266
1622131336 7480536487298152416 0.0 0 418 1 166 5 48 46 265
1622131336 17210288807652753376 0.0 0 419 1 166 5 46 46 263
1622131336 17667792778979456976 0.0 0 420 1 166 5 44 46 261
1622131336 11475645753136916128 0.0 0 426 1 166 5 42 46 259
1622131336 15231845326704749904 0.0 0 427 1 166 5 42 45 258
1622131336 14966611005396991856 0.0 0 431 1 167 5 40 45 257
1622131336 3991635179718610288 0.0 0 436 1 167 0 44 45 256
1622131336 7704284488173939088 0.0 0 437 1 167 0 44 44 255
1622131336 3156618548200317328 0.0 0 441 1 167 0 44 43 254
1622131336 11534685933382660496 0.0 0 442 1 167 0 44 42 253
1622131336 17520544040691066736 0.0 0 454 1 142 0 54 44 240
1622131336 11966705304202061776 0.0 0 455 1 142 0 52 44 238
1622131336 12861546594556046112 0.0 0 459 1 143 0 48 45 236
1622131336 16192728974501721952 0.0 0 467 1 143 0 48 44 235
1622131336 5042814305047029600 0.0 0 493 1 120 5 48 41 214
1622131336 4741626442814558384 0.0 0 496 1 120 5 46 41 212
1622131336 8965281686905072816 0.0 0 502 1 120 5 44 42 211
1622131336 15533862356606563504 0.0 0 503 1 120 5 44 41 210
1622131336 17724310166947129520 0.0 0 504 1 120 5 42 41 208
1622131336 16384629782593919152 0.0 0 507 1 118 10 38 40 206
1622131336 8793242194800246960 0.0 0 510 1 118 5 42 40 205
1622131336 7217661947557449952 0.0 0 557 1 84 5 42 42 173
1622131336 10963927540451301600 0.0 0 558 1 84 5 42 40 171
1622131336 8594568323721477904 0.0 0 575 1 84 5 34 43 166
1622131336 15200297849580071696 0.0 0 576 1 84 0 34 44 162
1622131336 1836188129237954944 0.0 0 788 1 56 10 48 44 158
1622131336 10926422772302540160 0.0 0 789 1 56 5 50 44 155
1622131336 13754913459404782976 0.0 0 792 1 56 5 48 44 153
1622131336 2259846017224562784 0.0 0 798 1 56 10 40 45 151
1622131336 15412659458307380848 0.0 0 805 1 56 10 40 42 148
1622131336 4045996598447593072 0.0 0 806 1 56 10 38 42 146
1622131336 17329829789539340768 0.0 0 849 1 56 5 38 46 145
1622131336 9954971658590186976 0.0 0 870 1 56 10 32 46 144
1622131336 14610719674445285824 0.0 0 871 1 56 10 32 45 143
1622131336 3727912221744250912 0.0 0 881 1 56 10 32 44 142
1622131336 9049305247630645968 0.0 0 886 1 56 5 36 44 141
1622131336 15413658917361003744 0.0 0 889 1 56 5 36 43 140
1622131336 13460509378660445408 0.0 0 894 1 56 5 36 42 139
1622131336 2351734976687596768 0.0 0 895 1 56 5 34 43 138
1622131336 9706135679541902112 0.0 0 899 1 56 0 34 43 133
1622131336 9034794533511351072 0.0 0 901 1 55 0 34 43 132
1622131336 5317643336551423216 0.0 0 954 1 31 0 48 42 121
1622131336 12368322218233431280 0.0 0 956 1 31 0 46 43 120
1622131336 8704618062770638944 0.0 0 958 1 31 5 38 44 118
1622131336 2932561591222452208 0.0 0 960 1 31 0 42 44 117
1622131336 1577502276865606656 0.0 0 1000 1 31 0 42 43 116
1622131336 6444286046845357056 0.0 0 1001 1 31 0 42 41 114
1622131336 17374296189753516432 0.0 0 1011 1 31 0 44 38 113
1622131336 14059929839977187584 0.0 0 1026 1 32 0 40 39 111
1622131336 14773878891748616064 0.0 0 1033 1 32 0 36 42 110
1622131336 6168964452444774928 0.0 0 1038 1 34 0 34 41 109
1622131336 13866372851161338240 0.0 0 1046 1 32 5 32 39 108
1622131336 3442210901099903168 0.0 0 1047 1 32 5 30 39 106
1622131336 10060989076004724784 0.0 0 1051 1 32 5 28 39 104
1622131336 5998080095814234160 0.0 0 1052 1 32 0 30 39 101
1622131336 14843544733521413264 0.0 0 1314 1 34 0 30 36 100
1622131336 15802571206166509808 0.0 0 1450 1 31 0 28 38 97
1622131336 5728644033968363888 0.0 0 1453 1 31 0 26 38 95
1622131336 11072489932601678320 0.0 0 2707 1 6 5 40 42 93
1622131336 15111362015233154544 0.0 0 2709 1 6 5 40 41 92
1622131336 10666524402999323072 0.0 0 2716 1 6 5 40 40 91
1622131336 14603777938814375360 0.0 0 2717 1 7 0 42 40 89
1622131336 14058416236456923072 0.0 0 2738 1 8 0 42 38 88
1622131336 2520775544384233328 0.0 0 2751 1 8 0 38 38 84
1622131336 2185330387253858192 0.0 0 2755 1 8 0 34 39 81
1622131336 10634342184136133936 0.0 0 2757 1 8 0 34 38 80
1622131336 13959890728599319056 0.0 0 2810 1 9 0 34 35 78
1622131336 5400973778282580496 0.0 0 2812 1 8 0 34 34 76
1622131336 14803810672773184624 0.0 0 2857 1 9 0 32 34 75
1622131336 10525611370244743792 0.0 0 2889 1 8 0 30 36 74
1622131336 7903570071559854704 0.0 0 2890 1 8 0 30 35 73
1622131336 12960025067780599152 0.0 0 2924 1 10 0 22 38 70
1622131336 17351603003644190416 0.0 0 3255 1 7 5 22 35 69
1622131336 3218797479189680864 0.0 0 3268 1 7 0 26 35 68
1622131336 16164029497961562000 0.0 0 3728 1 7 0 22 37 66
1622131336 4890671069646168032 0.0 0 3730 1 7 0 20 36 63
1622131336 12194518412663132128 0.0 0 3732 1 6 0 20 35 61
1622131336 15029562563680987104 0.0 0 3735 1 6 0 20 34 60
1622131336 13534052937043717120 0.0 0 3736 1 6 0 20 33 59
1622131336 16247850743838388256 0.0 0 3737 1 6 0 20 32 58
1622131336 7942593271069387904 0.0 0 4748 1 6 0 14 37 57
1622131336 13053641600214479904 0.0 0 4754 1 6 0 14 36 56
1622131336 4901978778445474656 0.0 0 4823 1 6 0 16 33 55
1622131336 9724561124103217792 0.0 0 4824 1 6 0 14 33 53
1622131336 2782637042175230736 0.1 0 6527 1 7 0 6 39 52
1622131336 17562642182626052688 0.1 0 6625 1 6 0 10 35 51
1622131336 1285320219348446784 0.1 0 6631 1 6 0 10 34 50
1622131336 5399477377273649040 0.1 0 6632 1 6 0 8 35 49
1622131336 5192744714944922512 0.1 0 6633 1 6 0 8 34 48
1622131336 2692484076164018064 0.1 0 6637 1 6 0 8 33 47
1622131336 5850271702422697888 0.1 0 6641 1 6 0 10 29 45
1622131336 10351835715012415920 0.1 0 8208 1 5 0 6 31 42
1622131336 4682320999302021792 0.1 0 12197 1 4 0 10 27 41
1622131336 515539480089641632 0.1 0 12198 1 4 0 8 27 39
1622131336 6978258321734428256 0.1 0 12200 1 4 0 8 26 38
1622131336 12965758302833173008 0.1 0 12214 1 4 0 4 29 37
1622131336 1838697948391267856 0.1 0 12219 1 4 0 2 30 36
1622131336 9128092916599928496 0.1 0 12239 1 4 0 2 29 35
1622131336 13116348925400641888 0.1 0 15326 1 7 0 2 25 34
1622131336 10682303758592449840 0.1 0 15396 1 7 0 0 25 32
1622131336 5304387645353690896 0.1 0 15714 1 7 0 2 22 31
1622131336 886441394018855968 0.1 0 15719 1 7 0 0 23 30
1622131336 3594895292747938736 0.1 0 15871 1 7 0 0 21 28
1622131336 14157723495624069792 0.1 0 17517 1 5 0 0 22 27
1622131336 5445869842155137696 0.1 0 17519 1 5 0 0 21 26
1622131336 900931413578060464 0.1 0 17858 1 4 0 2 19 25
1622131336 1782186445909570256 0.1 0 17894 1 4 0 0 20 24
1622131336 3875550919841533376 0.1 0 17916 1 4 0 0 19 23
1622131336 1570209427375790112 0.1 0 17973 1 4 0 0 18 22
1622131336 9519672380889880032 0.1 0 17997 1 4 0 0 17 21
1622131336 10539055326577275936 0.1 0 18153 1 4 0 0 16 20
1622131336 10010044824110499840 0.1 0 18173 1 4 0 0 15 19
1622131336 8322939381727399328 0.1 0 18197 1 4 0 0 14 18
1622131336 12322977315812485584 0.1 0 20303 1 4 0 0 13 17
1622131336 12623013161063455776 0.1 0 20329 1 4 0 0 12 16
1622131336 9908275399230584656 0.1 0 20360 1 4 0 0 11 15
1622131336 11735601530927804976 0.1 0 20546 1 4 0 0 10 14
1622131336 15232779425091614416 0.1 0 22793 1 4 0 0 9 13
1622131336 4092142111282426672 0.1 0 23113 1 4 0 0 8 12
1622131336 17638844311614825216 0.1 0 23415 1 4 0 0 7 11
1622131336 10331545701745911600 0.2 0 25037 1 4 0 0 6 10
1622131336 2717727785902843392 0.2 0 27286 1 4 0 0 5 9
1622131336 14513296438868532992 0.8 5 156341 1 4 0 0 4 8
1622131336 5686127003862780784 0.9 6 182666 1 4 0 0 3 7
1622131336 1211008520607844672 0.9 6 182844 1 4 0 0 2 6
1622131336 17617829687575446352 3.3 24 694824 1 4 0 0 1 5
