1366306794 15545852257348470683 0.0 0 0 1 7079 210 546 114 7949
1366306794 7326474586243832475 0.0 0 2 1 7079 200 550 115 7944
1366306794 15965340364557098891 0.0 0 3 1 7037 205 546 115 7903
1366306794 5745259631815791243 0.0 0 4 1 7037 205 542 116 7900
1366306794 6537298750005296411 0.0 0 6 1 7037 195 542 117 7891
1366306794 8272248786320278107 0.0 0 8 1 6979 195 542 120 7836
1366306794 1376784329891897947 0.0 0 9 1 6979 190 542 120 7831
1366306794 6349772934687479931 0.0 0 10 1 6941 185 546 121 7793
1366306794 4293186192378396635 0.0 0 11 1 6941 185 538 122 7786
1366306794 15774586045219341963 0.0 0 12 1 6939 185 538 123 7785
1366306794 10518234085569353355 0.0 0 13 1 6939 175 536 124 7774
1366306794 11548478605872737995 0.0 0 15 1 6907 175 536 125 7743
1366306794 13961401414840899803 0.0 0 16 1 6907 175 534 125 7741
1366306794 9585159629445032155 0.0 0 17 1 6887 175 534 125 7721
1366306794 15023397497645736411 0.0 0 19 1 6867 170 526 125 7688
1366306794 15242425667745260363 0.0 0 20 1 6819 170 526 126 7641
1366306794 3499511932617159707 0.0 0 21 1 6819 175 518 127 7639
1366306794 13191734333318227947 0.0 0 22 1 6804 170 522 128 7624
1366306794 6144166879747033067 0.0 0 23 1 6744 170 522 129 7565
1366306794 2548409254123151835 0.0 0 25 1 6742 170 522 130 7564
1366306794 14576251017190206667 0.0 0 26 1 6725 170 518 131 7544
1366306794 13864263828906896587 0.0 0 27 1 6597 175 516 133 7421
1366306794 439503907595473803 0.0 0 28 1 6597 170 520 133 7420
1366306794 18433570915573248907 0.0 0 29 1 6487 170 520 133 7310
1366306794 9929941803454872379 0.0 0 30 1 6439 170 520 133 7262
1366306794 7945382342533493771 0.0 0 31 1 6439 165 516 133 7253
1366306794 6604297018140326843 0.0 0 33 1 6422 165 518 134 7239
1366306794 8432368336064089435 0.0 0 38 1 6392 165 518 137 7212
1366306794 6983021853641792859 0.0 0 39 1 6392 160 518 137 7207
1366306794 3307840881161871867 0.0 0 42 1 6392 160 518 136 7206
1366306794 7753629984229724667 0.0 0 43 1 6260 165 510 134 7069
1366306794 13374999537903899131 0.0 0 45 1 6260 160 514 134 7068
1366306794 17469572549223600635 0.0 0 46 1 6258 160 514 133 7065
1366306794 6973277600915332971 0.0 0 49 1 6210 160 514 133 7017
1366306794 3045053543538639819 0.0 0 50 1 6162 160 514 133 6969
1366306794 9477761626467883531 0.0 0 53 1 6107 160 500 133 6900
1366306794 6945974607678132267 0.0 0 57 1 5987 160 502 135 6784
1366306794 13598537084145643563 0.0 0 58 1 5987 160 502 134 6783
1366306794 5943945238875334523 0.0 0 59 1 5919 160 510 134 6723
1366306794 820378692282629435 0.0 0 61 1 5919 160 504 133 6716
1366306794 13635720586951295371 0.0 0 63 1 5841 160 496 132 6629
1366306794 530439322130998939 0.0 0 64 1 5841 155 494 132 6622
1366306794 15577131017112424539 0.0 0 65 1 5841 160 478 132 6611
1366306794 6744652493859491963 0.0 0 67 1 5783 160 478 134 6555
1366306794 10243265796500015707 0.0 0 70 1 5703 165 474 135 6477
1366306794 8373841427992046411 0.0 0 73 1 5703 160 478 134 6475
1366306794 16223186358653504331 0.0 0 75 1 5695 160 478 133 6466
1366306794 3331867148432421387 0.0 0 80 1 5695 155 480 133 6463
1366306794 6036704446000837691 0.0 0 81 1 5647 155 476 133 6411
1366306794 14470988128843723499 0.0 0 83 1 5519 155 476 132 6282
1366306794 8169510432835855259 0.0 0 85 1 5477 155 476 132 6240
1366306794 9325907866958268587 0.0 0 87 1 5317 155 486 132 6090
1366306794 11032706437688032443 0.0 0 89 1 5315 155 486 132 6088
1366306794 9857630785623205179 0.0 0 91 1 5315 150 490 132 6087
1366306794 11418452640305382715 0.0 0 92 1 5315 150 490 131 6086
1366306794 6642302803990820763 0.0 0 95 1 5315 145 488 131 6079
1366306794 12796900527271347307 0.0 0 96 1 5275 145 482 131 6033
1366306794 616808794404068043 0.0 0 97 1 5275 140 486 131 6032
1366306794 11624282450907658955 0.0 0 98 1 5275 130 486 132 6023
1366306794 8384264611243100875 0.0 0 100 1 5275 130 484 133 6022
1366306794 6611551623116098251 0.0 0 101 1 5225 130 490 134 5979
1366306794 13893557312879623771 0.0 0 102 1 5203 130 490 133 5956
1366306794 2335364285261672027 0.0 0 103 1 5183 130 490 133 5936
1366306794 17101422351767648043 0.0 0 105 1 5145 130 490 134 5899
1366306794 798578737895851819 0.0 0 106 1 5145 130 490 133 5898
1366306794 1907730079241011483 0.0 0 107 1 5103 130 490 133 5856
1366306794 15330968282144805147 0.0 0 108 1 5086 135 494 134 5849
1366306794 17826007752931004699 0.0 0 109 1 5036 140 490 135 5801
1366306794 787989374354349435 0.0 0 110 1 5036 135 484 135 5790
1366306794 15239211105159930619 0.0 0 113 1 5028 140 478 133 5779
1366306794 17511207357360079611 0.0 0 114 1 4978 140 478 133 5729
1366306794 12415002138941129467 0.0 0 115 1 4938 140 490 134 5702
1366306794 14813181037843186427 0.0 0 116 1 4938 140 488 134 5700
1366306794 15183979510298626715 0.0 0 120 1 4852 140 488 134 5614
1366306794 7064506030256753307 0.0 0 121 1 4852 140 482 133 5607
1366306794 5605800192615982731 0.0 0 122 1 4837 145 478 133 5593
1366306794 6577341153346209419 0.0 0 123 1 4837 145 474 134 5590
1366306794 18056565216882023275 0.0 0 124 1 4789 145 474 135 5543
1366306794 9699104060902793803 0.0 0 126 1 4780 145 474 136 5535
1366306794 7304858724219874283 0.0 0 127 1 4510 145 474 136 5265
1366306794 10551500993594938011 0.0 0 135 1 4510 145 470 135 5260
1366306794 4091333139504129883 0.0 0 136 1 4510 145 468 136 5259
1366306794 7592363119867948587 0.0 0 139 1 4472 140 468 136 5216
1366306794 9229731835443789515 0.0 0 140 1 4472 135 472 136 5215
1366306794 353049271057931419 0.0 0 143 1 4455 125 482 135 5197
1366306794 14459557691679665435 0.0 0 144 1 4455 130 474 136 5195
1366306794 16345875362809081115 0.0 0 145 1 4395 130 474 138 5137
1366306794 5702497524348326011 0.0 0 147 1 4395 130 474 137 5136
1366306794 18106229443495383771 0.0 0 148 1 4395 130 472 138 5135
1366306794 13250905339808219867 0.0 0 149 1 4354 130 472 138 5094
1366306794 10586152868555312651 0.0 0 152 1 4226 125 472 139 4962
1366306794 5193766231814862283 0.0 0 154 1 4138 125 472 139 4874
1366306794 4096583444506965755 0.0 0 156 1 4052 125 472 140 4789
1366306794 14418254272321129979 0.0 0 158 1 4052 130 466 140 4788
1366306794 7755253731059400171 0.0 0 161 1 4046 135 456 141 4778
1366306794 17987525930683440299 0.0 0 162 1 4046 135 450 141 4772
1366306794 14339348623603883179 0.0 0 163 1 4046 130 454 141 4771
1366306794 13125244861575292619 0.0 0 167 1 4048 125 456 140 4769
1366306794 4082183288070858443 0.0 0 168 1 4038 125 466 139 4768
1366306794 3166229495055724171 0.0 0 169 1 3998 125 468 139 4730
1366306794 17722287686927591163 0.0 0 171 1 3998 125 466 139 4728
1366306794 6354956298091520795 0.0 0 177 1 3998 130 460 139 4727
1366306794 352692128554435355 0.0 0 178 1 3938 125 456 141 4660
1366306794 17784377742183297947 0.0 0 179 1 3938 125 452 142 4657
1366306794 1305142869070812059 0.0 0 180 1 3924 125 452 142 4643
1366306794 11920613344516446075 0.0 0 181 1 3884 125 454 142 4605
1366306794 14398985619263341387 0.0 0 182 1 3804 125 454 142 4525
1366306794 17638485999511520075 0.0 0 183 1 3774 130 450 143 4497
1366306794 3305068620000600907 0.0 0 184 1 3774 130 444 143 4491
1366306794 18323064181123543883 0.0 0 185 1 3774 130 442 143 4489
1366306794 9659157025382624923 0.0 0 186 1 3760 130 450 143 4483
1366306794 3569871764102909595 0.0 0 187 1 3728 135 424 144 4431
1366306794 15251410669404036667 0.0 0 188 1 3720 135 424 143 4422
1366306794 5525438103997161451 0.0 0 189 1 3718 135 424 144 4421
1366306794 16251415894705925867 0.0 0 190 1 3718 130 422 144 4414
1366306794 9857508033264044571 0.0 0 193 1 3688 130 408 144 4370
1366306794 7244032798938674811 0.0 0 196 1 3688 130 406 144 4368
1366306794 10505679198239913531 0.0 0 199 1 3678 130 406 144 4358
1366306794 1528341680755685323 0.0 0 201 1 3678 130 404 145 4357
1366306794 11907317804116751787 0.0 0 202 1 3678 130 402 145 4355
1366306794 8342103583208895915 0.0 0 203 1 3548 135 398 145 4226
1366306794 13465468966748962075 0.1 0 205 1 3528 135 398 146 4207
1366306794 4135839655252180251 0.1 0 206 1 3528 135 396 144 4203
1366306794 8581023863037590811 0.1 0 207 1 3528 140 390 143 4201
1366306794 11236912170523113259 0.1 0 208 1 3528 140 386 142 4196
1366306794 4382135970110222779 0.1 0 210 1 3506 140 382 140 4168
1366306794 11624144652592819275 0.1 0 211 1 3506 140 382 139 4167
1366306794 16528366108884065355 0.1 0 212 1 3506 140 382 138 4166
1366306794 16274616326325291915 0.1 0 214 1 3506 140 378 139 4163
1366306794 14382714628477956299 0.1 0 215 1 3506 135 382 138 4161
1366306794 5433003573851893963 0.1 0 216 1 3506 135 378 138 4157
1366306794 13788797013990237947 0.1 0 217 1 3506 140 372 138 4156
1366306794 3971545226874298331 0.1 0 225 1 3458 155 372 138 4123
1366306794 1003348816992903131 0.1 0 226 1 3211 155 372 137 3875
1366306794 18289440629628533579 0.1 0 228 1 3211 155 370 137 3873
1366306794 4301417893236112987 0.1 0 238 1 3161 155 372 136 3824
1366306794 4406532681386434139 0.1 0 240 1 3161 150 366 136 3813
1366306794 4307644327354097243 0.1 0 242 1 3141 145 384 138 3808
1366306794 5243736731065320539 0.1 0 243 1 3141 140 382 138 3801
1366306794 3305392466124552379 0.1 0 244 1 3141 140 382 137 3800
1366306794 2895647417686394491 0.1 0 245 1 3141 140 380 136 3797
1366306794 2362362738242390683 0.1 0 247 1 3125 140 370 135 3770
1366306794 15918330340919153723 0.1 0 248 1 3093 140 370 134 3737
1366306794 2847843908464951403 0.1 0 250 1 3093 140 366 132 3731
1366306794 10555386887253188715 0.1 0 251 1 3093 140 366 131 3730
1366306794 7858502961973954219 0.1 0 252 1 3021 140 366 132 3659
1366306794 7384461611577837227 0.1 0 253 1 3021 140 366 131 3658
1366306794 3627727617282926251 0.1 0 254 1 3021 140 356 131 3648
1366306794 13018220948647323 0.1 0 255 1 3015 140 356 132 3643
1366306794 8237940043156671899 0.1 0 256 1 3015 140 356 130 3641
1366306794 14838954921734833595 0.1 0 257 1 3015 140 354 131 3640
1366306794 6375744208525684987 0.1 0 259 1 3015 140 352 131 3638
1366306794 16569326423077286139 0.1 0 260 1 3015 140 352 130 3637
1366306794 254986567950093755 0.1 0 263 1 3007 140 354 130 3631
1366306794 17256639270059786059 0.1 0 273 1 2945 140 398 129 3612
1366306794 1040187818581820875 0.1 0 278 1 2945 145 380 131 3601
1366306794 11715714870491056331 0.1 0 282 1 2943 145 380 132 3600
1366306794 10313112799757662411 0.1 0 283 1 2917 145 392 133 3587
1366306794 3941611524478003403 0.1 0 284 1 2917 140 392 133 3582
1366306794 12977432518495639707 0.1 0 289 1 2917 140 382 134 3573
1366306794 2022911720298060091 0.1 0 290 1 2917 140 374 134 3565
1366306794 15836092796020570427 0.1 0 292 1 2917 140 374 133 3564
1366306794 2147394693999573307 0.1 0 293 1 2917 140 374 132 3563
1366306794 9220777746943080763 0.1 0 294 1 2917 135 374 133 3559
1366306794 17801361054858731515 0.1 0 298 1 2917 135 366 133 3551
1366306794 2982609059665326315 0.1 0 299 1 2907 135 366 133 3541
1366306794 4966612364081647851 0.1 0 300 1 2907 135 358 134 3534
1366306794 16114831928791732459 0.1 0 301 1 2867 135 358 136 3496
1366306794 15549493782117354587 0.1 0 305 1 2869 130 360 136 3495
1366306794 3720925780213006187 0.1 0 306 1 2869 130 354 137 3490
1366306794 5675456461794907915 0.1 0 310 1 2861 130 356 138 3485
1366306794 11862073845006354187 0.1 0 312 1 2861 130 356 137 3484
1366306794 2226832685530366587 0.1 0 315 1 2823 130 352 138 3443
1366306794 13622787166582350251 0.1 0 317 1 2789 130 352 138 3409
1366306794 15211839111153029211 0.1 0 318 1 2789 135 346 138 3408
1366306794 11585302565705961563 0.1 0 319 1 2779 135 346 138 3398
1366306794 12724171799733370971 0.1 0 320 1 2691 135 346 138 3310
1366306794 8616531731661370715 0.1 0 326 1 2681 135 346 139 3301
1366306794 4429494496731249643 0.1 0 327 1 2681 135 342 139 3297
1366306794 17812651119592225771 0.1 0 328 1 2571 135 352 139 3197
1366306794 6442450605914752459 0.1 0 329 1 2571 135 350 139 3195
1366306794 3559689026118261499 0.1 0 330 1 2571 135 348 138 3192
1366306794 13758810199148010235 0.1 0 331 1 2571 135 346 138 3190
1366306794 11395763135981472507 0.1 0 334 1 2571 130 350 137 3188
1366306794 11291279067261324027 0.1 0 335 1 2563 130 350 139 3182
1366306794 8858424799642094779 0.1 0 337 1 2533 130 346 140 3149
1366306794 8893674283125326011 0.1 0 338 1 2533 125 348 140 3146
1366306794 2978632401325637819 0.1 0 339 1 2533 125 348 139 3145
1366306794 15064935359404720315 0.1 0 340 1 2533 125 348 137 3143
1366306794 3452297711189728683 0.1 0 342 1 2503 125 356 137 3121
1366306794 1601009667558052699 0.1 0 344 1 2455 125 356 137 3073
1366306794 12948466542891196475 0.1 0 348 1 2445 135 350 135 3065
1366306794 13825570656161159883 0.1 0 352 1 2439 135 350 136 3060
1366306794 6479315414100667115 0.1 0 354 1 2419 135 354 136 3044
1366306794 14483397343302443211 0.1 0 355 1 2419 130 354 137 3040
1366306794 14512013065522262219 0.1 0 356 1 2376 130 354 137 2997
1366306794 16229670738362446027 0.1 0 357 1 2376 130 352 137 2995
1366306794 7196079019511552715 0.1 0 358 1 2362 130 352 137 2981
1366306794 16557955556520866283 0.1 0 359 1 2362 130 348 136 2976
1366306794 13708157518289349707 0.1 0 363 1 2352 135 348 135 2970
1366306794 2346666548584755883 0.1 0 364 1 2350 135 350 134 2969
1366306794 368290302110670763 0.1 0 370 1 2350 130 350 137 2967
1366306794 3792697319691799195 0.1 0 371 1 2350 130 346 137 2963
1366306794 8501228941239344235 0.1 0 372 1 2350 130 344 138 2962
1366306794 5349606345924168331 0.1 0 373 1 2350 130 344 137 2961
1366306794 7259162225335570875 0.1 0 374 1 2352 130 340 138 2960
1366306794 13944559004835815403 0.1 0 386 1 2348 130 340 140 2958
1366306794 2338952129443151243 0.1 0 390 1 2328 125 350 141 2944
1366306794 10841390808259755403 0.1 0 391 1 2328 125 342 142 2937
1366306794 15056466040693096507 0.1 0 392 1 2328 125 342 141 2936
1366306794 2544190337681723483 0.1 0 396 1 2328 120 342 143 2933
1366306794 6067562833005052043 0.1 0 398 1 2328 120 342 142 2932
1366306794 7859223580344537435 0.1 0 401 1 2328 120 340 142 2930
1366306794 932225634535816411 0.1 0 402 1 2328 120 336 142 2926
1366306794 970912831989855147 0.1 0 403 1 2305 120 336 142 2903
1366306794 624484833553470379 0.1 0 404 1 2305 120 332 142 2899
1366306794 8947397989416620971 0.1 0 405 1 2290 120 336 142 2888
1366306794 3738288274258277803 0.1 0 407 1 2290 120 334 142 2886
1366306794 2494073289917551723 0.1 0 409 1 2290 120 332 142 2884
1366306794 2013237351040001131 0.1 0 410 1 2282 120 332 143 2877
1366306794 9409693864388992635 0.1 0 415 1 2282 120 326 143 2871
1366306794 11635900560017669179 0.1 0 419 1 2232 120 336 143 2831
1366306794 1073140784696714571 0.1 0 420 1 2232 120 334 142 2828
1366306794 13894620239101723979 0.1 0 421 1 2232 120 332 141 2825
1366306794 768530195114290923 0.1 0 422 1 2232 115 336 141 2824
1366306794 17563286793411282939 0.1 0 424 1 2232 115 334 142 2823
1366306794 4455853292853726347 0.1 0 426 1 2232 115 334 141 2822
1366306794 15918274842578283291 0.1 0 429 1 2224 110 338 141 2813
1366306794 6966313528831702091 0.1 0 431 1 2166 110 342 141 2759
1366306794 7448811204809950283 0.1 0 433 1 2166 105 338 141 2750
1366306794 13799261641789623787 0.1 0 434 1 2166 105 334 142 2747
1366306794 12251376981823552619 0.1 0 436 1 2166 105 332 143 2746
1366306794 15892634490406399083 0.1 0 437 1 2146 105 332 143 2726
1366306794 1932424157906955371 0.1 0 438 1 2136 110 332 143 2721
1366306794 9399676891131509723 0.1 0 447 1 2136 110 332 142 2720
1366306794 1937951826170050683 0.1 0 450 1 2134 110 332 141 2717
1366306794 10212737381414511947 0.1 0 451 1 2134 110 320 141 2705
1366306794 11574417125177992523 0.1 0 452 1 2076 110 320 140 2646
1366306794 17086890305172579659 0.1 0 455 1 2026 110 322 141 2599
1366306794 2879753986924645819 0.1 0 456 1 2026 110 320 141 2597
1366306794 626163585411588059 0.1 0 459 1 2016 110 320 142 2588
1366306794 891430234044931947 0.1 0 462 1 1966 115 314 143 2538
1366306794 10311450275619821115 0.1 0 465 1 1966 115 314 141 2536
1366306794 4317015082053998139 0.1 0 466 1 1966 115 314 140 2535
1366306794 7657388920178659371 0.1 0 474 1 1915 120 326 139 2500
1366306794 4779607185991551707 0.1 0 479 1 1915 120 324 139 2498
1366306794 5738090834070622171 0.1 0 486 1 1819 115 326 141 2401
1366306794 17583811531661341611 0.1 0 488 1 1819 115 326 140 2400
1366306794 4260991080953986347 0.1 0 491 1 1705 115 328 142 2290
1366306794 12520906637473741275 0.1 0 493 1 1657 115 328 142 2242
1366306794 15228728230509446075 0.1 0 498 1 1657 110 328 142 2237
1366306794 11453899536522441659 0.1 0 502 1 1657 110 322 143 2232
1366306794 13664070334103719707 0.1 0 504 1 1657 110 320 143 2230
1366306794 12974900214143774491 0.1 0 506 1 1607 110 320 144 2181
1366306794 12763274023871418139 0.1 0 507 1 1607 110 320 143 2180
1366306794 2415804525331999723 0.1 0 508 1 1575 110 324 143 2152
1366306794 8436120650965052395 0.1 0 509 1 1575 110 318 143 2146
1366306794 1782961438832501803 0.1 0 510 1 1567 110 318 143 2138
1366306794 11738554411248504859 0.1 0 512 1 1443 110 318 144 2015
1366306794 11128887345539011403 0.1 0 513 1 1443 110 316 145 2014
1366306794 12307727477385578651 0.1 0 514 1 1443 110 316 144 2013
1366306794 6425522759873221275 0.1 0 515 1 1443 110 314 145 2012
1366306794 10466047531181498491 0.1 0 517 1 1443 110 314 144 2011
1366306794 5474442722778611515 0.1 0 518 1 1443 110 314 143 2010
1366306794 7640476528068466955 0.1 0 522 1 1421 110 316 143 1990
1366306794 6615975276725492715 0.1 0 523 1 1421 110 314 143 1988
1366306794 943736629863142315 0.1 0 524 1 1421 110 310 143 1984
1366306794 15753808636208361403 0.1 0 528 1 1421 110 306 143 1980
1366306794 4849999555792693707 0.1 0 535 1 1421 110 306 142 1979
1366306794 12716689287706251 0.1 0 538 1 1421 115 298 143 1977
1366306794 10846825335715242699 0.1 0 540 1 1421 115 296 144 1976
1366306794 13468793914708054011 0.1 0 544 1 1373 120 294 144 1931
1366306794 17557225539481996347 0.1 0 552 1 1323 130 294 146 1893
1366306794 5627005882973050443 0.1 0 555 1 1283 130 298 145 1856
1366306794 4229155727975185547 0.1 0 556 1 1283 130 296 146 1855
1366306794 7237385953166911355 0.1 0 562 1 1283 135 282 149 1849
1366306794 17300169107179205227 0.1 0 564 1 1283 130 284 151 1848
1366306794 10457350609403916907 0.1 0 567 1 1283 130 284 150 1847
1366306794 4099635500737710107 0.1 0 573 1 1263 130 286 149 1828
1366306794 8031901412783307003 0.1 0 578 1 1183 135 282 149 1749
1366306794 16669781857946803659 0.1 0 579 1 1181 135 278 149 1743
1366306794 3513466664695950075 0.1 0 581 1 1181 135 276 149 1741
1366306794 3078914964698815227 0.1 0 584 1 1181 130 280 149 1740
1366306794 9738918702187272955 0.1 0 587 1 1139 130 280 151 1700
1366306794 2661741360109300427 0.1 0 590 1 1129 130 280 151 1690
1366306794 16687617535518689867 0.1 0 591 1 1119 130 280 150 1679
1366306794 8662562495039613515 0.1 0 593 1 1119 130 278 150 1677
1366306794 14266229941100659915 0.1 0 603 1 1096 130 286 149 1661
1366306794 6606317606042649163 0.1 0 609 1 1096 130 284 150 1660
1366306794 112630870497181419 0.1 0 610 1 1076 130 284 150 1640
1366306794 14358276532068182443 0.1 0 611 1 1076 125 280 151 1632
1366306794 1192432909962152539 0.1 0 612 1 1076 120 280 151 1627
1366306794 7113248085521535243 0.1 0 613 1 1076 120 274 151 1621
1366306794 11745102780781801627 0.1 0 615 1 913 120 274 153 1460
1366306794 14623521102267666107 0.1 0 619 1 913 120 274 152 1459
1366306794 7993070931175804603 0.1 0 620 1 863 120 274 152 1409
1366306794 13993902425589118411 0.1 0 621 1 863 120 274 151 1408
1366306794 9564731090950649291 0.1 0 622 1 863 115 276 151 1405
1366306794 13391607268543477195 0.1 0 623 1 863 115 276 150 1404
1366306794 3519584624899221723 0.1 0 624 1 863 115 274 150 1402
1366306794 12970911352490854059 0.1 0 630 1 863 115 274 149 1401
1366306794 7802186608957984459 0.1 0 631 1 855 115 274 148 1392
1366306794 13472842028913438091 0.1 0 638 1 855 110 278 148 1391
1366306794 12299479414499691915 0.1 0 639 1 845 110 278 147 1380
1366306794 4585099213466600635 0.1 0 647 1 845 110 278 145 1378
1366306794 12993067836483279211 0.1 0 651 1 845 110 276 146 1377
1366306794 17782292809291383403 0.1 0 654 1 832 110 276 149 1367
1366306794 3600643163449700331 0.1 0 655 1 832 110 274 148 1364
1366306794 11710884192509594875 0.1 0 658 1 812 115 282 147 1356
1366306794 18401444166469060475 0.1 0 660 1 792 115 286 145 1338
1366306794 14643348413571662779 0.1 0 668 1 678 115 288 143 1224
1366306794 9571384241750194155 0.1 0 670 1 678 115 282 144 1219
1366306794 15869703351457807307 0.1 0 673 1 678 110 286 144 1218
1366306794 13393548873580445275 0.1 0 675 1 678 105 288 144 1215
1366306794 8247871771297112331 0.1 0 680 1 668 105 292 145 1210
1366306794 6090239353208556059 0.1 0 681 1 668 105 292 144 1209
1366306794 16838582776068708907 0.1 0 682 1 668 105 292 143 1208
1366306794 1379359706857516059 0.1 0 684 1 668 105 290 144 1207
1366306794 5047777604721675131 0.1 0 690 1 668 105 290 143 1206
1366306794 10371037042330013099 0.1 0 691 1 668 105 286 143 1202
1366306794 18147128930578402395 0.1 0 692 1 626 105 286 143 1160
1366306794 9801507471891904555 0.1 0 695 1 626 105 284 143 1158
1366306794 15550634194481281067 0.1 0 696 1 626 105 284 141 1156
1366306794 9384048999086804939 0.1 0 700 1 626 110 278 140 1154
1366306794 10588963452011454411 0.1 0 701 1 521 110 278 141 1050
1366306794 6646897061455998091 0.1 0 706 1 521 110 278 140 1049
1366306794 10059594248683639211 0.1 0 707 1 521 110 274 141 1046
1366306794 7680466476822450603 0.1 0 720 1 521 105 272 142 1040
1366306794 15551917445117507867 0.1 0 721 1 521 105 270 143 1039
1366306794 6041405978442916555 0.1 0 722 1 521 105 268 143 1037
1366306794 11431591436977898763 0.1 0 753 1 508 110 266 149 1033
1366306794 6976133855720592795 0.1 0 758 1 508 110 266 148 1032
1366306794 14365219844803143915 0.1 0 759 1 508 110 266 147 1031
1366306794 604418078241557419 0.1 0 763 1 508 110 264 147 1029
1366306794 749147126112106539 0.1 0 764 1 508 110 264 146 1028
1366306794 3543174957915502635 0.1 0 765 1 508 110 264 144 1026
1366306794 5662465068669865707 0.1 0 767 1 508 110 262 144 1024
1366306794 15506958619678439227 0.1 0 768 1 508 110 260 144 1022
1366306794 3220233729729525563 0.1 0 770 1 506 110 262 143 1021
1366306794 2409623283736503899 0.1 0 778 1 506 110 260 144 1020
1366306794 251626921073617675 0.1 0 802 1 345 105 274 142 866
1366306794 774884572539949451 0.1 0 804 1 345 105 274 141 865
1366306794 6664076345777271179 0.1 0 806 1 342 105 274 140 861
1366306794 8971453370212680459 0.1 0 807 1 342 110 262 140 854
1366306794 4410351836529949371 0.1 0 809 1 342 105 262 141 850
1366306794 14362803894260839211 0.1 0 812 1 342 110 256 141 849
1366306794 15395559127150880811 0.1 0 814 1 342 110 256 140 848
1366306794 10351614730965592107 0.1 0 815 1 320 110 256 139 825
1366306794 4025446895511812955 0.1 0 817 1 320 110 256 138 824
1366306794 9631079374231500251 0.1 0 821 1 320 110 252 140 822
1366306794 9759855309883778523 0.1 0 822 1 320 110 252 139 821
1366306794 6620739966814772395 0.1 0 826 1 320 115 244 139 818
1366306794 633204043688083707 0.1 0 833 1 318 115 246 138 817
1366306794 8919740533349392635 0.1 0 834 1 318 115 246 137 816
1366306794 6113510698273364203 0.1 0 845 1 318 115 244 136 813
1366306794 4400962229678745835 0.1 0 846 1 318 115 240 136 809
1366306794 12916284547748516779 0.1 0 849 1 318 115 238 137 808
1366306794 4224330361429721595 0.1 0 857 1 313 110 248 136 807
1366306794 15331331276830268379 0.1 0 858 1 313 110 244 135 802
1366306794 4285387432317393451 0.1 0 860 1 313 105 248 134 800
1366306794 17484683526731733547 0.1 0 862 1 313 100 248 135 796
1366306794 995692168568993499 0.1 0 863 1 313 100 248 134 795
1366306794 5767115340698472267 0.1 0 864 1 313 100 248 133 794
1366306794 3989499804767947147 0.1 0 866 1 313 100 248 132 793
1366306794 5062540455881233035 0.1 0 974 1 189 100 252 128 669
1366306794 2611156326592934539 0.1 0 975 1 189 95 254 129 667
1366306794 526083748899889803 0.1 0 976 1 179 95 250 129 653
1366306794 7753468020842671291 0.1 0 980 1 179 90 252 131 652
1366306794 18035382261427872427 0.1 0 981 1 179 90 250 131 650
1366306794 5530446535755797163 0.1 0 982 1 179 90 250 130 649
1366306794 8211200758453939467 0.1 0 991 1 147 100 246 127 620
1366306794 6307906804645663707 0.1 0 1015 1 147 95 244 133 619
1366306794 5527425619413314539 0.1 0 1059 1 147 95 242 133 617
1366306794 9163404010327370267 0.2 0 1065 1 147 95 242 132 616
1366306794 15986156747281844763 0.2 0 1066 1 147 95 242 131 615
1366306794 18139603668487891755 0.2 0 1070 1 139 95 244 131 609
1366306794 2333514774030858107 0.2 0 1072 1 139 95 242 132 608
1366306794 6009036362838684763 0.2 0 1074 1 139 95 240 132 606
1366306794 6389646600348890443 0.2 0 1076 1 139 95 240 131 605
1366306794 12205026139694372171 0.2 0 1077 1 139 95 240 130 604
1366306794 3726181959820686955 0.2 0 1078 1 139 95 238 130 602
1366306794 10013956684719556203 0.2 0 1079 1 139 95 238 129 601
1366306794 4819462191821235707 0.2 0 1117 1 137 95 242 126 600
1366306794 9149789564931567963 0.2 0 1121 1 137 95 242 125 599
1366306794 11138611059277957707 0.2 0 1122 1 137 95 240 126 598
1366306794 6590088403018672779 0.2 0 1125 1 134 95 240 126 595
1366306794 15498575431157270219 0.2 0 1135 1 134 95 238 126 593
1366306794 10229766622838442571 0.2 0 1138 1 134 95 238 125 592
1366306794 5004859431143270987 0.2 0 1139 1 134 95 238 124 591
1366306794 13264936074319835755 0.2 0 1144 1 134 90 240 125 589
1366306794 16132328598344398955 0.2 0 1146 1 134 90 238 125 587
1366306794 8604617995459748971 0.2 0 1186 1 134 85 236 130 585
1366306794 4765785121169379179 0.2 0 1194 1 134 80 238 131 583
1366306794 401455207430034523 0.2 0 1197 1 114 80 246 131 571
1366306794 649202449151288971 0.2 0 1207 1 114 75 248 132 569
1366306794 17988923003812576987 0.2 0 1221 1 104 70 256 134 564
1366306794 15089120048835741531 0.2 0 1224 1 104 70 254 135 563
1366306794 5902450658016524123 0.2 0 1225 1 104 70 254 134 562
1366306794 8052570794579848539 0.2 0 1227 1 104 70 252 134 560
1366306794 9389254374066083883 0.2 0 1229 1 104 70 250 134 558
1366306794 13689376851452424603 0.2 0 1234 1 104 70 248 134 556
1366306794 18085545743924886651 0.2 0 1235 1 104 70 248 133 555
1366306794 6552506826160175707 0.2 0 1240 1 104 70 248 132 554
1366306794 15052151070477105339 0.2 0 1243 1 104 70 246 133 553
1366306794 14200315632642334923 0.2 0 1249 1 104 70 244 133 551
1366306794 10998723321610923675 0.2 0 1253 1 102 70 244 134 550
1366306794 11649014350060276379 0.2 0 1255 1 102 70 244 133 549
1366306794 13533250987622455963 0.2 0 1256 1 102 70 244 132 548
1366306794 9742038793632470475 0.2 0 1258 1 102 70 244 131 547
1366306794 7912786217378268219 0.2 0 1270 1 102 75 238 130 545
1366306794 595287064119100475 0.2 0 1271 1 102 75 238 129 544
1366306794 16695700574159564603 0.2 0 1287 1 102 75 238 127 542
1366306794 7385877134152766987 0.2 0 1296 1 102 70 240 128 540
1366306794 3498963086027888491 0.2 0 1341 1 81 75 234 131 521
1366306794 12164403380179793915 0.2 0 1386 1 74 75 240 128 517
1366306794 10678632792609248907 0.2 0 1423 1 74 75 236 131 516
1366306794 12482770632090558843 0.2 0 1424 1 74 70 240 131 515
1366306794 2636742378451656715 0.2 0 1434 1 64 70 240 134 508
1366306794 13582143228160617115 0.2 0 1436 1 64 70 236 134 504
1366306794 9915037962065349275 0.2 0 1437 1 64 70 236 133 503
1366306794 1543049502625761947 0.2 0 1439 1 64 70 236 132 502
1366306794 2995871094649196075 0.2 0 1445 1 64 70 234 130 498
1366306794 10336537512682780651 0.2 0 1446 1 62 70 232 130 494
1366306794 1570846548388940155 0.2 0 1461 1 62 70 232 129 493
1366306794 13619523103868483963 0.2 0 1464 1 62 70 232 128 492
1366306794 5028153936051624299 0.2 0 1467 1 62 70 228 129 489
1366306794 6005378166425154267 0.2 0 1471 1 62 70 228 128 488
1366306794 5652727705898162283 0.2 0 1472 1 62 70 228 127 487
1366306794 1836266684347852123 0.2 0 1498 1 56 70 228 128 482
1366306794 9814141373007163371 0.2 0 1544 1 54 70 226 131 481
1366306794 12105204472604027435 0.2 0 1550 1 54 70 226 130 480
1366306794 2981625518579228987 0.2 0 1617 1 44 75 230 130 479
1366306794 12929370953004557403 0.2 0 1632 1 45 80 224 129 478
1366306794 9383275883244178139 0.2 0 1693 1 46 90 214 125 475
1366306794 653330486032783563 0.2 0 1700 1 49 90 204 128 471
1366306794 9657313505907380603 0.2 0 1809 1 47 75 212 134 468
1366306794 8447178659886354235 0.2 0 1810 1 47 75 212 133 467
1366306794 7289707755047666379 0.2 0 1818 1 47 75 206 133 461
1366306794 2289337427846160027 0.2 0 1830 1 47 70 214 129 460
1366306794 7311298081355426427 0.2 0 1832 1 47 70 214 128 459
1366306794 11742857882989504747 0.2 0 1836 1 47 70 214 127 458
1366306794 12472164251241436475 0.2 0 1837 1 47 70 212 127 456
1366306794 10050463336475080987 0.2 0 2007 1 49 70 204 132 455
1366306794 9371526749716625675 0.2 0 2010 1 49 70 200 132 451
1366306794 12194552970541840651 0.2 0 2012 1 49 70 200 131 450
1366306794 10455015690949570875 0.2 0 2013 1 49 70 200 130 449
1366306794 13679594062754339707 0.2 0 2017 1 51 65 204 128 448
1366306794 1168096277713161643 0.2 0 2018 1 51 65 202 129 447
1366306794 8356855927032263147 0.2 0 2075 1 51 60 208 127 446
1366306794 10023990117690810363 0.2 0 2083 1 51 55 212 125 443
1366306794 13393990936273440091 0.2 0 2084 1 51 55 212 124 442
1366306794 14785707031200862139 0.2 0 2114 1 51 55 212 123 441
1366306794 17334431488891865483 0.2 0 2455 1 40 50 220 128 438
1366306794 10873507534436022715 0.2 0 2457 1 40 50 220 126 436
1366306794 16247860533521686139 0.2 0 2458 1 40 50 218 126 434
1366306794 8560268232123344619 0.2 0 2464 1 40 50 218 125 433
1366306794 4525279251660067403 0.2 0 2466 1 42 50 214 125 431
1366306794 7776662997658320683 0.2 0 2476 1 40 55 206 128 429
1366306794 8484662605162782843 0.2 0 2478 1 40 55 206 127 428
1366306794 3718675177238851931 0.2 0 2479 1 40 55 204 127 426
1366306794 7068552490235942859 0.2 0 2480 1 40 55 202 128 425
1366306794 7720821312340974555 0.2 0 2721 1 32 55 212 122 421
1366306794 3590602760166960715 0.2 0 2723 1 32 55 212 121 420
1366306794 9774848491230693451 0.2 0 2724 1 32 55 210 121 418
1366306794 13690812593045543979 0.2 0 2782 1 28 60 202 125 415
1366306794 6349801414141217259 0.2 0 2846 1 30 45 214 125 414
1366306794 9954888523408141435 0.2 0 3253 1 37 55 196 125 413
1366306794 9469401929289623371 0.2 0 3263 1 35 60 192 125 412
1366306794 13084589641224791883 0.2 0 3264 1 35 60 192 124 411
1366306794 16021034255548372875 0.2 0 3265 1 35 60 192 123 410
1366306794 12665448137400444427 0.2 0 3268 1 36 55 192 126 409
1366306794 1064733262401848843 0.2 0 3269 1 36 55 192 125 408
1366306794 3071926662734867595 0.2 0 3279 1 34 55 192 126 407
1366306794 926788133319617675 0.2 0 3280 1 34 55 190 125 404
1366306794 990527753918817611 0.2 0 3281 1 34 55 188 125 402
1366306794 10602964828491386891 0.2 0 3284 1 34 55 188 124 401
1366306794 5787620281355761995 0.2 0 3313 1 35 50 194 121 400
1366306794 4710300101500562043 0.2 0 3315 1 35 45 198 121 399
1366306794 17509357976494369019 0.2 0 3319 1 35 45 198 120 398
1366306794 13663320263320978027 0.2 0 3326 1 35 45 198 119 397
1366306794 1813396079098380907 0.2 0 3329 1 35 45 198 118 396
1366306794 15977896118228855451 0.2 0 3331 1 35 45 198 117 395
1366306794 13390546963213953115 0.2 0 3343 1 35 45 198 116 394
1366306794 13173264822345259883 0.2 0 3357 1 35 45 196 117 393
1366306794 11651755648809106539 0.2 0 3382 1 33 50 192 116 391
1366306794 6525816718037349195 0.2 0 3388 1 30 50 196 114 390
1366306794 7827696769191385227 0.2 0 3389 1 30 45 200 114 389
1366306794 4182687295407131899 0.2 0 3391 1 30 45 200 113 388
1366306794 9117936591912488251 0.2 0 3486 1 30 55 180 122 387
1366306794 10733852178729711195 0.2 0 3495 1 30 55 182 119 386
1366306794 6673124139130415179 0.2 0 3505 1 17 55 180 121 373
1366306794 6521632339868395595 0.2 0 3506 1 17 55 180 120 372
1366306794 3195472597923038539 0.2 0 3561 1 15 55 184 117 371
1366306794 13047041558224078155 0.2 0 3562 1 15 55 184 115 369
1366306794 17839077316004962059 0.2 0 4148 1 4 45 194 117 360
1366306794 12265688783057137995 0.2 0 4159 1 4 45 194 116 359
1366306794 7839959917663388907 0.2 0 4169 1 4 55 184 115 358
1366306794 14833438637793874363 0.2 0 4583 1 6 50 186 113 355
1366306794 1428507149500415483 0.2 0 4587 1 6 50 186 112 354
1366306794 9998528035412006987 0.2 0 4588 1 6 50 184 112 352
1366306794 798405600589197275 0.2 0 5483 1 4 45 186 116 351
1366306794 4483669587031396315 0.2 0 5485 1 4 45 186 114 349
1366306794 4665442033721696827 0.2 0 5660 1 4 70 152 122 348
1366306794 9181437864803073275 0.2 0 5668 1 2 70 152 123 347
1366306794 6677357745303934475 0.2 0 5671 1 2 65 156 123 346
1366306794 16430017615314040331 0.2 0 5672 1 2 65 156 121 344
1366306794 1760924816143335915 0.2 0 6881 1 4 40 190 109 343
1366306794 18256910917030630123 0.2 0 6885 1 4 40 186 109 339
1366306794 706118565049027611 0.2 0 6887 1 4 40 184 110 338
1366306794 3658618125242537755 0.2 0 7054 1 4 50 166 116 336
1366306794 13387958365538741243 0.2 0 7055 1 2 50 166 115 333
1366306794 11635256610281421819 0.2 0 7056 1 2 50 166 114 332
1366306794 17074078656822004731 0.2 0 7057 1 2 50 166 113 331
1366306794 792792991102586891 0.2 0 7058 1 2 45 170 113 330
1366306794 5827511531636451051 0.2 0 7060 1 2 45 170 112 329
1366306794 17007664094123434571 0.2 0 7110 1 2 40 170 116 328
1366306794 9617451127095226667 0.2 0 7113 1 2 40 168 117 327
1366306794 5485526791477876107 0.2 0 7129 1 0 35 174 117 326
1366306794 11145031529973479371 0.2 0 7131 1 0 35 172 116 323
1366306794 1953837399831687179 0.2 0 7145 1 0 30 176 116 322
1366306794 2900510318328833051 0.2 0 7147 1 0 30 176 115 321
1366306794 10418421745715840411 0.2 0 7157 1 0 30 176 114 320
1366306794 11845691548002636075 0.2 0 7159 1 0 35 172 112 319
1366306794 9396641160685502267 0.2 0 7168 1 2 35 168 113 318
1366306794 9119950155538994491 0.2 0 7170 1 2 30 168 115 315
1366306794 5224868834855445835 0.2 0 7173 1 2 30 168 114 314
1366306794 14745289175117489035 0.2 0 7179 1 2 30 168 113 313
1366306794 8964693058359602763 0.2 0 7200 1 0 30 168 114 312
1366306794 14783142472619035147 0.2 0 7247 1 2 35 160 114 311
1366306794 10302640417729325579 0.2 0 7248 1 2 35 158 113 308
1366306794 14140430669424908347 0.2 0 7342 1 2 45 144 116 307
1366306794 3270815343551655019 0.2 0 7344 1 2 50 138 116 306
1366306794 15804386222256710379 0.2 0 7564 1 4 50 130 120 304
1366306794 6865846362052653243 0.2 0 7576 1 4 50 130 119 303
1366306794 17879722221228286715 0.2 0 7713 1 0 55 128 119 302
1366306794 8136559096001808427 0.2 0 7716 1 0 55 128 118 301
1366306794 5636134980938171867 0.2 0 7718 1 0 55 126 118 299
1366306794 13505225934057526523 0.2 0 7720 1 0 55 126 117 298
1366306794 3679079345784599675 0.2 0 7756 1 0 50 134 113 297
1366306794 635653533883033115 0.2 0 7871 1 0 50 132 113 295
1366306794 605039378433448635 0.2 0 7876 1 0 50 132 112 294
1366306794 5757774935605362939 0.2 0 9309 1 4 40 130 119 293
1366306794 3822830679389138059 0.2 0 9320 1 6 40 130 116 292
1366306794 3059768389416621147 0.3 0 9330 1 6 40 130 115 291
1366306794 7471417786868161355 0.3 0 9332 1 6 40 130 114 290
1366306794 9907176622709110443 0.3 0 9335 1 4 40 130 115 289
1366306794 10003419374272604987 0.3 0 9841 1 6 30 142 110 288
1366306794 1872716973643135771 0.3 0 12142 1 4 35 132 115 286
1366306794 18144881079939992187 0.3 0 12143 1 4 35 130 115 284
1366306794 686604550870739275 0.3 0 12146 1 4 35 130 113 282
1366306794 13870947895143757403 0.3 0 12148 1 4 35 130 112 281
1366306794 11947221090298669643 0.3 0 12149 1 4 35 128 113 280
1366306794 6901324508518243211 0.3 0 12151 1 4 35 126 113 278
1366306794 11197445463804132907 0.3 0 12155 1 4 35 126 112 277
1366306794 1446375724169829835 0.3 0 12156 1 4 35 126 111 276
1366306794 4589921362242538955 0.3 0 12158 1 4 35 126 110 275
1366306794 5934758399992618443 0.3 0 12159 1 4 35 126 109 274
1366306794 17525705019102212571 0.3 0 12160 1 4 35 124 110 273
1366306794 3805969070013936891 0.3 0 17232 1 6 35 122 109 272
1366306794 3501757540226448683 0.3 0 17233 1 6 35 122 108 271
1366306794 5280159122876285227 0.3 0 17262 1 2 35 118 113 268
1366306794 5505613229556865739 0.3 0 18088 1 0 30 130 107 267
1366306794 4819771489899162891 0.3 0 18094 1 0 30 126 110 266
1366306794 10016096418982061339 0.3 0 18098 1 0 30 126 109 265
1366306794 9158954274066844859 0.3 0 18099 1 0 30 126 108 264
1366306794 9308914791601968731 0.3 0 18173 1 0 35 116 112 263
1366306794 16538790544737379931 0.3 0 18174 1 0 35 116 110 261
1366306794 16232179315849446267 0.3 0 18203 1 0 30 112 116 258
1366306794 4337364754860884859 0.3 0 18204 1 0 30 112 115 257
1366306794 9717022269999807499 0.3 0 18413 1 0 35 120 101 256
1366306794 14206989121144834891 0.3 0 18439 1 0 35 120 100 255
1366306794 13933178113156207995 0.3 0 18442 1 0 35 120 99 254
1366306794 15568990876446020411 0.3 0 19385 1 1 30 114 107 252
1366306794 17127565838610168843 0.3 0 19408 1 1 30 114 106 251
1366306794 1090128326964157675 0.3 0 19418 1 1 30 114 105 250
1366306794 5969470723005014539 0.3 0 19434 1 1 30 112 106 249
1366306794 3965322925927869659 0.3 0 19638 1 6 30 112 100 248
1366306794 607011811104299435 0.3 0 19639 1 6 30 112 99 247
1366306794 16326751765571952395 0.3 0 19641 1 6 30 110 99 245
1366306794 9381306354889488923 0.3 0 23452 1 1 40 96 107 244
1366306794 5320869317703249723 0.3 0 23454 1 1 40 96 106 243
1366306794 10367394945036229419 0.3 0 23461 1 1 40 94 107 242
1366306794 2148138861099152059 0.3 0 23648 1 1 35 98 107 241
1366306794 1277858758280646779 0.3 0 23658 1 1 35 100 104 240
1366306794 844601227472013163 0.3 0 25596 1 0 35 104 100 239
1366306794 7470479590059343019 0.3 0 25599 1 0 35 104 98 237
1366306794 15723067186345633387 0.3 0 25613 1 0 35 102 97 234
1366306794 10951070157970734523 0.4 0 31519 1 0 25 106 102 233
1366306794 8956376156051624427 0.4 0 31520 1 0 25 106 101 232
1366306794 8889765506142609147 0.4 0 31810 1 0 25 106 100 231
1366306794 7936581866642144123 0.4 0 31850 1 0 25 108 96 229
1366306794 9493124136993996395 0.4 0 31856 1 0 25 108 95 228
1366306794 8875977970313133483 0.4 0 31876 1 0 25 106 96 227
1366306794 11882364054955616107 0.4 0 31881 1 0 25 104 97 226
1366306794 472882439094981803 0.4 0 31883 1 0 25 104 96 225
1366306794 12957977175869345323 0.4 0 31885 1 0 25 104 95 224
1366306794 12267425280428518843 0.4 0 31891 1 0 25 104 94 223
1366306794 12300494728265973579 0.4 0 35807 1 0 25 108 89 222
1366306794 2362003301228521435 0.4 0 36148 1 0 25 102 94 221
1366306794 17717981718184565195 0.4 0 36182 1 0 25 102 92 219
1366306794 507211943675073707 0.4 0 36184 1 0 30 98 90 218
1366306794 5727626274285380667 0.4 0 36200 1 0 30 98 89 217
1366306794 12152007377756818683 0.4 0 38294 1 0 30 96 90 216
1366306794 6238916017914390795 0.4 0 38774 1 0 30 98 87 215
1366306794 4467123750825012011 0.4 0 39288 1 0 35 90 89 214
1366306794 8813793554316211099 0.4 0 39302 1 0 35 90 88 213
1366306794 3361412847772697387 0.4 0 39304 1 0 35 90 87 212
1366306794 8299502332765885451 0.4 0 39310 1 0 35 90 86 211
1366306794 6555142165220496427 0.4 0 39315 1 0 35 90 85 210
1366306794 16546033074124166187 0.4 0 39316 1 0 35 90 84 209
1366306794 9666867623114153803 0.4 0 39322 1 0 35 90 83 208
1366306794 889085659979637579 0.4 0 39359 1 0 40 86 81 207
1366306794 11174530996221029451 0.4 0 39883 1 0 30 92 84 206
1366306794 14653963373756515739 0.4 0 40024 1 0 30 94 81 205
1366306794 8928080102191937259 0.5 0 44073 1 0 35 94 75 204
1366306794 8138733909282070203 0.5 0 44075 1 0 35 94 74 203
1366306794 2927818702369063691 0.5 0 44077 1 0 35 94 73 202
1366306794 3675128415297496923 0.5 0 44679 1 0 30 98 73 201
1366306794 2480348061962095499 0.5 0 45172 1 0 30 98 71 199
1366306794 4076875274536620203 0.5 0 45398 1 0 30 100 68 198
1366306794 7533026272433950539 0.5 0 45399 1 0 30 98 68 196
1366306794 5415745825128844683 0.5 0 45400 1 0 30 98 67 195
1366306794 16317510987930428171 0.5 0 45404 1 0 30 98 66 194
1366306794 5189390088660855147 0.5 0 45410 1 0 30 98 65 193
1366306794 13878648300271611627 0.5 0 45418 1 0 30 98 64 192
1366306794 15278246435175364587 0.5 0 45421 1 0 30 98 63 191
1366306794 12134448046981078027 0.5 0 45422 1 0 30 98 62 190
1366306794 8652429113845768315 0.5 0 50236 1 0 35 88 66 189
1366306794 14966209918494069899 0.5 0 50258 1 0 30 92 66 188
1366306794 12752994958999409131 0.5 0 50263 1 0 30 92 65 187
1366306794 18100861103233792011 0.5 0 50274 1 0 30 92 64 186
1366306794 10422061036741540491 0.5 0 50297 1 0 30 92 63 185
1366306794 15077143286531458683 0.5 0 50307 1 0 30 92 62 184
1366306794 16125949131379647131 0.5 0 50441 1 0 30 94 59 183
1366306794 1855011631239244187 0.5 0 50447 1 0 30 94 58 182
1366306794 14023104008217420603 0.5 0 50458 1 0 30 94 57 181
1366306794 16891010734741437019 0.5 0 50472 1 0 30 94 56 180
1366306794 14251508849401965755 0.5 0 50551 1 0 30 92 57 179
1366306794 1731596251765369227 0.5 0 50556 1 0 30 92 56 178
1366306794 92745298347939099 0.5 0 50567 1 0 30 92 55 177
1366306794 18439329036156791531 0.6 0 51697 1 0 30 90 56 176
1366306794 13291469574219873579 0.6 0 51699 1 0 30 90 55 175
1366306794 7560046198704300491 0.6 0 51716 1 0 30 90 54 174
1366306794 12549483943826554443 0.6 0 51718 1 0 30 90 53 173
1366306794 6127337291989318347 0.6 0 52214 1 0 35 86 51 172
1366306794 12527508387584005787 0.6 0 52483 1 0 30 88 53 171
1366306794 9903358592651242667 0.6 0 52487 1 0 30 88 52 170
1366306794 9914978990323797211 0.6 0 52508 1 0 30 88 51 169
1366306794 6339831295780115563 0.6 0 52518 1 0 30 88 50 168
1366306794 17930956546619111003 0.6 0 52522 1 0 30 88 49 167
1366306794 6320394621088166843 0.6 0 52544 1 0 30 88 48 166
1366306794 18132093017668682315 0.6 0 52556 1 0 30 88 47 165
1366306794 300863320985195035 0.6 0 52599 1 0 30 88 46 164
1366306794 12646103938128861307 0.6 0 52602 1 0 30 88 45 163
1366306794 13723105381182685419 0.6 0 52634 1 0 30 88 44 162
1366306794 2921360628890835435 0.6 0 54373 1 0 30 88 43 161
1366306794 13606835417138985163 0.6 0 54374 1 0 30 88 42 160
1366306794 10729013364877814475 0.6 0 55215 1 0 30 88 41 159
1366306794 12241957005604451083 0.6 0 55533 1 0 30 88 40 158
1366306794 10375485750438170587 0.6 0 55658 1 0 30 88 39 157
1366306794 1232116995981023195 0.6 0 55754 1 0 30 90 36 156
1366306794 2633626337410897291 0.6 0 55755 1 0 30 90 35 155
1366306794 1347555978282558027 0.6 0 55891 1 0 30 88 36 154
1366306794 18039668034578912123 0.6 0 55901 1 0 30 88 35 153
1366306794 16924179207527271003 0.6 0 55917 1 0 30 88 34 152
1366306794 2158918770659061691 0.7 0 56573 1 0 30 88 33 151
1366306794 3214818497938563835 0.7 0 56583 1 0 30 88 32 150
1366306794 10279554731972383739 0.7 0 56753 1 0 30 88 31 149
1366306794 9515442925252031051 0.7 0 56842 1 0 30 88 30 148
1366306794 18295544505262181403 0.7 0 56855 1 0 30 88 29 147
1366306794 11410877443905119227 0.7 0 56865 1 0 30 88 28 146
1366306794 13548014987965085755 0.7 0 56871 1 0 30 88 27 145
1366306794 7030348487130551947 0.7 0 57035 1 0 30 88 26 144
1366306794 11997583438525717387 0.7 0 57053 1 0 30 88 25 143
1366306794 2317522396953746859 0.7 0 57064 1 0 30 88 24 142
1366306794 2315759933837443611 0.7 0 57081 1 0 30 88 23 141
1366306794 8178422728337097931 0.7 0 57224 1 0 30 88 22 140
1366306794 5558919925936939003 0.7 0 58140 1 0 30 88 21 139
1366306794 4081199763024827003 0.7 0 58142 1 0 30 88 20 138
1366306794 11525970434926762795 0.7 0 58198 1 0 30 88 19 137
1366306794 6629603233001782027 0.7 0 58428 1 0 30 88 18 136
1366306794 11180533761842088827 0.7 0 58609 1 0 30 88 17 135
1366306794 8032287623109283323 0.7 0 58664 1 0 30 88 16 134
1366306794 18068343810799462555 0.7 0 58679 1 0 30 88 15 133
1366306794 7386883526487252395 0.7 0 58688 1 0 30 88 14 132
1366306794 18319899215888976939 0.7 0 58784 1 0 30 88 13 131
1366306794 5800529224703067515 0.7 0 58969 1 0 30 88 12 130
1366306794 11930780057987909595 0.7 0 58999 1 0 30 88 11 129
1366306794 6857560140435864395 0.8 0 59054 1 0 30 88 10 128
1366306794 13562332553667776715 0.8 0 59142 1 0 30 88 9 127
1366306794 5626820409619845803 0.8 0 59769 1 0 30 88 8 126
1366306794 10449950020156094475 0.8 0 59781 1 0 30 88 7 125
1366306794 15527089020885449051 0.8 0 60055 1 0 30 88 6 124
1366306794 11767631763211269867 0.8 0 60460 1 0 30 88 5 123
1366306794 12728911514361242283 0.9 0 61031 1 0 30 88 4 122
1366306794 220294000327219899 0.9 0 61032 1 0 30 88 3 121
1366306794 16053894129690051275 1.3 1 117838 1 0 25 88 7 120
1366306794 13014406705814879963 1.3 1 117933 1 0 25 88 6 119
1366306794 1082777525078470699 1.3 1 118014 1 0 25 88 5 118
1366306794 7955591901037997355 1.4 1 119641 1 0 25 88 4 117
1366306794 204794489517098347 1.4 1 119736 1 0 25 88 3 116
1366306794 16397951010899421995 1.5 1 120422 1 0 25 88 2 115
1366306794 1620228003086162731 9.6 15 1047734 1 0 40 72 2 114
1366306794 14495168868863303339 9.6 15 1048056 1 0 40 72 1 113
1366306794 15034684821919638747 14.5 24 1621328 1 0 45 60 7 112
1366306794 13016747005263693659 14.6 24 1622441 1 0 45 60 6 111
1366306794 7101835849336561947 14.6 24 1622736 1 0 45 60 5 110
1366306794 10470435134512743579 14.6 24 1622753 1 0 45 60 4 109
1366306794 623106664377276587 14.6 24 1623402 1 0 45 60 3 108
1366306794 11774087355267603019 14.6 24 1623839 1 0 45 60 2 107
1366306794 14156291104678923099 18.5 31 2066145 1 0 40 62 4 106
1366306794 15548685543680920587 18.5 31 2066292 1 0 40 62 3 105
1366306794 5489030407370246267 18.5 31 2066362 1 0 40 62 2 104
1366306794 17888738367427909835 18.6 31 2067305 1 0 40 62 1 103
1366306794 6367522246165608987 29.4 50 3383329 1 0 30 68 4 102
1366306794 13457003636995829403 29.4 50 3383613 1 0 30 68 3 101
1366306794 1713068694842448411 29.4 50 3383644 1 0 30 68 2 100
1366306794 12184753987171712747 29.5 50 3384125 1 0 30 68 1 99
1366306794 5592431516005103595 30.1 51 3443657 1 0 35 60 3 98
1366306794 17253756284770625227 32.4 55 3693560 1 0 30 62 5 97
1366306794 3666079338201119707 32.4 55 3693652 1 0 30 62 4 96
1366306794 1094977499366655627 32.5 55 3694282 1 0 30 62 3 95
1366306794 2960830483710021755 32.5 55 3694408 1 0 30 62 2 94
1366306794 3623110852413114635 36.4 62 4133504 1 0 35 58 0 93
1366306794 10468381154441940171 40.2 69 4577785 1 0 35 56 1 92
1366306794 5019053929151283419 40.3 69 4578380 1 0 35 56 0 91
1366306794 3203345474690535675 52.2 89 5977257 1 0 30 56 4 90
1366306794 14917201181580271851 52.3 89 5978254 1 0 30 56 3 89
1366306794 14677406935942929691 55.5 95 6348384 1 0 20 66 2 88
1366306794 12894069707336368139 56.1 96 6407574 1 0 20 60 7 87
1366306794 3958665628873240091 56.1 96 6407812 1 0 20 60 6 86
1366306794 16507801145688408107 56.1 96 6407844 1 0 20 60 5 85
1366306794 17250761655651660427 56.1 96 6407998 1 0 20 60 4 84
1366306794 8221171092535254827 56.1 96 6408378 1 0 20 60 3 83
1366306794 2015925969599851899 56.1 96 6408491 1 0 20 60 2 82
1366306794 11035172114012009787 56.2 96 6409025 1 0 20 60 1 81
1366306794 14572860748759517883 135.0 225 17306010 1 0 20 58 2 80
1366306794 10112934241985043835 135.1 225 17306489 1 0 20 58 1 79
1366306794 10924704410608321227 135.6 226 17365321 1 0 15 60 3 78
1366306794 68202883924019243 135.6 226 17365356 1 0 15 60 2 77
1366306794 5624832658582443467 135.6 226 17365421 1 0 15 60 1 76
1366306794 18286196001119551947 477.2 783 65513559 1 0 15 60 0 75
1366306794 11780922187215803659 741.5 1215 102664229 1 0 15 54 5 74
1366306794 4144122716892233899 741.5 1215 102664424 1 0 15 54 4 73
1366306794 8905406167995701243 741.5 1215 102664512 1 0 15 54 3 72
1366306794 2779554430125305835 741.6 1215 102665076 1 0 15 54 2 71
1366306794 7616088641571900923 741.6 1215 102665249 1 0 15 54 1 70
1366306794 17545539148290120027 1757.3 2866 246641255 1 0 15 54 0 69
1366306794 15549966381811600027 1959.4 3196 275032218 1 0 20 46 2 68
1366306794 10348240825488891115 1959.4 3196 275032472 1 0 20 46 1 67
1366306794 6023777599296288635 5304.8 8601 745496198 1 0 20 46 0 66
