1182523613 1225524958612749038 0.0 0 0 1 4961 230 384 130 5705
1182523613 13640744827448591758 0.0 0 1 1 4961 230 382 130 5703
1182523613 10182332004307491726 0.0 0 2 1 4961 240 372 129 5702
1182523613 4473782200291568734 0.0 0 4 1 4956 240 370 128 5694
1182523613 11732905442240849950 0.0 0 7 1 4956 240 366 130 5692
1182523613 4503930915711993886 0.0 0 8 1 4943 240 366 129 5678
1182523613 14131372193044756478 0.0 0 10 1 4943 235 364 132 5674
1182523613 15446906445720136830 0.0 0 11 1 4917 235 364 132 5648
1182523613 9928588812802193374 0.0 0 12 1 4906 235 364 133 5638
1182523613 16076856255347895566 0.0 0 13 1 4906 240 356 133 5635
1182523613 5852651313051854078 0.0 0 14 1 4906 235 356 133 5630
1182523613 5258416481435005182 0.0 0 15 1 4890 230 352 133 5605
1182523613 13387416123149452798 0.0 0 17 1 4872 225 362 135 5594
1182523613 4045097515229866974 0.0 0 18 1 4852 225 362 135 5574
1182523613 18252088157184391310 0.0 0 19 1 4850 230 358 135 5573
1182523613 18063747801316219022 0.0 0 20 1 4850 225 358 135 5568
1182523613 11500697577292761118 0.0 0 21 1 4850 225 354 135 5564
1182523613 17663635812492123678 0.0 0 22 1 4850 220 350 134 5554
1182523613 6686518359298718238 0.0 0 23 1 4850 215 354 134 5553
1182523613 16381673055960163870 0.0 0 24 1 4796 220 356 134 5506
1182523613 15796347765458034478 0.0 0 25 1 4768 220 358 134 5480
1182523613 4767439490793965950 0.0 0 33 1 4728 215 368 136 5447
1182523613 11301003157156841422 0.0 0 37 1 4728 215 364 136 5443
1182523613 15049691059417359214 0.0 0 38 1 4708 210 368 136 5422
1182523613 4789185877149887086 0.0 0 39 1 4690 205 366 136 5397
1182523613 2421395615482850830 0.0 0 40 1 4680 205 366 136 5387
1182523613 7245147060556629518 0.0 0 41 1 4680 200 366 137 5383
1182523613 17136315157177564686 0.0 0 42 1 4648 200 370 136 5354
1182523613 11898944653911001646 0.0 0 43 1 4648 200 368 137 5353
1182523613 8838184349873535390 0.0 0 44 1 4642 200 364 137 5343
1182523613 14498077151796310462 0.0 0 45 1 4642 195 366 138 5341
1182523613 4649313944625120686 0.0 0 46 1 4622 195 362 137 5316
1182523613 9184114342440385454 0.0 0 48 1 4622 195 358 138 5313
1182523613 6767568898546749614 0.0 0 51 1 4622 195 356 139 5312
1182523613 11728941165706101950 0.0 0 53 1 4611 195 356 141 5303
1182523613 9901117969543314622 0.0 0 54 1 4556 190 370 140 5256
1182523613 16688269728612027742 0.0 0 55 1 4556 185 366 140 5247
1182523613 8732891990802861582 0.0 0 57 1 4490 185 366 143 5184
1182523613 4328544150673250686 0.0 0 61 1 4490 180 368 145 5183
1182523613 15350824053568577566 0.0 0 63 1 4482 175 366 147 5170
1182523613 14286977647276856350 0.0 0 64 1 4475 175 366 147 5163
1182523613 8515100742858142750 0.0 0 65 1 4475 170 370 147 5162
1182523613 11092722280473539278 0.0 0 68 1 4475 165 374 146 5160
1182523613 5349082233451350734 0.0 0 69 1 4442 165 374 147 5128
1182523613 13659012496193558734 0.0 0 70 1 4400 165 372 147 5084
1182523613 4708945124956397646 0.0 0 71 1 4390 165 370 148 5073
1182523613 4990459422479566350 0.0 0 72 1 4378 165 370 147 5060
1182523613 16370372538864403966 0.0 0 74 1 4353 165 370 147 5035
1182523613 11654208095273344430 0.0 0 75 1 4353 165 370 146 5034
1182523613 16476729722722895790 0.0 0 76 1 4315 165 370 146 4996
1182523613 16494071272947497902 0.0 0 77 1 4315 160 370 144 4989
1182523613 2738371736400555438 0.0 0 78 1 4275 165 366 145 4951
1182523613 8930339865264733614 0.0 0 79 1 4222 165 366 145 4898
1182523613 12669656708588356014 0.0 0 80 1 4222 170 360 145 4897
1182523613 8398831352346447102 0.0 0 82 1 4222 170 356 145 4893
1182523613 11656768406481767550 0.0 0 83 1 4222 165 356 146 4889
1182523613 2940308040231697406 0.0 0 84 1 4222 165 354 147 4888
1182523613 7189734373885398014 0.0 0 85 1 4222 165 350 148 4885
1182523613 7017420742701148734 0.0 0 88 1 4222 160 350 148 4880
1182523613 2920619717200350046 0.0 0 90 1 4210 160 348 149 4867
1182523613 6922938849496594126 0.0 0 91 1 4202 160 352 149 4863
1182523613 1099379123498812110 0.0 0 92 1 4202 160 352 147 4861
1182523613 6528602149267677390 0.0 0 93 1 4180 170 352 147 4849
1182523613 11879964166344229854 0.0 0 97 1 4180 170 352 146 4848
1182523613 5956353851469065182 0.0 0 98 1 4180 170 352 144 4846
1182523613 15378605407934466750 0.0 0 101 1 4170 170 354 144 4838
1182523613 5924594465483073918 0.0 0 103 1 4142 175 356 143 4816
1182523613 5060474601141508494 0.0 0 104 1 4142 170 356 143 4811
1182523613 6418322616586300814 0.0 0 105 1 4142 170 356 142 4810
1182523613 10795060850236122894 0.0 0 107 1 4142 165 352 143 4802
1182523613 11595241034410970558 0.0 0 108 1 4104 165 342 143 4754
1182523613 8608065068760992734 0.0 0 109 1 4026 165 346 143 4680
1182523613 18140170141343174542 0.0 0 111 1 4026 165 344 144 4679
1182523613 9079156573433241486 0.0 0 112 1 4026 165 344 143 4678
1182523613 12063613693627390862 0.0 0 113 1 4026 165 342 144 4677
1182523613 12848910630231066318 0.0 0 114 1 4011 160 342 144 4657
1182523613 3370317731197422286 0.0 0 115 1 3908 160 344 144 4556
1182523613 14423737076371263438 0.0 0 116 1 3908 155 344 144 4551
1182523613 12682172202565044174 0.0 0 117 1 3912 150 344 143 4549
1182523613 11056041842326225886 0.0 0 118 1 3912 150 342 144 4548
1182523613 5949381015509887134 0.0 0 119 1 3900 150 346 144 4540
1182523613 13393166898545705118 0.0 0 120 1 3887 155 342 144 4528
1182523613 17687412908589890718 0.0 0 121 1 3877 155 344 144 4520
1182523613 3145029403286522526 0.0 0 122 1 3813 155 344 145 4457
1182523613 15361915083408450702 0.0 0 125 1 3808 150 348 146 4452
1182523613 212868792625251470 0.0 0 126 1 3788 150 342 147 4427
1182523613 2777650143245511518 0.0 0 128 1 3773 145 338 149 4405
1182523613 3867051414637560670 0.0 0 129 1 3773 135 344 150 4402
1182523613 18392597097777088990 0.0 0 130 1 3773 135 340 150 4398
1182523613 2083895021787494366 0.0 0 132 1 3773 135 338 150 4396
1182523613 6472525324976305982 0.0 0 135 1 3743 135 336 151 4365
1182523613 13439958118992543454 0.0 0 136 1 3738 135 336 151 4360
1182523613 3113297859681034974 0.0 0 137 1 3734 135 336 151 4356
1182523613 13864810240302387934 0.0 0 138 1 3734 135 332 151 4352
1182523613 605742466341882398 0.0 0 144 1 3737 130 324 155 4346
1182523613 10499998552669291774 0.0 0 145 1 3721 130 320 155 4326
1182523613 10818654998371736526 0.0 0 147 1 3721 130 320 154 4325
1182523613 1588566711149873054 0.0 0 148 1 3683 130 320 154 4287
1182523613 1293476686864582942 0.0 0 150 1 3683 130 320 153 4286
1182523613 8096718944246824830 0.0 0 151 1 3683 130 318 154 4285
1182523613 17695472301201631278 0.0 0 152 1 3662 135 320 155 4272
1182523613 341144996070080046 0.0 0 154 1 3662 130 322 154 4268
1182523613 3214326787081902174 0.0 0 156 1 3619 130 324 155 4228
1182523613 5456827500702372654 0.0 0 157 1 3619 130 324 154 4227
1182523613 9952058100580823342 0.0 0 158 1 3619 130 324 152 4225
1182523613 15856336018263375006 0.0 0 160 1 3619 130 322 153 4224
1182523613 14801245167087304590 0.0 0 162 1 3622 130 310 155 4217
1182523613 15038081779411864110 0.1 0 163 1 3614 130 310 156 4210
1182523613 12333711848641439278 0.1 0 164 1 3614 125 314 156 4209
1182523613 2278806103274434094 0.1 0 165 1 3614 125 310 156 4205
1182523613 15951319701305706878 0.1 0 167 1 3614 125 308 157 4204
1182523613 7760889859258030526 0.1 0 171 1 3612 125 308 157 4202
1182523613 14251183040051401870 0.1 0 177 1 3578 125 316 157 4176
1182523613 3185989767186961134 0.1 0 180 1 3578 125 310 158 4171
1182523613 11207914179167811790 0.1 0 182 1 3578 125 308 158 4169
1182523613 15605855389663767326 0.1 0 183 1 3566 125 308 157 4156
1182523613 12457096849757140462 0.1 0 185 1 3564 125 310 156 4155
1182523613 9490094827357026798 0.1 0 186 1 3564 125 308 157 4154
1182523613 49656856259769278 0.1 0 188 1 3522 125 302 157 4106
1182523613 9277399421066586574 0.1 0 191 1 3522 130 296 156 4104
1182523613 2011589262312858718 0.1 0 192 1 3522 130 292 156 4100
1182523613 1273879189351875214 0.1 0 194 1 3525 130 286 158 4099
1182523613 5502753265419011214 0.1 0 195 1 3525 125 290 157 4097
1182523613 10180339032282931662 0.1 0 201 1 3517 135 280 159 4091
1182523613 1381079670681010446 0.1 0 206 1 3517 125 280 161 4083
1182523613 13417899656774248718 0.1 0 207 1 3483 125 280 161 4049
1182523613 12010357250143966478 0.1 0 208 1 3435 125 280 161 4001
1182523613 5699736975286978622 0.1 0 210 1 3405 130 284 161 3980
1182523613 5146533832159616478 0.1 0 211 1 3405 130 282 160 3977
1182523613 6449381850942424478 0.1 0 215 1 3405 135 276 160 3976
1182523613 12270657897369210686 0.1 0 218 1 3405 130 278 159 3972
1182523613 3030171108829708094 0.1 0 219 1 3410 120 274 158 3962
1182523613 9163803160637657886 0.1 0 220 1 3410 115 274 158 3957
1182523613 15905720051097383710 0.1 0 221 1 3372 115 282 157 3926
1182523613 13949304012482689086 0.1 0 224 1 3364 115 286 159 3924
1182523613 2790120296594470974 0.1 0 225 1 3354 115 286 160 3915
1182523613 16205651442354863166 0.1 0 226 1 3354 110 286 161 3911
1182523613 9468278962459680318 0.1 0 227 1 3354 110 284 162 3910
1182523613 11118104296547470750 0.1 0 228 1 3315 110 288 163 3876
1182523613 16600595196073024926 0.1 0 229 1 3289 110 292 162 3853
1182523613 2453950360851602750 0.1 0 231 1 3265 105 294 162 3826
1182523613 14194478216049825598 0.1 0 232 1 3265 100 296 162 3823
1182523613 15570012779086986558 0.1 0 233 1 3257 100 302 163 3822
1182523613 8527967695267071278 0.1 0 236 1 3257 100 298 164 3819
1182523613 18047010093074661678 0.1 0 237 1 3207 100 302 163 3772
1182523613 14381580016043206718 0.1 0 238 1 3205 100 302 163 3770
1182523613 16977603574499207230 0.1 0 239 1 3195 95 312 162 3764
1182523613 12179542296186804014 0.1 0 241 1 3195 95 310 163 3763
1182523613 8942631909680175918 0.1 0 242 1 3195 95 310 162 3762
1182523613 11360796717612416814 0.1 0 243 1 3195 90 306 163 3754
1182523613 13677580738080031374 0.1 0 245 1 3195 90 304 163 3752
1182523613 8406971606128794126 0.1 0 246 1 3125 90 308 164 3687
1182523613 14499221449327966734 0.1 0 248 1 3076 95 322 164 3657
1182523613 7291150761940234414 0.1 0 249 1 3076 95 320 164 3655
1182523613 3087315355102975358 0.1 0 254 1 3050 100 324 162 3636
1182523613 6035209519147637790 0.1 0 255 1 3050 100 322 163 3635
1182523613 3274183235317953566 0.1 0 256 1 3050 100 322 162 3634
1182523613 8047438446063824414 0.1 0 257 1 3050 105 316 162 3633
1182523613 6252615390632401438 0.1 0 258 1 3032 105 316 161 3614
1182523613 2388480451509252638 0.1 0 259 1 3032 105 316 160 3613
1182523613 9232475450977616414 0.1 0 261 1 3007 105 318 161 3591
1182523613 17760986413922638110 0.1 0 262 1 2987 110 316 161 3574
1182523613 301094271021873950 0.1 0 263 1 2966 110 312 161 3549
1182523613 13963953633870437150 0.1 0 265 1 2963 110 312 161 3546
1182523613 8706757504702733086 0.1 0 266 1 2947 105 306 160 3518
1182523613 17203745968292278190 0.1 0 268 1 2923 105 308 161 3497
1182523613 10902899122796695310 0.1 0 269 1 2923 105 306 160 3494
1182523613 8405573816321510158 0.1 0 270 1 2894 100 306 161 3461
1182523613 8557973190832878894 0.1 0 272 1 2894 100 304 161 3459
1182523613 11844888723099111726 0.1 0 277 1 2827 100 304 162 3393
1182523613 2111692806707240926 0.1 0 281 1 2795 100 304 161 3360
1182523613 9379028083161270462 0.1 0 283 1 2780 105 306 160 3351
1182523613 8142503301864350862 0.1 0 284 1 2780 105 306 159 3350
1182523613 601834924480709710 0.1 0 292 1 2748 105 322 157 3332
1182523613 11019855013334469710 0.1 0 293 1 2748 105 320 157 3330
1182523613 12313565232503110542 0.1 0 294 1 2738 105 320 157 3320
1182523613 15032764807454757774 0.1 0 295 1 2738 105 318 157 3318
1182523613 85668317174149390 0.1 0 296 1 2680 105 324 157 3266
1182523613 2903763544817633550 0.1 0 297 1 2620 105 324 156 3205
1182523613 7419470264662469854 0.1 0 298 1 2620 100 328 156 3204
1182523613 6690210416056116446 0.1 0 299 1 2620 95 328 156 3199
1182523613 6884428262783548334 0.1 0 302 1 2626 90 326 156 3198
1182523613 11906675849485162830 0.1 0 303 1 2608 95 326 156 3185
1182523613 13780674843620476014 0.1 0 305 1 2608 95 324 157 3184
1182523613 4183003671873119342 0.1 0 308 1 2604 95 324 157 3180
1182523613 3814197040534731374 0.1 0 309 1 2599 95 324 157 3175
1182523613 14072317423986853454 0.1 0 310 1 2599 95 322 157 3173
1182523613 15216225817663499278 0.1 0 313 1 2534 100 322 156 3112
1182523613 1822878964581108302 0.1 0 314 1 2534 100 318 155 3107
1182523613 15422952164758080702 0.1 0 315 1 2534 100 316 154 3104
1182523613 6626374109768985422 0.1 0 320 1 2470 110 312 156 3048
1182523613 5025530444712207198 0.1 0 321 1 2455 110 308 156 3029
1182523613 11792939265416943134 0.1 0 322 1 2450 110 306 155 3021
1182523613 8832418229513428510 0.1 0 323 1 2390 110 306 156 2962
1182523613 9075369872651653934 0.1 0 325 1 2390 110 304 157 2961
1182523613 3253283948350182862 0.1 0 328 1 2390 110 302 157 2959
1182523613 16406927379914801534 0.1 0 332 1 2394 110 290 157 2951
1182523613 2333423529581287470 0.1 0 335 1 2384 115 286 157 2942
1182523613 16492780622405494510 0.1 0 336 1 2356 110 286 157 2909
1182523613 15017132246198971086 0.1 0 337 1 2356 110 282 158 2906
1182523613 15028579249621076222 0.1 0 339 1 2295 110 282 159 2846
1182523613 16953436038918256382 0.1 0 340 1 2295 105 282 160 2842
1182523613 11848832300438082926 0.1 0 343 1 2291 105 282 162 2840
1182523613 17926805621323028334 0.1 0 345 1 2293 100 276 163 2832
1182523613 11026926489642549102 0.1 0 346 1 2281 100 278 163 2822
1182523613 1461497033066017134 0.1 0 347 1 2281 100 276 163 2820
1182523613 6076768229379833966 0.1 0 357 1 2229 105 282 160 2776
1182523613 3829073327859336926 0.1 0 358 1 2229 105 280 160 2774
1182523613 7534734057664792734 0.1 0 359 1 2175 105 280 160 2720
1182523613 4428487300388604190 0.1 0 365 1 2175 105 276 162 2718
1182523613 10987940904347918478 0.1 0 366 1 2155 105 272 162 2694
1182523613 17835003685887269214 0.1 0 369 1 2147 105 272 163 2687
1182523613 7911823463299199518 0.1 0 374 1 2127 105 280 162 2674
1182523613 8317569405588403566 0.1 0 376 1 2111 105 280 162 2658
1182523613 2029834370154001822 0.1 0 377 1 2111 100 282 163 2656
1182523613 9782974921998250606 0.1 0 378 1 2111 95 286 163 2655
1182523613 9040592705810440990 0.1 0 379 1 2111 95 284 163 2653
1182523613 10729899835566912302 0.1 0 381 1 2111 95 282 163 2651
1182523613 1326858720367022542 0.1 0 388 1 2111 95 280 164 2650
1182523613 8488859226799925198 0.1 0 390 1 2111 95 278 164 2648
1182523613 5829339877777303518 0.1 0 392 1 2023 95 278 164 2560
1182523613 1486944640700348046 0.1 0 393 1 2023 95 278 163 2559
1182523613 17922428586499036686 0.1 0 395 1 2023 95 276 162 2556
1182523613 5827140510364471390 0.1 0 397 1 2023 100 270 162 2555
1182523613 10910836786162629198 0.1 0 401 1 1987 105 278 165 2535
1182523613 17737911061736303006 0.1 0 404 1 1969 100 278 166 2513
1182523613 16310632377303328398 0.1 0 406 1 1969 100 276 166 2511
1182523613 9775373115028309134 0.1 0 408 1 1969 105 266 168 2508
1182523613 6760172612269235310 0.1 0 419 1 1951 100 274 168 2493
1182523613 6248881201773168238 0.1 0 429 1 1943 100 278 170 2491
1182523613 8226230193699464062 0.1 0 430 1 1873 100 294 170 2437
1182523613 4083426456119070814 0.1 0 432 1 1812 100 294 170 2376
1182523613 16974118005213254862 0.1 0 434 1 1812 100 290 171 2373
1182523613 16199260133409760910 0.1 0 435 1 1792 105 294 170 2361
1182523613 1704891074422020238 0.1 0 436 1 1776 105 296 170 2347
1182523613 13358133956727975630 0.1 0 437 1 1776 100 300 170 2346
1182523613 8394624071253198494 0.1 0 441 1 1776 95 300 170 2341
1182523613 6996871656607693982 0.1 0 442 1 1776 95 300 169 2340
1182523613 13813914316742187374 0.1 0 445 1 1776 95 300 168 2339
1182523613 1839357312073716814 0.1 0 447 1 1776 95 300 166 2337
1182523613 264272927808428590 0.1 0 450 1 1741 100 318 164 2323
1182523613 6111950984541449406 0.1 0 452 1 1742 100 316 163 2321
1182523613 6502040464760817390 0.1 0 453 1 1742 100 312 164 2318
1182523613 6393867256849382126 0.1 0 455 1 1739 95 312 162 2308
1182523613 17977606130248251710 0.1 0 459 1 1739 95 308 161 2303
1182523613 17980088846985534782 0.1 0 460 1 1739 95 306 162 2302
1182523613 11218258833454921022 0.1 0 461 1 1739 95 306 161 2301
1182523613 16912598036139027774 0.1 0 462 1 1739 90 308 162 2299
1182523613 16075166638235204782 0.1 0 463 1 1739 90 306 163 2298
1182523613 5116156209352245998 0.1 0 464 1 1739 90 296 163 2288
1182523613 5690139070059594878 0.1 0 465 1 1739 85 296 163 2283
1182523613 8941017166683811982 0.1 0 471 1 1739 80 298 165 2282
1182523613 7775467028624019534 0.1 0 474 1 1719 75 302 165 2261
1182523613 13130523453052020094 0.1 0 475 1 1711 75 302 165 2253
1182523613 5229712248346535294 0.1 0 476 1 1710 80 296 165 2251
1182523613 17352844014312237998 0.1 0 480 1 1710 70 304 166 2250
1182523613 225707809986088958 0.1 0 481 1 1698 75 302 166 2241
1182523613 16455553338936154270 0.1 0 485 1 1638 80 282 166 2166
1182523613 5415753561076458654 0.1 0 486 1 1638 80 280 167 2165
1182523613 15436633958981503134 0.1 0 487 1 1638 80 280 166 2164
1182523613 1227098837784589326 0.1 0 489 1 1621 80 282 167 2150
1182523613 18004587715894043214 0.1 0 495 1 1611 85 282 170 2148
1182523613 18038246184446431150 0.1 0 502 1 1582 85 278 171 2116
1182523613 8304354543241837838 0.1 0 506 1 1554 80 282 171 2087
1182523613 3231184820700406126 0.1 0 507 1 1554 80 276 171 2081
1182523613 10039741772839066078 0.1 0 510 1 1504 80 276 171 2031
1182523613 17544404913032664462 0.1 0 513 1 1504 80 274 171 2029
1182523613 17720112503086275950 0.1 0 517 1 1504 80 270 172 2026
1182523613 10057629851466235390 0.1 0 519 1 1504 80 270 171 2025
1182523613 2297878640432368478 0.1 0 520 1 1491 80 270 170 2011
1182523613 7478393650125989454 0.1 0 521 1 1491 80 266 170 2007
1182523613 6122269199735522382 0.1 0 522 1 1491 80 264 171 2006
1182523613 3260206014195983774 0.1 0 525 1 1491 80 262 172 2005
1182523613 3019691585009660094 0.1 0 530 1 1491 85 256 172 2004
1182523613 9600208377902188222 0.1 0 535 1 1491 80 254 174 1999
1182523613 11303341615322650926 0.1 0 537 1 1491 80 254 172 1997
1182523613 2246787951637571582 0.1 0 540 1 1491 85 248 171 1995
1182523613 1843687854379045038 0.1 0 541 1 1491 85 248 170 1994
1182523613 3244231815740331278 0.1 0 544 1 1465 85 250 171 1971
1182523613 15714184364602092814 0.1 0 545 1 1435 85 250 171 1941
1182523613 7535715429257531070 0.1 0 548 1 1429 85 252 171 1937
1182523613 16448740909059103918 0.1 0 550 1 1429 85 252 170 1936
1182523613 1782985209190374574 0.1 0 552 1 1388 85 252 170 1895
1182523613 3533686001157544350 0.1 0 556 1 1387 85 252 168 1892
1182523613 6098843301003292062 0.1 0 557 1 1387 85 252 166 1890
1182523613 7460729067618623966 0.1 0 562 1 1372 85 254 164 1875
1182523613 10247963552443922958 0.1 0 564 1 1372 80 258 164 1874
1182523613 11530909283650950078 0.1 0 566 1 1372 80 254 164 1870
1182523613 16534482833099510350 0.1 0 570 1 1364 80 254 165 1863
1182523613 9048438343060319982 0.1 0 571 1 1364 80 254 164 1862
1182523613 14703370549343745822 0.1 0 595 1 1340 80 262 163 1845
1182523613 10527996118613498974 0.1 0 597 1 1340 80 260 163 1843
1182523613 130576237266532446 0.1 0 598 1 1322 85 264 162 1833
1182523613 2265183743468315358 0.1 0 600 1 1322 85 262 161 1830
1182523613 2273295528442203582 0.1 0 601 1 1322 85 262 160 1829
1182523613 3625589080307795998 0.1 0 605 1 1322 85 258 161 1826
1182523613 12003681775466538222 0.1 0 607 1 1272 80 264 161 1777
1182523613 6904258185183651262 0.1 0 608 1 1272 80 262 162 1776
1182523613 3839601601838434286 0.1 0 609 1 1272 80 260 162 1774
1182523613 15735599470353360366 0.1 0 610 1 1267 85 258 162 1772
1182523613 3082357657730445150 0.1 0 614 1 1252 85 260 163 1760
1182523613 14227292791231730270 0.1 0 615 1 1252 85 258 164 1759
1182523613 16018349412710186638 0.1 0 619 1 1252 85 254 164 1755
1182523613 16297221267550416526 0.1 0 620 1 1252 80 256 164 1752
1182523613 13111459773720136334 0.1 0 621 1 1244 80 256 164 1744
1182523613 18184082346265692302 0.1 0 622 1 1244 80 254 164 1742
1182523613 12743047608807402302 0.1 0 624 1 1244 80 252 164 1740
1182523613 11268183752090123582 0.1 0 625 1 1234 80 252 164 1730
1182523613 16917225820017198398 0.1 0 626 1 1204 75 264 163 1706
1182523613 3848910440489748014 0.1 0 627 1 1179 75 264 163 1681
1182523613 3704848240642326430 0.1 0 629 1 1161 80 272 163 1676
1182523613 17545882922184980414 0.1 0 633 1 1161 75 276 162 1674
1182523613 2476490324678641822 0.1 0 634 1 1161 75 274 162 1672
1182523613 2666358846146019998 0.1 0 635 1 1120 75 274 162 1631
1182523613 10681563047709412638 0.1 0 637 1 1120 75 274 160 1629
1182523613 4366809382114381598 0.1 0 638 1 1110 75 274 161 1620
1182523613 5097613465798926798 0.1 0 639 1 1110 75 272 161 1618
1182523613 3914546566079914382 0.1 0 640 1 1110 75 270 161 1616
1182523613 1747662584118061726 0.1 0 644 1 1110 75 270 160 1615
1182523613 13001129361878238830 0.1 0 645 1 1110 70 270 160 1610
1182523613 15498483411436073374 0.1 0 646 1 1110 70 268 159 1607
1182523613 11975372417467826590 0.1 0 647 1 1105 70 268 159 1602
1182523613 8669589698653899262 0.1 0 648 1 1105 70 268 158 1601
1182523613 18287922458653529342 0.1 0 649 1 1105 70 268 157 1600
1182523613 9248146428033950462 0.1 0 650 1 1105 70 268 156 1599
1182523613 12028260466150668030 0.1 0 651 1 1105 70 266 157 1598
1182523613 753908127114273406 0.1 0 652 1 1095 70 266 157 1588
1182523613 15786495353397977246 0.1 0 659 1 1095 70 266 156 1587
1182523613 14418331218269252830 0.1 0 665 1 1093 70 262 158 1583
1182523613 7291534957774417118 0.1 0 666 1 1093 70 262 157 1582
1182523613 2164138380928206174 0.1 0 707 1 1064 65 270 163 1562
1182523613 14924772648691647326 0.1 0 709 1 989 65 274 164 1492
1182523613 5534323520430347342 0.1 0 712 1 979 65 276 164 1484
1182523613 12348099907870704718 0.1 0 713 1 951 65 276 163 1455
1182523613 3218884789656135246 0.1 0 714 1 929 65 286 163 1443
1182523613 15501605781211323918 0.1 0 716 1 929 65 286 162 1442
1182523613 2218454503071423886 0.1 0 717 1 929 60 286 162 1437
1182523613 14230385330919100814 0.1 0 718 1 929 60 286 161 1436
1182523613 15484574856515574734 0.1 0 719 1 929 60 286 160 1435
1182523613 16374054133335042830 0.1 0 721 1 929 65 282 157 1433
1182523613 11972936077955254318 0.1 0 723 1 929 65 282 156 1432
1182523613 7920730592118395950 0.1 0 724 1 908 70 282 156 1416
1182523613 1848828726124701166 0.1 0 729 1 911 70 276 156 1413
1182523613 14888345776799022574 0.1 0 730 1 891 75 268 157 1391
1182523613 11438554854601496446 0.2 0 731 1 891 75 266 157 1389
1182523613 2985202707540395758 0.2 0 733 1 866 70 276 157 1369
1182523613 14887030294000162302 0.2 0 735 1 866 70 274 156 1366
1182523613 8948000456942851662 0.2 0 742 1 866 65 276 157 1364
1182523613 14922868783670352206 0.2 0 744 1 866 65 274 158 1363
1182523613 1764123182344482366 0.2 0 746 1 866 60 278 158 1362
1182523613 11227111350167116814 0.2 0 747 1 866 60 278 157 1361
1182523613 10331622226258575518 0.2 0 758 1 866 65 270 157 1358
1182523613 11356121395649575806 0.2 0 761 1 859 65 276 157 1357
1182523613 9167976912358288478 0.2 0 763 1 859 70 270 156 1355
1182523613 13825933718359499102 0.2 0 764 1 844 75 270 156 1345
1182523613 17991875336879745278 0.2 0 772 1 844 70 272 155 1341
1182523613 12177522281615756558 0.2 0 775 1 812 70 274 153 1309
1182523613 14932850336841554942 0.2 0 777 1 812 70 270 153 1305
1182523613 15663002161744349582 0.2 0 780 1 776 75 278 154 1283
1182523613 8021303091003766926 0.2 0 782 1 776 75 276 154 1281
1182523613 2482215165993126542 0.2 0 783 1 776 70 280 154 1280
1182523613 5274405414065850654 0.2 0 787 1 772 65 282 153 1272
1182523613 12297578891603828350 0.2 0 798 1 772 65 284 150 1271
1182523613 7859851553126350974 0.2 0 799 1 767 65 284 150 1266
1182523613 7612764535357210750 0.2 0 800 1 754 75 284 151 1264
1182523613 13266080283041303166 0.2 0 802 1 754 80 276 150 1260
1182523613 12648005678666632446 0.2 0 806 1 757 80 270 149 1256
1182523613 3512358138637688702 0.2 0 808 1 757 80 270 148 1255
1182523613 10516946468187191166 0.2 0 809 1 757 80 270 147 1254
1182523613 9647976101673243550 0.2 0 811 1 747 75 276 147 1245
1182523613 18354656000947483438 0.2 0 812 1 747 75 274 147 1243
1182523613 13270430167589010302 0.2 0 816 1 747 70 270 149 1236
1182523613 8503462269619526526 0.2 0 817 1 741 70 270 149 1230
1182523613 1368424635475664702 0.2 0 820 1 741 70 268 149 1228
1182523613 7528292134484372990 0.2 0 824 1 741 70 268 147 1226
1182523613 4052489489886325166 0.2 0 825 1 741 70 268 146 1225
1182523613 13570950569036753054 0.2 0 826 1 741 70 266 147 1224
1182523613 16503111840826649758 0.2 0 828 1 741 70 266 146 1223
1182523613 12131932087062365566 0.2 0 830 1 741 65 268 146 1220
1182523613 3189276896421899966 0.2 0 834 1 731 65 268 147 1211
1182523613 16257554922028587166 0.2 0 844 1 656 60 270 151 1137
1182523613 2518797844772801694 0.2 0 845 1 656 60 270 150 1136
1182523613 13785028830695435854 0.2 0 846 1 636 60 270 150 1116
1182523613 8662795985252273662 0.2 0 848 1 636 60 270 149 1115
1182523613 16504567700114003774 0.2 0 849 1 633 60 270 149 1112
1182523613 17842024161938227838 0.2 0 875 1 610 70 278 148 1106
1182523613 15311261024792065070 0.2 0 891 1 572 80 284 149 1085
1182523613 10614040524537767038 0.2 0 896 1 572 85 280 147 1084
1182523613 2327935508012527742 0.2 0 898 1 572 80 280 145 1077
1182523613 9267781903627894750 0.2 0 900 1 572 75 282 146 1075
1182523613 3095567338181592974 0.2 0 901 1 572 75 280 146 1073
1182523613 12870048259726327406 0.2 0 904 1 572 75 276 148 1071
1182523613 12648474339395156702 0.2 0 910 1 569 75 278 148 1070
1182523613 8141924745784679566 0.2 0 911 1 574 75 272 148 1069
1182523613 18176575542782155086 0.2 0 919 1 574 70 276 147 1067
1182523613 4175761127375994254 0.2 0 921 1 574 70 274 147 1065
1182523613 14533867280653988270 0.2 0 924 1 574 70 274 146 1064
1182523613 5846330814512923678 0.2 0 926 1 574 70 270 146 1060
1182523613 15633642037926737918 0.2 0 927 1 536 70 270 146 1022
1182523613 9915493275921894990 0.2 0 930 1 536 70 268 146 1020
1182523613 12723436536655860926 0.2 0 958 1 465 80 266 148 959
1182523613 6133904458409257630 0.2 0 960 1 465 80 266 147 958
1182523613 8228187349412207710 0.2 0 994 1 475 70 262 150 957
1182523613 14969484063196238910 0.2 0 997 1 469 75 258 150 952
1182523613 13824570393821802046 0.2 0 998 1 469 75 256 149 949
1182523613 11109580723250664510 0.2 0 999 1 469 70 256 150 945
1182523613 8379328627555024286 0.2 0 1002 1 469 65 260 150 944
1182523613 8340054002142957102 0.2 0 1004 1 464 65 262 150 941
1182523613 18208781241796250990 0.2 0 1007 1 464 65 262 149 940
1182523613 12919699065040751854 0.2 0 1008 1 464 65 260 149 938
1182523613 17760010832164923422 0.2 0 1010 1 464 65 260 148 937
1182523613 14921651473847892542 0.2 0 1015 1 447 65 262 151 925
1182523613 3538172022830172254 0.2 0 1016 1 447 65 262 150 924
1182523613 17261641613492580686 0.2 0 1019 1 435 65 262 151 913
1182523613 16096514456479542094 0.2 0 1020 1 435 60 262 151 908
1182523613 9952000239728608734 0.2 0 1022 1 435 60 260 151 906
1182523613 9007897686874294606 0.2 0 1025 1 435 60 258 152 905
1182523613 12032144408210431742 0.2 0 1027 1 435 60 254 152 901
1182523613 6648455432380254222 0.2 0 1033 1 418 60 258 152 888
1182523613 7623501982467443790 0.2 0 1037 1 413 60 258 153 884
1182523613 10233666720034801854 0.2 0 1038 1 413 60 256 153 882
1182523613 16537086677807194302 0.2 0 1048 1 354 70 264 154 842
1182523613 18353893262086873790 0.2 0 1050 1 346 75 264 154 839
1182523613 17627831389511827070 0.2 0 1076 1 332 90 260 155 837
1182523613 6876934456897437998 0.2 0 1079 1 332 90 258 155 835
1182523613 17017271223727453566 0.2 0 1082 1 332 90 254 156 832
1182523613 18118433069230837710 0.2 0 1083 1 332 90 254 155 831
1182523613 1131967748913561582 0.2 0 1086 1 332 90 252 155 829
1182523613 14245247175185597342 0.2 0 1091 1 332 85 252 155 824
1182523613 17529203562836760654 0.2 0 1118 1 332 80 256 154 822
1182523613 12023587222029198110 0.2 0 1120 1 332 80 254 154 820
1182523613 14767611002437332766 0.2 0 1121 1 332 80 250 155 817
1182523613 18440918485391561326 0.2 0 1123 1 324 80 250 154 808
1182523613 12264809459461827694 0.2 0 1124 1 324 85 244 154 807
1182523613 1046045461976566430 0.2 0 1125 1 327 85 240 154 806
1182523613 13633499322246885134 0.2 0 1129 1 327 85 240 153 805
1182523613 14762906169273291790 0.2 0 1131 1 327 80 238 152 797
1182523613 93623800800744190 0.2 0 1133 1 327 80 238 151 796
1182523613 10036045166929470366 0.2 0 1158 1 324 90 224 156 794
1182523613 12582128858418750062 0.2 0 1159 1 324 90 222 156 792
1182523613 6869804606719313374 0.2 0 1160 1 324 90 220 155 789
1182523613 11754496552981727582 0.2 0 1162 1 324 90 218 155 787
1182523613 10630062277478224558 0.2 0 1170 1 324 90 216 156 786
1182523613 12248111591480000990 0.2 0 1188 1 314 90 218 158 780
1182523613 10027553227207005662 0.2 0 1189 1 314 95 212 157 778
1182523613 1710044455962475086 0.2 0 1207 1 304 90 224 158 776
1182523613 18431252069889725534 0.2 0 1209 1 304 90 222 159 775
1182523613 9862032581836220510 0.2 0 1210 1 304 90 216 161 771
1182523613 5178660518319899486 0.2 0 1226 1 294 85 228 160 767
1182523613 12328346274733115214 0.2 0 1231 1 234 85 230 159 708
1182523613 16090167193426262990 0.2 0 1238 1 234 85 230 158 707
1182523613 104420187583088270 0.2 0 1239 1 234 90 224 157 705
1182523613 7959099615415497822 0.2 0 1240 1 234 90 224 156 704
1182523613 9131514434069977390 0.2 0 1242 1 234 90 224 154 702
1182523613 11482746445951127022 0.2 0 1243 1 234 90 222 155 701
1182523613 8563463735863385582 0.2 0 1244 1 234 90 222 154 700
1182523613 1294282516123683710 0.2 0 1245 1 234 90 222 153 699
1182523613 14703355200223694558 0.2 0 1246 1 234 90 222 152 698
1182523613 14796676760348870446 0.2 0 1252 1 234 90 222 151 697
1182523613 14125874599779713134 0.2 0 1268 1 238 85 220 151 694
1182523613 6634295694697340014 0.2 0 1269 1 238 85 216 150 689
1182523613 13544778562752361022 0.2 0 1272 1 238 85 216 149 688
1182523613 10891257117184491166 0.2 0 1308 1 214 85 228 145 672
1182523613 17458617589655087678 0.2 0 1311 1 214 85 224 145 668
1182523613 18315532957972716062 0.2 0 1319 1 205 85 230 144 664
1182523613 16655773541456503838 0.2 0 1320 1 165 85 234 144 628
1182523613 9575511011749464910 0.2 0 1322 1 165 85 234 143 627
1182523613 16607133379134262958 0.2 0 1323 1 165 90 226 142 623
1182523613 508240498386275134 0.2 0 1328 1 165 85 228 143 621
1182523613 14930174563449577854 0.2 0 1337 1 165 80 228 145 618
1182523613 2417706298405449262 0.2 0 1340 1 165 75 232 145 617
1182523613 2807145618724754478 0.2 0 1341 1 165 75 228 144 612
1182523613 2268705900274485246 0.2 0 1345 1 165 80 220 144 609
1182523613 13609370480034411198 0.2 0 1348 1 165 75 222 145 607
1182523613 309022721816709054 0.2 0 1413 1 158 85 206 146 595
1182523613 3413404192393373054 0.2 0 1414 1 158 85 204 146 593
1182523613 9494565560428629550 0.2 0 1417 1 158 85 200 147 590
1182523613 4414595059938928974 0.2 0 1448 1 141 80 212 146 579
1182523613 15521426877018322798 0.2 0 1450 1 141 80 210 146 577
1182523613 10638191486712193278 0.2 0 1472 1 137 80 208 148 573
1182523613 2710376370236386366 0.2 0 1473 1 137 80 206 148 571
1182523613 13250324175709598334 0.2 0 1474 1 127 80 204 148 559
1182523613 2948722811381705374 0.2 0 1476 1 127 80 202 147 556
1182523613 4343692943012266942 0.2 0 1479 1 127 80 198 148 553
1182523613 6027076872956364606 0.2 0 1482 1 127 80 198 147 552
1182523613 14773566905711035070 0.2 0 1483 1 124 80 200 147 551
1182523613 15865373285937579854 0.2 0 1484 1 124 80 198 147 549
1182523613 5475549671415918446 0.2 0 1487 1 124 80 194 147 545
1182523613 14125845541247114094 0.2 0 1491 1 124 80 194 146 544
1182523613 5564862816758691950 0.2 0 1496 1 124 85 190 144 543
1182523613 2392746077190032622 0.2 0 1502 1 124 85 192 141 542
1182523613 11512967990614170974 0.2 0 1515 1 124 80 194 142 540
1182523613 2386432351333442974 0.2 0 1535 1 124 70 206 139 539
1182523613 14713221553543702094 0.2 0 1545 1 124 70 204 139 537
1182523613 1372088770267175518 0.2 0 1548 1 124 70 202 140 536
1182523613 7180939006191909870 0.2 0 1568 1 64 70 220 136 490
1182523613 10966272315721113582 0.2 0 1569 1 64 70 220 135 489
1182523613 17972371066749113326 0.2 0 1570 1 64 70 218 135 487
1182523613 152102833993425470 0.2 0 1571 1 64 70 216 135 485
1182523613 10655691804678681150 0.2 0 1573 1 64 70 216 134 484
1182523613 3447865798126006894 0.2 0 1628 1 27 85 230 141 483
1182523613 4781947347175099854 0.2 0 1633 1 27 80 232 143 482
1182523613 416977005213256142 0.2 0 1635 1 27 80 232 142 481
1182523613 3279559192759031502 0.2 0 1639 1 27 80 230 141 478
1182523613 12063666634482264158 0.2 0 1640 1 27 80 226 141 474
1182523613 18257283252249672478 0.2 0 1692 1 27 75 234 137 473
1182523613 5718675024107949310 0.2 0 1694 1 27 75 232 138 472
1182523613 7554895165070233374 0.2 0 1695 1 27 75 228 138 468
1182523613 10215292363188088750 0.2 0 1697 1 27 75 228 137 467
1182523613 18369320584035954958 0.2 0 1698 1 27 75 224 137 463
1182523613 10237007016817946974 0.2 0 1701 1 26 75 222 137 460
1182523613 15611817027714752942 0.2 0 1704 1 26 75 220 137 458
1182523613 7570402198650680142 0.2 0 1712 1 26 75 218 138 457
1182523613 5960846317231545214 0.2 0 1768 1 32 70 216 138 456
1182523613 2764054936345944654 0.2 0 1785 1 32 70 214 139 455
1182523613 461004999971737214 0.2 0 1806 1 32 60 220 141 453
1182523613 8291241457146446686 0.2 0 1808 1 32 60 220 140 452
1182523613 4963971723465210110 0.2 0 1810 1 32 60 218 141 451
1182523613 11695186741316356094 0.2 0 1815 1 32 65 210 142 449
1182523613 6635057950402513998 0.2 0 1824 1 32 65 210 141 448
1182523613 7163735219966141790 0.2 0 1827 1 32 65 210 140 447
1182523613 10224205488380228302 0.2 0 1828 1 32 65 210 139 446
1182523613 10894244675456644782 0.2 0 2019 1 29 60 216 139 444
1182523613 17987832612868987966 0.2 0 2020 1 29 60 216 138 443
1182523613 18290359563270426702 0.2 0 2021 1 29 60 214 137 440
1182523613 4900096798731667534 0.2 0 2022 1 29 55 218 137 439
1182523613 383487649158461134 0.2 0 2024 1 29 55 216 138 438
1182523613 14434983877334712014 0.2 0 2025 1 29 55 214 137 435
1182523613 14808146602158563470 0.2 0 2026 1 29 55 214 136 434
1182523613 15856834175970387086 0.2 0 2027 1 29 55 212 136 432
1182523613 10680799740986072286 0.2 0 2030 1 29 55 212 135 431
1182523613 5093792481400880350 0.2 0 2031 1 9 55 212 135 411
1182523613 11278585469022997726 0.2 0 2032 1 9 55 210 135 409
1182523613 9601582570100458718 0.2 0 2033 1 9 55 210 134 408
1182523613 10324242957535663502 0.2 0 2036 1 9 55 204 134 402
1182523613 2329608985807275406 0.2 0 2037 1 9 45 206 132 392
1182523613 9029176346826832286 0.2 0 2580 1 6 40 198 146 390
1182523613 3865680481958526974 0.2 0 2581 1 6 40 196 145 387
1182523613 9520030341156859902 0.2 0 2583 1 6 40 196 144 386
1182523613 7991907888097956366 0.2 0 2585 1 6 40 196 143 385
1182523613 13728560868107103118 0.2 0 2647 1 0 35 200 147 382
1182523613 13233971546961756030 0.2 0 2650 1 0 40 196 145 381
1182523613 13592287884541969054 0.2 0 2670 1 3 40 192 145 380
1182523613 15689563367722113694 0.2 0 2671 1 3 40 192 144 379
1182523613 7819242146957963886 0.2 0 2673 1 3 40 192 143 378
1182523613 12768409098101924094 0.2 0 2676 1 6 35 192 143 376
1182523613 15448837851068603150 0.2 0 2681 1 6 35 192 142 375
1182523613 13474257050325453150 0.2 0 2694 1 6 35 198 135 374
1182523613 1957676296739510894 0.2 0 2715 1 6 35 200 132 373
1182523613 3770253824353899758 0.2 0 2725 1 6 40 192 133 371
1182523613 18257765654144683246 0.2 0 2726 1 6 40 188 134 368
1182523613 12288485829795236334 0.2 0 2738 1 3 35 194 135 367
1182523613 9714046186554465694 0.2 0 3355 1 4 40 184 137 365
1182523613 16187385928167522878 0.2 0 3360 1 4 40 184 136 364
1182523613 12935746739954170942 0.2 0 3362 1 4 40 184 135 363
1182523613 10232661387899251054 0.2 0 3419 1 1 40 184 136 361
1182523613 8959035529989393326 0.2 0 3675 1 1 40 176 139 356
1182523613 12704274575368641454 0.2 0 3676 1 1 40 176 138 355
1182523613 8278394343657289438 0.3 0 3678 1 1 40 174 138 353
1182523613 2754506998806561134 0.3 0 3680 1 1 35 178 138 352
1182523613 16631733847809728094 0.3 0 3698 1 1 40 172 137 350
1182523613 15423563027014421902 0.3 0 3717 1 1 40 172 135 348
1182523613 15301928285739134862 0.3 0 3718 1 1 40 172 134 347
1182523613 4622740499897997486 0.3 0 3766 1 0 40 170 135 345
1182523613 8014944305331431038 0.3 0 3769 1 0 40 172 132 344
1182523613 1626432299866365566 0.3 0 3770 1 0 40 172 131 343
1182523613 17372480484374617934 0.3 0 3774 1 0 40 172 130 342
1182523613 15083379366241057614 0.3 0 3781 1 0 40 172 129 341
1182523613 16022408725983513550 0.3 0 3787 1 0 40 172 128 340
1182523613 12217503985368151422 0.3 0 3790 1 0 40 172 127 339
1182523613 15345811398613201086 0.3 0 3795 1 0 40 170 127 337
1182523613 4268596349951260766 0.3 0 3797 1 0 40 168 128 336
1182523613 3788928831292910462 0.3 0 4151 1 4 30 162 138 334
1182523613 5294821292657312558 0.3 0 4158 1 4 30 160 137 331
1182523613 13262054279087271326 0.3 0 4161 1 4 30 156 137 327
1182523613 13363062943349849502 0.3 0 4339 1 4 35 142 145 326
1182523613 14887309595457807902 0.3 0 4340 1 4 35 140 145 324
1182523613 6244027198860037598 0.3 0 4343 1 4 35 140 144 323
1182523613 10019569938500074974 0.3 0 4344 1 4 35 138 145 322
1182523613 8686006511817883102 0.3 0 4345 1 4 35 138 144 321
1182523613 12289688202299578958 0.3 0 4346 1 4 35 136 144 319
1182523613 5339505455850525902 0.3 0 4363 1 4 35 140 139 318
1182523613 15182955539517218334 0.3 0 4380 1 4 35 142 136 317
1182523613 12086009872883690606 0.3 0 4472 1 0 40 140 135 315
1182523613 14824463890444432814 0.3 0 4473 1 0 40 138 135 313
1182523613 806750910536303326 0.3 0 4495 1 0 35 140 137 312
1182523613 9593783464724556334 0.3 0 5445 1 6 15 150 140 311
1182523613 18354497571467034046 0.3 0 5618 1 3 15 154 138 310
1182523613 8706419925903789102 0.3 0 5627 1 3 15 154 136 308
1182523613 9731028082856379678 0.3 0 5628 1 3 15 154 135 307
1182523613 10651722912850824702 0.3 0 5629 1 3 15 152 135 305
1182523613 12869172273316433294 0.3 0 5631 1 3 15 148 136 302
1182523613 8544194737062783646 0.3 0 5638 1 6 15 146 133 300
1182523613 1921013239118265966 0.3 0 5640 1 6 15 146 132 299
1182523613 10204419913582879902 0.3 0 5686 1 9 20 140 129 298
1182523613 5635185503579691070 0.3 0 5733 1 6 10 152 129 297
1182523613 1667016571056156350 0.3 0 5741 1 6 10 150 130 296
1182523613 1074776128700212766 0.3 0 5743 1 6 10 148 130 294
1182523613 16670897107157180094 0.3 0 5917 1 3 10 152 128 293
1182523613 17725173421081106942 0.3 0 5921 1 3 10 152 127 292
1182523613 7340671432416625838 0.3 0 5928 1 3 10 152 126 291
1182523613 13939290321638082238 0.3 0 6741 1 0 25 132 131 288
1182523613 13009560655496329438 0.3 0 6746 1 0 25 134 128 287
1182523613 14378375472676620766 0.3 0 7107 1 2 25 120 139 286
1182523613 6303311584863221982 0.3 0 7114 1 0 25 124 136 285
1182523613 15816576793688707294 0.3 0 7118 1 0 20 124 138 282
1182523613 18237331170587627470 0.3 0 7120 1 0 20 122 139 281
1182523613 2940447214992228414 0.3 0 7122 1 0 20 122 138 280
1182523613 8437576166668282366 0.3 0 7135 1 0 20 120 138 278
1182523613 12505520371035134494 0.3 0 7137 1 0 20 120 137 277
1182523613 6047483687720961054 0.3 0 8372 1 6 20 114 136 276
1182523613 602050613497027246 0.3 0 8396 1 6 20 116 133 275
1182523613 7504912267086551566 0.3 0 9504 1 0 25 118 131 274
1182523613 16481923653562455582 0.3 0 12226 1 8 10 132 122 272
1182523613 2182086141387595294 0.3 0 12227 1 8 10 132 121 271
1182523613 18090851603798305806 0.3 0 12230 1 8 10 130 122 270
1182523613 14983588906969436046 0.3 0 12239 1 8 10 126 125 269
1182523613 13747791834434089246 0.3 0 12240 1 8 10 126 124 268
1182523613 1606640143054659166 0.3 0 13245 1 0 10 120 136 266
1182523613 2809454097960660574 0.3 0 13246 1 0 10 120 135 265
1182523613 12854028349941395774 0.3 0 13258 1 0 15 116 133 264
1182523613 9533433078144876862 0.3 0 13259 1 0 15 114 133 262
1182523613 5342271814146197278 0.3 0 13272 1 0 15 112 134 261
1182523613 17355066851576276414 0.3 0 13410 1 0 20 108 132 260
1182523613 5199313258638888782 0.3 0 14104 1 0 25 100 134 259
1182523613 8070107032619442750 0.3 0 14146 1 0 30 98 130 258
1182523613 8896949480116028462 0.3 0 14147 1 0 30 96 131 257
1182523613 2988315060484143982 0.3 0 14148 1 0 30 94 131 255
1182523613 8036329552365512910 0.3 0 14292 1 0 25 94 135 254
1182523613 13665691570995284990 0.3 0 14480 1 0 30 92 131 253
1182523613 12790153176042217534 0.3 0 14481 1 0 30 92 130 252
1182523613 12303201945990102078 0.3 0 14482 1 0 30 92 129 251
1182523613 606764629346105726 0.3 0 14539 1 1 30 86 133 250
1182523613 1451294845164258702 0.3 0 14544 1 1 30 86 132 249
1182523613 3709710741153129966 0.3 0 14545 1 1 30 86 131 248
1182523613 9575153572285799598 0.3 0 14556 1 1 30 86 129 246
1182523613 1174877716068315230 0.3 0 14558 1 1 30 86 128 245
1182523613 4571119246152528078 0.3 0 14587 1 2 30 86 126 244
1182523613 953416988823498958 0.3 0 14588 1 2 30 86 125 243
1182523613 14127305197062640510 0.3 0 14597 1 2 30 86 124 242
1182523613 13574600907946202510 0.3 0 14617 1 0 25 94 122 241
1182523613 7485832376760749966 0.3 0 17514 1 1 15 104 120 240
1182523613 10439962753151648302 0.3 0 17700 1 7 25 90 115 237
1182523613 5797642375855174654 0.3 0 17713 1 7 25 86 118 236
1182523613 13643517117001201950 0.3 0 17716 1 7 25 86 117 235
1182523613 11015435062419465918 0.4 0 21129 1 1 15 100 118 234
1182523613 258910855492494686 0.4 0 21132 1 1 15 100 117 233
1182523613 12221330620313758 0.4 0 21135 1 1 15 98 118 232
1182523613 17753087700060686974 0.4 0 21146 1 1 15 96 119 231
1182523613 18224769293005611534 0.4 0 21148 1 1 20 88 120 229
1182523613 9395946964232847598 0.4 0 21154 1 1 20 86 121 228
1182523613 7178829371370543022 0.4 0 21163 1 1 20 86 120 227
1182523613 9733958230530802382 0.4 0 21166 1 1 20 84 120 225
1182523613 382453783311406830 0.4 0 26393 1 3 25 72 124 224
1182523613 16442960993929895518 0.4 0 26395 1 3 25 72 123 223
1182523613 11985557997470564734 0.4 0 26400 1 3 25 72 122 222
1182523613 13106704639518528430 0.4 0 26438 1 3 30 68 120 221
1182523613 11010295815446122494 0.4 0 26440 1 3 30 68 119 220
1182523613 11183154511618351102 0.4 0 26441 1 3 30 68 118 219
1182523613 6373204411568373326 0.4 0 26444 1 3 30 66 119 218
1182523613 11054240792399954830 0.4 0 29857 1 0 25 78 114 217
1182523613 14138399655354843006 0.4 0 29886 1 0 25 72 119 216
1182523613 12465501176912556638 0.4 0 29931 1 0 25 74 116 215
1182523613 13000419855163522798 0.4 0 29936 1 0 25 74 115 214
1182523613 8830117928022650606 0.4 0 29937 1 0 25 74 113 212
1182523613 2956887842456064606 0.4 0 29957 1 0 25 76 109 210
1182523613 2422941737685312910 0.4 0 29962 1 0 25 76 108 209
1182523613 1724431031842939614 0.4 0 31529 1 0 20 68 119 207
1182523613 8955737756451844942 0.4 0 31531 1 0 20 68 118 206
1182523613 10600209357594267742 0.4 0 31532 1 0 20 68 117 205
1182523613 12867531306399395870 0.4 0 31689 1 0 20 64 120 204
1182523613 7410726824546904958 0.4 0 31693 1 0 20 62 121 203
1182523613 13516993052312318142 0.4 0 31695 1 0 20 60 121 201
1182523613 3806630999502161006 0.4 0 31697 1 0 20 60 120 200
1182523613 7347845808229869774 0.4 0 31729 1 0 20 60 119 199
1182523613 2430089229230442734 0.4 0 31731 1 0 20 60 118 198
1182523613 7323860554132767054 0.4 0 32799 1 0 15 66 116 197
1182523613 13964128706117120846 0.4 0 32800 1 0 15 66 115 196
1182523613 412053375679605486 0.4 0 32820 1 0 15 62 118 195
1182523613 7553604789785837870 0.4 0 32853 1 0 15 60 119 194
1182523613 3473621043073138766 0.4 0 33151 1 0 15 64 114 193
1182523613 5404132173721478222 0.4 0 33152 1 0 15 64 113 192
1182523613 10387280007062823566 0.4 0 33153 1 0 15 64 112 191
1182523613 16842387839353891614 0.4 0 34501 1 2 15 64 109 190
1182523613 16990350009795494126 0.4 0 34509 1 1 15 64 108 188
1182523613 15227912638679509486 0.5 0 37291 1 3 15 64 105 187
1182523613 15937291840304797678 0.5 0 37292 1 3 15 62 106 186
1182523613 12553525343679510094 0.5 0 37294 1 3 15 62 105 185
1182523613 14687118586267347694 0.5 0 38009 1 1 10 66 106 183
1182523613 9301603782018953006 0.5 0 40637 1 0 5 76 101 182
1182523613 6114539388485303918 0.5 0 40640 1 0 5 74 102 181
1182523613 16028561826279729742 0.5 0 41777 1 0 10 62 108 180
1182523613 4071992736214339422 0.5 0 41969 1 0 5 62 112 179
1182523613 66294731313192174 0.5 0 42289 1 0 10 58 110 178
1182523613 4012298264265359054 0.5 0 42290 1 0 10 56 110 176
1182523613 2413028726909815454 0.5 0 42422 1 0 5 62 108 175
1182523613 3041035244459602542 0.5 0 42430 1 0 5 62 107 174
1182523613 12123526251846432222 0.5 0 42450 1 0 5 62 106 173
1182523613 8124314628236064830 0.5 0 42456 1 0 5 62 105 172
1182523613 10978043445578841902 0.5 0 42458 1 0 5 62 104 171
1182523613 17353243833373543790 0.5 0 42469 1 0 5 60 105 170
1182523613 17930437082844715246 0.5 0 42470 1 0 5 60 104 169
1182523613 11775507754956028286 0.5 0 42471 1 0 5 60 103 168
1182523613 6263061421598881854 0.5 0 42472 1 0 5 60 102 167
1182523613 17528402317816025214 0.5 0 42564 1 0 5 62 99 166
1182523613 17643795614840398622 0.5 0 42567 1 0 5 62 98 165
1182523613 1030218106705975054 0.5 0 42741 1 0 5 64 95 164
1182523613 5799816175456142270 0.5 0 42746 1 0 5 62 95 162
1182523613 14259414490418570750 0.5 0 42750 1 0 5 62 94 161
1182523613 12228110980967033086 0.5 0 42783 1 0 5 62 92 159
1182523613 8710869053995086 0.5 0 42786 1 0 5 62 91 158
1182523613 9491576971324884558 0.5 0 43637 1 0 5 60 92 157
1182523613 13112741923869114110 0.5 0 43643 1 0 5 62 89 156
1182523613 9819405204866209886 0.5 0 47418 1 0 15 52 87 154
1182523613 4912944730347437038 0.5 0 47420 1 0 15 52 86 153
1182523613 10540038133258617934 0.5 0 47432 1 0 15 52 85 152
1182523613 1955866523684729582 0.5 0 47434 1 0 15 52 84 151
1182523613 13652228592461186126 0.5 0 47446 1 0 20 46 84 150
1182523613 905842432368192286 0.5 0 47790 1 0 15 44 90 149
1182523613 15299670800163485310 0.5 0 47793 1 0 15 44 89 148
1182523613 15464876982907176814 0.6 0 48417 1 0 15 44 88 147
1182523613 5771779667561292990 0.6 0 48420 1 0 15 44 87 146
1182523613 11201479414951796958 0.6 0 48421 1 0 15 44 86 145
1182523613 1825113077544981982 0.6 0 48431 1 0 15 44 85 144
1182523613 13346272108149668382 0.6 0 48902 1 0 15 44 83 142
1182523613 76467169478322238 0.6 0 48904 1 0 15 44 82 141
1182523613 591935012278090878 0.6 0 48915 1 0 15 44 81 140
1182523613 12831586944564456686 0.6 0 48918 1 0 15 44 80 139
1182523613 11237765967404397630 0.6 0 48919 1 0 15 44 79 138
1182523613 13717994458579800686 0.6 0 48967 1 0 15 44 78 137
1182523613 801074088967177998 0.6 0 51246 1 0 15 44 77 136
1182523613 3577574549674098254 0.6 0 51247 1 0 15 42 78 135
1182523613 5476377982438109614 0.6 0 51318 1 0 15 42 77 134
1182523613 9648001117349421390 0.6 0 51322 1 0 15 42 76 133
1182523613 14892160344449459934 0.6 0 51327 1 0 15 42 75 132
1182523613 16589872330029298942 0.6 0 51330 1 0 15 42 74 131
1182523613 17064207463375237166 0.6 0 51333 1 0 15 42 73 130
1182523613 413159953191914510 0.6 0 52848 1 0 15 44 70 129
1182523613 11542375456250136670 0.6 0 52873 1 0 15 42 70 127
1182523613 9803356525237897694 0.6 0 52882 1 0 15 42 69 126
1182523613 10774333759940635678 0.6 0 52899 1 0 15 42 67 124
1182523613 3381910412669932574 0.6 0 53559 1 0 15 40 68 123
1182523613 8029296583572935054 0.6 0 53566 1 0 15 40 67 122
1182523613 14453185261660367358 0.6 0 53574 1 0 15 40 66 121
1182523613 7744992382242698574 0.6 0 53578 1 0 15 40 65 120
1182523613 1159370541104015566 0.6 0 53595 1 0 15 40 64 119
1182523613 17668416586284612414 0.6 0 54750 1 0 15 40 63 118
1182523613 18263756871566089950 0.6 0 55179 1 0 15 40 62 117
1182523613 13160549461875462830 0.6 0 55219 1 0 15 40 61 116
1182523613 15834893113665027390 0.6 0 55324 1 0 15 40 60 115
1182523613 1831811981368846174 0.6 0 55340 1 0 15 40 58 113
1182523613 1351911990307382798 0.6 0 55414 1 0 15 40 57 112
1182523613 6755654232849502238 0.6 0 55416 1 0 15 40 56 111
1182523613 10232185029882576398 0.7 0 55714 1 0 15 38 57 110
1182523613 10785379341264975982 0.7 0 55723 1 0 15 38 56 109
1182523613 17237883178584420478 0.7 0 55807 1 0 15 38 55 108
1182523613 2606135329033785822 0.7 0 55813 1 0 15 38 54 107
1182523613 13949794044868753886 0.7 0 55816 1 0 15 38 53 106
1182523613 14920251323639667886 0.7 0 55855 1 0 15 38 52 105
1182523613 2311639493943659438 0.7 0 56715 1 0 15 36 53 104
1182523613 15652734325195700606 0.7 0 56720 1 0 15 36 52 103
1182523613 16472935625883681486 0.7 0 56747 1 0 15 36 50 101
1182523613 13633524177900791790 0.7 0 57525 1 0 15 36 49 100
1182523613 4449933920451953006 0.7 0 57530 1 0 15 36 48 99
1182523613 679400528978405022 0.7 0 57579 1 0 15 36 47 98
1182523613 5158726671347223006 0.7 0 57659 1 0 15 36 46 97
1182523613 8379517115121416926 0.7 0 57666 1 0 15 36 45 96
1182523613 10032837326362296830 0.7 0 58315 1 0 15 36 44 95
1182523613 2206534255288686926 0.7 0 58331 1 0 15 36 43 94
1182523613 2831406276457622622 0.7 0 58977 1 0 15 36 42 93
1182523613 8145149909173567054 0.7 0 58985 1 0 15 36 41 92
1182523613 12951135172861001646 0.7 0 58987 1 0 15 36 40 91
1182523613 1099768658456521342 0.7 0 59006 1 0 15 36 39 90
1182523613 14338321783778211502 0.7 0 59016 1 0 15 36 38 89
1182523613 5754817610321341390 0.7 0 59033 1 0 15 36 37 88
1182523613 2385598351772875294 0.7 0 59052 1 0 15 36 36 87
1182523613 15127743774668613470 0.7 0 59202 1 0 15 36 35 86
1182523613 7251111506897296142 0.7 0 59237 1 0 15 36 34 85
1182523613 4819827261022255710 0.7 0 59398 1 0 15 36 33 84
1182523613 16331078574435489550 0.7 0 59413 1 0 15 36 32 83
1182523613 8122975770832190126 0.7 0 59432 1 0 15 36 31 82
1182523613 1488599830384110750 0.8 0 59583 1 0 15 36 30 81
1182523613 3667633402230799806 0.8 0 59591 1 0 15 36 29 80
1182523613 1921876794705503774 0.8 0 59596 1 0 15 36 28 79
1182523613 1013733677345748462 0.8 0 59633 1 0 15 36 27 78
1182523613 15585119313487348078 0.8 0 59748 1 0 15 36 26 77
1182523613 11202584212815227470 0.8 0 59846 1 0 15 36 25 76
1182523613 14082810899060645678 0.8 0 59847 1 0 15 36 24 75
1182523613 15372036090862167646 0.8 0 59941 1 0 15 36 23 74
1182523613 17615400666073027902 0.8 0 60091 1 0 15 36 22 73
1182523613 22456987977945278 0.8 0 60102 1 0 15 36 21 72
1182523613 17911311704666009182 0.8 0 60120 1 0 15 36 20 71
1182523613 1190720873546220638 0.8 0 60121 1 0 15 36 19 70
1182523613 15707183455878288190 0.8 0 60395 1 0 15 36 18 69
1182523613 12038043622186077454 0.8 0 60403 1 0 15 36 17 68
1182523613 7182185625610337150 0.8 0 60585 1 0 15 36 16 67
1182523613 15130387708123994718 0.8 0 60670 1 0 15 36 15 66
1182523613 6336712324983839246 0.8 0 60731 1 0 15 36 14 65
1182523613 18000968529293597358 0.8 0 60833 1 0 15 36 13 64
1182523613 11020641221641661054 0.8 0 60924 1 0 15 36 12 63
1182523613 17239565280552193822 0.8 0 61276 1 0 15 36 11 62
1182523613 7651525177928852270 0.9 0 61384 1 0 15 36 10 61
1182523613 15918965229438789230 0.9 0 61448 1 0 15 36 9 60
1182523613 6609611555692471614 0.9 0 61897 1 0 15 36 8 59
1182523613 17233201826893188270 2.1 2 188604 1 0 5 48 5 58
1182523613 12443113226535069022 2.1 2 188669 1 0 5 48 4 57
1182523613 8051945590017656974 2.2 2 189595 1 0 5 48 3 56
1182523613 7025223728077825022 2.7 3 251111 1 0 5 42 8 55
1182523613 2609145831170275102 2.7 3 251405 1 0 5 42 7 54
1182523613 15085821038921708494 2.7 3 251408 1 0 5 42 6 53
1182523613 12264491077581301742 2.7 3 251455 1 0 5 42 5 52
1182523613 11241270671902847566 2.7 3 251473 1 0 5 42 4 51
1182523613 15468719598905907438 4.9 7 500054 1 0 5 38 7 50
1182523613 14814064604082437726 5.0 7 500250 1 0 5 38 6 49
1182523613 15043682380000443310 5.0 7 500827 1 0 5 38 5 48
1182523613 7944338514709492366 8.3 13 882167 1 0 5 34 8 47
1182523613 17239571685767477390 8.3 13 882184 1 0 5 34 7 46
1182523613 8372537635970649086 8.3 13 882214 1 0 5 34 6 45
1182523613 16341314900477594990 8.3 13 882603 1 0 5 34 5 44
1182523613 12077194284965844174 157.2 251 22956144 1 0 5 32 6 43
1182523613 6817242840348101166 157.3 251 22956361 1 0 5 32 5 42
1182523613 5187506951629032574 566.4 907 84583796 1 0 0 38 3 41
1182523613 12648732711023465950 602.4 966 89887009 1 0 5 32 3 40
1182523613 2243547164555870718 602.4 966 89887047 1 0 5 32 2 39
1182523613 5518644047649788286 602.4 966 89887114 1 0 5 32 1 38
1182523613 1956275218879019614 602.5 966 89887748 1 0 5 32 0 37
