2126341956 18417761548231672594 0.0 0 0 1 5822 345 568 219 6954
2126341956 4691843299547215586 0.0 0 2 1 5794 345 564 219 6922
2126341956 349817619410674402 0.0 0 3 1 5736 345 564 221 6866
2126341956 8928592339378334434 0.0 0 4 1 5736 345 564 220 6865
2126341956 5966981252929037026 0.0 0 5 1 5691 350 560 220 6821
2126341956 17569251595179261666 0.0 0 8 1 5660 350 576 222 6808
2126341956 16108706788441680306 0.0 0 10 1 5655 345 578 222 6800
2126341956 344152123221676466 0.0 0 11 1 5623 345 578 223 6769
2126341956 9041709037924839858 0.0 0 12 1 5623 340 580 223 6766
2126341956 14672874056249530418 0.0 0 16 1 5603 345 582 224 6754
2126341956 14941887382888553522 0.0 0 17 1 5588 345 582 223 6738
2126341956 3331179086718889010 0.0 0 18 1 5588 345 580 223 6736
2126341956 9350968220399749298 0.0 0 21 1 5555 345 578 227 6705
2126341956 15906816520488394626 0.0 0 23 1 5490 345 578 228 6641
2126341956 7258767122371923954 0.0 0 25 1 5468 350 578 228 6624
2126341956 12594875002832032754 0.0 0 27 1 5408 345 582 228 6563
2126341956 14370267728109478898 0.0 0 28 1 5398 335 582 229 6544
2126341956 16474714577355822386 0.0 0 30 1 5393 335 582 230 6540
2126341956 1957603208077361458 0.0 0 31 1 5386 340 572 231 6529
2126341956 12099446070899089714 0.0 0 32 1 5374 335 570 231 6510
2126341956 5594693397907044194 0.0 0 33 1 5364 335 570 232 6501
2126341956 15459897742677634914 0.0 0 34 1 5364 335 566 233 6498
2126341956 2177705377957415778 0.0 0 36 1 5364 335 564 234 6497
2126341956 17015486140817413986 0.0 0 37 1 5321 335 564 233 6453
2126341956 14495671923208254082 0.0 0 38 1 5321 335 560 233 6449
2126341956 7073246810029518674 0.0 0 40 1 5321 325 560 234 6440
2126341956 8502476052914649938 0.0 0 41 1 5326 325 550 234 6435
2126341956 12644986361031461778 0.0 0 42 1 5326 320 550 235 6431
2126341956 16553973446621137810 0.0 0 43 1 5310 320 550 236 6416
2126341956 841838688928630498 0.0 0 45 1 5310 320 548 236 6414
2126341956 233468562591186658 0.0 0 47 1 5239 320 548 236 6343
2126341956 14037568512670498530 0.0 0 48 1 5239 320 546 236 6341
2126341956 3173016992383788258 0.0 0 49 1 5239 315 546 236 6336
2126341956 11526005327914380530 0.0 0 50 1 5239 310 544 236 6329
2126341956 16231218543964787954 0.0 0 51 1 5119 315 542 237 6213
2126341956 2210005583255827634 0.0 0 52 1 5097 320 542 237 6196
2126341956 15213796081971043506 0.0 0 53 1 5067 320 542 237 6166
2126341956 10188075387533904802 0.0 0 54 1 5067 315 540 238 6160
2126341956 7752096619893966754 0.0 0 55 1 5067 315 532 237 6151
2126341956 2080673863861161890 0.0 0 57 1 5009 315 532 238 6094
2126341956 432971119423845138 0.1 0 58 1 5009 310 530 238 6087
2126341956 10779193845096437522 0.1 0 59 1 4991 310 530 238 6069
2126341956 9013772684494137106 0.1 0 61 1 4991 310 526 239 6066
2126341956 8870793657070434066 0.1 0 62 1 4971 310 520 239 6040
2126341956 1982039435449208594 0.1 0 63 1 4971 310 516 239 6036
2126341956 1932381476663091890 0.1 0 64 1 4971 310 512 239 6032
2126341956 3889644889083716274 0.1 0 65 1 4971 305 512 239 6027
2126341956 13394377647947494706 0.1 0 67 1 4971 305 508 240 6024
2126341956 8229026557529642354 0.1 0 68 1 4971 310 502 240 6023
2126341956 73673452467407794 0.1 0 69 1 4966 310 502 240 6018
2126341956 5735928766590423298 0.1 0 70 1 4966 310 500 240 6016
2126341956 17696187627312128258 0.1 0 71 1 4963 310 500 241 6014
2126341956 4724611686233308594 0.1 0 73 1 4933 310 500 241 5984
2126341956 7108193768959577362 0.1 0 74 1 4905 305 506 241 5957
2126341956 4202613144834319634 0.1 0 75 1 4847 295 514 241 5897
2126341956 9443365064114316562 0.1 0 77 1 4829 295 514 243 5881
2126341956 12814263984585964946 0.1 0 78 1 4829 290 514 243 5876
2126341956 15610735355040893058 0.1 0 79 1 4809 290 514 243 5856
2126341956 14109788756324581506 0.1 0 80 1 4764 290 514 244 5812
2126341956 17131240326255853122 0.1 0 81 1 4734 290 516 243 5783
2126341956 1748210035079797138 0.1 0 85 1 4734 290 514 243 5781
2126341956 14098440602834785682 0.1 0 86 1 4734 290 514 242 5780
2126341956 13555484472067315234 0.1 0 89 1 4734 290 510 242 5776
2126341956 10662622154205483138 0.1 0 93 1 4704 290 524 243 5761
2126341956 5094940473854808194 0.1 0 94 1 4692 295 526 243 5756
2126341956 13268827248062724226 0.1 0 95 1 4660 295 528 242 5725
2126341956 8006925997757314914 0.1 0 96 1 4660 295 526 243 5724
2126341956 8097084309513353250 0.1 0 97 1 4660 295 524 243 5722
2126341956 12884508084454832162 0.1 0 98 1 4660 295 522 243 5720
2126341956 17793892014769817634 0.1 0 99 1 4620 300 520 243 5683
2126341956 3585779561984129058 0.1 0 100 1 4620 300 518 244 5682
2126341956 4890702990067447842 0.1 0 101 1 4608 295 516 245 5664
2126341956 14771569495799556130 0.1 0 102 1 4610 295 510 245 5660
2126341956 17040322842186113058 0.1 0 103 1 4592 295 506 245 5638
2126341956 4474137193209268258 0.1 0 104 1 4589 295 506 245 5635
2126341956 3265369699678667026 0.1 0 106 1 4531 295 508 245 5579
2126341956 17583264073997926674 0.1 0 107 1 4531 300 502 245 5578
2126341956 5573730391232201058 0.1 0 109 1 4531 295 502 245 5573
2126341956 17262769273758309730 0.1 0 111 1 4491 290 510 245 5536
2126341956 15561514672908787042 0.1 0 112 1 4488 295 508 244 5535
2126341956 14808415620729690466 0.1 0 113 1 4476 295 508 245 5524
2126341956 8792204355082574178 0.1 0 114 1 4479 290 508 246 5523
2126341956 14387649992825837570 0.1 0 119 1 4479 285 508 248 5520
2126341956 14861897838346307618 0.1 0 120 1 4451 285 508 248 5492
2126341956 15664882787939117090 0.1 0 121 1 4399 285 506 248 5438
2126341956 2263395396317554690 0.1 0 122 1 4399 280 510 248 5437
2126341956 15880075103949961218 0.1 0 123 1 4379 280 510 249 5418
2126341956 12959868562204495554 0.1 0 125 1 4379 280 500 249 5408
2126341956 793913743224508994 0.1 0 127 1 4364 280 498 248 5390
2126341956 16827319027286999618 0.1 0 128 1 4359 280 502 248 5389
2126341956 10218501294897059218 0.1 0 129 1 4334 280 502 248 5364
2126341956 3688768744312589714 0.1 0 130 1 4329 280 502 248 5359
2126341956 8675928282193791314 0.1 0 131 1 4329 275 506 248 5358
2126341956 14885148177151730050 0.1 0 133 1 4302 275 508 248 5333
2126341956 13926207029214203458 0.1 0 135 1 4302 275 504 248 5329
2126341956 7790425500234370626 0.1 0 136 1 4302 280 496 248 5326
2126341956 3257251799885385458 0.1 0 139 1 4294 280 490 249 5313
2126341956 14914360378337112818 0.1 0 140 1 4276 285 488 250 5299
2126341956 10201794645618812562 0.1 0 142 1 4276 270 494 250 5290
2126341956 14804211107105339026 0.1 0 143 1 4264 270 498 251 5283
2126341956 17876981734464597650 0.1 0 144 1 4239 270 498 250 5257
2126341956 2001207214721944210 0.1 0 145 1 4224 270 498 250 5242
2126341956 15904506187502332450 0.1 0 148 1 4219 270 498 250 5237
2126341956 18370951563897379362 0.1 0 150 1 4219 270 494 250 5233
2126341956 12938493017751100962 0.1 0 151 1 4211 270 498 250 5229
2126341956 6321806566210891298 0.1 0 152 1 4211 265 496 250 5222
2126341956 589375398349587954 0.1 0 154 1 4211 260 498 250 5219
2126341956 930446720514937666 0.1 0 155 1 4204 260 498 251 5213
2126341956 12800232585643079442 0.1 0 159 1 4184 250 510 252 5196
2126341956 9319235019902819090 0.1 0 161 1 4184 250 506 251 5191
2126341956 12523022416853970786 0.1 0 164 1 4184 250 504 251 5189
2126341956 34123881314553042 0.1 0 167 1 4184 250 500 251 5185
2126341956 4507304731357027538 0.1 0 169 1 4184 250 498 250 5182
2126341956 3032195243200788690 0.1 0 170 1 4172 250 496 249 5167
2126341956 14879948277113675522 0.1 0 171 1 4172 245 494 250 5161
2126341956 6951217852048408322 0.1 0 172 1 4172 245 494 249 5160
2126341956 17369435994623258370 0.1 0 173 1 4120 245 490 249 5104
2126341956 11888824780321271554 0.1 0 175 1 4098 245 490 249 5082
2126341956 15873541969288667906 0.1 0 177 1 4096 245 488 250 5079
2126341956 8895200506915858178 0.1 0 178 1 4033 245 488 250 5016
2126341956 15860759250955863810 0.1 0 179 1 4025 245 488 250 5008
2126341956 17961794143373833986 0.1 0 180 1 4007 245 488 250 4990
2126341956 17331693298457927426 0.1 0 181 1 4007 240 490 250 4987
2126341956 399145133347050850 0.1 0 188 1 3913 235 494 252 4894
2126341956 3949641874529219938 0.1 0 189 1 3890 235 494 252 4871
2126341956 4224383586953427650 0.1 0 190 1 3890 235 492 252 4869
2126341956 8081004542753303234 0.1 0 191 1 3885 230 494 252 4861
2126341956 7323941056835388098 0.1 0 192 1 3885 225 474 252 4836
2126341956 16781308214018077954 0.1 0 194 1 3870 220 476 253 4819
2126341956 17765247810975223042 0.1 0 195 1 3840 220 480 253 4793
2126341956 8408225162387848450 0.1 0 196 1 3837 220 480 253 4790
2126341956 8487000402271350018 0.1 0 197 1 3837 220 480 252 4789
2126341956 12798098283822740658 0.1 0 203 1 3837 225 472 253 4787
2126341956 15676446928566862898 0.1 0 205 1 3837 225 472 252 4786
2126341956 6070595852019392882 0.1 0 206 1 3837 220 472 252 4781
2126341956 11115174526996737394 0.1 0 208 1 3837 215 476 252 4780
2126341956 14998547489783512434 0.1 0 211 1 3822 215 488 252 4777
2126341956 9076700996880967106 0.1 0 213 1 3822 215 484 253 4774
2126341956 5890930057768544418 0.1 0 215 1 3772 215 484 253 4724
2126341956 6919963343322065058 0.1 0 216 1 3774 215 476 252 4717
2126341956 3735984067977836706 0.1 0 217 1 3766 210 480 253 4709
2126341956 706597200467595346 0.1 0 221 1 3708 210 482 252 4652
2126341956 9131785849691555474 0.1 0 223 1 3708 205 484 253 4650
2126341956 3764453278622303890 0.1 0 224 1 3708 205 482 253 4648
2126341956 7594960362568145554 0.1 0 225 1 3708 205 482 252 4647
2126341956 15843989090124101266 0.1 0 226 1 3660 205 482 251 4598
2126341956 736294051822978706 0.1 0 227 1 3660 195 488 250 4593
2126341956 16255214039100040850 0.1 0 228 1 3660 195 488 249 4592
2126341956 603861155339237010 0.1 0 229 1 3619 195 482 250 4546
2126341956 13448505018104934210 0.1 0 231 1 3591 195 486 251 4523
2126341956 5806871625219579714 0.1 0 232 1 3576 195 486 252 4509
2126341956 1818207886969592642 0.1 0 234 1 3534 195 488 252 4469
2126341956 13719617153483139906 0.1 0 235 1 3534 200 478 252 4464
2126341956 1414049965414619074 0.1 0 237 1 3534 200 478 251 4463
2126341956 10970074798702335938 0.1 0 238 1 3524 200 478 252 4454
2126341956 17871030954235792322 0.1 0 239 1 3519 200 478 251 4448
2126341956 3168352372019295170 0.1 0 243 1 3459 195 482 252 4388
2126341956 6644548649528127218 0.1 0 244 1 3459 195 478 252 4384
2126341956 10987388971425034562 0.1 0 246 1 3459 190 482 252 4383
2126341956 14648855071403233602 0.1 0 247 1 3439 190 482 252 4363
2126341956 16859884057224374690 0.1 0 249 1 3439 190 478 254 4361
2126341956 615572029359281266 0.1 0 252 1 3439 190 476 255 4360
2126341956 5819051769391590594 0.1 0 254 1 3409 190 478 256 4333
2126341956 3241997497284257986 0.1 0 255 1 3379 190 478 256 4303
2126341956 8730307496892809586 0.1 0 257 1 3379 190 476 257 4302
2126341956 13602026027002334690 0.1 0 258 1 3379 190 472 257 4298
2126341956 5036527759302271266 0.1 0 260 1 3374 190 472 257 4293
2126341956 3541984012450274626 0.1 0 262 1 3381 190 462 257 4290
2126341956 17936434140797366642 0.1 0 263 1 3381 185 466 257 4289
2126341956 2940274413281135826 0.2 0 264 1 3381 185 464 256 4286
2126341956 17633507895596235890 0.2 0 267 1 3354 185 464 256 4259
2126341956 719378200292793458 0.2 0 268 1 3354 180 466 257 4257
2126341956 9150883930408749170 0.2 0 270 1 3344 180 466 256 4246
2126341956 13766758427983663570 0.2 0 273 1 3331 180 466 256 4233
2126341956 11033160440465451474 0.2 0 274 1 3334 180 458 256 4228
2126341956 17595248291643602050 0.2 0 276 1 3334 180 458 255 4227
2126341956 8599584650778825858 0.2 0 277 1 3326 180 458 255 4219
2126341956 12062466362816312354 0.2 0 278 1 3317 180 458 255 4210
2126341956 12492083656727457906 0.2 0 279 1 3317 175 456 255 4203
2126341956 4367243356944302898 0.2 0 280 1 3307 175 456 255 4193
2126341956 16144436205726849842 0.2 0 283 1 3247 175 456 254 4132
2126341956 6744539448452864818 0.2 0 284 1 3247 175 450 253 4125
2126341956 8355229786287974738 0.2 0 285 1 3217 175 450 254 4096
2126341956 15712586089304327490 0.2 0 290 1 3211 170 454 254 4089
2126341956 4688444055614790978 0.2 0 292 1 3211 165 454 254 4084
2126341956 15501620202326357314 0.2 0 293 1 3211 165 454 253 4083
2126341956 17665261884388832578 0.2 0 295 1 3211 165 454 252 4082
2126341956 824485888700574690 0.2 0 303 1 3196 180 450 253 4079
2126341956 5755415489201995746 0.2 0 304 1 3196 180 450 252 4078
2126341956 17454268061706623970 0.2 0 306 1 3196 180 448 252 4076
2126341956 11340411633353156162 0.2 0 307 1 3196 180 446 252 4074
2126341956 4258876833949401666 0.2 0 309 1 3108 180 452 252 3992
2126341956 16658843456980646466 0.2 0 310 1 3102 180 452 252 3986
2126341956 2587975226311653954 0.2 0 311 1 3102 180 450 252 3984
2126341956 5401241810651947586 0.2 0 312 1 3102 170 454 252 3978
2126341956 11645558045901560386 0.2 0 314 1 3102 165 454 253 3974
2126341956 7683272590996103746 0.2 0 315 1 3095 165 454 253 3967
2126341956 10325941249757926258 0.2 0 321 1 3080 170 450 253 3953
2126341956 11242551386775054786 0.2 0 325 1 3073 170 448 257 3948
2126341956 18272870803597996482 0.2 0 328 1 3063 175 450 257 3945
2126341956 4431846879830395330 0.2 0 329 1 3063 175 448 257 3943
2126341956 10981662199267248530 0.2 0 331 1 3063 175 448 256 3942
2126341956 10257273893340119442 0.2 0 332 1 3038 180 456 257 3931
2126341956 9046203782872245634 0.2 0 333 1 3033 180 452 257 3922
2126341956 10175255933235128706 0.2 0 336 1 3003 180 452 256 3891
2126341956 11365348585295410562 0.2 0 337 1 3003 180 452 254 3889
2126341956 2917532985381869858 0.2 0 340 1 3003 175 454 255 3887
2126341956 10818515038699463970 0.2 0 341 1 3003 175 454 254 3886
2126341956 18075721859259654434 0.2 0 342 1 2973 175 464 254 3866
2126341956 10396311767458061602 0.2 0 343 1 2971 175 464 254 3864
2126341956 17353092809124370434 0.2 0 344 1 2919 175 460 254 3808
2126341956 17364903048036539794 0.2 0 346 1 2891 175 458 255 3779
2126341956 10291181011842184594 0.2 0 349 1 2876 175 458 255 3764
2126341956 1065801332664165618 0.2 0 351 1 2876 175 458 254 3763
2126341956 15823462047972249842 0.2 0 352 1 2866 170 456 254 3746
2126341956 9455559855362389810 0.2 0 355 1 2866 160 460 253 3739
2126341956 15761099507983537970 0.2 0 356 1 2866 160 460 252 3738
2126341956 10864092960952954066 0.2 0 358 1 2866 160 456 254 3736
2126341956 244521442862603474 0.2 0 359 1 2856 160 456 254 3726
2126341956 4653995469086921570 0.2 0 366 1 2819 165 456 257 3697
2126341956 4565472389904860002 0.2 0 367 1 2793 165 456 257 3671
2126341956 7714974369669804658 0.2 0 370 1 2791 165 458 256 3670
2126341956 6587333708870403378 0.2 0 371 1 2784 165 458 257 3664
2126341956 16124749703449044274 0.2 0 372 1 2784 165 458 256 3663
2126341956 13782924883806867762 0.2 0 374 1 2784 165 456 256 3661
2126341956 15546303139312290098 0.2 0 375 1 2737 165 456 256 3614
2126341956 11319626788218073394 0.2 0 376 1 2708 165 456 256 3585
2126341956 15495270087174420786 0.2 0 377 1 2708 165 450 255 3578
2126341956 17044795244630267186 0.2 0 378 1 2708 165 448 254 3575
2126341956 9273119734000212242 0.2 0 388 1 2678 170 448 253 3549
2126341956 13672238697497809714 0.2 0 393 1 2673 175 446 254 3548
2126341956 10573559897105563442 0.2 0 394 1 2673 175 446 253 3547
2126341956 5287923425818304306 0.2 0 395 1 2663 175 446 253 3537
2126341956 2995948284575293234 0.2 0 398 1 2638 180 456 255 3529
2126341956 11310075154067118930 0.2 0 400 1 2618 180 456 257 3511
2126341956 16245492293144868690 0.2 0 401 1 2584 180 456 257 3477
2126341956 6648182526679670914 0.2 0 402 1 2544 185 452 257 3438
2126341956 13719150631552503762 0.2 0 405 1 2524 190 448 256 3418
2126341956 1581913921852870610 0.2 0 406 1 2524 190 444 256 3414
2126341956 16850360262545941826 0.2 0 407 1 2524 190 442 257 3413
2126341956 17596613747405540674 0.2 0 408 1 2524 185 442 257 3408
2126341956 13291041151029183362 0.2 0 409 1 2511 190 438 258 3397
2126341956 4298948478051583762 0.2 0 413 1 2498 190 436 257 3381
2126341956 3611880275469930258 0.2 0 415 1 2448 190 436 257 3331
2126341956 6484560487717223186 0.2 0 423 1 2445 190 434 260 3329
2126341956 18243384402285566738 0.2 0 424 1 2443 190 430 260 3323
2126341956 11991090285640077074 0.2 0 426 1 2393 190 430 260 3273
2126341956 15742848717566141202 0.2 0 427 1 2373 190 430 260 3253
2126341956 16207505818762168450 0.2 0 435 1 2378 180 436 255 3249
2126341956 17205994165572268466 0.2 0 436 1 2378 180 434 255 3247
2126341956 14158826379241704882 0.2 0 437 1 2378 180 430 255 3243
2126341956 1584871848628565090 0.2 0 440 1 2378 180 426 254 3238
2126341956 3694888181936220258 0.2 0 441 1 2378 185 420 254 3237
2126341956 3954311301582485602 0.2 0 442 1 2341 185 420 255 3201
2126341956 15911533249162789554 0.2 0 445 1 2341 180 422 254 3197
2126341956 13164685237645584210 0.2 0 446 1 2341 180 418 255 3194
2126341956 4659931583833086194 0.2 0 448 1 2341 185 412 255 3193
2126341956 1094512047699708146 0.2 0 449 1 2321 190 408 255 3174
2126341956 5812788297190736114 0.2 0 450 1 2301 190 408 254 3153
2126341956 8161705998490746098 0.2 0 452 1 2301 190 408 253 3152
2126341956 14588612545849478386 0.2 0 453 1 2281 190 410 254 3135
2126341956 1898470231460528866 0.2 0 455 1 2281 185 410 254 3130
2126341956 16144691934405701346 0.2 0 456 1 2263 185 410 255 3113
2126341956 8339002015195291362 0.2 0 458 1 2259 185 410 257 3111
2126341956 16223656081605121762 0.2 0 460 1 2259 185 408 257 3109
2126341956 8052530237849573090 0.2 0 462 1 2224 185 408 258 3075
2126341956 6798561023218728674 0.2 0 463 1 2224 185 408 257 3074
2126341956 11668742496804014786 0.2 0 468 1 2206 190 402 259 3057
2126341956 11428010114051721922 0.2 0 469 1 2194 190 402 259 3045
2126341956 17261043821316791346 0.2 0 476 1 2194 195 392 261 3042
2126341956 5266636425993293234 0.2 0 479 1 2194 185 400 262 3041
2126341956 10201926626727419682 0.2 0 484 1 2194 185 398 261 3038
2126341956 13645970749892552482 0.2 0 486 1 2158 185 400 261 3004
2126341956 11130411699201233778 0.2 0 489 1 2143 185 400 262 2990
2126341956 6965590338119756658 0.2 0 490 1 2130 185 400 262 2977
2126341956 2774768477738397682 0.2 0 491 1 2126 185 400 262 2973
2126341956 13363563303706636274 0.2 0 492 1 2126 185 398 262 2971
2126341956 3692863092249296258 0.2 0 494 1 2126 185 396 262 2969
2126341956 2500327712320068962 0.2 0 495 1 2121 185 396 262 2964
2126341956 4838918215715676066 0.2 0 499 1 2121 190 390 262 2963
2126341956 4526013017354448802 0.2 0 500 1 2096 190 394 262 2942
2126341956 2996327257387757714 0.2 0 504 1 2096 190 390 262 2938
2126341956 11008232431978818802 0.2 0 506 1 2091 190 390 263 2934
2126341956 14080796642743999730 0.2 0 507 1 2091 190 386 263 2930
2126341956 1875777733813528818 0.2 0 509 1 2091 190 384 262 2927
2126341956 8201348678673523954 0.2 0 510 1 2091 190 384 260 2925
2126341956 18341510362934544066 0.2 0 512 1 2076 190 388 260 2914
2126341956 13081318242708497762 0.2 0 514 1 2076 190 384 260 2910
2126341956 12839032277294528274 0.2 0 518 1 2074 185 388 261 2908
2126341956 6988755212167749394 0.2 0 519 1 2074 190 382 260 2906
2126341956 3144296838029662994 0.2 0 520 1 2074 190 382 259 2905
2126341956 16754221149891250962 0.2 0 521 1 2064 190 382 259 2895
2126341956 9726272361174636690 0.2 0 522 1 2057 190 380 260 2887
2126341956 8820959612357972114 0.2 0 523 1 2057 190 380 259 2886
2126341956 9219463988305310786 0.2 0 524 1 2057 190 380 258 2885
2126341956 14481884280009689714 0.2 0 526 1 2057 185 382 257 2881
2126341956 14399175688952919970 0.2 0 529 1 2057 185 374 258 2874
2126341956 8579450473852154786 0.2 0 530 1 2057 185 370 258 2870
2126341956 2459373120310870370 0.2 0 533 1 2044 190 366 258 2858
2126341956 17461250584722844514 0.2 0 548 1 2024 180 374 260 2838
2126341956 14318107120368501378 0.2 0 551 1 2004 180 374 260 2818
2126341956 10907437911276178754 0.2 0 554 1 1994 180 378 260 2812
2126341956 2042597158177965378 0.2 0 555 1 1994 180 378 259 2811
2126341956 8269087944553601346 0.2 0 557 1 1971 175 392 259 2797
2126341956 11315698184617238850 0.2 0 558 1 1971 175 390 259 2795
2126341956 17258779319526651058 0.2 0 559 1 1971 175 386 259 2791
2126341956 13493017022532646834 0.2 0 560 1 1901 170 390 259 2720
2126341956 4506945321931613266 0.3 0 569 1 1901 180 382 256 2719
2126341956 8542399059541009010 0.3 0 571 1 1901 175 386 256 2718
2126341956 1340492175871730290 0.3 0 572 1 1891 180 386 257 2714
2126341956 6785922011795640946 0.3 0 573 1 1891 180 384 257 2712
2126341956 10017920962070962418 0.3 0 574 1 1891 180 380 257 2708
2126341956 7404703419981337682 0.3 0 577 1 1851 180 382 256 2669
2126341956 7200455801899147346 0.3 0 579 1 1846 190 376 255 2667
2126341956 14950989220942803554 0.3 0 582 1 1823 190 376 255 2644
2126341956 10664339946463786594 0.3 0 583 1 1823 190 370 255 2638
2126341956 7346598497024288354 0.3 0 584 1 1823 185 372 255 2635
2126341956 17981110616123557602 0.3 0 585 1 1823 180 376 255 2634
2126341956 7004721864730024674 0.3 0 588 1 1823 180 376 254 2633
2126341956 2982839309722169106 0.3 0 590 1 1823 180 376 253 2632
2126341956 5672800317406346242 0.3 0 592 1 1823 175 380 253 2631
2126341956 6569222353987509250 0.3 0 594 1 1814 175 378 253 2620
2126341956 13153853104934192562 0.3 0 595 1 1814 175 376 253 2618
2126341956 4357606149474780594 0.3 0 596 1 1764 175 376 252 2567
2126341956 12985073480521735602 0.3 0 597 1 1756 175 376 252 2559
2126341956 2401386990025323890 0.3 0 599 1 1746 180 380 252 2558
2126341956 2817273754697454962 0.3 0 600 1 1746 180 372 252 2550
2126341956 5028223519025473746 0.3 0 607 1 1744 185 368 252 2549
2126341956 3948221379540398594 0.3 0 608 1 1744 185 368 251 2548
2126341956 16905434559559653010 0.3 0 616 1 1743 190 362 251 2546
2126341956 11935491205661208738 0.3 0 622 1 1721 190 362 252 2525
2126341956 10570458258280492690 0.3 0 624 1 1721 190 358 252 2521
2126341956 3560583378549153362 0.3 0 626 1 1721 185 358 252 2516
2126341956 902993261241983570 0.3 0 629 1 1721 190 352 252 2515
2126341956 4869109492420880978 0.3 0 631 1 1721 185 352 253 2511
2126341956 15896410042714207730 0.3 0 640 1 1691 200 346 255 2492
2126341956 1686688771023420610 0.3 0 649 1 1691 195 350 255 2491
2126341956 17761837047960574146 0.3 0 651 1 1691 195 350 254 2490
2126341956 4056502286361273346 0.3 0 653 1 1682 195 350 255 2482
2126341956 3661972452152790802 0.3 0 656 1 1674 195 352 254 2475
2126341956 3738464303178911410 0.3 0 657 1 1674 195 350 254 2473
2126341956 1768764969088938738 0.3 0 660 1 1674 185 352 255 2466
2126341956 5121359555506287346 0.3 0 661 1 1674 185 350 255 2464
2126341956 15070494505641073250 0.3 0 665 1 1674 180 350 255 2459
2126341956 9892374295169675874 0.3 0 666 1 1646 185 350 254 2435
2126341956 4683192441098465042 0.3 0 675 1 1629 195 340 255 2419
2126341956 4855948687772129042 0.3 0 676 1 1629 195 340 254 2418
2126341956 12329955092854457106 0.3 0 677 1 1629 195 340 253 2417
2126341956 17722162056754457458 0.3 0 697 1 1604 180 368 254 2406
2126341956 14499683653530435922 0.3 0 698 1 1604 180 366 255 2405
2126341956 3391425575154190050 0.3 0 703 1 1603 180 366 254 2403
2126341956 14911595300672012002 0.3 0 708 1 1603 185 360 254 2402
2126341956 12736361736454252258 0.3 0 709 1 1603 185 360 253 2401
2126341956 2034851930574090994 0.3 0 711 1 1593 185 360 254 2392
2126341956 459137558445392626 0.3 0 712 1 1593 185 360 253 2391
2126341956 9861142756787462898 0.3 0 713 1 1593 180 358 255 2386
2126341956 14584811952725644082 0.3 0 727 1 1593 185 354 253 2385
2126341956 14229577912880410418 0.3 0 728 1 1590 185 354 254 2383
2126341956 16779680180036081458 0.3 0 729 1 1590 185 354 253 2382
2126341956 6134276952343033650 0.3 0 730 1 1580 185 354 253 2372
2126341956 11442634647961549506 0.3 0 731 1 1550 190 358 253 2351
2126341956 5464058873163588290 0.3 0 732 1 1443 190 358 253 2244
2126341956 12422779580811346626 0.3 0 733 1 1443 190 356 254 2243
2126341956 10554744311076428674 0.3 0 734 1 1443 190 354 254 2241
2126341956 9677531247620221890 0.3 0 747 1 1407 190 352 259 2208
2126341956 197531625928482002 0.3 0 749 1 1407 190 350 259 2206
2126341956 15512528539488831698 0.3 0 751 1 1397 190 350 259 2196
2126341956 13345406921496716034 0.3 0 752 1 1397 190 348 258 2193
2126341956 10254599360805152514 0.3 0 753 1 1397 190 348 256 2191
2126341956 739408680329286882 0.3 0 754 1 1392 190 348 257 2187
2126341956 15247521450382753250 0.3 0 756 1 1370 190 348 257 2165
2126341956 8453148304486865138 0.3 0 757 1 1370 190 346 257 2163
2126341956 14465590724065493618 0.3 0 768 1 1350 180 360 259 2149
2126341956 8522587872339486322 0.3 0 769 1 1350 180 360 258 2148
2126341956 1391327382224696946 0.3 0 770 1 1333 180 364 256 2133
2126341956 5092313327528118898 0.3 0 773 1 1333 180 364 255 2132
2126341956 11253929642568297362 0.3 0 775 1 1330 180 364 255 2129
2126341956 11984482633788444434 0.3 0 778 1 1330 180 366 252 2128
2126341956 5848088349024348786 0.3 0 780 1 1330 175 370 252 2127
2126341956 14438761333458623090 0.3 0 782 1 1322 175 370 252 2119
2126341956 18179905853347597938 0.3 0 783 1 1288 175 370 252 2085
2126341956 214977940135375570 0.3 0 785 1 1288 170 370 252 2080
2126341956 8621889645482826594 0.3 0 799 1 1288 170 368 252 2078
2126341956 8322531636595366754 0.3 0 801 1 1288 170 366 252 2076
2126341956 9145832487513250274 0.3 0 807 1 1285 175 362 253 2075
2126341956 6909475469099362786 0.3 0 808 1 1285 175 354 253 2067
2126341956 2034613461581795810 0.3 0 810 1 1275 175 356 252 2058
2126341956 3364945922304972754 0.3 0 816 1 1220 175 364 251 2010
2126341956 14209395867083868002 0.3 0 824 1 1220 165 372 250 2007
2126341956 12370988591208811858 0.3 0 825 1 1180 165 372 250 1967
2126341956 3912155382627063058 0.3 0 827 1 1165 165 372 250 1952
2126341956 17132657573700118386 0.3 0 830 1 1165 165 370 250 1950
2126341956 9432270088315392882 0.3 0 832 1 1150 165 374 250 1939
2126341956 9841863594528198226 0.3 0 835 1 1150 165 374 249 1938
2126341956 6123123365371396914 0.3 0 840 1 1150 160 376 250 1936
2126341956 2429403521162693426 0.3 0 843 1 1150 160 376 249 1935
2126341956 1446789145423736626 0.3 0 845 1 1150 160 376 248 1934
2126341956 17234805057939954802 0.3 0 849 1 1150 155 378 248 1931
2126341956 4241184537542949122 0.3 0 850 1 1150 150 382 247 1929
2126341956 6618597242476770946 0.3 0 854 1 1123 150 382 247 1902
2126341956 3255206188458429682 0.3 0 856 1 1123 145 386 247 1901
2126341956 10528725298502094066 0.3 0 858 1 1123 145 386 245 1899
2126341956 7194243187492383202 0.3 0 863 1 1123 145 384 245 1897
2126341956 5090944339022430962 0.3 0 864 1 1123 145 382 245 1895
2126341956 13926288959158770866 0.3 0 867 1 1075 145 382 244 1846
2126341956 969654646106521778 0.3 0 869 1 1065 145 386 244 1840
2126341956 9094996316229148962 0.3 0 877 1 1071 140 384 244 1839
2126341956 2671851464274604322 0.3 0 880 1 1071 135 384 245 1835
2126341956 1911821774727342658 0.3 0 883 1 1044 135 384 244 1807
2126341956 8295902883807334978 0.3 0 884 1 1007 135 384 244 1770
2126341956 860433879640822338 0.3 0 886 1 1007 135 378 244 1764
2126341956 3084324240071831074 0.3 0 896 1 1007 130 382 241 1760
2126341956 18183386424257399330 0.3 0 897 1 1007 130 382 240 1759
2126341956 9678303034517472306 0.3 0 901 1 1007 135 376 240 1758
2126341956 16835817336768117810 0.3 0 902 1 1002 135 378 241 1756
2126341956 1398569992105622578 0.3 0 903 1 998 135 378 241 1752
2126341956 13455020619741969506 0.3 0 904 1 994 135 378 241 1748
2126341956 16221131186777409298 0.3 0 907 1 994 135 366 242 1737
2126341956 18033273312053454610 0.3 0 908 1 994 135 366 240 1735
2126341956 6523317525797631762 0.3 0 910 1 994 135 364 240 1733
2126341956 3307295852500643602 0.3 0 912 1 994 135 364 238 1731
2126341956 14526941175913469058 0.3 0 913 1 994 135 360 239 1728
2126341956 9476402442989587234 0.3 0 915 1 989 135 360 238 1722
2126341956 11407275469382845106 0.3 0 917 1 989 135 356 239 1719
2126341956 8281104810950241970 0.3 0 919 1 985 135 356 240 1716
2126341956 15438033143798933170 0.3 0 921 1 985 130 350 238 1703
2126341956 15070947355499591842 0.3 0 924 1 960 125 356 238 1679
2126341956 17608516677630700770 0.3 0 925 1 960 125 354 238 1677
2126341956 6858255151479684322 0.3 0 926 1 960 125 354 237 1676
2126341956 2010351364289251410 0.3 0 929 1 960 120 352 238 1670
2126341956 13254784628584388626 0.3 0 930 1 960 120 350 239 1669
2126341956 7455357766325035026 0.3 0 931 1 960 120 350 238 1668
2126341956 16781001049867816978 0.3 0 932 1 960 120 350 237 1667
2126341956 8311691134176437874 0.3 0 939 1 960 120 348 235 1663
2126341956 15037410054903565938 0.3 0 942 1 960 120 344 236 1660
2126341956 5241004261880424642 0.3 0 944 1 960 120 342 236 1658
2126341956 3708888984373350306 0.3 0 949 1 927 130 344 235 1636
2126341956 2892002321410194674 0.3 0 951 1 927 130 342 235 1634
2126341956 225882359220477522 0.3 0 952 1 872 135 346 235 1588
2126341956 11550152635320425042 0.3 0 953 1 872 135 344 236 1587
2126341956 10401260764057196194 0.3 0 961 1 872 130 346 238 1586
2126341956 18287002654671851170 0.3 0 964 1 872 130 340 240 1582
2126341956 1466730628229182114 0.3 0 965 1 872 130 340 239 1581
2126341956 2177858820519738706 0.4 0 970 1 872 130 340 238 1580
2126341956 10465546168957872114 0.4 0 971 1 872 130 340 237 1579
2126341956 13257010679349628818 0.4 0 973 1 872 130 336 236 1574
2126341956 17597025891589522098 0.4 0 978 1 870 130 336 237 1573
2126341956 5742666885944960386 0.4 0 981 1 870 130 334 237 1571
2126341956 11124748457696992786 0.4 0 983 1 870 130 330 237 1567
2126341956 1602755695026650610 0.4 0 995 1 873 130 324 239 1566
2126341956 11476738254287853282 0.4 0 999 1 866 130 324 239 1559
2126341956 15270897035436355298 0.4 0 1002 1 863 130 324 240 1557
2126341956 39831927561431778 0.4 0 1003 1 863 130 324 239 1556
2126341956 12837129058683743202 0.4 0 1004 1 861 125 324 239 1549
2126341956 14503834836838905954 0.4 0 1008 1 856 125 324 238 1543
2126341956 18169576512952330114 0.4 0 1010 1 838 125 328 238 1529
2126341956 12329832069845333570 0.4 0 1024 1 840 125 326 236 1527
2126341956 16657780162763121218 0.4 0 1026 1 847 120 322 236 1525
2126341956 6895401145992162786 0.4 0 1029 1 847 115 322 238 1522
2126341956 6659827483606078946 0.4 0 1030 1 847 115 322 237 1521
2126341956 7722222791171611378 0.4 0 1041 1 840 115 322 239 1516
2126341956 13733990662456744226 0.4 0 1044 1 838 110 322 240 1510
2126341956 1256939481597042754 0.4 0 1050 1 838 110 320 240 1508
2126341956 207198523343274050 0.4 0 1051 1 836 110 320 240 1506
2126341956 5918669855708434498 0.4 0 1053 1 836 110 318 241 1505
2126341956 1038648779734378978 0.4 0 1055 1 836 110 318 240 1504
2126341956 6996520936368992210 0.4 0 1061 1 818 110 330 240 1498
2126341956 4936465814243963858 0.4 0 1066 1 808 115 332 240 1495
2126341956 15171181409816753858 0.4 0 1067 1 808 115 330 240 1493
2126341956 5453317160653180194 0.4 0 1068 1 808 115 330 239 1492
2126341956 5933343259597188386 0.4 0 1075 1 808 115 328 239 1490
2126341956 349064852875757010 0.4 0 1091 1 808 115 328 237 1488
2126341956 6891693360189258194 0.4 0 1092 1 808 115 322 238 1483
2126341956 2554482652139487474 0.4 0 1093 1 808 115 320 239 1482
2126341956 7950704932170876418 0.4 0 1097 1 808 115 320 238 1481
2126341956 4178303350837229058 0.4 0 1099 1 808 115 320 236 1479
2126341956 5270030121261087234 0.4 0 1101 1 808 115 314 238 1475
2126341956 1506343708187217074 0.4 0 1110 1 811 115 310 238 1474
2126341956 15279134278217215154 0.4 0 1112 1 811 115 308 239 1473
2126341956 6669643716323330402 0.4 0 1118 1 801 120 314 237 1472
2126341956 13280104687068098930 0.4 0 1120 1 801 120 312 238 1471
2126341956 15992067485893464754 0.4 0 1135 1 799 125 304 242 1470
2126341956 1797903620555352626 0.4 0 1148 1 787 125 310 243 1465
2126341956 13004199705669800850 0.4 0 1162 1 757 130 316 243 1446
2126341956 12992812633930424338 0.4 0 1165 1 757 130 312 242 1441
2126341956 17554829701233116690 0.4 0 1170 1 757 130 306 246 1439
2126341956 11090484395720295954 0.4 0 1171 1 757 130 304 247 1438
2126341956 7550662172336006674 0.4 0 1173 1 733 135 306 248 1422
2126341956 219427607596637794 0.4 0 1182 1 733 130 308 250 1421
2126341956 13436735587171394034 0.4 0 1184 1 733 130 306 250 1419
2126341956 7405910997518624242 0.4 0 1186 1 733 120 302 251 1406
2126341956 3494219363170723106 0.4 0 1194 1 718 120 304 251 1393
2126341956 7935941593463891058 0.4 0 1204 1 718 120 306 248 1392
2126341956 1926363996523011186 0.4 0 1206 1 703 120 306 248 1377
2126341956 13029573925216608242 0.4 0 1207 1 703 120 306 247 1376
2126341956 10364985652204471666 0.4 0 1208 1 703 115 306 247 1371
2126341956 11013475023528364674 0.4 0 1209 1 703 115 302 247 1367
2126341956 1390635734414848738 0.4 0 1233 1 703 115 300 248 1366
2126341956 8481118630945807074 0.4 0 1234 1 688 115 300 247 1350
2126341956 17832405566971545314 0.4 0 1235 1 688 115 300 246 1349
2126341956 17381402068433701618 0.4 0 1236 1 688 110 302 246 1346
2126341956 16369711089160808770 0.4 0 1243 1 682 110 302 246 1340
2126341956 7046260079193731186 0.4 0 1250 1 682 110 302 245 1339
2126341956 10239040975966002178 0.4 0 1252 1 682 110 302 244 1338
2126341956 8704233332741864450 0.4 0 1253 1 682 110 302 243 1337
2126341956 9618688775721008290 0.4 0 1255 1 682 110 300 244 1336
2126341956 10642478722612773154 0.4 0 1257 1 682 110 298 244 1334
2126341956 12655183867039084834 0.4 0 1258 1 682 110 298 243 1333
2126341956 7024647119591689282 0.4 0 1264 1 676 110 296 245 1327
2126341956 1080893525369708610 0.4 0 1266 1 676 110 296 244 1326
2126341956 4396456727229659202 0.4 0 1267 1 671 110 296 244 1321
2126341956 7642187505899456578 0.4 0 1269 1 671 110 294 243 1318
2126341956 14897578478127005906 0.4 0 1271 1 671 115 290 241 1317
2126341956 7553911908535070034 0.4 0 1272 1 671 115 290 240 1316
2126341956 5994645170905558354 0.4 0 1273 1 671 115 290 239 1315
2126341956 17558129212171300162 0.4 0 1276 1 672 115 288 238 1313
2126341956 17031124762703793058 0.4 0 1277 1 672 115 288 237 1312
2126341956 5103124978012427170 0.4 0 1278 1 672 115 288 236 1311
2126341956 3673986932888296354 0.4 0 1279 1 652 115 288 236 1291
2126341956 14751743402957808002 0.4 0 1283 1 652 115 288 235 1290
2126341956 14234879713693253330 0.4 0 1294 1 652 115 284 237 1288
2126341956 11717894915722629762 0.4 0 1295 1 652 115 284 236 1287
2126341956 10866300396169769330 0.4 0 1299 1 651 115 282 238 1286
2126341956 16718227762286370514 0.4 0 1301 1 651 115 282 237 1285
2126341956 12373693219162203858 0.4 0 1302 1 651 115 280 238 1284
2126341956 14189383761949726418 0.4 0 1303 1 651 115 278 238 1282
2126341956 3484856250580109010 0.4 0 1305 1 646 115 278 238 1277
2126341956 14439285808527816402 0.4 0 1306 1 646 115 278 237 1276
2126341956 2657007911226031826 0.4 0 1309 1 600 120 290 238 1248
2126341956 13481649222799996626 0.4 0 1310 1 503 120 290 237 1150
2126341956 4121228015707615874 0.4 0 1313 1 503 120 288 238 1149
2126341956 9400080486199315074 0.4 0 1314 1 503 120 288 237 1148
2126341956 16978922708133486866 0.4 0 1340 1 509 110 288 240 1147
2126341956 4394393949252086242 0.4 0 1357 1 497 115 292 241 1145
2126341956 2979429503640721698 0.4 0 1361 1 497 115 290 241 1143
2126341956 11387343234946169378 0.4 0 1365 1 497 115 290 240 1142
2126341956 5896232880969707010 0.4 0 1367 1 497 115 290 239 1141
2126341956 7517591179740583426 0.4 0 1370 1 497 115 286 239 1137
2126341956 14608624336923124834 0.4 0 1375 1 497 115 286 237 1135
2126341956 11204956396247799906 0.4 0 1377 1 497 115 286 236 1134
2126341956 17472458439847588610 0.4 0 1398 1 481 115 284 238 1118
2126341956 13398165633704525570 0.4 0 1411 1 481 110 288 238 1117
2126341956 12139125758072124162 0.4 0 1412 1 483 105 284 239 1111
2126341956 2761534423071503634 0.4 0 1415 1 483 105 282 239 1109
2126341956 193117913114922258 0.4 0 1416 1 483 105 282 238 1108
2126341956 2052192727456234770 0.4 0 1418 1 483 105 282 236 1106
2126341956 6131677840324264434 0.4 0 1455 1 479 115 274 236 1104
2126341956 17392138947161271442 0.4 0 1459 1 469 110 278 236 1093
2126341956 4832654271682830098 0.4 0 1466 1 454 110 276 238 1078
2126341956 8184068569215759122 0.4 0 1477 1 447 110 282 238 1077
2126341956 12433179016065269186 0.4 0 1485 1 447 110 282 235 1074
2126341956 7389965830717006274 0.4 0 1487 1 447 110 282 234 1073
2126341956 2376560475786559938 0.4 0 1488 1 444 110 282 234 1070
2126341956 3335065615613344850 0.4 0 1498 1 449 110 276 230 1065
2126341956 4761601508924325810 0.4 0 1503 1 449 110 276 229 1064
2126341956 12684554061548408834 0.4 0 1504 1 449 110 274 229 1062
2126341956 11005402350044209154 0.4 0 1505 1 431 110 290 229 1060
2126341956 8569900851060106210 0.4 0 1524 1 396 105 302 231 1034
2126341956 11673926625215591218 0.4 0 1525 1 396 105 300 230 1031
2126341956 14932443669961668370 0.4 0 1529 1 369 105 302 229 1005
2126341956 17120789573374702162 0.4 0 1540 1 369 105 298 230 1002
2126341956 17228572537727305074 0.4 0 1541 1 369 105 296 231 1001
2126341956 12118190653896588962 0.4 0 1543 1 369 105 292 233 999
2126341956 3595266091764919970 0.4 0 1545 1 369 100 294 233 996
2126341956 17841194856091713058 0.4 0 1551 1 369 105 290 231 995
2126341956 5555022045727843874 0.4 0 1552 1 351 105 290 231 977
2126341956 11323270848019319330 0.4 0 1553 1 351 105 286 232 974
2126341956 155875427537670690 0.4 0 1556 1 351 105 284 233 973
2126341956 2070179040937980610 0.4 0 1562 1 351 105 286 230 972
2126341956 1427650436748696258 0.4 0 1564 1 351 105 284 229 969
2126341956 12723594251232788242 0.4 0 1566 1 330 105 284 229 948
2126341956 1866088884126543202 0.4 0 1574 1 330 100 286 227 943
2126341956 2257931746705670738 0.4 0 1575 1 330 100 286 226 942
2126341956 13105771405688613458 0.4 0 1576 1 330 100 286 225 941
2126341956 8840094524152997458 0.4 0 1577 1 330 100 286 224 940
2126341956 16932997048315545074 0.5 0 1585 1 330 95 288 226 939
2126341956 8854754457763883218 0.5 0 1589 1 327 95 288 227 937
2126341956 16761891149276282066 0.5 0 1591 1 327 95 288 226 936
2126341956 6949146021178172626 0.5 0 1592 1 327 95 288 225 935
2126341956 12448958640103965906 0.5 0 1593 1 327 95 288 224 934
2126341956 8479993089923899522 0.5 0 1594 1 327 95 284 225 931
2126341956 14461070670813221538 0.5 0 1599 1 307 95 290 222 914
2126341956 6977341653879458 0.5 0 1600 1 307 95 290 221 913
2126341956 502394977947725666 0.5 0 1607 1 308 95 286 222 911
2126341956 8859834695697345890 0.5 0 1609 1 308 95 284 223 910
2126341956 6282432441532939538 0.5 0 1625 1 271 100 282 224 877
2126341956 418535964038689042 0.5 0 1626 1 271 100 280 225 876
2126341956 17967260338924515602 0.5 0 1627 1 268 100 280 225 873
2126341956 13374906041828858546 0.5 0 1630 1 268 95 282 224 869
2126341956 13053343592256285026 0.5 0 1635 1 268 95 282 223 868
2126341956 13545214293209279506 0.5 0 1636 1 268 95 282 222 867
2126341956 13193564351288271890 0.5 0 1640 1 268 95 282 221 866
2126341956 15749429000241495618 0.5 0 1655 1 269 95 282 219 865
2126341956 9752442033941293634 0.5 0 1656 1 264 95 282 218 859
2126341956 17573634032253237826 0.5 0 1657 1 264 95 278 219 856
2126341956 10120923937511365186 0.5 0 1658 1 264 95 278 218 855
2126341956 8321970476259449010 0.5 0 1660 1 264 95 276 218 853
2126341956 6126831840465184946 0.5 0 1661 1 264 95 276 216 851
2126341956 14679844445769795554 0.5 0 1666 1 264 100 270 216 850
2126341956 6305935865625299106 0.5 0 1668 1 264 100 268 216 848
2126341956 3795008953839808546 0.5 0 1669 1 264 95 272 216 847
2126341956 5865276520893360162 0.5 0 1671 1 264 95 272 214 845
2126341956 6268698389398849570 0.5 0 1672 1 264 95 272 213 844
2126341956 9670608113903987682 0.5 0 1680 1 252 95 272 213 832
2126341956 2945590239854033890 0.5 0 1681 1 252 95 272 212 831
2126341956 221710605659178978 0.5 0 1682 1 252 95 270 211 828
2126341956 3149678127706620402 0.5 0 1704 1 254 100 260 209 823
2126341956 17614933539086617106 0.5 0 1707 1 254 100 258 208 820
2126341956 13083935960429391938 0.5 0 1709 1 254 100 254 209 817
2126341956 14665002987098556546 0.5 0 1717 1 252 95 258 210 815
2126341956 9783455179109899394 0.5 0 1718 1 252 90 258 211 811
2126341956 811238449724521602 0.5 0 1719 1 251 90 258 210 809
2126341956 2037924840658809090 0.5 0 1722 1 251 90 258 209 808
2126341956 9059045383266612050 0.5 0 1934 1 239 80 268 216 803
2126341956 5658819615234355874 0.5 0 1979 1 230 80 276 214 800
2126341956 17373819797103520370 0.5 0 1984 1 230 80 276 213 799
2126341956 9901499808660820594 0.5 0 1985 1 230 80 276 212 798
2126341956 14504983017781825186 0.5 0 1987 1 230 80 274 212 796
2126341956 5459436476190734626 0.5 0 1991 1 230 80 274 211 795
2126341956 11943761505590153138 0.5 0 2000 1 230 85 268 211 794
2126341956 2329186095428627250 0.5 0 2002 1 230 85 266 212 793
2126341956 984523087431321666 0.5 0 2009 1 223 85 268 214 790
2126341956 10635713081325028418 0.5 0 2011 1 223 85 268 213 789
2126341956 4755787875447078050 0.5 0 2033 1 220 80 272 216 788
2126341956 6526028068387941858 0.5 0 2050 1 215 80 274 214 783
2126341956 2526823533852442082 0.5 0 2052 1 215 80 274 213 782
2126341956 2440593550494363106 0.5 0 2053 1 215 80 274 211 780
2126341956 15394547650517706322 0.5 0 2063 1 205 80 274 212 771
2126341956 15113947608296443090 0.5 0 2065 1 205 80 272 212 769
2126341956 15267138922260681026 0.5 0 2069 1 205 80 268 211 764
2126341956 5959446230967243298 0.5 0 2070 1 205 80 266 211 762
2126341956 18348448589379888178 0.5 0 2088 1 203 85 262 211 761
2126341956 8811054032959628338 0.5 0 2089 1 203 85 262 210 760
2126341956 8389360361593018866 0.5 0 2106 1 203 85 260 210 758
2126341956 6874857041991826162 0.5 0 2117 1 202 75 264 212 753
2126341956 9303560031567701698 0.5 0 2165 1 194 75 270 211 750
2126341956 5164068119966856018 0.5 0 2167 1 194 80 264 211 749
2126341956 13481056416172785730 0.5 0 2179 1 167 80 266 214 727
2126341956 10922143563704085298 0.5 0 2183 1 167 75 264 216 722
2126341956 18161027612297424802 0.5 0 2317 1 125 105 272 212 714
2126341956 14179157817378205602 0.5 0 2318 1 125 105 272 211 713
2126341956 3242144098782403906 0.5 0 2320 1 125 105 272 210 712
2126341956 4217431438660131138 0.5 0 2322 1 125 105 270 210 710
2126341956 6660298482201951954 0.5 0 2337 1 123 100 272 214 709
2126341956 12402302257512039122 0.5 0 2339 1 103 100 270 214 687
2126341956 861062440263680722 0.5 0 2340 1 103 95 272 216 686
2126341956 10625797872973945538 0.5 0 2346 1 94 95 278 217 684
2126341956 4603529051380125378 0.5 0 2349 1 94 95 276 218 683
2126341956 8249445720674053570 0.5 0 2353 1 96 90 278 217 681
2126341956 10987431623161900482 0.5 0 2354 1 96 90 278 216 680
2126341956 16406062335170489490 0.5 0 2362 1 96 90 276 216 678
2126341956 14562800397361630402 0.5 0 2393 1 87 85 288 216 676
2126341956 9043293136875738482 0.5 0 2421 1 87 95 274 215 671
2126341956 5662272575654611314 0.5 0 2422 1 87 95 274 214 670
2126341956 13842195974116071794 0.5 0 2426 1 87 95 260 213 655
2126341956 4163880405926676338 0.5 0 2432 1 87 95 258 214 654
2126341956 9512856906583756434 0.5 0 2443 1 87 95 256 215 653
2126341956 12944754862143096226 0.5 0 2448 1 87 95 254 216 652
2126341956 1030393789647045778 0.5 0 2465 1 87 90 254 219 650
2126341956 6828563637612095634 0.5 0 2474 1 87 90 252 219 648
2126341956 17572541122707303570 0.5 0 2477 1 87 85 254 221 647
2126341956 6621014727979777506 0.5 0 2482 1 87 85 254 219 645
2126341956 6852549045735022690 0.5 0 2483 1 87 85 252 220 644
2126341956 3781455984194522210 0.5 0 2487 1 87 85 250 219 641
2126341956 11023833758750439554 0.5 0 2488 1 87 85 246 219 637
2126341956 759753478433887138 0.5 0 2504 1 87 85 240 224 636
2126341956 10063803592964207522 0.5 0 2505 1 87 85 240 223 635
2126341956 3312582075328588146 0.5 0 2507 1 87 85 238 223 633
2126341956 430903363904488258 0.5 0 2700 1 94 75 236 227 632
2126341956 226228798980576066 0.5 0 2701 1 94 75 236 226 631
2126341956 12189324115586232578 0.5 0 2709 1 94 65 242 227 628
2126341956 12950930225737312514 0.5 0 2711 1 91 65 242 226 624
2126341956 18045074949485529442 0.5 0 2712 1 91 65 240 226 622
2126341956 15761535206974049314 0.5 0 2718 1 88 65 240 227 620
2126341956 5177918826658764850 0.5 0 2721 1 88 65 240 225 618
2126341956 10323448301528132658 0.5 0 2722 1 88 65 240 224 617
2126341956 9750948747159150466 0.5 0 2723 1 88 60 244 223 615
2126341956 5009921237676523026 0.5 0 2726 1 88 60 244 222 614
2126341956 2789907435510684658 0.5 0 2727 1 88 60 242 222 612
2126341956 11690471752314038226 0.5 0 3009 1 74 65 248 224 611
2126341956 3045435064639288322 0.5 0 3014 1 74 65 246 225 610
2126341956 1052605593505369042 0.5 0 3020 1 74 65 246 223 608
2126341956 821321819334312162 0.5 0 3064 1 78 70 238 221 607
2126341956 6225691758411489506 0.5 0 3065 1 78 65 238 222 603
2126341956 1986861477206182146 0.5 0 3067 1 78 65 238 221 602
2126341956 9990141382492998594 0.5 0 3069 1 78 65 238 220 601
2126341956 4931391412331943874 0.5 0 3070 1 78 65 238 219 600
2126341956 1294818971120687042 0.5 0 3071 1 77 65 238 219 599
2126341956 4431037501920312370 0.5 0 3072 1 77 65 236 218 596
2126341956 691986652702604610 0.5 0 3175 1 58 70 242 220 590
2126341956 3579859672128803730 0.5 0 3194 1 58 65 244 221 588
2126341956 2973804802648717202 0.5 0 3198 1 38 65 242 219 564
2126341956 3798909183554838498 0.5 0 3206 1 38 65 244 216 563
2126341956 13651609957397161906 0.5 0 3208 1 38 60 246 215 559
2126341956 7250798508246075762 0.5 0 3212 1 38 60 244 214 556
2126341956 1099805763500100898 0.5 0 3316 1 33 65 240 216 554
2126341956 14492310763785899298 0.5 0 3317 1 33 65 240 215 553
2126341956 12563132617922073906 0.5 0 3323 1 33 65 238 216 552
2126341956 4733823433851168418 0.5 0 3332 1 34 65 236 216 551
2126341956 15966124577924569762 0.5 0 3333 1 34 65 236 215 550
2126341956 5276767149286848034 0.5 0 3357 1 36 70 224 217 547
2126341956 7006283029000192914 0.6 0 3361 1 36 65 228 217 546
2126341956 15085059742022814962 0.6 0 3386 1 33 65 232 215 545
2126341956 7931069475018903234 0.6 0 3563 1 36 55 232 221 544
2126341956 12851350347166197554 0.6 0 3565 1 36 50 234 222 542
2126341956 5966679268494468914 0.6 0 3566 1 36 50 232 222 540
2126341956 12835530541694943842 0.6 0 3572 1 36 55 228 220 539
2126341956 12048305084266032898 0.6 0 3585 1 36 55 228 216 535
2126341956 18320817506090212802 0.6 0 3591 1 36 55 224 216 531
2126341956 16218984025721906626 0.6 0 3592 1 36 50 226 216 528
2126341956 15674424513190985842 0.6 0 3609 1 36 50 224 217 527
2126341956 8452524303491397570 0.6 0 3632 1 36 55 218 217 526
2126341956 5793173464268605458 0.6 0 3674 1 34 55 224 212 525
2126341956 4115256383581298690 0.6 0 3810 1 34 40 234 215 523
2126341956 17241520612320442098 0.6 0 3811 1 34 40 232 215 521
2126341956 9915509038316069154 0.6 0 3812 1 34 40 232 214 520
2126341956 7796276632793487650 0.6 0 3813 1 34 40 232 213 519
2126341956 14341379957383327602 0.6 0 3837 1 34 35 232 217 518
2126341956 5305084666690088722 0.6 0 3854 1 34 40 222 218 514
2126341956 6485394533721249378 0.6 0 3856 1 34 40 222 217 513
2126341956 10180375998043411522 0.6 0 3868 1 34 40 220 218 512
2126341956 16393942121901121986 0.6 0 3884 1 32 45 214 220 511
2126341956 11400654828063719874 0.6 0 3886 1 32 45 214 219 510
2126341956 6460718934937548082 0.6 0 3894 1 32 45 214 218 509
2126341956 6618595669024109314 0.6 0 4085 1 29 25 230 224 508
2126341956 8958494310546891058 0.6 0 4222 1 29 25 224 229 507
2126341956 9418874508128522546 0.6 0 4223 1 29 25 224 228 506
2126341956 1659391005704115218 0.6 0 4272 1 30 40 208 227 505
2126341956 17035063975547040674 0.6 0 4273 1 30 40 206 228 504
2126341956 3389839066251835842 0.6 0 4280 1 30 35 206 229 500
2126341956 3572506888504235410 0.6 0 4290 1 30 35 208 226 499
2126341956 12267955056680757058 0.6 0 4308 1 30 30 208 228 496
2126341956 7866160182667280194 0.6 0 4309 1 30 30 208 227 495
2126341956 2515110603908610322 0.6 0 4321 1 30 30 208 225 493
2126341956 17944737273186755138 0.6 0 4323 1 30 30 208 224 492
2126341956 15513425294094520898 0.6 0 4324 1 30 30 208 223 491
2126341956 7273220064757323330 0.6 0 4325 1 30 30 204 222 486
2126341956 15764051105472294898 0.6 0 4376 1 31 25 204 225 485
2126341956 3841426874955655154 0.6 0 4380 1 31 20 206 226 483
2126341956 16662479172997091442 0.6 0 4385 1 31 20 208 223 482
2126341956 3478820920246127394 0.6 0 4414 1 32 20 208 221 481
2126341956 8677303447918001378 0.6 0 4463 1 19 15 218 228 480
2126341956 17482345562719918674 0.6 0 4473 1 19 15 216 226 476
2126341956 1059365986847727938 0.6 0 4535 1 19 15 208 233 475
2126341956 13406444034014985538 0.6 0 4536 1 19 15 208 232 474
2126341956 8808007889879106690 0.6 0 5272 1 19 20 214 220 473
2126341956 12209016782820799618 0.6 0 5273 1 19 20 214 219 472
2126341956 5766816743585322114 0.6 0 5274 1 19 20 214 218 471
2126341956 6098482495289902114 0.6 0 6369 1 13 10 228 218 469
2126341956 16843016845805437314 0.6 0 6371 1 13 10 228 217 468
2126341956 12545544510330708354 0.6 0 6372 1 13 10 226 217 466
2126341956 10969628908544194546 0.6 0 6374 1 13 10 224 218 465
2126341956 11392802899398921202 0.6 0 6375 1 13 10 224 217 464
2126341956 8215346145957418306 0.6 0 6427 1 11 10 226 216 463
2126341956 9353784355445477906 0.6 0 6463 1 11 10 224 217 462
2126341956 12395474605604242962 0.6 0 6466 1 11 10 222 218 461
2126341956 10832605723671641442 0.6 0 6482 1 11 10 216 223 460
2126341956 12528128120822043618 0.6 0 6521 1 11 15 212 219 457
2126341956 8716200094416004818 0.6 0 6527 1 11 15 212 217 455
2126341956 151473702679237858 0.6 0 6530 1 11 15 212 216 454
2126341956 7722904483779973362 0.6 0 6535 1 11 15 212 215 453
2126341956 8085842577269748658 0.6 0 6536 1 11 15 212 214 452
2126341956 10306468539362542562 0.6 0 6543 1 11 15 214 210 450
2126341956 13751577321902876642 0.6 0 6546 1 11 15 214 209 449
2126341956 8061939173789955042 0.6 0 7091 1 19 15 186 228 448
2126341956 3190228978068489506 0.6 0 7096 1 19 15 184 228 446
2126341956 14370945103393439266 0.6 0 7098 1 19 15 184 227 445
2126341956 15230786360468064402 0.6 0 7102 1 19 10 186 228 443
2126341956 14308815834159998722 0.6 0 7115 1 19 10 186 227 442
2126341956 7549740666817618626 0.6 0 7120 1 19 10 186 226 441
2126341956 4678014753133144770 0.6 0 7121 1 19 10 186 225 440
2126341956 2319481090215577138 0.6 0 7214 1 17 20 184 218 439
2126341956 14388194301838738498 0.6 0 7218 1 17 20 184 217 438
2126341956 11455739599667172098 0.6 0 7221 1 17 20 184 216 437
2126341956 18036714576933629890 0.6 0 7239 1 17 20 182 216 435
2126341956 8707977832524560402 0.6 0 7423 1 20 15 174 225 434
2126341956 656934715191739090 0.6 0 7566 1 21 20 174 218 433
2126341956 15533907083252043474 0.6 0 7567 1 21 20 174 216 431
2126341956 12427898819600170706 0.6 0 7568 1 21 20 174 215 430
2126341956 14595860364695949026 0.6 0 7572 1 21 20 172 216 429
2126341956 4468715325395309346 0.6 0 7577 1 21 20 168 218 427
2126341956 5973838481370723266 0.6 0 7721 1 24 25 172 205 426
2126341956 11171380085454990994 0.6 0 10231 1 8 20 182 215 425
2126341956 467166217973390450 0.6 0 10235 1 8 20 180 216 424
2126341956 18066201125046327410 0.6 0 10236 1 8 20 180 215 423
2126341956 10521829778622724210 0.6 0 10237 1 8 20 180 214 422
2126341956 3464397580354187186 0.6 0 10827 1 3 25 172 221 421
2126341956 581955456022630322 0.6 0 10828 1 3 25 172 220 420
2126341956 1396386417984071602 0.6 0 10829 1 3 25 172 219 419
2126341956 16431531780649549746 0.6 0 10830 1 3 25 172 218 418
2126341956 3382160120942438306 0.6 0 10835 1 3 25 170 218 416
2126341956 4119481495586275234 0.6 0 10836 1 3 25 168 217 413
2126341956 8946957065537784738 0.7 0 10838 1 3 25 166 217 411
2126341956 16575672664381829170 0.7 0 10841 1 3 25 166 216 410
2126341956 8679366050029385778 0.7 0 10844 1 3 25 166 214 408
2126341956 7946813604762518866 0.7 0 10858 1 3 25 166 212 406
2126341956 1263252606463030082 0.7 0 10859 1 3 25 166 211 405
2126341956 16746149422395310562 0.7 0 10869 1 3 25 164 211 403
2126341956 1118413010621726882 0.7 0 10877 1 3 20 168 210 401
2126341956 11234870024932742210 0.7 0 10894 1 3 20 164 211 398
2126341956 12749135674289781170 0.7 0 10911 1 3 20 164 210 397
2126341956 6751134290606675154 0.7 0 10945 1 3 20 166 207 396
2126341956 1928752663882654354 0.7 0 11213 1 6 15 170 204 395
2126341956 7905893501289827570 0.7 0 11219 1 6 15 168 205 394
2126341956 10692667794259549426 0.7 0 11220 1 6 15 164 205 390
2126341956 16751846720919975442 0.7 0 20268 1 15 10 150 214 389
2126341956 10817362849091398962 0.7 0 20307 1 7 10 164 207 388
2126341956 155934905805539474 0.7 0 20316 1 7 10 160 208 385
2126341956 2779419118785779858 0.7 0 20317 1 7 10 160 207 384
2126341956 11907299705061766034 0.7 0 20334 1 7 10 156 210 383
2126341956 15475502869565079554 0.7 0 20342 1 6 10 158 208 382
2126341956 14672443414286450690 0.7 0 20347 1 6 10 158 207 381
2126341956 6221386913499165698 0.7 0 20348 1 6 10 158 206 380
2126341956 15187055783629633698 0.7 0 20360 1 6 10 160 203 379
2126341956 11437302584298396018 0.7 0 20362 1 6 10 160 202 378
2126341956 6836245179744264562 0.7 0 20363 1 6 10 158 203 377
2126341956 13583711005426041202 0.7 0 20365 1 6 10 156 203 375
2126341956 6500840231384375666 0.7 0 20366 1 6 10 156 202 374
2126341956 13309855462210670802 0.7 0 20369 1 6 10 154 202 372
2126341956 5103367699809597650 0.7 0 20370 1 6 10 154 201 371
2126341956 9830610632796087250 0.7 0 20576 1 15 10 134 211 370
2126341956 1653517684741145554 0.7 0 20577 1 15 10 132 211 368
2126341956 5765634827737516658 0.7 0 20602 1 10 10 136 211 367
2126341956 4077173298577899410 0.7 0 20663 1 8 10 136 212 366
2126341956 1779721051621925410 0.7 0 20682 1 7 10 138 210 365
2126341956 5639866720169679954 0.7 0 20694 1 7 10 140 207 364
2126341956 9113453560613358594 0.7 0 21035 1 7 15 134 207 363
2126341956 4619164567058069346 0.7 0 21036 1 7 15 134 206 362
2126341956 491345937158411874 0.7 0 21037 1 7 10 134 206 357
2126341956 1998082923483836450 0.7 0 21039 1 7 10 134 205 356
2126341956 8377539463127908386 0.7 0 21040 1 7 10 134 203 354
2126341956 13545585316424325570 0.7 0 21083 1 7 10 132 203 352
2126341956 17458510123468019010 0.7 0 21087 1 7 10 134 200 351
2126341956 10765553518979921906 0.7 0 21096 1 7 10 134 199 350
2126341956 8388818779358140530 0.7 0 21214 1 5 10 120 214 349
2126341956 15961465536912477634 0.7 0 21216 1 5 10 120 213 348
2126341956 15124107617370320322 0.7 0 21217 1 5 10 120 212 347
2126341956 2307319464622378434 0.7 0 21222 1 5 10 120 211 346
2126341956 9510312608273851074 0.7 0 21226 1 5 10 118 211 344
2126341956 13307493082351551986 0.7 0 21236 1 5 10 120 208 343
2126341956 4650166034746172450 0.7 0 21240 1 5 10 118 208 341
2126341956 7930993026607336786 0.8 0 32114 1 9 20 106 205 340
2126341956 14550271469767337234 0.8 0 32118 1 9 20 106 204 339
2126341956 13977078423391489170 0.8 0 32123 1 9 15 108 206 338
2126341956 16071573428214771938 0.8 0 35968 1 0 10 122 205 337
2126341956 16461862977829523266 0.8 0 35971 1 0 10 120 205 335
2126341956 8950966428046315314 0.8 0 36010 1 0 15 120 199 334
2126341956 6139484934491561314 0.8 0 36031 1 0 15 116 202 333
2126341956 13070377664283631890 0.8 0 36052 1 0 10 122 200 332
2126341956 18374069308629165122 0.8 0 36062 1 0 10 122 199 331
2126341956 11324292125112054962 0.8 0 36219 1 0 10 116 204 330
2126341956 6911935536011588786 0.8 0 36220 1 0 10 116 203 329
2126341956 2034020687733547874 0.8 0 36235 1 0 10 118 199 327
2126341956 16748470879856553826 0.8 0 36241 1 0 10 116 200 326
2126341956 11376100933824053090 0.8 0 36243 1 0 10 116 198 324
2126341956 2866431125958974402 0.8 0 36244 1 0 10 114 197 321
2126341956 2269170889412899010 0.8 0 36354 1 2 5 116 197 320
2126341956 4916625982798197922 0.8 0 36356 1 2 5 116 196 319
2126341956 13091658323357519010 0.8 0 36358 1 2 5 116 195 318
2126341956 10325801195179607810 0.8 0 37711 1 0 10 120 184 314
2126341956 18199272019561030402 0.8 0 37712 1 0 10 120 182 312
2126341956 3448713438398329602 0.8 0 37715 1 0 10 118 183 311
2126341956 15769453985160839394 0.9 0 40919 1 0 0 104 205 309
2126341956 6744400537604388754 0.9 0 40921 1 0 0 102 206 308
2126341956 12953619353460119442 0.9 0 40923 1 0 0 100 206 306
2126341956 265446661228624482 0.9 0 40928 1 0 0 100 205 305
2126341956 15223978184609706306 0.9 0 40951 1 0 5 96 203 304
2126341956 13050853311124252994 0.9 0 40953 1 0 5 94 204 303
2126341956 12634752804804493810 0.9 0 47837 1 2 5 108 187 302
2126341956 8545959020880146930 0.9 0 47838 1 2 5 108 186 301
2126341956 12698801300561448514 0.9 0 47874 1 2 5 106 187 300
2126341956 15204672186237868242 0.9 0 47876 1 2 5 104 187 298
2126341956 4779283092140604050 0.9 0 52684 1 0 0 100 197 297
2126341956 14896941679030027154 0.9 0 52685 1 0 0 100 196 296
2126341956 11372404621734333330 0.9 0 52687 1 0 0 100 195 295
2126341956 1664397999529446290 0.9 0 52688 1 0 0 100 194 294
2126341956 9532618133352275250 0.9 0 52693 1 0 0 100 193 293
2126341956 15581795336278528546 0.9 0 52710 1 0 0 100 192 292
2126341956 16275151308727345698 0.9 0 52711 1 0 0 100 191 291
2126341956 17640487850653529970 0.9 0 52717 1 0 0 98 192 290
2126341956 6492422180555616562 0.9 0 52797 1 0 0 98 191 289
2126341956 3786712116290473266 0.9 0 52799 1 0 0 96 192 288
2126341956 6247126190287832050 0.9 0 52897 1 1 5 88 193 287
2126341956 7744997170341182786 0.9 0 52925 1 1 5 88 191 285
2126341956 3435427904140218322 0.9 0 52939 1 1 5 86 192 284
2126341956 1090754224198334738 0.9 0 54556 1 4 0 86 193 283
2126341956 2431088472674740898 0.9 0 54558 1 4 0 84 194 282
2126341956 8955041359837148338 1.0 0 54560 1 4 0 84 193 281
2126341956 6476062011784195474 1.0 0 55423 1 0 0 84 196 280
2126341956 6791308750990949778 1.0 0 55425 1 0 0 82 196 278
2126341956 14921983608891234498 1.0 0 55427 1 0 0 82 195 277
2126341956 3970914467588288338 1.0 0 58826 1 2 0 88 186 276
2126341956 2583306340504124946 1.0 0 58981 1 6 10 78 180 274
2126341956 7097229669699633186 1.0 0 59146 1 6 5 76 186 273
2126341956 5723819464790333570 1.0 0 59150 1 6 5 76 185 272
2126341956 15655934641684029586 1.0 0 60280 1 0 0 96 175 271
2126341956 3872432264094453058 1.0 0 67641 1 2 5 86 177 270
2126341956 5813555035761249330 1.0 0 67643 1 2 5 86 176 269
2126341956 3639830588491094850 1.0 0 67734 1 0 5 86 177 268
2126341956 11970513727046390594 1.0 0 67737 1 0 5 86 175 266
2126341956 4414346434222711618 1.0 0 67741 1 0 5 86 174 265
2126341956 1018439528961566530 1.1 0 67744 1 0 5 86 173 264
2126341956 13816579837695846626 1.1 0 67746 1 0 5 86 172 263
2126341956 11902524047492962530 1.1 0 67751 1 0 5 82 172 259
2126341956 6912018063252406770 1.1 0 71258 1 0 5 74 179 258
2126341956 5930758279241551266 1.1 0 71294 1 0 10 72 175 257
2126341956 4834674050720707362 1.1 0 71296 1 0 10 72 174 256
2126341956 15909073272564667170 1.1 0 71298 1 0 10 72 173 255
2126341956 8673167794370421538 1.1 0 71300 1 0 10 72 171 253
2126341956 14162632469234814850 1.1 0 71310 1 0 10 72 170 252
2126341956 5388655528198270850 1.1 0 71311 1 0 10 72 169 251
2126341956 12682225011646991234 1.1 0 71313 1 0 10 72 168 250
2126341956 9382087712868653778 1.1 0 71317 1 0 10 72 167 249
2126341956 8391106475980169778 1.1 0 74784 1 0 5 72 171 248
2126341956 1844707520634548994 1.1 0 74802 1 1 5 72 169 247
2126341956 2424647127458901410 1.1 0 74866 1 2 5 68 168 243
2126341956 5313142017379016098 1.1 0 74867 1 2 5 68 167 242
2126341956 4431640456268576562 1.1 0 74877 1 2 5 66 168 241
2126341956 6761921814938265074 1.1 0 75141 1 1 5 66 168 240
2126341956 9960788840632731778 1.1 0 75670 1 0 5 60 174 239
2126341956 15301323217010660754 1.1 0 75671 1 0 5 58 174 237
2126341956 13308800735638671058 1.1 0 75675 1 0 5 58 173 236
2126341956 1186352330083290834 1.1 0 75676 1 0 5 58 172 235
2126341956 11345764642528371714 1.1 0 76117 1 0 5 58 170 233
2126341956 2950652369520645618 1.2 0 79649 1 0 5 58 169 232
2126341956 11651321725154663922 1.2 0 79651 1 0 5 58 168 231
2126341956 11291311429097952706 1.2 0 79670 1 0 0 60 168 228
2126341956 2452193703681575282 1.2 0 81284 1 2 5 58 162 227
2126341956 9522103772331832402 1.2 0 81356 1 2 5 58 161 226
2126341956 11626937522479882594 1.2 0 81523 1 2 0 66 157 225
2126341956 1216522813568689170 1.2 0 81533 1 2 0 64 158 224
2126341956 15993789101754054930 1.2 0 81534 1 2 0 64 157 223
2126341956 2707472406358719874 1.2 0 86788 1 0 0 52 169 221
2126341956 1993978409332811506 1.2 0 86810 1 0 0 52 168 220
2126341956 12391007556531951346 1.2 0 86811 1 0 0 52 167 219
2126341956 3437977446601955042 1.2 0 86816 1 0 0 52 166 218
2126341956 7258680921946119906 1.2 0 86817 1 0 0 52 165 217
2126341956 1995681762924351202 1.2 0 86818 1 0 0 52 164 216
2126341956 17659608697726896562 1.2 0 86821 1 0 0 52 163 215
2126341956 7154501777191746818 1.2 0 86848 1 0 0 52 162 214
2126341956 15185260156661736738 1.2 0 86861 1 0 0 50 163 213
2126341956 13920870955173586322 1.2 0 86864 1 0 0 50 162 212
2126341956 12913901500752599922 1.2 0 87092 1 0 0 52 159 211
2126341956 6673753329348110130 1.2 0 87188 1 0 0 52 158 210
2126341956 17322808207887869746 1.2 0 87194 1 0 0 52 157 209
2126341956 11560584710588578194 1.2 0 87242 1 0 0 54 154 208
2126341956 8229610879654030642 1.2 0 87246 1 0 0 54 153 207
2126341956 15276598748006791282 1.3 0 89317 1 0 0 50 156 206
2126341956 10921576279656267154 1.3 0 91181 1 0 0 56 149 205
2126341956 4917370323742246226 1.3 0 92054 1 0 0 48 156 204
2126341956 12817403350954403970 1.3 0 92057 1 0 0 48 155 203
2126341956 16633469085325164146 1.3 0 92757 1 0 0 54 147 201
2126341956 17195105912420713170 1.3 0 92761 1 0 0 52 147 199
2126341956 15982180423524470610 1.3 0 92763 1 0 0 52 146 198
2126341956 16867051477818861618 1.3 0 95222 1 0 0 50 147 197
2126341956 8808521200598212082 1.3 0 95320 1 0 0 50 146 196
2126341956 4568354363105122914 1.3 0 96289 1 1 0 48 146 195
2126341956 2698645780851552034 1.3 0 96295 1 1 0 46 146 193
2126341956 14320776088966265554 1.3 0 96412 1 1 0 50 139 190
2126341956 17259571736446322482 1.4 0 97812 1 0 0 44 145 189
2126341956 17973517023309665506 1.4 0 97841 1 0 0 44 144 188
2126341956 5170315186869905634 1.4 0 97842 1 0 0 44 143 187
2126341956 3764862319957274530 1.4 0 97845 1 0 0 44 142 186
2126341956 7430257070005843842 1.4 0 97846 1 0 0 44 141 185
2126341956 9362124573090183042 1.4 0 97847 1 0 0 44 140 184
2126341956 4441277478122637714 1.4 0 97856 1 0 0 44 139 183
2126341956 13522411598643547570 1.4 0 97868 1 1 0 44 137 182
2126341956 4633734918034293666 1.4 0 99655 1 0 0 44 137 181
2126341956 9057516374412171778 1.4 0 99686 1 0 0 40 139 179
2126341956 10925328101955884082 1.4 0 99695 1 0 0 40 138 178
2126341956 4010811628885083410 1.4 0 101325 1 0 0 42 135 177
2126341956 12112101068871875970 1.4 0 101326 1 0 0 42 134 176
2126341956 5086635586660838018 1.4 0 104614 1 0 0 44 131 175
2126341956 18281323452000399938 1.5 0 104727 1 0 0 44 130 174
2126341956 4696629767951542850 1.5 0 104728 1 0 0 44 129 173
2126341956 17406515566578916610 1.5 0 104741 1 0 0 42 130 172
2126341956 11883324278084967986 1.5 0 104891 1 0 0 38 133 171
2126341956 10801229597195097650 1.5 0 104892 1 0 0 38 132 170
2126341956 3375385427827256450 1.5 0 104894 1 0 0 38 131 169
2126341956 12360453619471938082 1.5 0 104895 1 0 0 38 130 168
2126341956 17144403655556108626 1.5 0 104908 1 0 0 38 129 167
2126341956 11007583354468447602 1.5 0 104940 1 0 0 38 128 166
2126341956 15757500064306761602 1.5 0 104946 1 0 0 38 127 165
2126341956 15215186661566014002 1.5 0 106693 1 0 0 38 126 164
2126341956 5118157644733360930 1.5 0 106695 1 0 0 38 125 163
2126341956 8245743143156767042 1.5 0 106781 1 0 0 38 124 162
2126341956 2312237453480148834 1.5 0 107071 1 1 0 38 122 161
2126341956 9013680515050263394 1.5 0 107072 1 1 0 38 121 160
2126341956 11227248630593854418 1.5 0 107079 1 1 0 38 120 159
2126341956 2967969013453784018 1.5 0 107080 1 1 0 38 119 158
2126341956 16821396333924546098 1.5 0 107086 1 1 0 38 118 157
2126341956 14641933917203675554 1.5 0 107092 1 0 0 38 118 156
2126341956 17848608893830463394 1.5 0 107148 1 0 0 38 117 155
2126341956 8339972104511117954 1.5 0 107166 1 0 0 38 116 154
2126341956 2199136232247349394 1.5 0 107213 1 0 0 40 113 153
2126341956 11231984733747266434 1.5 0 108959 1 0 0 40 112 152
2126341956 16445708258379892210 1.5 0 109085 1 0 0 40 111 151
2126341956 17892965511623265906 1.5 0 109091 1 0 0 40 110 150
2126341956 8147062015015095570 1.5 0 109097 1 0 0 40 109 149
2126341956 15659348427258355298 1.5 0 109102 1 1 0 40 107 148
2126341956 3879536067057939714 1.5 0 109168 1 1 0 40 106 147
2126341956 3672045686643113218 1.5 0 109170 1 1 0 40 105 146
2126341956 11310244987524280210 1.5 0 109325 1 1 0 38 106 145
2126341956 727791795767816082 1.5 0 109327 1 1 0 38 105 144
2126341956 14286699069592509986 1.5 0 109332 1 1 0 38 104 143
2126341956 16659843022138391058 1.6 0 110740 1 1 0 36 105 142
2126341956 5622040511552052466 1.6 0 110749 1 1 0 36 104 141
2126341956 3226166845592893394 1.6 0 110755 1 1 0 36 103 140
2126341956 3870803540344010066 1.6 0 110770 1 0 0 36 102 138
2126341956 15523560469884103586 1.6 0 110888 1 0 0 38 99 137
2126341956 9992692253566266642 1.6 0 110895 1 0 0 38 98 136
2126341956 15207132886647263058 1.6 0 112476 1 0 0 38 97 135
2126341956 3871948979787585714 1.6 0 112486 1 0 0 38 96 134
2126341956 8807118137834709442 1.6 0 112488 1 0 0 38 95 133
2126341956 15679995632330595490 1.6 0 112494 1 0 0 38 94 132
2126341956 14328587737089943090 1.6 0 112555 1 0 0 36 95 131
2126341956 13555736756193109682 1.6 0 112563 1 0 0 36 94 130
2126341956 4161732669664611378 1.6 0 112692 1 0 0 36 93 129
2126341956 1362593533082549026 1.6 0 112695 1 0 0 36 92 128
2126341956 12683405667943728850 1.6 0 112805 1 0 0 36 90 126
2126341956 17306420975357954370 1.6 0 112831 1 0 0 34 90 124
2126341956 15686953853342739826 1.6 0 112847 1 0 0 34 89 123
2126341956 10177792433331113666 1.6 0 112849 1 0 0 34 88 122
2126341956 492481900506590018 1.6 0 113729 1 0 0 32 89 121
2126341956 219563813688146098 1.6 0 113748 1 0 0 32 88 120
2126341956 12091356692173168338 1.6 0 113761 1 0 0 32 87 119
2126341956 2822188046414575858 1.6 0 113764 1 0 0 32 86 118
2126341956 6347013122465159858 1.7 0 113769 1 0 0 32 85 117
2126341956 8745238680306905202 1.7 0 113779 1 0 0 32 84 116
2126341956 5929453523106387346 1.7 0 113792 1 0 0 32 83 115
2126341956 16652156481195753378 1.7 0 114365 1 0 0 32 82 114
2126341956 6135866926233190162 1.7 0 114626 1 0 0 34 79 113
2126341956 17397369744418325858 1.7 0 114708 1 0 0 34 78 112
2126341956 11438719395698595122 1.7 0 114719 1 0 0 34 77 111
2126341956 7026631236503769970 1.7 0 114795 1 0 0 34 76 110
2126341956 3766299116144931506 1.7 0 114833 1 0 0 34 75 109
2126341956 471182800932380914 1.7 0 114856 1 0 0 34 74 108
2126341956 10435539557186106418 1.7 0 114942 1 0 0 34 72 106
2126341956 7399665233791386690 1.7 0 114945 1 0 0 34 71 105
2126341956 765019548940745362 1.7 0 115073 1 0 0 32 72 104
2126341956 447982217106356322 1.7 0 115102 1 0 0 32 71 103
2126341956 3449788688293694450 1.7 0 115116 1 0 0 32 70 102
2126341956 18134578239583251234 1.7 0 115128 1 0 0 32 69 101
2126341956 1436243594305393666 1.7 0 115273 1 0 0 32 68 100
2126341956 13410478795895504498 1.7 0 115277 1 0 0 32 67 99
2126341956 9466781109417553506 1.7 0 115335 1 0 0 32 66 98
2126341956 9970362947407512466 1.8 0 117657 1 0 0 32 65 97
2126341956 14186214377071634290 1.8 0 117673 1 0 0 32 64 96
2126341956 932830458872420498 1.8 0 117676 1 0 0 32 63 95
2126341956 724547622591367058 1.8 0 117760 1 0 0 32 62 94
2126341956 12571270001565506930 1.8 0 117766 1 0 0 32 61 93
2126341956 4976226339660956082 1.8 0 117842 1 0 0 32 60 92
2126341956 13454624880263900162 1.9 0 119555 1 0 0 32 59 91
2126341956 11953769386310765090 1.9 0 119560 1 0 0 32 58 90
2126341956 7397457323355053106 1.9 0 119571 1 0 0 32 57 89
2126341956 15827097955518546258 1.9 0 119578 1 0 0 32 56 88
2126341956 688348129324494386 1.9 0 119773 1 0 0 32 55 87
2126341956 16467417066024238354 1.9 0 120027 1 0 0 34 52 86
2126341956 8178960950244193362 1.9 0 120063 1 0 0 34 51 85
2126341956 5155930002938545074 1.9 0 120226 1 0 0 32 52 84
2126341956 1939606573617082642 1.9 0 120260 1 0 0 32 51 83
2126341956 15088864748623462722 1.9 0 120264 1 0 0 32 50 82
2126341956 14238943685526402898 1.9 0 120284 1 0 0 32 49 81
2126341956 13124484444607430674 1.9 0 120328 1 0 0 32 48 80
2126341956 15461768338931211986 1.9 0 120485 1 0 0 32 47 79
2126341956 11622036456260967826 1.9 0 120489 1 0 0 32 46 78
2126341956 18183676504654741042 1.9 0 120532 1 0 0 32 44 76
2126341956 7340915780199791586 1.9 0 120559 1 0 0 32 43 75
2126341956 8515966550789431762 1.9 0 120566 1 0 0 32 42 74
2126341956 8572013630449469890 1.9 0 120825 1 0 0 32 41 73
2126341956 4699940228968103298 1.9 0 120830 1 0 0 32 40 72
2126341956 18120355603961213474 1.9 0 120831 1 0 0 32 39 71
2126341956 5073187820074994850 1.9 0 120835 1 0 0 32 38 70
2126341956 17187237916326547506 1.9 0 120965 1 0 0 32 37 69
2126341956 7839637221113233202 1.9 0 120974 1 0 0 32 36 68
2126341956 6745558889960985746 1.9 0 120999 1 0 0 32 35 67
2126341956 3772574000156127362 2.0 0 121102 1 0 0 32 34 66
2126341956 10634935736397623842 2.0 0 121161 1 0 0 32 33 65
2126341956 4822821889464386402 2.0 0 121168 1 0 0 32 32 64
2126341956 6342040639946141314 2.0 0 121406 1 0 0 32 31 63
2126341956 1745932960607131666 2.0 0 121449 1 0 0 32 30 62
2126341956 5871641636911834770 2.0 0 121452 1 0 0 32 29 61
2126341956 4110535140211006162 2.0 0 121467 1 0 0 32 28 60
2126341956 1593236449632306274 2.0 0 121551 1 0 0 32 27 59
2126341956 18116103896290602482 2.0 0 121552 1 0 0 32 26 58
2126341956 2837985817788157586 2.0 0 121702 1 0 0 32 25 57
2126341956 16570557958709619618 2.0 0 121746 1 0 0 32 24 56
2126341956 3182112251468921490 2.0 0 121869 1 0 0 32 23 55
2126341956 2350496072693816834 2.1 0 122430 1 0 0 32 22 54
2126341956 18439652969762268642 2.1 0 122441 1 0 0 32 21 53
2126341956 7368633055158524226 2.1 0 122472 1 0 0 32 20 52
2126341956 14911747295811581570 2.1 0 122530 1 0 0 32 19 51
2126341956 9505458955594380402 2.1 0 122547 1 0 0 32 18 50
2126341956 6982875627623680770 2.1 0 122626 1 0 0 32 17 49
2126341956 17830781179701861714 2.1 0 122657 1 0 0 32 16 48
2126341956 11027548503050253826 2.2 0 123043 1 0 0 32 15 47
2126341956 2847575461337466322 2.3 0 123575 1 0 0 32 14 46
2126341956 18319859112520266978 2.3 0 123916 1 0 0 32 13 45
2126341956 15651659135714712050 2.4 0 124128 1 0 0 32 12 44
2126341956 4089449170991756786 2.4 0 124620 1 0 0 32 11 43
2126341956 15230613977017172642 5.3 2 376292 1 0 0 24 18 42
2126341956 3603202977292679698 5.3 2 376544 1 0 0 24 17 41
2126341956 16838925084281689410 5.3 2 376825 1 0 0 24 16 40
2126341956 14604271471933715138 5.4 2 376933 1 0 0 24 15 39
2126341956 12532240696057171250 5.4 2 377104 1 0 0 24 14 38
2126341956 4803633852778040306 5.4 2 377335 1 0 0 24 13 37
2126341956 2806406100823602498 5.5 2 377470 1 0 0 24 12 36
2126341956 15915120644622902162 8.3 4 624563 1 0 0 20 15 35
2126341956 263275484509456546 8.4 4 624947 1 0 0 20 14 34
2126341956 4176166753909012642 8.5 4 625184 1 0 0 20 13 33
2126341956 7070035876405770786 8.5 4 625242 1 0 0 20 12 32
2126341956 10709234060973203618 8.6 4 625677 1 0 0 20 11 31
2126341956 698448053973862850 35.3 22 3210112 1 0 0 18 12 30
2126341956 1228900650455689522 35.4 22 3210498 1 0 0 18 11 29
2126341956 16103174393721535170 243.2 151 26493223 1 0 0 14 14 28
2126341956 1027437885344800178 243.3 151 26493726 1 0 0 14 13 27
2126341956 7575587681339286994 243.3 151 26494151 1 0 0 14 12 26
2126341956 2352440815573922402 243.3 151 26494212 1 0 0 14 11 25
2126341956 2090984096006130674 243.4 151 26494411 1 0 0 14 10 24
2126341956 14488423908655855186 2639.4 1603 298169262 1 0 0 10 13 23
2126341956 733729393758157490 2639.4 1603 298169499 1 0 0 10 12 22
2126341956 16335260369032677746 2639.5 1603 298169588 1 0 0 10 11 21
2126341956 5495106341608376706 2639.6 1603 298170080 1 0 0 10 10 20
2126341956 17385308349436769714 2639.7 1603 298170393 1 0 0 10 9 19
2126341956 14276209430647829234 2639.7 1603 298170405 1 0 0 10 8 18
2126341956 6798848762908309026 2639.7 1603 298170715 1 0 0 10 7 17
//  From 17 to 16 with Deep Local Search
// build/itc2007-cct datasets/comp07.ctt /tmp/sol -i results/races/comp07.ctt.sol -o solver.methods=dls -o solver.max_cycles=1 -r -V -vv
// From 16 to 14 with Hill Climbing, seed 2063561726
build/itc2007-cct datasets/comp07.ctt /tmp/sol -i results/races/comp07.ctt.sol -r -V -v -osolver.methods=hc -osolver.restore_best_after_cycles=-1 -ohc.max_idle=1000000
